[0.014s] Invoking command in '/home/bern/ws_snow/build/snow_con': CMAKE_PREFIX_PATH=${CMAKE_PREFIX_PATH}:/opt/ros/humble /usr/bin/cmake --build /home/bern/ws_snow/build/snow_con -- -j12 -l12
[0.039s] [35m[1mConsolidate compiler generated dependencies of target listener[0m
[0.051s] [ 50%] [32mBuilding CXX object CMakeFiles/listener.dir/src/main.cpp.o[0m
[5.266s] [100%] [32m[1mLinking CXX executable listener[0m
[5.524s] [100%] Built target listener
[5.531s] Invoked command in '/home/bern/ws_snow/build/snow_con' returned '0': CMAKE_PREFIX_PATH=${CMAKE_PREFIX_PATH}:/opt/ros/humble /usr/bin/cmake --build /home/bern/ws_snow/build/snow_con -- -j12 -l12
[5.555s] Invoking command in '/home/bern/ws_snow/build/snow_con': CMAKE_PREFIX_PATH=${CMAKE_PREFIX_PATH}:/opt/ros/humble /usr/bin/cmake --install /home/bern/ws_snow/build/snow_con
[5.564s] -- Install configuration: ""
[5.564s] -- Installing: /home/bern/ws_snow/install/snow_con/lib/snow_con/listener
[5.567s] -- Set runtime path of "/home/bern/ws_snow/install/snow_con/lib/snow_con/listener" to ""
[5.567s] -- Up-to-date: /home/bern/ws_snow/install/snow_con/share/ament_index/resource_index/package_run_dependencies/snow_con
[5.567s] -- Up-to-date: /home/bern/ws_snow/install/snow_con/share/ament_index/resource_index/parent_prefix_path/snow_con
[5.567s] -- Up-to-date: /home/bern/ws_snow/install/snow_con/share/snow_con/environment/ament_prefix_path.sh
[5.568s] -- Up-to-date: /home/bern/ws_snow/install/snow_con/share/snow_con/environment/ament_prefix_path.dsv
[5.568s] -- Up-to-date: /home/bern/ws_snow/install/snow_con/share/snow_con/environment/path.sh
[5.568s] -- Up-to-date: /home/bern/ws_snow/install/snow_con/share/snow_con/environment/path.dsv
[5.568s] -- Up-to-date: /home/bern/ws_snow/install/snow_con/share/snow_con/local_setup.bash
[5.568s] -- Up-to-date: /home/bern/ws_snow/install/snow_con/share/snow_con/local_setup.sh
[5.568s] -- Up-to-date: /home/bern/ws_snow/install/snow_con/share/snow_con/local_setup.zsh
[5.569s] -- Up-to-date: /home/bern/ws_snow/install/snow_con/share/snow_con/local_setup.dsv
[5.569s] -- Installing: /home/bern/ws_snow/install/snow_con/share/snow_con/package.dsv
[5.569s] -- Up-to-date: /home/bern/ws_snow/install/snow_con/share/ament_index/resource_index/packages/snow_con
[5.569s] -- Up-to-date: /home/bern/ws_snow/install/snow_con/share/snow_con/cmake/snow_conConfig.cmake
[5.569s] -- Up-to-date: /home/bern/ws_snow/install/snow_con/share/snow_con/cmake/snow_conConfig-version.cmake
[5.569s] -- Up-to-date: /home/bern/ws_snow/install/snow_con/share/snow_con/package.xml
[5.569s] Invoked command in '/home/bern/ws_snow/build/snow_con' returned '0': CMAKE_PREFIX_PATH=${CMAKE_PREFIX_PATH}:/opt/ros/humble /usr/bin/cmake --install /home/bern/ws_snow/build/snow_con
