[0.077s] Invoking command in '/home/rhys/ws_snow/build/hard_con': CMAKE_PREFIX_PATH=${CMAKE_PREFIX_PATH}:/opt/ros/humble /usr/bin/cmake --build /home/rhys/ws_snow/build/hard_con -- -j12 -l12
[0.169s] [100%] Built target talker
[0.193s] Invoked command in '/home/rhys/ws_snow/build/hard_con' returned '0': CMAKE_PREFIX_PATH=${CMAKE_PREFIX_PATH}:/opt/ros/humble /usr/bin/cmake --build /home/rhys/ws_snow/build/hard_con -- -j12 -l12
[0.245s] Invoking command in '/home/rhys/ws_snow/build/hard_con': CMAKE_PREFIX_PATH=${CMAKE_PREFIX_PATH}:/opt/ros/humble /usr/bin/cmake --install /home/rhys/ws_snow/build/hard_con
[0.300s] -- Install configuration: ""
[0.300s] -- Up-to-date: /home/rhys/ws_snow/install/hard_con/lib/hard_con/talker
[0.300s] -- Up-to-date: /home/rhys/ws_snow/install/hard_con/share/ament_index/resource_index/package_run_dependencies/hard_con
[0.300s] -- Up-to-date: /home/rhys/ws_snow/install/hard_con/share/ament_index/resource_index/parent_prefix_path/hard_con
[0.300s] -- Up-to-date: /home/rhys/ws_snow/install/hard_con/share/hard_con/environment/ament_prefix_path.sh
[0.301s] -- Up-to-date: /home/rhys/ws_snow/install/hard_con/share/hard_con/environment/ament_prefix_path.dsv
[0.301s] -- Up-to-date: /home/rhys/ws_snow/install/hard_con/share/hard_con/environment/path.sh
[0.301s] -- Up-to-date: /home/rhys/ws_snow/install/hard_con/share/hard_con/environment/path.dsv
[0.301s] -- Up-to-date: /home/rhys/ws_snow/install/hard_con/share/hard_con/local_setup.bash
[0.303s] -- Up-to-date: /home/rhys/ws_snow/install/hard_con/share/hard_con/local_setup.sh
[0.304s] -- Up-to-date: /home/rhys/ws_snow/install/hard_con/share/hard_con/local_setup.zsh
[0.304s] -- Up-to-date: /home/rhys/ws_snow/install/hard_con/share/hard_con/local_setup.dsv
[0.304s] -- Installing: /home/rhys/ws_snow/install/hard_con/share/hard_con/package.dsv
[0.304s] -- Up-to-date: /home/rhys/ws_snow/install/hard_con/share/ament_index/resource_index/packages/hard_con
[0.304s] -- Up-to-date: /home/rhys/ws_snow/install/hard_con/share/hard_con/cmake/hard_conConfig.cmake
[0.304s] -- Up-to-date: /home/rhys/ws_snow/install/hard_con/share/hard_con/cmake/hard_conConfig-version.cmake
[0.305s] -- Up-to-date: /home/rhys/ws_snow/install/hard_con/share/hard_con/package.xml
[0.362s] Invoked command in '/home/rhys/ws_snow/build/hard_con' returned '0': CMAKE_PREFIX_PATH=${CMAKE_PREFIX_PATH}:/opt/ros/humble /usr/bin/cmake --install /home/rhys/ws_snow/build/hard_con
