[0.026s] Invoking command in '/home/rhys/ws_snow/build/snow_con_rt': CMAKE_PREFIX_PATH=${CMAKE_PREFIX_PATH}:/opt/ros/humble /usr/bin/cmake --build /home/rhys/ws_snow/build/snow_con_rt -- -j12 -l12
[0.070s] [35m[1mConsolidate compiler generated dependencies of target listener[0m
[0.085s] [ 20%] [32mBuilding CXX object CMakeFiles/listener.dir/src/main.cpp.o[0m
[6.779s] [ 40%] [32m[1mLinking CXX executable listener[0m
[7.212s] [100%] Built target listener
[7.223s] Invoked command in '/home/rhys/ws_snow/build/snow_con_rt' returned '0': CMAKE_PREFIX_PATH=${CMAKE_PREFIX_PATH}:/opt/ros/humble /usr/bin/cmake --build /home/rhys/ws_snow/build/snow_con_rt -- -j12 -l12
[7.247s] Invoking command in '/home/rhys/ws_snow/build/snow_con_rt': CMAKE_PREFIX_PATH=${CMAKE_PREFIX_PATH}:/opt/ros/humble /usr/bin/cmake --install /home/rhys/ws_snow/build/snow_con_rt
[7.252s] -- Install configuration: ""
[7.252s] -- Installing: /home/rhys/ws_snow/install/snow_con_rt/lib/snow_con_rt/listener
[7.255s] -- Set runtime path of "/home/rhys/ws_snow/install/snow_con_rt/lib/snow_con_rt/listener" to ""
[7.256s] -- Up-to-date: /home/rhys/ws_snow/install/snow_con_rt/share/ament_index/resource_index/package_run_dependencies/snow_con_rt
[7.256s] -- Up-to-date: /home/rhys/ws_snow/install/snow_con_rt/share/ament_index/resource_index/parent_prefix_path/snow_con_rt
[7.256s] -- Up-to-date: /home/rhys/ws_snow/install/snow_con_rt/share/snow_con_rt/environment/ament_prefix_path.sh
[7.256s] -- Up-to-date: /home/rhys/ws_snow/install/snow_con_rt/share/snow_con_rt/environment/ament_prefix_path.dsv
[7.256s] -- Up-to-date: /home/rhys/ws_snow/install/snow_con_rt/share/snow_con_rt/environment/path.sh
[7.256s] -- Up-to-date: /home/rhys/ws_snow/install/snow_con_rt/share/snow_con_rt/environment/path.dsv
[7.257s] -- Up-to-date: /home/rhys/ws_snow/install/snow_con_rt/share/snow_con_rt/local_setup.bash
[7.257s] -- Up-to-date: /home/rhys/ws_snow/install/snow_con_rt/share/snow_con_rt/local_setup.sh
[7.257s] -- Up-to-date: /home/rhys/ws_snow/install/snow_con_rt/share/snow_con_rt/local_setup.zsh
[7.257s] -- Up-to-date: /home/rhys/ws_snow/install/snow_con_rt/share/snow_con_rt/local_setup.dsv
[7.257s] -- Installing: /home/rhys/ws_snow/install/snow_con_rt/share/snow_con_rt/package.dsv
[7.257s] -- Up-to-date: /home/rhys/ws_snow/install/snow_con_rt/share/ament_index/resource_index/packages/snow_con_rt
[7.258s] -- Up-to-date: /home/rhys/ws_snow/install/snow_con_rt/share/snow_con_rt/cmake/snow_con_rtConfig.cmake
[7.258s] -- Up-to-date: /home/rhys/ws_snow/install/snow_con_rt/share/snow_con_rt/cmake/snow_con_rtConfig-version.cmake
[7.258s] -- Up-to-date: /home/rhys/ws_snow/install/snow_con_rt/share/snow_con_rt/package.xml
[7.258s] Invoked command in '/home/rhys/ws_snow/build/snow_con_rt' returned '0': CMAKE_PREFIX_PATH=${CMAKE_PREFIX_PATH}:/opt/ros/humble /usr/bin/cmake --install /home/rhys/ws_snow/build/snow_con_rt
