[0.027s] Invoking command in '/home/rhys/ws_snow/build/snow_con_rt': CMAKE_PREFIX_PATH=${CMAKE_PREFIX_PATH}:/opt/ros/humble /usr/bin/cmake --build /home/rhys/ws_snow/build/snow_con_rt -- -j12 -l12
[0.063s] [35m[1mConsolidate compiler generated dependencies of target listener[0m
[0.077s] [ 20%] [32mBuilding CXX object CMakeFiles/listener.dir/src/main.cpp.o[0m
[2.004s] [01m[K/home/rhys/ws_snow/src/snow_con_rt/src/main.cpp:[m[K In member function ‘[01m[Kvoid MinimalSubscriber::topic_callback(sensor_msgs::msg::JointState_<std::allocator<void> >::SharedPtr)[m[K’:
[2.004s] [01m[K/home/rhys/ws_snow/src/snow_con_rt/src/main.cpp:1003:19:[m[K [01;35m[Kwarning: [m[Kvariable ‘[01m[Ktstartmove[m[K’ set but not used [[01;35m[K]8;;https://gcc.gnu.org/onlinedocs/gcc/Warning-Options.html#index-Wunused-but-set-variable-Wunused-but-set-variable]8;;[m[K]
[2.004s]  1003 |     static double [01;35m[Ktstartmove[m[K;
[2.005s]       |                   [01;35m[K^~~~~~~~~~[m[K
[6.928s] [ 40%] [32m[1mLinking CXX executable listener[0m
[7.383s] [100%] Built target listener
[7.402s] Invoked command in '/home/rhys/ws_snow/build/snow_con_rt' returned '0': CMAKE_PREFIX_PATH=${CMAKE_PREFIX_PATH}:/opt/ros/humble /usr/bin/cmake --build /home/rhys/ws_snow/build/snow_con_rt -- -j12 -l12
[7.450s] Invoking command in '/home/rhys/ws_snow/build/snow_con_rt': CMAKE_PREFIX_PATH=${CMAKE_PREFIX_PATH}:/opt/ros/humble /usr/bin/cmake --install /home/rhys/ws_snow/build/snow_con_rt
[7.455s] -- Install configuration: ""
[7.455s] -- Installing: /home/rhys/ws_snow/install/snow_con_rt/lib/snow_con_rt/listener
[7.458s] -- Set runtime path of "/home/rhys/ws_snow/install/snow_con_rt/lib/snow_con_rt/listener" to ""
[7.459s] -- Up-to-date: /home/rhys/ws_snow/install/snow_con_rt/share/ament_index/resource_index/package_run_dependencies/snow_con_rt
[7.459s] -- Up-to-date: /home/rhys/ws_snow/install/snow_con_rt/share/ament_index/resource_index/parent_prefix_path/snow_con_rt
[7.459s] -- Up-to-date: /home/rhys/ws_snow/install/snow_con_rt/share/snow_con_rt/environment/ament_prefix_path.sh
[7.459s] -- Up-to-date: /home/rhys/ws_snow/install/snow_con_rt/share/snow_con_rt/environment/ament_prefix_path.dsv
[7.459s] -- Up-to-date: /home/rhys/ws_snow/install/snow_con_rt/share/snow_con_rt/environment/path.sh
[7.459s] -- Up-to-date: /home/rhys/ws_snow/install/snow_con_rt/share/snow_con_rt/environment/path.dsv
[7.459s] -- Up-to-date: /home/rhys/ws_snow/install/snow_con_rt/share/snow_con_rt/local_setup.bash
[7.459s] -- Up-to-date: /home/rhys/ws_snow/install/snow_con_rt/share/snow_con_rt/local_setup.sh
[7.460s] -- Up-to-date: /home/rhys/ws_snow/install/snow_con_rt/share/snow_con_rt/local_setup.zsh
[7.460s] -- Up-to-date: /home/rhys/ws_snow/install/snow_con_rt/share/snow_con_rt/local_setup.dsv
[7.460s] -- Installing: /home/rhys/ws_snow/install/snow_con_rt/share/snow_con_rt/package.dsv
[7.460s] -- Up-to-date: /home/rhys/ws_snow/install/snow_con_rt/share/ament_index/resource_index/packages/snow_con_rt
[7.460s] -- Up-to-date: /home/rhys/ws_snow/install/snow_con_rt/share/snow_con_rt/cmake/snow_con_rtConfig.cmake
[7.460s] -- Up-to-date: /home/rhys/ws_snow/install/snow_con_rt/share/snow_con_rt/cmake/snow_con_rtConfig-version.cmake
[7.460s] -- Up-to-date: /home/rhys/ws_snow/install/snow_con_rt/share/snow_con_rt/package.xml
[7.465s] Invoked command in '/home/rhys/ws_snow/build/snow_con_rt' returned '0': CMAKE_PREFIX_PATH=${CMAKE_PREFIX_PATH}:/opt/ros/humble /usr/bin/cmake --install /home/rhys/ws_snow/build/snow_con_rt
