[0.130s] Invoking command in '/home/rhys/ws_snow/build/snow_sim': CMAKE_PREFIX_PATH=${CMAKE_PREFIX_PATH}:/opt/ros/humble /usr/bin/cmake --build /home/rhys/ws_snow/build/snow_sim -- -j12 -l12
[0.176s] -- Found ament_cmake: 1.3.8 (/opt/ros/humble/share/ament_cmake/cmake)
[0.324s] -- Found Python3: /usr/bin/python3 (found version "3.10.12") found components: Interpreter 
[0.405s] -- Found control_msgs: 4.4.0 (/opt/ros/humble/share/control_msgs/cmake)
[0.442s] -- Found rosidl_generator_c: 3.1.5 (/opt/ros/humble/share/rosidl_generator_c/cmake)
[0.445s] -- Found rosidl_adapter: 3.1.5 (/opt/ros/humble/share/rosidl_adapter/cmake)
[0.452s] -- Found rosidl_generator_cpp: 3.1.5 (/opt/ros/humble/share/rosidl_generator_cpp/cmake)
[0.465s] -- Using all available rosidl_typesupport_c: rosidl_typesupport_fastrtps_c;rosidl_typesupport_introspection_c
[0.483s] -- Using all available rosidl_typesupport_cpp: rosidl_typesupport_fastrtps_cpp;rosidl_typesupport_introspection_cpp
[1.039s] -- Found rclcpp: 16.0.8 (/opt/ros/humble/share/rclcpp/cmake)
[1.086s] -- Found rmw_implementation_cmake: 6.1.1 (/opt/ros/humble/share/rmw_implementation_cmake/cmake)
[1.088s] -- Found rmw_fastrtps_cpp: 6.2.6 (/opt/ros/humble/share/rmw_fastrtps_cpp/cmake)
[1.231s] -- Using RMW implementation 'rmw_fastrtps_cpp' as default
[1.368s] -- Found rclcpp_action: 16.0.8 (/opt/ros/humble/share/rclcpp_action/cmake)
[1.398s] -- Found ament_lint_auto: 0.12.10 (/opt/ros/humble/share/ament_lint_auto/cmake)
[1.479s] -- Added test 'cppcheck' to perform static code analysis on C / C++ code
[1.479s] -- Configured cppcheck include dirs: 
[1.480s] -- Configured cppcheck exclude dirs and/or files: 
[1.481s] -- Added test 'flake8' to check Python code syntax and style conventions
[1.484s] -- Added test 'lint_cmake' to check CMake code style
[1.486s] -- Added test 'pep257' to check Python code against some of the docstring style conventions in PEP 257
[1.497s] -- Added test 'uncrustify' to check C / C++ code style
[1.497s] -- Configured uncrustify additional arguments: 
[1.498s] -- Added test 'xmllint' to check XML markup files
[1.500s] -- Configuring done
[1.516s] -- Generating done
[1.518s] -- Build files have been written to: /home/rhys/ws_snow/build/snow_sim
[1.556s] [35m[1mConsolidate compiler generated dependencies of target example_effort[0m
[1.575s] [ 50%] [32mBuilding CXX object CMakeFiles/example_effort.dir/examples/example_effort.cpp.o[0m
[5.613s] [100%] [32m[1mLinking CXX executable example_effort[0m
[5.921s] [100%] Built target example_effort
[5.936s] Invoked command in '/home/rhys/ws_snow/build/snow_sim' returned '0': CMAKE_PREFIX_PATH=${CMAKE_PREFIX_PATH}:/opt/ros/humble /usr/bin/cmake --build /home/rhys/ws_snow/build/snow_sim -- -j12 -l12
[5.972s] Invoking command in '/home/rhys/ws_snow/build/snow_sim': CMAKE_PREFIX_PATH=${CMAKE_PREFIX_PATH}:/opt/ros/humble /usr/bin/cmake --install /home/rhys/ws_snow/build/snow_sim
[5.980s] -- Install configuration: ""
[5.981s] -- Up-to-date: /home/rhys/ws_snow/install/snow_sim/share/snow_sim//launch
[5.981s] -- Up-to-date: /home/rhys/ws_snow/install/snow_sim/share/snow_sim//launch/sbsimple_ign.launch.py
[5.981s] -- Up-to-date: /home/rhys/ws_snow/install/snow_sim/share/snow_sim//launch/install
[5.981s] -- Up-to-date: /home/rhys/ws_snow/install/snow_sim/share/snow_sim//launch/install/_local_setup_util_sh.py
[5.981s] -- Up-to-date: /home/rhys/ws_snow/install/snow_sim/share/snow_sim//launch/install/local_setup.bash
[5.981s] -- Up-to-date: /home/rhys/ws_snow/install/snow_sim/share/snow_sim//launch/install/.colcon_install_layout
[5.981s] -- Up-to-date: /home/rhys/ws_snow/install/snow_sim/share/snow_sim//launch/install/COLCON_IGNORE
[5.981s] -- Up-to-date: /home/rhys/ws_snow/install/snow_sim/share/snow_sim//launch/install/setup.bash
[5.982s] -- Up-to-date: /home/rhys/ws_snow/install/snow_sim/share/snow_sim//launch/install/local_setup.ps1
[5.982s] -- Up-to-date: /home/rhys/ws_snow/install/snow_sim/share/snow_sim//launch/install/setup.ps1
[5.982s] -- Up-to-date: /home/rhys/ws_snow/install/snow_sim/share/snow_sim//launch/install/local_setup.sh
[5.982s] -- Up-to-date: /home/rhys/ws_snow/install/snow_sim/share/snow_sim//launch/install/local_setup.zsh
[5.982s] -- Up-to-date: /home/rhys/ws_snow/install/snow_sim/share/snow_sim//launch/install/setup.sh
[5.982s] -- Up-to-date: /home/rhys/ws_snow/install/snow_sim/share/snow_sim//launch/install/setup.zsh
[5.982s] -- Up-to-date: /home/rhys/ws_snow/install/snow_sim/share/snow_sim//launch/install/_local_setup_util_ps1.py
[5.982s] -- Up-to-date: /home/rhys/ws_snow/install/snow_sim/share/snow_sim//launch/temp
[5.982s] -- Up-to-date: /home/rhys/ws_snow/install/snow_sim/share/snow_sim//launch/snow.launch.py
[5.983s] -- Up-to-date: /home/rhys/ws_snow/install/snow_sim/share/snow_sim//launch/log
[5.983s] -- Up-to-date: /home/rhys/ws_snow/install/snow_sim/share/snow_sim//launch/log/latest
[5.983s] -- Up-to-date: /home/rhys/ws_snow/install/snow_sim/share/snow_sim//launch/log/latest/logger_all.log
[5.983s] -- Up-to-date: /home/rhys/ws_snow/install/snow_sim/share/snow_sim//launch/log/latest/events.log
[5.983s] -- Up-to-date: /home/rhys/ws_snow/install/snow_sim/share/snow_sim//launch/log/COLCON_IGNORE
[5.983s] -- Up-to-date: /home/rhys/ws_snow/install/snow_sim/share/snow_sim//launch/log/latest_build
[5.983s] -- Up-to-date: /home/rhys/ws_snow/install/snow_sim/share/snow_sim//launch/log/latest_build/logger_all.log
[5.983s] -- Up-to-date: /home/rhys/ws_snow/install/snow_sim/share/snow_sim//launch/log/latest_build/events.log
[5.983s] -- Up-to-date: /home/rhys/ws_snow/install/snow_sim/share/snow_sim//launch/log/build_2022-11-16_12-55-58
[5.984s] -- Up-to-date: /home/rhys/ws_snow/install/snow_sim/share/snow_sim//launch/log/build_2022-11-16_12-55-58/logger_all.log
[5.984s] -- Up-to-date: /home/rhys/ws_snow/install/snow_sim/share/snow_sim//launch/log/build_2022-11-16_12-55-58/events.log
[5.984s] -- Up-to-date: /home/rhys/ws_snow/install/snow_sim/share/snow_sim//launch/snow_v2-pi.launch.py
[5.984s] -- Up-to-date: /home/rhys/ws_snow/install/snow_sim/share/snow_sim//launch/build
[5.984s] -- Up-to-date: /home/rhys/ws_snow/install/snow_sim/share/snow_sim//launch/build/.built_by
[5.984s] -- Up-to-date: /home/rhys/ws_snow/install/snow_sim/share/snow_sim//launch/build/COLCON_IGNORE
[5.984s] -- Up-to-date: /home/rhys/ws_snow/install/snow_sim/share/snow_sim//launch/snow_v3.launch.py
[5.984s] -- Up-to-date: /home/rhys/ws_snow/install/snow_sim/share/snow_sim//launch/snow_v2.launch.py
[5.984s] -- Up-to-date: /home/rhys/ws_snow/install/snow_sim/share/snow_sim//config
[5.984s] -- Up-to-date: /home/rhys/ws_snow/install/snow_sim/share/snow_sim//config/temp
[5.984s] -- Up-to-date: /home/rhys/ws_snow/install/snow_sim/share/snow_sim//config/snow_v3.yaml
[5.985s] -- Up-to-date: /home/rhys/ws_snow/install/snow_sim/share/snow_sim//config/snow.yaml
[5.985s] -- Up-to-date: /home/rhys/ws_snow/install/snow_sim/share/snow_sim//config/sbsimple.yaml
[5.985s] -- Up-to-date: /home/rhys/ws_snow/install/snow_sim/share/snow_sim//urdf
[5.985s] -- Up-to-date: /home/rhys/ws_snow/install/snow_sim/share/snow_sim//urdf/snow_complete_v1.urdf
[5.985s] -- Up-to-date: /home/rhys/ws_snow/install/snow_sim/share/snow_sim//urdf/snow_complete_v2.urdf
[5.985s] -- Up-to-date: /home/rhys/ws_snow/install/snow_sim/share/snow_sim//urdf/snow_complete_v3.urdf
[5.986s] -- Up-to-date: /home/rhys/ws_snow/install/snow_sim/share/snow_sim//urdf/temp
[5.986s] -- Up-to-date: /home/rhys/ws_snow/install/snow_sim/share/snow_sim//urdf/snow_complete_v2-stl only.urdf
[5.986s] -- Up-to-date: /home/rhys/ws_snow/install/snow_sim/share/snow_sim//urdf/snow.urdf
[5.986s] -- Up-to-date: /home/rhys/ws_snow/install/snow_sim/share/snow_sim//urdf/snowbot_simple.urdf
[5.986s] -- Up-to-date: /home/rhys/ws_snow/install/snow_sim/share/snow_sim//urdf/snow_v4.urdf
[5.986s] -- Up-to-date: /home/rhys/ws_snow/install/snow_sim/share/snow_sim//urdf/snow_v3.urdf
[5.986s] -- Up-to-date: /home/rhys/ws_snow/install/snow_sim/share/snow_sim//urdf/snow_complete_v2-1_hard code wheel.urdf
[5.986s] -- Up-to-date: /home/rhys/ws_snow/install/snow_sim/share/snow_sim//urdf/snow_v5.sdf
[5.986s] -- Up-to-date: /home/rhys/ws_snow/install/snow_sim/share/snow_sim//urdf/snow_collision_v1-1.urdf
[5.987s] -- Up-to-date: /home/rhys/ws_snow/install/snow_sim/share/snow_sim//urdf/snow_v5.urdf
[5.987s] -- Up-to-date: /home/rhys/ws_snow/install/snow_sim/share/snow_sim//urdf/snow_collision_v1.urdf
[5.987s] -- Up-to-date: /home/rhys/ws_snow/install/snow_sim/share/snow_sim//urdf/snowbot_simple_ign.urdf
[5.987s] -- Up-to-date: /home/rhys/ws_snow/install/snow_sim/share/snow_sim//urdf/snow_complete_v2-1_stl wheel.urdf
[5.987s] -- Up-to-date: /home/rhys/ws_snow/install/snow_sim/share/snow_sim//urdf/snow_v2.urdf
[5.987s] -- Up-to-date: /home/rhys/ws_snow/install/snow_sim/share/snow_sim//urdf/snow_orig.urdf
[5.987s] -- Up-to-date: /home/rhys/ws_snow/install/snow_sim/share/snow_sim//meshes
[5.987s] -- Up-to-date: /home/rhys/ws_snow/install/snow_sim/share/snow_sim//meshes/wm2_wheel.STL
[5.987s] -- Up-to-date: /home/rhys/ws_snow/install/snow_sim/share/snow_sim//meshes/wm1.STL
[5.988s] -- Up-to-date: /home/rhys/ws_snow/install/snow_sim/share/snow_sim//meshes/base_link.STL
[5.988s] -- Up-to-date: /home/rhys/ws_snow/install/snow_sim/share/snow_sim//meshes/wm4_wheel.STL
[5.988s] -- Up-to-date: /home/rhys/ws_snow/install/snow_sim/share/snow_sim//meshes/wm3_wheel.STL
[5.988s] -- Up-to-date: /home/rhys/ws_snow/install/snow_sim/share/snow_sim//meshes/wm1_wheel.STL
[5.988s] -- Up-to-date: /home/rhys/ws_snow/install/snow_sim/share/snow_sim//meshes/wm2.STL
[5.988s] -- Up-to-date: /home/rhys/ws_snow/install/snow_sim/share/snow_sim//meshes/wm4.STL
[5.988s] -- Up-to-date: /home/rhys/ws_snow/install/snow_sim/share/snow_sim//meshes/wm3.STL
[5.988s] -- Up-to-date: /home/rhys/ws_snow/install/snow_sim/share/snow_sim//meshes_v2
[5.989s] -- Up-to-date: /home/rhys/ws_snow/install/snow_sim/share/snow_sim//meshes_v2/wm4_arm.STL
[5.989s] -- Up-to-date: /home/rhys/ws_snow/install/snow_sim/share/snow_sim//meshes_v2/wm2_wheel.STL
[5.989s] -- Up-to-date: /home/rhys/ws_snow/install/snow_sim/share/snow_sim//meshes_v2/wm4_steering_axis.STL
[5.989s] -- Up-to-date: /home/rhys/ws_snow/install/snow_sim/share/snow_sim//meshes_v2/wm2_base.STL
[5.989s] -- Up-to-date: /home/rhys/ws_snow/install/snow_sim/share/snow_sim//meshes_v2/wm1_arm.STL
[5.989s] -- Up-to-date: /home/rhys/ws_snow/install/snow_sim/share/snow_sim//meshes_v2/wm4_brake_enc.STL
[5.989s] -- Up-to-date: /home/rhys/ws_snow/install/snow_sim/share/snow_sim//meshes_v2/wm3_arm.STL
[5.989s] -- Up-to-date: /home/rhys/ws_snow/install/snow_sim/share/snow_sim//meshes_v2/wm2_steering_axis.STL
[5.989s] -- Up-to-date: /home/rhys/ws_snow/install/snow_sim/share/snow_sim//meshes_v2/wm4_base.STL
[5.989s] -- Up-to-date: /home/rhys/ws_snow/install/snow_sim/share/snow_sim//meshes_v2/base_link.STL
[5.989s] -- Up-to-date: /home/rhys/ws_snow/install/snow_sim/share/snow_sim//meshes_v2/wm2_arm.STL
[5.989s] -- Up-to-date: /home/rhys/ws_snow/install/snow_sim/share/snow_sim//meshes_v2/wm1_brake_enc.STL
[5.990s] -- Up-to-date: /home/rhys/ws_snow/install/snow_sim/share/snow_sim//meshes_v2/wm3_steering_axis.STL
[5.990s] -- Up-to-date: /home/rhys/ws_snow/install/snow_sim/share/snow_sim//meshes_v2/wm3_brake_enc.STL
[5.990s] -- Up-to-date: /home/rhys/ws_snow/install/snow_sim/share/snow_sim//meshes_v2/wm1_steering_axis.STL
[5.990s] -- Up-to-date: /home/rhys/ws_snow/install/snow_sim/share/snow_sim//meshes_v2/wm3_base.STL
[5.990s] -- Up-to-date: /home/rhys/ws_snow/install/snow_sim/share/snow_sim//meshes_v2/wm4_wheel.STL
[5.990s] -- Up-to-date: /home/rhys/ws_snow/install/snow_sim/share/snow_sim//meshes_v2/wm1_base.STL
[5.990s] -- Up-to-date: /home/rhys/ws_snow/install/snow_sim/share/snow_sim//meshes_v2/wm3_wheel.STL
[5.990s] -- Up-to-date: /home/rhys/ws_snow/install/snow_sim/share/snow_sim//meshes_v2/wm1_wheel.STL
[5.990s] -- Up-to-date: /home/rhys/ws_snow/install/snow_sim/share/snow_sim//meshes_v2/wm2_brake_enc.STL
[5.990s] -- Up-to-date: /home/rhys/ws_snow/install/snow_sim/share/snow_sim//meshes_visual
[5.990s] -- Up-to-date: /home/rhys/ws_snow/install/snow_sim/share/snow_sim//meshes_visual/wm4_arm.STL
[5.990s] -- Up-to-date: /home/rhys/ws_snow/install/snow_sim/share/snow_sim//meshes_visual/wm2_wheel.STL
[5.991s] -- Up-to-date: /home/rhys/ws_snow/install/snow_sim/share/snow_sim//meshes_visual/wm4_steering_axis.STL
[5.991s] -- Up-to-date: /home/rhys/ws_snow/install/snow_sim/share/snow_sim//meshes_visual/wm2_base.STL
[5.991s] -- Up-to-date: /home/rhys/ws_snow/install/snow_sim/share/snow_sim//meshes_visual/wm1_arm.STL
[5.991s] -- Up-to-date: /home/rhys/ws_snow/install/snow_sim/share/snow_sim//meshes_visual/wm4_brake_enc.STL
[5.991s] -- Up-to-date: /home/rhys/ws_snow/install/snow_sim/share/snow_sim//meshes_visual/wm3_arm.STL
[5.991s] -- Up-to-date: /home/rhys/ws_snow/install/snow_sim/share/snow_sim//meshes_visual/wm2_steering_axis.STL
[5.991s] -- Up-to-date: /home/rhys/ws_snow/install/snow_sim/share/snow_sim//meshes_visual/wm4_base.STL
[5.991s] -- Up-to-date: /home/rhys/ws_snow/install/snow_sim/share/snow_sim//meshes_visual/base_link.STL
[5.991s] -- Up-to-date: /home/rhys/ws_snow/install/snow_sim/share/snow_sim//meshes_visual/wm2_arm.STL
[5.991s] -- Up-to-date: /home/rhys/ws_snow/install/snow_sim/share/snow_sim//meshes_visual/wm1_brake_enc.STL
[5.992s] -- Up-to-date: /home/rhys/ws_snow/install/snow_sim/share/snow_sim//meshes_visual/wm3_steering_axis.STL
[5.992s] -- Up-to-date: /home/rhys/ws_snow/install/snow_sim/share/snow_sim//meshes_visual/wm3_brake_enc.STL
[5.992s] -- Up-to-date: /home/rhys/ws_snow/install/snow_sim/share/snow_sim//meshes_visual/wm1_steering_axis.STL
[5.992s] -- Up-to-date: /home/rhys/ws_snow/install/snow_sim/share/snow_sim//meshes_visual/wm3_base.STL
[5.992s] -- Up-to-date: /home/rhys/ws_snow/install/snow_sim/share/snow_sim//meshes_visual/wm4_wheel.STL
[5.992s] -- Up-to-date: /home/rhys/ws_snow/install/snow_sim/share/snow_sim//meshes_visual/wm1_base.STL
[5.992s] -- Up-to-date: /home/rhys/ws_snow/install/snow_sim/share/snow_sim//meshes_visual/wm3_wheel.STL
[5.992s] -- Up-to-date: /home/rhys/ws_snow/install/snow_sim/share/snow_sim//meshes_visual/wm1_wheel.STL
[5.992s] -- Up-to-date: /home/rhys/ws_snow/install/snow_sim/share/snow_sim//meshes_visual/visual_v2
[5.992s] -- Up-to-date: /home/rhys/ws_snow/install/snow_sim/share/snow_sim//meshes_visual/visual_v2/wm4_arm.STL
[5.993s] -- Up-to-date: /home/rhys/ws_snow/install/snow_sim/share/snow_sim//meshes_visual/visual_v2/wm2_wheel.STL
[5.993s] -- Up-to-date: /home/rhys/ws_snow/install/snow_sim/share/snow_sim//meshes_visual/visual_v2/wm4_steering_axis.STL
[5.993s] -- Up-to-date: /home/rhys/ws_snow/install/snow_sim/share/snow_sim//meshes_visual/visual_v2/wm2_base.STL
[5.993s] -- Up-to-date: /home/rhys/ws_snow/install/snow_sim/share/snow_sim//meshes_visual/visual_v2/wm1_arm.STL
[5.993s] -- Up-to-date: /home/rhys/ws_snow/install/snow_sim/share/snow_sim//meshes_visual/visual_v2/wm4_brake_enc.STL
[5.993s] -- Up-to-date: /home/rhys/ws_snow/install/snow_sim/share/snow_sim//meshes_visual/visual_v2/wm3_arm.STL
[5.993s] -- Up-to-date: /home/rhys/ws_snow/install/snow_sim/share/snow_sim//meshes_visual/visual_v2/wm2_steering_axis.STL
[5.993s] -- Up-to-date: /home/rhys/ws_snow/install/snow_sim/share/snow_sim//meshes_visual/visual_v2/wm4_base.STL
[5.993s] -- Up-to-date: /home/rhys/ws_snow/install/snow_sim/share/snow_sim//meshes_visual/visual_v2/base_link.STL
[5.993s] -- Up-to-date: /home/rhys/ws_snow/install/snow_sim/share/snow_sim//meshes_visual/visual_v2/wm2_arm.STL
[5.993s] -- Up-to-date: /home/rhys/ws_snow/install/snow_sim/share/snow_sim//meshes_visual/visual_v2/wm1_brake_enc.STL
[5.993s] -- Up-to-date: /home/rhys/ws_snow/install/snow_sim/share/snow_sim//meshes_visual/visual_v2/wm3_steering_axis.STL
[5.994s] -- Up-to-date: /home/rhys/ws_snow/install/snow_sim/share/snow_sim//meshes_visual/visual_v2/wm3_brake_enc.STL
[5.994s] -- Up-to-date: /home/rhys/ws_snow/install/snow_sim/share/snow_sim//meshes_visual/visual_v2/wm1_steering_axis.STL
[5.994s] -- Up-to-date: /home/rhys/ws_snow/install/snow_sim/share/snow_sim//meshes_visual/visual_v2/wm3_base.STL
[5.994s] -- Up-to-date: /home/rhys/ws_snow/install/snow_sim/share/snow_sim//meshes_visual/visual_v2/wm4_wheel.STL
[5.994s] -- Up-to-date: /home/rhys/ws_snow/install/snow_sim/share/snow_sim//meshes_visual/visual_v2/wm1_base.STL
[5.994s] -- Up-to-date: /home/rhys/ws_snow/install/snow_sim/share/snow_sim//meshes_visual/visual_v2/wm3_wheel.STL
[5.994s] -- Up-to-date: /home/rhys/ws_snow/install/snow_sim/share/snow_sim//meshes_visual/visual_v2/wm1_wheel.STL
[5.994s] -- Up-to-date: /home/rhys/ws_snow/install/snow_sim/share/snow_sim//meshes_visual/visual_v2/wm2_brake_enc.STL
[5.994s] -- Up-to-date: /home/rhys/ws_snow/install/snow_sim/share/snow_sim//meshes_visual/wm2_brake_enc.STL
[5.994s] -- Up-to-date: /home/rhys/ws_snow/install/snow_sim/share/snow_sim//meshes_collision
[5.994s] -- Up-to-date: /home/rhys/ws_snow/install/snow_sim/share/snow_sim//meshes_collision/wm4_arm.STL
[5.994s] -- Up-to-date: /home/rhys/ws_snow/install/snow_sim/share/snow_sim//meshes_collision/wm2_wheel.STL
[5.994s] -- Up-to-date: /home/rhys/ws_snow/install/snow_sim/share/snow_sim//meshes_collision/wm4_steering_axis.STL
[5.995s] -- Up-to-date: /home/rhys/ws_snow/install/snow_sim/share/snow_sim//meshes_collision/wm2_base.STL
[5.995s] -- Up-to-date: /home/rhys/ws_snow/install/snow_sim/share/snow_sim//meshes_collision/wm1_arm.STL
[5.995s] -- Up-to-date: /home/rhys/ws_snow/install/snow_sim/share/snow_sim//meshes_collision/wm4_brake_enc.STL
[5.995s] -- Up-to-date: /home/rhys/ws_snow/install/snow_sim/share/snow_sim//meshes_collision/wm3_arm.STL
[5.995s] -- Up-to-date: /home/rhys/ws_snow/install/snow_sim/share/snow_sim//meshes_collision/wm2_steering_axis.STL
[5.995s] -- Up-to-date: /home/rhys/ws_snow/install/snow_sim/share/snow_sim//meshes_collision/wm4_base.STL
[5.995s] -- Up-to-date: /home/rhys/ws_snow/install/snow_sim/share/snow_sim//meshes_collision/base_link.STL
[5.995s] -- Up-to-date: /home/rhys/ws_snow/install/snow_sim/share/snow_sim//meshes_collision/wm2_arm.STL
[5.995s] -- Up-to-date: /home/rhys/ws_snow/install/snow_sim/share/snow_sim//meshes_collision/wm1_brake_enc.STL
[5.995s] -- Up-to-date: /home/rhys/ws_snow/install/snow_sim/share/snow_sim//meshes_collision/wm3_steering_axis.STL
[5.996s] -- Up-to-date: /home/rhys/ws_snow/install/snow_sim/share/snow_sim//meshes_collision/wm3_brake_enc.STL
[5.996s] -- Up-to-date: /home/rhys/ws_snow/install/snow_sim/share/snow_sim//meshes_collision/wm1_steering_axis.STL
[5.996s] -- Up-to-date: /home/rhys/ws_snow/install/snow_sim/share/snow_sim//meshes_collision/wm3_base.STL
[5.996s] -- Up-to-date: /home/rhys/ws_snow/install/snow_sim/share/snow_sim//meshes_collision/wm4_wheel.STL
[5.996s] -- Up-to-date: /home/rhys/ws_snow/install/snow_sim/share/snow_sim//meshes_collision/collision_v2
[5.996s] -- Up-to-date: /home/rhys/ws_snow/install/snow_sim/share/snow_sim//meshes_collision/collision_v2/wm4_arm.STL
[5.996s] -- Up-to-date: /home/rhys/ws_snow/install/snow_sim/share/snow_sim//meshes_collision/collision_v2/wm2_wheel.STL
[5.996s] -- Up-to-date: /home/rhys/ws_snow/install/snow_sim/share/snow_sim//meshes_collision/collision_v2/wm4_steering_axis.STL
[5.996s] -- Up-to-date: /home/rhys/ws_snow/install/snow_sim/share/snow_sim//meshes_collision/collision_v2/wm2_base.STL
[5.997s] -- Up-to-date: /home/rhys/ws_snow/install/snow_sim/share/snow_sim//meshes_collision/collision_v2/wm1_arm.STL
[5.997s] -- Up-to-date: /home/rhys/ws_snow/install/snow_sim/share/snow_sim//meshes_collision/collision_v2/wm1_break_enc.STL
[5.997s] -- Up-to-date: /home/rhys/ws_snow/install/snow_sim/share/snow_sim//meshes_collision/collision_v2/wm3_break_enc.STL
[5.997s] -- Up-to-date: /home/rhys/ws_snow/install/snow_sim/share/snow_sim//meshes_collision/collision_v2/wm3_arm.STL
[5.997s] -- Up-to-date: /home/rhys/ws_snow/install/snow_sim/share/snow_sim//meshes_collision/collision_v2/wm2_steering_axis.STL
[5.997s] -- Up-to-date: /home/rhys/ws_snow/install/snow_sim/share/snow_sim//meshes_collision/collision_v2/wm4_base.STL
[5.997s] -- Up-to-date: /home/rhys/ws_snow/install/snow_sim/share/snow_sim//meshes_collision/collision_v2/base_link.STL
[5.997s] -- Up-to-date: /home/rhys/ws_snow/install/snow_sim/share/snow_sim//meshes_collision/collision_v2/wm2_arm.STL
[5.997s] -- Up-to-date: /home/rhys/ws_snow/install/snow_sim/share/snow_sim//meshes_collision/collision_v2/wm3_steering_axis.STL
[5.997s] -- Up-to-date: /home/rhys/ws_snow/install/snow_sim/share/snow_sim//meshes_collision/collision_v2/wm1_steering_axis.STL
[5.998s] -- Up-to-date: /home/rhys/ws_snow/install/snow_sim/share/snow_sim//meshes_collision/collision_v2/wm3_base.STL
[5.998s] -- Up-to-date: /home/rhys/ws_snow/install/snow_sim/share/snow_sim//meshes_collision/collision_v2/wm4_wheel.STL
[5.998s] -- Up-to-date: /home/rhys/ws_snow/install/snow_sim/share/snow_sim//meshes_collision/collision_v2/wm1_base.STL
[5.998s] -- Up-to-date: /home/rhys/ws_snow/install/snow_sim/share/snow_sim//meshes_collision/collision_v2/wm2_break_enc.STL
[5.998s] -- Up-to-date: /home/rhys/ws_snow/install/snow_sim/share/snow_sim//meshes_collision/collision_v2/wm3_wheel.STL
[5.998s] -- Up-to-date: /home/rhys/ws_snow/install/snow_sim/share/snow_sim//meshes_collision/collision_v2/wm1_wheel.STL
[5.998s] -- Up-to-date: /home/rhys/ws_snow/install/snow_sim/share/snow_sim//meshes_collision/collision_v2/wm4_break_enc.STL
[5.998s] -- Up-to-date: /home/rhys/ws_snow/install/snow_sim/share/snow_sim//meshes_collision/wm1_base.STL
[5.998s] -- Up-to-date: /home/rhys/ws_snow/install/snow_sim/share/snow_sim//meshes_collision/wm3_wheel.STL
[5.998s] -- Up-to-date: /home/rhys/ws_snow/install/snow_sim/share/snow_sim//meshes_collision/wm1_wheel.STL
[5.998s] -- Up-to-date: /home/rhys/ws_snow/install/snow_sim/share/snow_sim//meshes_collision/wm2_brake_enc.STL
[5.999s] -- Up-to-date: /home/rhys/ws_snow/install/snow_sim/share/snow_sim//worlds
[5.999s] -- Up-to-date: /home/rhys/ws_snow/install/snow_sim/share/snow_sim//worlds/warehouse.world
[6.000s] -- Installing: /home/rhys/ws_snow/install/snow_sim/lib/snow_sim/example_effort
[6.000s] -- Set runtime path of "/home/rhys/ws_snow/install/snow_sim/lib/snow_sim/example_effort" to ""
[6.000s] -- Up-to-date: /home/rhys/ws_snow/install/snow_sim/share/ament_index/resource_index/package_run_dependencies/snow_sim
[6.000s] -- Installing: /home/rhys/ws_snow/install/snow_sim/share/ament_index/resource_index/parent_prefix_path/snow_sim
[6.000s] -- Installing: /home/rhys/ws_snow/install/snow_sim/share/snow_sim/environment/ament_prefix_path.sh
[6.000s] -- Installing: /home/rhys/ws_snow/install/snow_sim/share/snow_sim/environment/ament_prefix_path.dsv
[6.000s] -- Installing: /home/rhys/ws_snow/install/snow_sim/share/snow_sim/environment/path.sh
[6.001s] -- Installing: /home/rhys/ws_snow/install/snow_sim/share/snow_sim/environment/path.dsv
[6.001s] -- Up-to-date: /home/rhys/ws_snow/install/snow_sim/share/snow_sim/local_setup.bash
[6.001s] -- Up-to-date: /home/rhys/ws_snow/install/snow_sim/share/snow_sim/local_setup.sh
[6.001s] -- Up-to-date: /home/rhys/ws_snow/install/snow_sim/share/snow_sim/local_setup.zsh
[6.001s] -- Installing: /home/rhys/ws_snow/install/snow_sim/share/snow_sim/local_setup.dsv
[6.001s] -- Installing: /home/rhys/ws_snow/install/snow_sim/share/snow_sim/package.dsv
[6.001s] -- Up-to-date: /home/rhys/ws_snow/install/snow_sim/share/ament_index/resource_index/packages/snow_sim
[6.001s] -- Up-to-date: /home/rhys/ws_snow/install/snow_sim/share/snow_sim/cmake/snow_simConfig.cmake
[6.002s] -- Up-to-date: /home/rhys/ws_snow/install/snow_sim/share/snow_sim/cmake/snow_simConfig-version.cmake
[6.002s] -- Up-to-date: /home/rhys/ws_snow/install/snow_sim/share/snow_sim/package.xml
[6.002s] Invoked command in '/home/rhys/ws_snow/build/snow_sim' returned '0': CMAKE_PREFIX_PATH=${CMAKE_PREFIX_PATH}:/opt/ros/humble /usr/bin/cmake --install /home/rhys/ws_snow/build/snow_sim
