[0.015s] Invoking command in '/home/bern/ws_snow/build/hard_con': CMAKE_PREFIX_PATH=/opt/ros/humble /usr/bin/cmake /home/bern/ws_snow/src/hard_con -DCMAKE_INSTALL_PREFIX=/home/bern/ws_snow/install/hard_con
[0.131s] -- The C compiler identification is GNU 11.4.0
[0.205s] -- The CXX compiler identification is GNU 11.4.0
[0.212s] -- Detecting C compiler ABI info
[0.260s] -- Detecting C compiler ABI info - done
[0.265s] -- Check for working C compiler: /usr/bin/cc - skipped
[0.266s] -- Detecting C compile features
[0.266s] -- Detecting C compile features - done
[0.268s] -- Detecting CXX compiler ABI info
[0.318s] -- Detecting CXX compiler ABI info - done
[0.323s] -- Check for working CXX compiler: /usr/bin/c++ - skipped
[0.323s] -- Detecting CXX compile features
[0.323s] -- Detecting CXX compile features - done
[0.326s] -- Found ament_cmake: 1.3.9 (/opt/ros/humble/share/ament_cmake/cmake)
[0.429s] -- Found Python3: /usr/bin/python3 (found version "3.10.12") found components: Interpreter 
[0.498s] -- Found rclcpp: 16.0.9 (/opt/ros/humble/share/rclcpp/cmake)
[0.535s] -- Found rosidl_generator_c: 3.1.5 (/opt/ros/humble/share/rosidl_generator_c/cmake)
[0.539s] -- Found rosidl_adapter: 3.1.5 (/opt/ros/humble/share/rosidl_adapter/cmake)
[0.544s] -- Found rosidl_generator_cpp: 3.1.5 (/opt/ros/humble/share/rosidl_generator_cpp/cmake)
[0.555s] -- Using all available rosidl_typesupport_c: rosidl_typesupport_fastrtps_c;rosidl_typesupport_introspection_c
[0.571s] -- Using all available rosidl_typesupport_cpp: rosidl_typesupport_fastrtps_cpp;rosidl_typesupport_introspection_cpp
[0.635s] -- Found rmw_implementation_cmake: 6.1.2 (/opt/ros/humble/share/rmw_implementation_cmake/cmake)
[0.637s] -- Found rmw_fastrtps_cpp: 6.2.6 (/opt/ros/humble/share/rmw_fastrtps_cpp/cmake)
[0.704s] -- Found OpenSSL: /usr/lib/x86_64-linux-gnu/libcrypto.so (found version "3.0.2")  
[0.723s] -- Found FastRTPS: /opt/ros/humble/include  
[0.755s] -- Using RMW implementation 'rmw_fastrtps_cpp' as default
[0.764s] -- Looking for pthread.h
[0.814s] -- Looking for pthread.h - found
[0.814s] -- Performing Test CMAKE_HAVE_LIBC_PTHREAD
[0.862s] -- Performing Test CMAKE_HAVE_LIBC_PTHREAD - Success
[0.863s] -- Found Threads: TRUE  
[0.985s] -- Found sensor_msgs: 4.2.4 (/opt/ros/humble/share/sensor_msgs/cmake)
[1.071s] -- Found ament_lint_auto: 0.12.11 (/opt/ros/humble/share/ament_lint_auto/cmake)
[1.128s] -- Added test 'cppcheck' to perform static code analysis on C / C++ code
[1.128s] -- Configured cppcheck include dirs: 
[1.128s] -- Configured cppcheck exclude dirs and/or files: 
[1.128s] -- Added test 'lint_cmake' to check CMake code style
[1.129s] -- Added test 'uncrustify' to check C / C++ code style
[1.129s] -- Configured uncrustify additional arguments: 
[1.129s] -- Added test 'xmllint' to check XML markup files
[1.130s] -- Configuring done
[1.136s] -- Generating done
[1.137s] -- Build files have been written to: /home/bern/ws_snow/build/hard_con
[1.145s] Invoked command in '/home/bern/ws_snow/build/hard_con' returned '0': CMAKE_PREFIX_PATH=/opt/ros/humble /usr/bin/cmake /home/bern/ws_snow/src/hard_con -DCMAKE_INSTALL_PREFIX=/home/bern/ws_snow/install/hard_con
[1.146s] Invoking command in '/home/bern/ws_snow/build/hard_con': CMAKE_PREFIX_PATH=/opt/ros/humble /usr/bin/cmake --build /home/bern/ws_snow/build/hard_con -- -j12 -l12
[1.175s] [ 50%] [32mBuilding CXX object CMakeFiles/talker.dir/src/main.cpp.o[0m
[2.774s] [01m[K/home/bern/ws_snow/src/hard_con/src/main.cpp:[m[K In member function ‘[01m[Kvoid MinimalPublisher::print_latency(double)[m[K’:
[2.775s] [01m[K/home/bern/ws_snow/src/hard_con/src/main.cpp:56:11:[m[K [01;35m[Kwarning: [m[Kunused variable ‘[01m[Ki[m[K’ [[01;35m[K]8;;https://gcc.gnu.org/onlinedocs/gcc/Warning-Options.html#index-Wunused-variable-Wunused-variable]8;;[m[K]
[2.775s]    56 |       int [01;35m[Ki[m[K, j;
[2.775s]       |           [01;35m[K^[m[K
[2.775s] [01m[K/home/bern/ws_snow/src/hard_con/src/main.cpp:56:14:[m[K [01;35m[Kwarning: [m[Kunused variable ‘[01m[Kj[m[K’ [[01;35m[K]8;;https://gcc.gnu.org/onlinedocs/gcc/Warning-Options.html#index-Wunused-variable-Wunused-variable]8;;[m[K]
[2.775s]    56 |       int i, [01;35m[Kj[m[K;
[2.775s]       |              [01;35m[K^[m[K
[6.880s] [100%] [32m[1mLinking CXX executable talker[0m
[7.173s] [100%] Built target talker
[7.180s] Invoked command in '/home/bern/ws_snow/build/hard_con' returned '0': CMAKE_PREFIX_PATH=/opt/ros/humble /usr/bin/cmake --build /home/bern/ws_snow/build/hard_con -- -j12 -l12
[7.203s] Invoking command in '/home/bern/ws_snow/build/hard_con': CMAKE_PREFIX_PATH=/opt/ros/humble /usr/bin/cmake --install /home/bern/ws_snow/build/hard_con
[7.211s] -- Install configuration: ""
[7.212s] -- Installing: /home/bern/ws_snow/install/hard_con/lib/hard_con/talker
[7.215s] -- Set runtime path of "/home/bern/ws_snow/install/hard_con/lib/hard_con/talker" to ""
[7.215s] -- Installing: /home/bern/ws_snow/install/hard_con/share/ament_index/resource_index/package_run_dependencies/hard_con
[7.215s] -- Installing: /home/bern/ws_snow/install/hard_con/share/ament_index/resource_index/parent_prefix_path/hard_con
[7.215s] -- Installing: /home/bern/ws_snow/install/hard_con/share/hard_con/environment/ament_prefix_path.sh
[7.216s] -- Installing: /home/bern/ws_snow/install/hard_con/share/hard_con/environment/ament_prefix_path.dsv
[7.216s] -- Installing: /home/bern/ws_snow/install/hard_con/share/hard_con/environment/path.sh
[7.216s] -- Installing: /home/bern/ws_snow/install/hard_con/share/hard_con/environment/path.dsv
[7.216s] -- Installing: /home/bern/ws_snow/install/hard_con/share/hard_con/local_setup.bash
[7.216s] -- Installing: /home/bern/ws_snow/install/hard_con/share/hard_con/local_setup.sh
[7.216s] -- Installing: /home/bern/ws_snow/install/hard_con/share/hard_con/local_setup.zsh
[7.216s] -- Installing: /home/bern/ws_snow/install/hard_con/share/hard_con/local_setup.dsv
[7.217s] -- Installing: /home/bern/ws_snow/install/hard_con/share/hard_con/package.dsv
[7.217s] -- Installing: /home/bern/ws_snow/install/hard_con/share/ament_index/resource_index/packages/hard_con
[7.217s] -- Installing: /home/bern/ws_snow/install/hard_con/share/hard_con/cmake/hard_conConfig.cmake
[7.217s] -- Installing: /home/bern/ws_snow/install/hard_con/share/hard_con/cmake/hard_conConfig-version.cmake
[7.217s] -- Installing: /home/bern/ws_snow/install/hard_con/share/hard_con/package.xml
[7.218s] Invoked command in '/home/bern/ws_snow/build/hard_con' returned '0': CMAKE_PREFIX_PATH=/opt/ros/humble /usr/bin/cmake --install /home/bern/ws_snow/build/hard_con
