[0.012s] Invoking command in '/home/bern/ws_snow/build/snow_sim': CMAKE_PREFIX_PATH=${CMAKE_PREFIX_PATH}:/opt/ros/humble /usr/bin/cmake /home/bern/ws_snow/src/snow_sim -DCMAKE_INSTALL_PREFIX=/home/bern/ws_snow/install/snow_sim
[0.076s] -- The C compiler identification is GNU 11.4.0
[0.151s] -- The CXX compiler identification is GNU 11.4.0
[0.157s] -- Detecting C compiler ABI info
[0.200s] -- Detecting C compiler ABI info - done
[0.205s] -- Check for working C compiler: /usr/bin/cc - skipped
[0.206s] -- Detecting C compile features
[0.206s] -- Detecting C compile features - done
[0.209s] -- Detecting CXX compiler ABI info
[0.259s] -- Detecting CXX compiler ABI info - done
[0.269s] -- Check for working CXX compiler: /usr/bin/c++ - skipped
[0.269s] -- Detecting CXX compile features
[0.269s] -- Detecting CXX compile features - done
[0.272s] -- Found ament_cmake: 1.3.9 (/opt/ros/humble/share/ament_cmake/cmake)
[0.398s] -- Found Python3: /usr/bin/python3 (found version "3.10.12") found components: Interpreter 
[0.476s] -- Found control_msgs: 4.6.0 (/opt/ros/humble/share/control_msgs/cmake)
[0.503s] -- Found rosidl_generator_c: 3.1.5 (/opt/ros/humble/share/rosidl_generator_c/cmake)
[0.506s] -- Found rosidl_adapter: 3.1.5 (/opt/ros/humble/share/rosidl_adapter/cmake)
[0.512s] -- Found rosidl_generator_cpp: 3.1.5 (/opt/ros/humble/share/rosidl_generator_cpp/cmake)
[0.521s] -- Using all available rosidl_typesupport_c: rosidl_typesupport_fastrtps_c;rosidl_typesupport_introspection_c
[0.534s] -- Using all available rosidl_typesupport_cpp: rosidl_typesupport_fastrtps_cpp;rosidl_typesupport_introspection_cpp
[0.957s] -- Found rclcpp: 16.0.9 (/opt/ros/humble/share/rclcpp/cmake)
[0.997s] -- Found rmw_implementation_cmake: 6.1.2 (/opt/ros/humble/share/rmw_implementation_cmake/cmake)
[0.999s] -- Found rmw_fastrtps_cpp: 6.2.6 (/opt/ros/humble/share/rmw_fastrtps_cpp/cmake)
[1.067s] -- Found OpenSSL: /usr/lib/x86_64-linux-gnu/libcrypto.so (found version "3.0.2")  
[1.087s] -- Found FastRTPS: /opt/ros/humble/include  
[1.121s] -- Using RMW implementation 'rmw_fastrtps_cpp' as default
[1.128s] -- Looking for pthread.h
[1.171s] -- Looking for pthread.h - found
[1.171s] -- Performing Test CMAKE_HAVE_LIBC_PTHREAD
[1.220s] -- Performing Test CMAKE_HAVE_LIBC_PTHREAD - Success
[1.221s] -- Found Threads: TRUE  
[1.308s] -- Found rclcpp_action: 16.0.9 (/opt/ros/humble/share/rclcpp_action/cmake)
[1.330s] -- Found ament_lint_auto: 0.12.11 (/opt/ros/humble/share/ament_lint_auto/cmake)
[1.387s] -- Added test 'cppcheck' to perform static code analysis on C / C++ code
[1.387s] -- Configured cppcheck include dirs: 
[1.388s] -- Configured cppcheck exclude dirs and/or files: 
[1.388s] -- Added test 'flake8' to check Python code syntax and style conventions
[1.390s] -- Added test 'lint_cmake' to check CMake code style
[1.390s] -- Added test 'pep257' to check Python code against some of the docstring style conventions in PEP 257
[1.394s] -- Added test 'uncrustify' to check C / C++ code style
[1.394s] -- Configured uncrustify additional arguments: 
[1.395s] -- Added test 'xmllint' to check XML markup files
[1.396s] -- Configuring done
[1.403s] -- Generating done
[1.404s] -- Build files have been written to: /home/bern/ws_snow/build/snow_sim
[1.411s] Invoked command in '/home/bern/ws_snow/build/snow_sim' returned '0': CMAKE_PREFIX_PATH=${CMAKE_PREFIX_PATH}:/opt/ros/humble /usr/bin/cmake /home/bern/ws_snow/src/snow_sim -DCMAKE_INSTALL_PREFIX=/home/bern/ws_snow/install/snow_sim
[1.412s] Invoking command in '/home/bern/ws_snow/build/snow_sim': CMAKE_PREFIX_PATH=${CMAKE_PREFIX_PATH}:/opt/ros/humble /usr/bin/cmake --build /home/bern/ws_snow/build/snow_sim -- -j12 -l12
[1.444s] [ 50%] [32mBuilding CXX object CMakeFiles/example_effort.dir/examples/example_effort.cpp.o[0m
[4.158s] [100%] [32m[1mLinking CXX executable example_effort[0m
[4.307s] [100%] Built target example_effort
[4.315s] Invoked command in '/home/bern/ws_snow/build/snow_sim' returned '0': CMAKE_PREFIX_PATH=${CMAKE_PREFIX_PATH}:/opt/ros/humble /usr/bin/cmake --build /home/bern/ws_snow/build/snow_sim -- -j12 -l12
[4.331s] Invoking command in '/home/bern/ws_snow/build/snow_sim': CMAKE_PREFIX_PATH=${CMAKE_PREFIX_PATH}:/opt/ros/humble /usr/bin/cmake --install /home/bern/ws_snow/build/snow_sim
[4.335s] -- Install configuration: ""
[4.336s] -- Up-to-date: /home/bern/ws_snow/install/snow_sim/share/snow_sim//launch
[4.336s] -- Up-to-date: /home/bern/ws_snow/install/snow_sim/share/snow_sim//launch/build
[4.336s] -- Up-to-date: /home/bern/ws_snow/install/snow_sim/share/snow_sim//launch/build/.built_by
[4.336s] -- Up-to-date: /home/bern/ws_snow/install/snow_sim/share/snow_sim//launch/build/COLCON_IGNORE
[4.336s] -- Up-to-date: /home/bern/ws_snow/install/snow_sim/share/snow_sim//launch/log
[4.337s] -- Up-to-date: /home/bern/ws_snow/install/snow_sim/share/snow_sim//launch/log/latest
[4.337s] -- Up-to-date: /home/bern/ws_snow/install/snow_sim/share/snow_sim//launch/log/latest/events.log
[4.337s] -- Up-to-date: /home/bern/ws_snow/install/snow_sim/share/snow_sim//launch/log/latest/logger_all.log
[4.337s] -- Up-to-date: /home/bern/ws_snow/install/snow_sim/share/snow_sim//launch/log/build_2022-11-16_12-55-58
[4.337s] -- Up-to-date: /home/bern/ws_snow/install/snow_sim/share/snow_sim//launch/log/build_2022-11-16_12-55-58/events.log
[4.337s] -- Up-to-date: /home/bern/ws_snow/install/snow_sim/share/snow_sim//launch/log/build_2022-11-16_12-55-58/logger_all.log
[4.337s] -- Up-to-date: /home/bern/ws_snow/install/snow_sim/share/snow_sim//launch/log/COLCON_IGNORE
[4.337s] -- Up-to-date: /home/bern/ws_snow/install/snow_sim/share/snow_sim//launch/log/latest_build
[4.337s] -- Up-to-date: /home/bern/ws_snow/install/snow_sim/share/snow_sim//launch/log/latest_build/events.log
[4.337s] -- Up-to-date: /home/bern/ws_snow/install/snow_sim/share/snow_sim//launch/log/latest_build/logger_all.log
[4.337s] -- Up-to-date: /home/bern/ws_snow/install/snow_sim/share/snow_sim//launch/snow_v2-pi.launch.py
[4.337s] -- Up-to-date: /home/bern/ws_snow/install/snow_sim/share/snow_sim//launch/snow_v3.launch.py
[4.338s] -- Up-to-date: /home/bern/ws_snow/install/snow_sim/share/snow_sim//launch/snow.launch.py
[4.338s] -- Up-to-date: /home/bern/ws_snow/install/snow_sim/share/snow_sim//launch/snow_v2.launch.py
[4.338s] -- Up-to-date: /home/bern/ws_snow/install/snow_sim/share/snow_sim//launch/sbsimple_ign.launch.py
[4.338s] -- Up-to-date: /home/bern/ws_snow/install/snow_sim/share/snow_sim//launch/install
[4.338s] -- Up-to-date: /home/bern/ws_snow/install/snow_sim/share/snow_sim//launch/install/_local_setup_util_sh.py
[4.338s] -- Up-to-date: /home/bern/ws_snow/install/snow_sim/share/snow_sim//launch/install/local_setup.zsh
[4.338s] -- Up-to-date: /home/bern/ws_snow/install/snow_sim/share/snow_sim//launch/install/_local_setup_util_ps1.py
[4.338s] -- Up-to-date: /home/bern/ws_snow/install/snow_sim/share/snow_sim//launch/install/setup.bash
[4.338s] -- Up-to-date: /home/bern/ws_snow/install/snow_sim/share/snow_sim//launch/install/setup.sh
[4.338s] -- Up-to-date: /home/bern/ws_snow/install/snow_sim/share/snow_sim//launch/install/local_setup.bash
[4.338s] -- Up-to-date: /home/bern/ws_snow/install/snow_sim/share/snow_sim//launch/install/setup.ps1
[4.338s] -- Up-to-date: /home/bern/ws_snow/install/snow_sim/share/snow_sim//launch/install/local_setup.ps1
[4.338s] -- Up-to-date: /home/bern/ws_snow/install/snow_sim/share/snow_sim//launch/install/COLCON_IGNORE
[4.339s] -- Up-to-date: /home/bern/ws_snow/install/snow_sim/share/snow_sim//launch/install/.colcon_install_layout
[4.339s] -- Up-to-date: /home/bern/ws_snow/install/snow_sim/share/snow_sim//launch/install/setup.zsh
[4.339s] -- Up-to-date: /home/bern/ws_snow/install/snow_sim/share/snow_sim//launch/install/local_setup.sh
[4.339s] -- Up-to-date: /home/bern/ws_snow/install/snow_sim/share/snow_sim//launch/temp
[4.339s] -- Up-to-date: /home/bern/ws_snow/install/snow_sim/share/snow_sim//config
[4.339s] -- Up-to-date: /home/bern/ws_snow/install/snow_sim/share/snow_sim//config/snow_v3.yaml
[4.339s] -- Up-to-date: /home/bern/ws_snow/install/snow_sim/share/snow_sim//config/sbsimple.yaml
[4.340s] -- Up-to-date: /home/bern/ws_snow/install/snow_sim/share/snow_sim//config/snow.yaml
[4.340s] -- Up-to-date: /home/bern/ws_snow/install/snow_sim/share/snow_sim//config/temp
[4.340s] -- Up-to-date: /home/bern/ws_snow/install/snow_sim/share/snow_sim//urdf
[4.341s] -- Up-to-date: /home/bern/ws_snow/install/snow_sim/share/snow_sim//urdf/snow_v5.urdf
[4.341s] -- Up-to-date: /home/bern/ws_snow/install/snow_sim/share/snow_sim//urdf/snowbot_simple.urdf
[4.341s] -- Up-to-date: /home/bern/ws_snow/install/snow_sim/share/snow_sim//urdf/snow_complete_v2-1_stl wheel.urdf
[4.341s] -- Up-to-date: /home/bern/ws_snow/install/snow_sim/share/snow_sim//urdf/snow_v5.sdf
[4.341s] -- Up-to-date: /home/bern/ws_snow/install/snow_sim/share/snow_sim//urdf/snowbot_simple_ign.urdf
[4.341s] -- Up-to-date: /home/bern/ws_snow/install/snow_sim/share/snow_sim//urdf/snow_orig.urdf
[4.341s] -- Up-to-date: /home/bern/ws_snow/install/snow_sim/share/snow_sim//urdf/snow_complete_v2.urdf
[4.342s] -- Up-to-date: /home/bern/ws_snow/install/snow_sim/share/snow_sim//urdf/snow_collision_v1.urdf
[4.342s] -- Up-to-date: /home/bern/ws_snow/install/snow_sim/share/snow_sim//urdf/snow_complete_v2-1_hard code wheel.urdf
[4.342s] -- Up-to-date: /home/bern/ws_snow/install/snow_sim/share/snow_sim//urdf/snow_v4.urdf
[4.342s] -- Up-to-date: /home/bern/ws_snow/install/snow_sim/share/snow_sim//urdf/snow_v3.urdf
[4.342s] -- Up-to-date: /home/bern/ws_snow/install/snow_sim/share/snow_sim//urdf/snow_v2.urdf
[4.342s] -- Up-to-date: /home/bern/ws_snow/install/snow_sim/share/snow_sim//urdf/snow.urdf
[4.342s] -- Up-to-date: /home/bern/ws_snow/install/snow_sim/share/snow_sim//urdf/snow_complete_v3.urdf
[4.342s] -- Up-to-date: /home/bern/ws_snow/install/snow_sim/share/snow_sim//urdf/snow_complete_v2-stl only.urdf
[4.342s] -- Up-to-date: /home/bern/ws_snow/install/snow_sim/share/snow_sim//urdf/snow_collision_v1-1.urdf
[4.342s] -- Up-to-date: /home/bern/ws_snow/install/snow_sim/share/snow_sim//urdf/snow_complete_v1.urdf
[4.343s] -- Up-to-date: /home/bern/ws_snow/install/snow_sim/share/snow_sim//urdf/temp
[4.343s] -- Up-to-date: /home/bern/ws_snow/install/snow_sim/share/snow_sim//meshes
[4.343s] -- Up-to-date: /home/bern/ws_snow/install/snow_sim/share/snow_sim//meshes/wm3_wheel.STL
[4.343s] -- Up-to-date: /home/bern/ws_snow/install/snow_sim/share/snow_sim//meshes/wm4_wheel.STL
[4.343s] -- Up-to-date: /home/bern/ws_snow/install/snow_sim/share/snow_sim//meshes/wm3.STL
[4.343s] -- Up-to-date: /home/bern/ws_snow/install/snow_sim/share/snow_sim//meshes/wm2.STL
[4.343s] -- Up-to-date: /home/bern/ws_snow/install/snow_sim/share/snow_sim//meshes/wm1.STL
[4.343s] -- Up-to-date: /home/bern/ws_snow/install/snow_sim/share/snow_sim//meshes/wm2_wheel.STL
[4.344s] -- Up-to-date: /home/bern/ws_snow/install/snow_sim/share/snow_sim//meshes/base_link.STL
[4.344s] -- Up-to-date: /home/bern/ws_snow/install/snow_sim/share/snow_sim//meshes/wm1_wheel.STL
[4.344s] -- Up-to-date: /home/bern/ws_snow/install/snow_sim/share/snow_sim//meshes/wm4.STL
[4.344s] -- Up-to-date: /home/bern/ws_snow/install/snow_sim/share/snow_sim//meshes_v2
[4.344s] -- Up-to-date: /home/bern/ws_snow/install/snow_sim/share/snow_sim//meshes_v2/wm1_steering_axis.STL
[4.345s] -- Up-to-date: /home/bern/ws_snow/install/snow_sim/share/snow_sim//meshes_v2/wm4_base.STL
[4.345s] -- Up-to-date: /home/bern/ws_snow/install/snow_sim/share/snow_sim//meshes_v2/wm3_wheel.STL
[4.345s] -- Up-to-date: /home/bern/ws_snow/install/snow_sim/share/snow_sim//meshes_v2/wm1_brake_enc.STL
[4.345s] -- Up-to-date: /home/bern/ws_snow/install/snow_sim/share/snow_sim//meshes_v2/wm3_steering_axis.STL
[4.345s] -- Up-to-date: /home/bern/ws_snow/install/snow_sim/share/snow_sim//meshes_v2/wm3_arm.STL
[4.345s] -- Up-to-date: /home/bern/ws_snow/install/snow_sim/share/snow_sim//meshes_v2/wm4_wheel.STL
[4.345s] -- Up-to-date: /home/bern/ws_snow/install/snow_sim/share/snow_sim//meshes_v2/wm1_arm.STL
[4.345s] -- Up-to-date: /home/bern/ws_snow/install/snow_sim/share/snow_sim//meshes_v2/wm4_brake_enc.STL
[4.345s] -- Up-to-date: /home/bern/ws_snow/install/snow_sim/share/snow_sim//meshes_v2/wm3_brake_enc.STL
[4.345s] -- Up-to-date: /home/bern/ws_snow/install/snow_sim/share/snow_sim//meshes_v2/wm4_arm.STL
[4.346s] -- Up-to-date: /home/bern/ws_snow/install/snow_sim/share/snow_sim//meshes_v2/wm2_wheel.STL
[4.346s] -- Up-to-date: /home/bern/ws_snow/install/snow_sim/share/snow_sim//meshes_v2/wm2_arm.STL
[4.346s] -- Up-to-date: /home/bern/ws_snow/install/snow_sim/share/snow_sim//meshes_v2/base_link.STL
[4.346s] -- Up-to-date: /home/bern/ws_snow/install/snow_sim/share/snow_sim//meshes_v2/wm2_base.STL
[4.346s] -- Up-to-date: /home/bern/ws_snow/install/snow_sim/share/snow_sim//meshes_v2/wm2_steering_axis.STL
[4.346s] -- Up-to-date: /home/bern/ws_snow/install/snow_sim/share/snow_sim//meshes_v2/wm1_wheel.STL
[4.346s] -- Up-to-date: /home/bern/ws_snow/install/snow_sim/share/snow_sim//meshes_v2/wm1_base.STL
[4.346s] -- Up-to-date: /home/bern/ws_snow/install/snow_sim/share/snow_sim//meshes_v2/wm2_brake_enc.STL
[4.346s] -- Up-to-date: /home/bern/ws_snow/install/snow_sim/share/snow_sim//meshes_v2/wm4_steering_axis.STL
[4.347s] -- Up-to-date: /home/bern/ws_snow/install/snow_sim/share/snow_sim//meshes_v2/wm3_base.STL
[4.347s] -- Up-to-date: /home/bern/ws_snow/install/snow_sim/share/snow_sim//meshes_visual
[4.347s] -- Up-to-date: /home/bern/ws_snow/install/snow_sim/share/snow_sim//meshes_visual/wm1_steering_axis.STL
[4.347s] -- Up-to-date: /home/bern/ws_snow/install/snow_sim/share/snow_sim//meshes_visual/visual_v2
[4.347s] -- Up-to-date: /home/bern/ws_snow/install/snow_sim/share/snow_sim//meshes_visual/visual_v2/wm1_steering_axis.STL
[4.347s] -- Up-to-date: /home/bern/ws_snow/install/snow_sim/share/snow_sim//meshes_visual/visual_v2/wm4_base.STL
[4.347s] -- Up-to-date: /home/bern/ws_snow/install/snow_sim/share/snow_sim//meshes_visual/visual_v2/wm3_wheel.STL
[4.348s] -- Up-to-date: /home/bern/ws_snow/install/snow_sim/share/snow_sim//meshes_visual/visual_v2/wm1_brake_enc.STL
[4.348s] -- Up-to-date: /home/bern/ws_snow/install/snow_sim/share/snow_sim//meshes_visual/visual_v2/wm3_steering_axis.STL
[4.348s] -- Up-to-date: /home/bern/ws_snow/install/snow_sim/share/snow_sim//meshes_visual/visual_v2/wm3_arm.STL
[4.348s] -- Up-to-date: /home/bern/ws_snow/install/snow_sim/share/snow_sim//meshes_visual/visual_v2/wm4_wheel.STL
[4.348s] -- Up-to-date: /home/bern/ws_snow/install/snow_sim/share/snow_sim//meshes_visual/visual_v2/wm1_arm.STL
[4.348s] -- Up-to-date: /home/bern/ws_snow/install/snow_sim/share/snow_sim//meshes_visual/visual_v2/wm4_brake_enc.STL
[4.348s] -- Up-to-date: /home/bern/ws_snow/install/snow_sim/share/snow_sim//meshes_visual/visual_v2/wm3_brake_enc.STL
[4.348s] -- Up-to-date: /home/bern/ws_snow/install/snow_sim/share/snow_sim//meshes_visual/visual_v2/wm4_arm.STL
[4.349s] -- Up-to-date: /home/bern/ws_snow/install/snow_sim/share/snow_sim//meshes_visual/visual_v2/wm2_wheel.STL
[4.349s] -- Up-to-date: /home/bern/ws_snow/install/snow_sim/share/snow_sim//meshes_visual/visual_v2/wm2_arm.STL
[4.349s] -- Up-to-date: /home/bern/ws_snow/install/snow_sim/share/snow_sim//meshes_visual/visual_v2/base_link.STL
[4.350s] -- Up-to-date: /home/bern/ws_snow/install/snow_sim/share/snow_sim//meshes_visual/visual_v2/wm2_base.STL
[4.350s] -- Up-to-date: /home/bern/ws_snow/install/snow_sim/share/snow_sim//meshes_visual/visual_v2/wm2_steering_axis.STL
[4.350s] -- Up-to-date: /home/bern/ws_snow/install/snow_sim/share/snow_sim//meshes_visual/visual_v2/wm1_wheel.STL
[4.350s] -- Up-to-date: /home/bern/ws_snow/install/snow_sim/share/snow_sim//meshes_visual/visual_v2/wm1_base.STL
[4.350s] -- Up-to-date: /home/bern/ws_snow/install/snow_sim/share/snow_sim//meshes_visual/visual_v2/wm2_brake_enc.STL
[4.350s] -- Up-to-date: /home/bern/ws_snow/install/snow_sim/share/snow_sim//meshes_visual/visual_v2/wm4_steering_axis.STL
[4.351s] -- Up-to-date: /home/bern/ws_snow/install/snow_sim/share/snow_sim//meshes_visual/visual_v2/wm3_base.STL
[4.351s] -- Up-to-date: /home/bern/ws_snow/install/snow_sim/share/snow_sim//meshes_visual/wm4_base.STL
[4.351s] -- Up-to-date: /home/bern/ws_snow/install/snow_sim/share/snow_sim//meshes_visual/wm3_wheel.STL
[4.351s] -- Up-to-date: /home/bern/ws_snow/install/snow_sim/share/snow_sim//meshes_visual/wm1_brake_enc.STL
[4.351s] -- Up-to-date: /home/bern/ws_snow/install/snow_sim/share/snow_sim//meshes_visual/wm3_steering_axis.STL
[4.351s] -- Up-to-date: /home/bern/ws_snow/install/snow_sim/share/snow_sim//meshes_visual/wm3_arm.STL
[4.351s] -- Up-to-date: /home/bern/ws_snow/install/snow_sim/share/snow_sim//meshes_visual/wm4_wheel.STL
[4.351s] -- Up-to-date: /home/bern/ws_snow/install/snow_sim/share/snow_sim//meshes_visual/wm1_arm.STL
[4.351s] -- Up-to-date: /home/bern/ws_snow/install/snow_sim/share/snow_sim//meshes_visual/wm4_brake_enc.STL
[4.351s] -- Up-to-date: /home/bern/ws_snow/install/snow_sim/share/snow_sim//meshes_visual/wm3_brake_enc.STL
[4.351s] -- Up-to-date: /home/bern/ws_snow/install/snow_sim/share/snow_sim//meshes_visual/wm4_arm.STL
[4.352s] -- Up-to-date: /home/bern/ws_snow/install/snow_sim/share/snow_sim//meshes_visual/wm2_wheel.STL
[4.352s] -- Up-to-date: /home/bern/ws_snow/install/snow_sim/share/snow_sim//meshes_visual/wm2_arm.STL
[4.352s] -- Up-to-date: /home/bern/ws_snow/install/snow_sim/share/snow_sim//meshes_visual/base_link.STL
[4.352s] -- Up-to-date: /home/bern/ws_snow/install/snow_sim/share/snow_sim//meshes_visual/wm2_base.STL
[4.352s] -- Up-to-date: /home/bern/ws_snow/install/snow_sim/share/snow_sim//meshes_visual/wm2_steering_axis.STL
[4.352s] -- Up-to-date: /home/bern/ws_snow/install/snow_sim/share/snow_sim//meshes_visual/wm1_wheel.STL
[4.352s] -- Up-to-date: /home/bern/ws_snow/install/snow_sim/share/snow_sim//meshes_visual/wm1_base.STL
[4.352s] -- Up-to-date: /home/bern/ws_snow/install/snow_sim/share/snow_sim//meshes_visual/wm2_brake_enc.STL
[4.352s] -- Up-to-date: /home/bern/ws_snow/install/snow_sim/share/snow_sim//meshes_visual/wm4_steering_axis.STL
[4.352s] -- Up-to-date: /home/bern/ws_snow/install/snow_sim/share/snow_sim//meshes_visual/wm3_base.STL
[4.353s] -- Up-to-date: /home/bern/ws_snow/install/snow_sim/share/snow_sim//meshes_collision
[4.353s] -- Up-to-date: /home/bern/ws_snow/install/snow_sim/share/snow_sim//meshes_collision/wm1_steering_axis.STL
[4.353s] -- Up-to-date: /home/bern/ws_snow/install/snow_sim/share/snow_sim//meshes_collision/wm4_base.STL
[4.353s] -- Up-to-date: /home/bern/ws_snow/install/snow_sim/share/snow_sim//meshes_collision/wm3_wheel.STL
[4.353s] -- Up-to-date: /home/bern/ws_snow/install/snow_sim/share/snow_sim//meshes_collision/wm1_brake_enc.STL
[4.353s] -- Up-to-date: /home/bern/ws_snow/install/snow_sim/share/snow_sim//meshes_collision/wm3_steering_axis.STL
[4.353s] -- Up-to-date: /home/bern/ws_snow/install/snow_sim/share/snow_sim//meshes_collision/wm3_arm.STL
[4.353s] -- Up-to-date: /home/bern/ws_snow/install/snow_sim/share/snow_sim//meshes_collision/wm4_wheel.STL
[4.353s] -- Up-to-date: /home/bern/ws_snow/install/snow_sim/share/snow_sim//meshes_collision/wm1_arm.STL
[4.353s] -- Up-to-date: /home/bern/ws_snow/install/snow_sim/share/snow_sim//meshes_collision/wm4_brake_enc.STL
[4.354s] -- Up-to-date: /home/bern/ws_snow/install/snow_sim/share/snow_sim//meshes_collision/collision_v2
[4.354s] -- Up-to-date: /home/bern/ws_snow/install/snow_sim/share/snow_sim//meshes_collision/collision_v2/wm1_steering_axis.STL
[4.354s] -- Up-to-date: /home/bern/ws_snow/install/snow_sim/share/snow_sim//meshes_collision/collision_v2/wm4_base.STL
[4.354s] -- Up-to-date: /home/bern/ws_snow/install/snow_sim/share/snow_sim//meshes_collision/collision_v2/wm3_wheel.STL
[4.354s] -- Up-to-date: /home/bern/ws_snow/install/snow_sim/share/snow_sim//meshes_collision/collision_v2/wm3_steering_axis.STL
[4.354s] -- Up-to-date: /home/bern/ws_snow/install/snow_sim/share/snow_sim//meshes_collision/collision_v2/wm3_arm.STL
[4.354s] -- Up-to-date: /home/bern/ws_snow/install/snow_sim/share/snow_sim//meshes_collision/collision_v2/wm2_break_enc.STL
[4.354s] -- Up-to-date: /home/bern/ws_snow/install/snow_sim/share/snow_sim//meshes_collision/collision_v2/wm4_wheel.STL
[4.354s] -- Up-to-date: /home/bern/ws_snow/install/snow_sim/share/snow_sim//meshes_collision/collision_v2/wm1_break_enc.STL
[4.354s] -- Up-to-date: /home/bern/ws_snow/install/snow_sim/share/snow_sim//meshes_collision/collision_v2/wm1_arm.STL
[4.354s] -- Up-to-date: /home/bern/ws_snow/install/snow_sim/share/snow_sim//meshes_collision/collision_v2/wm4_arm.STL
[4.354s] -- Up-to-date: /home/bern/ws_snow/install/snow_sim/share/snow_sim//meshes_collision/collision_v2/wm4_break_enc.STL
[4.355s] -- Up-to-date: /home/bern/ws_snow/install/snow_sim/share/snow_sim//meshes_collision/collision_v2/wm2_wheel.STL
[4.355s] -- Up-to-date: /home/bern/ws_snow/install/snow_sim/share/snow_sim//meshes_collision/collision_v2/wm2_arm.STL
[4.355s] -- Up-to-date: /home/bern/ws_snow/install/snow_sim/share/snow_sim//meshes_collision/collision_v2/base_link.STL
[4.355s] -- Up-to-date: /home/bern/ws_snow/install/snow_sim/share/snow_sim//meshes_collision/collision_v2/wm2_base.STL
[4.355s] -- Up-to-date: /home/bern/ws_snow/install/snow_sim/share/snow_sim//meshes_collision/collision_v2/wm2_steering_axis.STL
[4.355s] -- Up-to-date: /home/bern/ws_snow/install/snow_sim/share/snow_sim//meshes_collision/collision_v2/wm1_wheel.STL
[4.355s] -- Up-to-date: /home/bern/ws_snow/install/snow_sim/share/snow_sim//meshes_collision/collision_v2/wm3_break_enc.STL
[4.355s] -- Up-to-date: /home/bern/ws_snow/install/snow_sim/share/snow_sim//meshes_collision/collision_v2/wm1_base.STL
[4.355s] -- Up-to-date: /home/bern/ws_snow/install/snow_sim/share/snow_sim//meshes_collision/collision_v2/wm4_steering_axis.STL
[4.355s] -- Up-to-date: /home/bern/ws_snow/install/snow_sim/share/snow_sim//meshes_collision/collision_v2/wm3_base.STL
[4.355s] -- Up-to-date: /home/bern/ws_snow/install/snow_sim/share/snow_sim//meshes_collision/wm3_brake_enc.STL
[4.355s] -- Up-to-date: /home/bern/ws_snow/install/snow_sim/share/snow_sim//meshes_collision/wm4_arm.STL
[4.355s] -- Up-to-date: /home/bern/ws_snow/install/snow_sim/share/snow_sim//meshes_collision/wm2_wheel.STL
[4.356s] -- Up-to-date: /home/bern/ws_snow/install/snow_sim/share/snow_sim//meshes_collision/wm2_arm.STL
[4.356s] -- Up-to-date: /home/bern/ws_snow/install/snow_sim/share/snow_sim//meshes_collision/base_link.STL
[4.356s] -- Up-to-date: /home/bern/ws_snow/install/snow_sim/share/snow_sim//meshes_collision/wm2_base.STL
[4.356s] -- Up-to-date: /home/bern/ws_snow/install/snow_sim/share/snow_sim//meshes_collision/wm2_steering_axis.STL
[4.356s] -- Up-to-date: /home/bern/ws_snow/install/snow_sim/share/snow_sim//meshes_collision/wm1_wheel.STL
[4.356s] -- Up-to-date: /home/bern/ws_snow/install/snow_sim/share/snow_sim//meshes_collision/wm1_base.STL
[4.356s] -- Up-to-date: /home/bern/ws_snow/install/snow_sim/share/snow_sim//meshes_collision/wm2_brake_enc.STL
[4.356s] -- Up-to-date: /home/bern/ws_snow/install/snow_sim/share/snow_sim//meshes_collision/wm4_steering_axis.STL
[4.356s] -- Up-to-date: /home/bern/ws_snow/install/snow_sim/share/snow_sim//meshes_collision/wm3_base.STL
[4.356s] -- Up-to-date: /home/bern/ws_snow/install/snow_sim/share/snow_sim//worlds
[4.356s] -- Up-to-date: /home/bern/ws_snow/install/snow_sim/share/snow_sim//worlds/warehouse.world
[4.357s] -- Installing: /home/bern/ws_snow/install/snow_sim/lib/snow_sim/example_effort
[4.357s] -- Set runtime path of "/home/bern/ws_snow/install/snow_sim/lib/snow_sim/example_effort" to ""
[4.357s] -- Installing: /home/bern/ws_snow/install/snow_sim/share/ament_index/resource_index/package_run_dependencies/snow_sim
[4.357s] -- Installing: /home/bern/ws_snow/install/snow_sim/share/ament_index/resource_index/parent_prefix_path/snow_sim
[4.357s] -- Up-to-date: /home/bern/ws_snow/install/snow_sim/share/snow_sim/environment/ament_prefix_path.sh
[4.357s] -- Installing: /home/bern/ws_snow/install/snow_sim/share/snow_sim/environment/ament_prefix_path.dsv
[4.357s] -- Up-to-date: /home/bern/ws_snow/install/snow_sim/share/snow_sim/environment/path.sh
[4.357s] -- Installing: /home/bern/ws_snow/install/snow_sim/share/snow_sim/environment/path.dsv
[4.357s] -- Installing: /home/bern/ws_snow/install/snow_sim/share/snow_sim/local_setup.bash
[4.357s] -- Installing: /home/bern/ws_snow/install/snow_sim/share/snow_sim/local_setup.sh
[4.357s] -- Installing: /home/bern/ws_snow/install/snow_sim/share/snow_sim/local_setup.zsh
[4.357s] -- Installing: /home/bern/ws_snow/install/snow_sim/share/snow_sim/local_setup.dsv
[4.357s] -- Installing: /home/bern/ws_snow/install/snow_sim/share/snow_sim/package.dsv
[4.357s] -- Installing: /home/bern/ws_snow/install/snow_sim/share/ament_index/resource_index/packages/snow_sim
[4.357s] -- Installing: /home/bern/ws_snow/install/snow_sim/share/snow_sim/cmake/snow_simConfig.cmake
[4.357s] -- Installing: /home/bern/ws_snow/install/snow_sim/share/snow_sim/cmake/snow_simConfig-version.cmake
[4.357s] -- Up-to-date: /home/bern/ws_snow/install/snow_sim/share/snow_sim/package.xml
[4.358s] Invoked command in '/home/bern/ws_snow/build/snow_sim' returned '0': CMAKE_PREFIX_PATH=${CMAKE_PREFIX_PATH}:/opt/ros/humble /usr/bin/cmake --install /home/bern/ws_snow/build/snow_sim
