[01m[K/home/rhys/ws_snow/src/snow_con_rt/src/main.cpp:[m[K In member function ‘[01m[Kvoid MinimalSubscriber::topic_callback(sensor_msgs::msg::JointState_<std::allocator<void> >::SharedPtr)[m[K’:
[01m[K/home/rhys/ws_snow/src/snow_con_rt/src/main.cpp:292:9:[m[K [01;31m[Kerror: [m[K‘[01m[KcVwheelRotate[m[K’ was not declared in this scope
  292 |         [01;31m[KcVwheelRotate[m[K =  0.4;//.3; //0.0166667;
      |         [01;31m[K^~~~~~~~~~~~~[m[K
[01m[K/home/rhys/ws_snow/src/snow_con_rt/src/main.cpp:293:9:[m[K [01;31m[Kerror: [m[K‘[01m[KcPwheelRotate[m[K’ was not declared in this scope
  293 |         [01;31m[KcPwheelRotate[m[K = 0.1; //2;  //0.1;
      |         [01;31m[K^~~~~~~~~~~~~[m[K
[01m[K/home/rhys/ws_snow/src/snow_con_rt/src/main.cpp:294:9:[m[K [01;31m[Kerror: [m[K‘[01m[KcVwheelForward[m[K’ was not declared in this scope
  294 |         [01;31m[KcVwheelForward[m[K = 0.1;//0.05; // 1.0;//0.05;
      |         [01;31m[K^~~~~~~~~~~~~~[m[K
[01m[K/home/rhys/ws_snow/src/snow_con_rt/src/main.cpp:295:9:[m[K [01;31m[Kerror: [m[K‘[01m[KcPwheelForward[m[K’ was not declared in this scope
  295 |         [01;31m[KcPwheelForward[m[K = 0.1; //0.2;//0.025;
      |         [01;31m[K^~~~~~~~~~~~~~[m[K
[01m[K/home/rhys/ws_snow/src/snow_con_rt/src/main.cpp:311:11:[m[K [01;31m[Kerror: [m[K‘[01m[Kvelocity[m[K’ was not declared in this scope
  311 |           [01;31m[Kvelocity[m[K = 0;
      |           [01;31m[K^~~~~~~~[m[K
[01m[K/home/rhys/ws_snow/src/snow_con_rt/src/main.cpp:312:11:[m[K [01;31m[Kerror: [m[K‘[01m[Kposition[m[K’ was not declared in this scope; did you mean ‘[01m[Kendposition[m[K’?
  312 |           [01;31m[Kposition[m[K = M_PI/4;
      |           [01;31m[K^~~~~~~~[m[K
      |           [32m[Kendposition[m[K
[01m[K/home/rhys/ws_snow/src/snow_con_rt/src/main.cpp:194:19:[m[K [01;35m[Kwarning: [m[Kunused variable ‘[01m[Kendposition[m[K’ [[01;35m[K]8;;https://gcc.gnu.org/onlinedocs/gcc/Warning-Options.html#index-Wunused-variable-Wunused-variable]8;;[m[K]
  194 |     static double [01;35m[Kendposition[m[K = 0;
      |                   [01;35m[K^~~~~~~~~~~[m[K
gmake[2]: *** [CMakeFiles/listener.dir/build.make:76: CMakeFiles/listener.dir/src/main.cpp.o] Error 1
gmake[1]: *** [CMakeFiles/Makefile2:137: CMakeFiles/listener.dir/all] Error 2
gmake: *** [Makefile:134: all] Error 2
