[0.034s] Invoking command in '/home/rhys/ws_snow/build/snow_con_rt': CMAKE_PREFIX_PATH=/opt/ros/humble /usr/bin/cmake --build /home/rhys/ws_snow/build/snow_con_rt -- -j12 -l12
[0.120s] [35m[1mConsolidate compiler generated dependencies of target listener[0m
[0.143s] [ 20%] [32mBuilding CXX object CMakeFiles/listener.dir/src/main.cpp.o[0m
[8.091s] [ 40%] [32m[1mLinking CXX executable listener[0m
[8.570s] [100%] Built target listener
[8.579s] Invoked command in '/home/rhys/ws_snow/build/snow_con_rt' returned '0': CMAKE_PREFIX_PATH=/opt/ros/humble /usr/bin/cmake --build /home/rhys/ws_snow/build/snow_con_rt -- -j12 -l12
[8.603s] Invoking command in '/home/rhys/ws_snow/build/snow_con_rt': CMAKE_PREFIX_PATH=/opt/ros/humble /usr/bin/cmake --install /home/rhys/ws_snow/build/snow_con_rt
[8.609s] -- Install configuration: ""
[8.610s] -- Installing: /home/rhys/ws_snow/install/snow_con_rt/lib/snow_con_rt/listener
[8.613s] -- Set runtime path of "/home/rhys/ws_snow/install/snow_con_rt/lib/snow_con_rt/listener" to ""
[8.614s] -- Up-to-date: /home/rhys/ws_snow/install/snow_con_rt/share/ament_index/resource_index/package_run_dependencies/snow_con_rt
[8.614s] -- Up-to-date: /home/rhys/ws_snow/install/snow_con_rt/share/ament_index/resource_index/parent_prefix_path/snow_con_rt
[8.614s] -- Up-to-date: /home/rhys/ws_snow/install/snow_con_rt/share/snow_con_rt/environment/ament_prefix_path.sh
[8.614s] -- Up-to-date: /home/rhys/ws_snow/install/snow_con_rt/share/snow_con_rt/environment/ament_prefix_path.dsv
[8.614s] -- Up-to-date: /home/rhys/ws_snow/install/snow_con_rt/share/snow_con_rt/environment/path.sh
[8.614s] -- Up-to-date: /home/rhys/ws_snow/install/snow_con_rt/share/snow_con_rt/environment/path.dsv
[8.614s] -- Up-to-date: /home/rhys/ws_snow/install/snow_con_rt/share/snow_con_rt/local_setup.bash
[8.615s] -- Up-to-date: /home/rhys/ws_snow/install/snow_con_rt/share/snow_con_rt/local_setup.sh
[8.615s] -- Up-to-date: /home/rhys/ws_snow/install/snow_con_rt/share/snow_con_rt/local_setup.zsh
[8.615s] -- Up-to-date: /home/rhys/ws_snow/install/snow_con_rt/share/snow_con_rt/local_setup.dsv
[8.615s] -- Installing: /home/rhys/ws_snow/install/snow_con_rt/share/snow_con_rt/package.dsv
[8.615s] -- Up-to-date: /home/rhys/ws_snow/install/snow_con_rt/share/ament_index/resource_index/packages/snow_con_rt
[8.615s] -- Up-to-date: /home/rhys/ws_snow/install/snow_con_rt/share/snow_con_rt/cmake/snow_con_rtConfig.cmake
[8.615s] -- Up-to-date: /home/rhys/ws_snow/install/snow_con_rt/share/snow_con_rt/cmake/snow_con_rtConfig-version.cmake
[8.615s] -- Up-to-date: /home/rhys/ws_snow/install/snow_con_rt/share/snow_con_rt/package.xml
[8.618s] Invoked command in '/home/rhys/ws_snow/build/snow_con_rt' returned '0': CMAKE_PREFIX_PATH=/opt/ros/humble /usr/bin/cmake --install /home/rhys/ws_snow/build/snow_con_rt
