[0.039s] Invoking command in '/home/rhys/ws_snow/build/snow_con_rt': CMAKE_PREFIX_PATH=${CMAKE_PREFIX_PATH}:/opt/ros/humble /usr/bin/cmake --build /home/rhys/ws_snow/build/snow_con_rt -- -j12 -l12
[0.101s] [35m[1mConsolidate compiler generated dependencies of target listener[0m
[0.142s] [ 20%] [32mBuilding CXX object CMakeFiles/listener.dir/src/main.cpp.o[0m
[3.251s] [01m[K/home/rhys/ws_snow/src/snow_con_rt/src/main.cpp:[m[K In member function ‘[01m[Kvoid MinimalSubscriber::topic_callback(sensor_msgs::msg::JointState_<std::allocator<void> >::SharedPtr)[m[K’:
[3.251s] [01m[K/home/rhys/ws_snow/src/snow_con_rt/src/main.cpp:507:12:[m[K [01;35m[Kwarning: [m[Kenumeration value ‘[01m[KSTEP9[m[K’ not handled in switch [[01;35m[K]8;;https://gcc.gnu.org/onlinedocs/gcc/Warning-Options.html#index-Wswitch-Wswitch]8;;[m[K]
[3.251s]   507 |     switch [01;35m[K([m[KpState)
[3.251s]       |            [01;35m[K^[m[K
[9.495s] [ 40%] [32m[1mLinking CXX executable listener[0m
[9.913s] [100%] Built target listener
[9.923s] Invoked command in '/home/rhys/ws_snow/build/snow_con_rt' returned '0': CMAKE_PREFIX_PATH=${CMAKE_PREFIX_PATH}:/opt/ros/humble /usr/bin/cmake --build /home/rhys/ws_snow/build/snow_con_rt -- -j12 -l12
[9.962s] Invoking command in '/home/rhys/ws_snow/build/snow_con_rt': CMAKE_PREFIX_PATH=${CMAKE_PREFIX_PATH}:/opt/ros/humble /usr/bin/cmake --install /home/rhys/ws_snow/build/snow_con_rt
[9.967s] -- Install configuration: ""
[9.967s] -- Installing: /home/rhys/ws_snow/install/snow_con_rt/lib/snow_con_rt/listener
[9.971s] -- Set runtime path of "/home/rhys/ws_snow/install/snow_con_rt/lib/snow_con_rt/listener" to ""
[9.971s] -- Up-to-date: /home/rhys/ws_snow/install/snow_con_rt/share/ament_index/resource_index/package_run_dependencies/snow_con_rt
[9.971s] -- Up-to-date: /home/rhys/ws_snow/install/snow_con_rt/share/ament_index/resource_index/parent_prefix_path/snow_con_rt
[9.972s] -- Up-to-date: /home/rhys/ws_snow/install/snow_con_rt/share/snow_con_rt/environment/ament_prefix_path.sh
[9.972s] -- Up-to-date: /home/rhys/ws_snow/install/snow_con_rt/share/snow_con_rt/environment/ament_prefix_path.dsv
[9.972s] -- Up-to-date: /home/rhys/ws_snow/install/snow_con_rt/share/snow_con_rt/environment/path.sh
[9.972s] -- Up-to-date: /home/rhys/ws_snow/install/snow_con_rt/share/snow_con_rt/environment/path.dsv
[9.972s] -- Up-to-date: /home/rhys/ws_snow/install/snow_con_rt/share/snow_con_rt/local_setup.bash
[9.972s] -- Up-to-date: /home/rhys/ws_snow/install/snow_con_rt/share/snow_con_rt/local_setup.sh
[9.972s] -- Up-to-date: /home/rhys/ws_snow/install/snow_con_rt/share/snow_con_rt/local_setup.zsh
[9.972s] -- Up-to-date: /home/rhys/ws_snow/install/snow_con_rt/share/snow_con_rt/local_setup.dsv
[9.972s] -- Installing: /home/rhys/ws_snow/install/snow_con_rt/share/snow_con_rt/package.dsv
[9.972s] -- Up-to-date: /home/rhys/ws_snow/install/snow_con_rt/share/ament_index/resource_index/packages/snow_con_rt
[9.973s] -- Up-to-date: /home/rhys/ws_snow/install/snow_con_rt/share/snow_con_rt/cmake/snow_con_rtConfig.cmake
[9.973s] -- Up-to-date: /home/rhys/ws_snow/install/snow_con_rt/share/snow_con_rt/cmake/snow_con_rtConfig-version.cmake
[9.973s] -- Up-to-date: /home/rhys/ws_snow/install/snow_con_rt/share/snow_con_rt/package.xml
[9.976s] Invoked command in '/home/rhys/ws_snow/build/snow_con_rt' returned '0': CMAKE_PREFIX_PATH=${CMAKE_PREFIX_PATH}:/opt/ros/humble /usr/bin/cmake --install /home/rhys/ws_snow/build/snow_con_rt
