[0.358s] DEBUG:colcon:Command line arguments: ['/usr/bin/colcon', 'build']
[0.358s] DEBUG:colcon:Parsed command line arguments: Namespace(log_base=None, log_level=None, verb_name='build', build_base='build', install_base='install', merge_install=False, symlink_install=False, test_result_base=None, continue_on_error=False, executor='parallel', parallel_workers=12, event_handlers=None, ignore_user_meta=False, metas=['./colcon.meta'], base_paths=['.'], packages_ignore=None, packages_ignore_regex=None, paths=None, packages_up_to=None, packages_up_to_regex=None, packages_above=None, packages_above_and_dependencies=None, packages_above_depth=None, packages_select_by_dep=None, packages_skip_by_dep=None, packages_skip_up_to=None, packages_select_build_failed=False, packages_skip_build_finished=False, packages_select_test_failures=False, packages_skip_test_passed=False, packages_select=None, packages_skip=None, packages_select_regex=None, packages_skip_regex=None, packages_start=None, packages_end=None, allow_overriding=[], cmake_args=None, cmake_target=None, cmake_target_skip_unavailable=False, cmake_clean_cache=False, cmake_clean_first=False, cmake_force_configure=False, ament_cmake_args=None, catkin_cmake_args=None, catkin_skip_building_tests=False, verb_parser=<colcon_defaults.argument_parser.defaults.DefaultArgumentsDecorator object at 0x7f38fd6d65f0>, verb_extension=<colcon_core.verb.build.BuildVerb object at 0x7f38fde8bfd0>, main=<bound method BuildVerb.main of <colcon_core.verb.build.BuildVerb object at 0x7f38fde8bfd0>>)
[0.396s] Level 1:colcon.colcon_core.package_discovery:discover_packages(colcon_meta) check parameters
[0.396s] Level 1:colcon.colcon_core.package_discovery:discover_packages(recursive) check parameters
[0.396s] Level 1:colcon.colcon_core.package_discovery:discover_packages(ignore) check parameters
[0.396s] Level 1:colcon.colcon_core.package_discovery:discover_packages(path) check parameters
[0.396s] Level 1:colcon.colcon_core.package_discovery:discover_packages(colcon_meta) discover
[0.397s] Level 1:colcon.colcon_core.package_discovery:discover_packages(recursive) discover
[0.397s] INFO:colcon.colcon_core.package_discovery:Crawling recursively for packages in '/home/rhys/ws_snow'
[0.397s] Level 1:colcon.colcon_core.package_identification:_identify(.) by extensions ['ignore', 'ignore_ament_install']
[0.397s] Level 1:colcon.colcon_core.package_identification:_identify(.) by extension 'ignore'
[0.397s] Level 1:colcon.colcon_core.package_identification:_identify(.) by extension 'ignore_ament_install'
[0.397s] Level 1:colcon.colcon_core.package_identification:_identify(.) by extensions ['colcon_pkg']
[0.397s] Level 1:colcon.colcon_core.package_identification:_identify(.) by extension 'colcon_pkg'
[0.397s] Level 1:colcon.colcon_core.package_identification:_identify(.) by extensions ['colcon_meta']
[0.397s] Level 1:colcon.colcon_core.package_identification:_identify(.) by extension 'colcon_meta'
[0.397s] Level 1:colcon.colcon_core.package_identification:_identify(.) by extensions ['ros']
[0.397s] Level 1:colcon.colcon_core.package_identification:_identify(.) by extension 'ros'
[0.407s] Level 1:colcon.colcon_core.package_identification:_identify(.) by extensions ['cmake', 'python']
[0.407s] Level 1:colcon.colcon_core.package_identification:_identify(.) by extension 'cmake'
[0.408s] Level 1:colcon.colcon_core.package_identification:_identify(.) by extension 'python'
[0.408s] Level 1:colcon.colcon_core.package_identification:_identify(.) by extensions ['python_setup_py']
[0.408s] Level 1:colcon.colcon_core.package_identification:_identify(.) by extension 'python_setup_py'
[0.408s] Level 1:colcon.colcon_core.package_identification:_identify(Data_1) by extensions ['ignore', 'ignore_ament_install']
[0.408s] Level 1:colcon.colcon_core.package_identification:_identify(Data_1) by extension 'ignore'
[0.408s] Level 1:colcon.colcon_core.package_identification:_identify(Data_1) by extension 'ignore_ament_install'
[0.408s] Level 1:colcon.colcon_core.package_identification:_identify(Data_1) by extensions ['colcon_pkg']
[0.408s] Level 1:colcon.colcon_core.package_identification:_identify(Data_1) by extension 'colcon_pkg'
[0.408s] Level 1:colcon.colcon_core.package_identification:_identify(Data_1) by extensions ['colcon_meta']
[0.408s] Level 1:colcon.colcon_core.package_identification:_identify(Data_1) by extension 'colcon_meta'
[0.408s] Level 1:colcon.colcon_core.package_identification:_identify(Data_1) by extensions ['ros']
[0.408s] Level 1:colcon.colcon_core.package_identification:_identify(Data_1) by extension 'ros'
[0.408s] Level 1:colcon.colcon_core.package_identification:_identify(Data_1) by extensions ['cmake', 'python']
[0.408s] Level 1:colcon.colcon_core.package_identification:_identify(Data_1) by extension 'cmake'
[0.408s] Level 1:colcon.colcon_core.package_identification:_identify(Data_1) by extension 'python'
[0.408s] Level 1:colcon.colcon_core.package_identification:_identify(Data_1) by extensions ['python_setup_py']
[0.408s] Level 1:colcon.colcon_core.package_identification:_identify(Data_1) by extension 'python_setup_py'
[0.408s] Level 1:colcon.colcon_core.package_identification:_identify(Data_1/Data_STEP1-orig) by extensions ['ignore', 'ignore_ament_install']
[0.408s] Level 1:colcon.colcon_core.package_identification:_identify(Data_1/Data_STEP1-orig) by extension 'ignore'
[0.408s] Level 1:colcon.colcon_core.package_identification:_identify(Data_1/Data_STEP1-orig) by extension 'ignore_ament_install'
[0.408s] Level 1:colcon.colcon_core.package_identification:_identify(Data_1/Data_STEP1-orig) by extensions ['colcon_pkg']
[0.408s] Level 1:colcon.colcon_core.package_identification:_identify(Data_1/Data_STEP1-orig) by extension 'colcon_pkg'
[0.408s] Level 1:colcon.colcon_core.package_identification:_identify(Data_1/Data_STEP1-orig) by extensions ['colcon_meta']
[0.408s] Level 1:colcon.colcon_core.package_identification:_identify(Data_1/Data_STEP1-orig) by extension 'colcon_meta'
[0.408s] Level 1:colcon.colcon_core.package_identification:_identify(Data_1/Data_STEP1-orig) by extensions ['ros']
[0.409s] Level 1:colcon.colcon_core.package_identification:_identify(Data_1/Data_STEP1-orig) by extension 'ros'
[0.409s] Level 1:colcon.colcon_core.package_identification:_identify(Data_1/Data_STEP1-orig) by extensions ['cmake', 'python']
[0.409s] Level 1:colcon.colcon_core.package_identification:_identify(Data_1/Data_STEP1-orig) by extension 'cmake'
[0.409s] Level 1:colcon.colcon_core.package_identification:_identify(Data_1/Data_STEP1-orig) by extension 'python'
[0.409s] Level 1:colcon.colcon_core.package_identification:_identify(Data_1/Data_STEP1-orig) by extensions ['python_setup_py']
[0.409s] Level 1:colcon.colcon_core.package_identification:_identify(Data_1/Data_STEP1-orig) by extension 'python_setup_py'
[0.409s] Level 1:colcon.colcon_core.package_identification:_identify(Data_1/Data_STEP1-torque) by extensions ['ignore', 'ignore_ament_install']
[0.409s] Level 1:colcon.colcon_core.package_identification:_identify(Data_1/Data_STEP1-torque) by extension 'ignore'
[0.409s] Level 1:colcon.colcon_core.package_identification:_identify(Data_1/Data_STEP1-torque) by extension 'ignore_ament_install'
[0.409s] Level 1:colcon.colcon_core.package_identification:_identify(Data_1/Data_STEP1-torque) by extensions ['colcon_pkg']
[0.409s] Level 1:colcon.colcon_core.package_identification:_identify(Data_1/Data_STEP1-torque) by extension 'colcon_pkg'
[0.409s] Level 1:colcon.colcon_core.package_identification:_identify(Data_1/Data_STEP1-torque) by extensions ['colcon_meta']
[0.409s] Level 1:colcon.colcon_core.package_identification:_identify(Data_1/Data_STEP1-torque) by extension 'colcon_meta'
[0.409s] Level 1:colcon.colcon_core.package_identification:_identify(Data_1/Data_STEP1-torque) by extensions ['ros']
[0.409s] Level 1:colcon.colcon_core.package_identification:_identify(Data_1/Data_STEP1-torque) by extension 'ros'
[0.409s] Level 1:colcon.colcon_core.package_identification:_identify(Data_1/Data_STEP1-torque) by extensions ['cmake', 'python']
[0.409s] Level 1:colcon.colcon_core.package_identification:_identify(Data_1/Data_STEP1-torque) by extension 'cmake'
[0.409s] Level 1:colcon.colcon_core.package_identification:_identify(Data_1/Data_STEP1-torque) by extension 'python'
[0.409s] Level 1:colcon.colcon_core.package_identification:_identify(Data_1/Data_STEP1-torque) by extensions ['python_setup_py']
[0.409s] Level 1:colcon.colcon_core.package_identification:_identify(Data_1/Data_STEP1-torque) by extension 'python_setup_py'
[0.409s] Level 1:colcon.colcon_core.package_identification:_identify(Data_1/Data_STEP2-orig) by extensions ['ignore', 'ignore_ament_install']
[0.409s] Level 1:colcon.colcon_core.package_identification:_identify(Data_1/Data_STEP2-orig) by extension 'ignore'
[0.409s] Level 1:colcon.colcon_core.package_identification:_identify(Data_1/Data_STEP2-orig) by extension 'ignore_ament_install'
[0.409s] Level 1:colcon.colcon_core.package_identification:_identify(Data_1/Data_STEP2-orig) by extensions ['colcon_pkg']
[0.409s] Level 1:colcon.colcon_core.package_identification:_identify(Data_1/Data_STEP2-orig) by extension 'colcon_pkg'
[0.409s] Level 1:colcon.colcon_core.package_identification:_identify(Data_1/Data_STEP2-orig) by extensions ['colcon_meta']
[0.409s] Level 1:colcon.colcon_core.package_identification:_identify(Data_1/Data_STEP2-orig) by extension 'colcon_meta'
[0.410s] Level 1:colcon.colcon_core.package_identification:_identify(Data_1/Data_STEP2-orig) by extensions ['ros']
[0.410s] Level 1:colcon.colcon_core.package_identification:_identify(Data_1/Data_STEP2-orig) by extension 'ros'
[0.410s] Level 1:colcon.colcon_core.package_identification:_identify(Data_1/Data_STEP2-orig) by extensions ['cmake', 'python']
[0.410s] Level 1:colcon.colcon_core.package_identification:_identify(Data_1/Data_STEP2-orig) by extension 'cmake'
[0.410s] Level 1:colcon.colcon_core.package_identification:_identify(Data_1/Data_STEP2-orig) by extension 'python'
[0.410s] Level 1:colcon.colcon_core.package_identification:_identify(Data_1/Data_STEP2-orig) by extensions ['python_setup_py']
[0.410s] Level 1:colcon.colcon_core.package_identification:_identify(Data_1/Data_STEP2-orig) by extension 'python_setup_py'
[0.410s] Level 1:colcon.colcon_core.package_identification:_identify(Data_1/Data_STEP2-torq) by extensions ['ignore', 'ignore_ament_install']
[0.410s] Level 1:colcon.colcon_core.package_identification:_identify(Data_1/Data_STEP2-torq) by extension 'ignore'
[0.410s] Level 1:colcon.colcon_core.package_identification:_identify(Data_1/Data_STEP2-torq) by extension 'ignore_ament_install'
[0.410s] Level 1:colcon.colcon_core.package_identification:_identify(Data_1/Data_STEP2-torq) by extensions ['colcon_pkg']
[0.410s] Level 1:colcon.colcon_core.package_identification:_identify(Data_1/Data_STEP2-torq) by extension 'colcon_pkg'
[0.410s] Level 1:colcon.colcon_core.package_identification:_identify(Data_1/Data_STEP2-torq) by extensions ['colcon_meta']
[0.410s] Level 1:colcon.colcon_core.package_identification:_identify(Data_1/Data_STEP2-torq) by extension 'colcon_meta'
[0.410s] Level 1:colcon.colcon_core.package_identification:_identify(Data_1/Data_STEP2-torq) by extensions ['ros']
[0.410s] Level 1:colcon.colcon_core.package_identification:_identify(Data_1/Data_STEP2-torq) by extension 'ros'
[0.410s] Level 1:colcon.colcon_core.package_identification:_identify(Data_1/Data_STEP2-torq) by extensions ['cmake', 'python']
[0.410s] Level 1:colcon.colcon_core.package_identification:_identify(Data_1/Data_STEP2-torq) by extension 'cmake'
[0.410s] Level 1:colcon.colcon_core.package_identification:_identify(Data_1/Data_STEP2-torq) by extension 'python'
[0.410s] Level 1:colcon.colcon_core.package_identification:_identify(Data_1/Data_STEP2-torq) by extensions ['python_setup_py']
[0.410s] Level 1:colcon.colcon_core.package_identification:_identify(Data_1/Data_STEP2-torq) by extension 'python_setup_py'
[0.410s] Level 1:colcon.colcon_core.package_identification:_identify(build) by extensions ['ignore', 'ignore_ament_install']
[0.410s] Level 1:colcon.colcon_core.package_identification:_identify(build) by extension 'ignore'
[0.410s] Level 1:colcon.colcon_core.package_identification:_identify(build) ignored
[0.410s] Level 1:colcon.colcon_core.package_identification:_identify(install) by extensions ['ignore', 'ignore_ament_install']
[0.411s] Level 1:colcon.colcon_core.package_identification:_identify(install) by extension 'ignore'
[0.411s] Level 1:colcon.colcon_core.package_identification:_identify(install) ignored
[0.411s] Level 1:colcon.colcon_core.package_identification:_identify(log) by extensions ['ignore', 'ignore_ament_install']
[0.411s] Level 1:colcon.colcon_core.package_identification:_identify(log) by extension 'ignore'
[0.411s] Level 1:colcon.colcon_core.package_identification:_identify(log) ignored
[0.411s] Level 1:colcon.colcon_core.package_identification:_identify(src) by extensions ['ignore', 'ignore_ament_install']
[0.411s] Level 1:colcon.colcon_core.package_identification:_identify(src) by extension 'ignore'
[0.411s] Level 1:colcon.colcon_core.package_identification:_identify(src) by extension 'ignore_ament_install'
[0.411s] Level 1:colcon.colcon_core.package_identification:_identify(src) by extensions ['colcon_pkg']
[0.411s] Level 1:colcon.colcon_core.package_identification:_identify(src) by extension 'colcon_pkg'
[0.411s] Level 1:colcon.colcon_core.package_identification:_identify(src) by extensions ['colcon_meta']
[0.411s] Level 1:colcon.colcon_core.package_identification:_identify(src) by extension 'colcon_meta'
[0.411s] Level 1:colcon.colcon_core.package_identification:_identify(src) by extensions ['ros']
[0.411s] Level 1:colcon.colcon_core.package_identification:_identify(src) by extension 'ros'
[0.411s] Level 1:colcon.colcon_core.package_identification:_identify(src) by extensions ['cmake', 'python']
[0.411s] Level 1:colcon.colcon_core.package_identification:_identify(src) by extension 'cmake'
[0.411s] Level 1:colcon.colcon_core.package_identification:_identify(src) by extension 'python'
[0.411s] Level 1:colcon.colcon_core.package_identification:_identify(src) by extensions ['python_setup_py']
[0.411s] Level 1:colcon.colcon_core.package_identification:_identify(src) by extension 'python_setup_py'
[0.411s] Level 1:colcon.colcon_core.package_identification:_identify(src/hard_con) by extensions ['ignore', 'ignore_ament_install']
[0.411s] Level 1:colcon.colcon_core.package_identification:_identify(src/hard_con) by extension 'ignore'
[0.411s] Level 1:colcon.colcon_core.package_identification:_identify(src/hard_con) by extension 'ignore_ament_install'
[0.412s] Level 1:colcon.colcon_core.package_identification:_identify(src/hard_con) by extensions ['colcon_pkg']
[0.412s] Level 1:colcon.colcon_core.package_identification:_identify(src/hard_con) by extension 'colcon_pkg'
[0.412s] Level 1:colcon.colcon_core.package_identification:_identify(src/hard_con) by extensions ['colcon_meta']
[0.412s] Level 1:colcon.colcon_core.package_identification:_identify(src/hard_con) by extension 'colcon_meta'
[0.412s] Level 1:colcon.colcon_core.package_identification:_identify(src/hard_con) by extensions ['ros']
[0.412s] Level 1:colcon.colcon_core.package_identification:_identify(src/hard_con) by extension 'ros'
[0.414s] DEBUG:colcon.colcon_core.package_identification:Package 'src/hard_con' with type 'ros.ament_cmake' and name 'hard_con'
[0.414s] Level 1:colcon.colcon_core.package_identification:_identify(src/snow_con) by extensions ['ignore', 'ignore_ament_install']
[0.415s] Level 1:colcon.colcon_core.package_identification:_identify(src/snow_con) by extension 'ignore'
[0.415s] Level 1:colcon.colcon_core.package_identification:_identify(src/snow_con) by extension 'ignore_ament_install'
[0.415s] Level 1:colcon.colcon_core.package_identification:_identify(src/snow_con) by extensions ['colcon_pkg']
[0.415s] Level 1:colcon.colcon_core.package_identification:_identify(src/snow_con) by extension 'colcon_pkg'
[0.415s] Level 1:colcon.colcon_core.package_identification:_identify(src/snow_con) by extensions ['colcon_meta']
[0.415s] Level 1:colcon.colcon_core.package_identification:_identify(src/snow_con) by extension 'colcon_meta'
[0.415s] Level 1:colcon.colcon_core.package_identification:_identify(src/snow_con) by extensions ['ros']
[0.415s] Level 1:colcon.colcon_core.package_identification:_identify(src/snow_con) by extension 'ros'
[0.415s] DEBUG:colcon.colcon_core.package_identification:Package 'src/snow_con' with type 'ros.ament_cmake' and name 'snow_con'
[0.416s] Level 1:colcon.colcon_core.package_identification:_identify(src/snow_con_rt) by extensions ['ignore', 'ignore_ament_install']
[0.416s] Level 1:colcon.colcon_core.package_identification:_identify(src/snow_con_rt) by extension 'ignore'
[0.416s] Level 1:colcon.colcon_core.package_identification:_identify(src/snow_con_rt) by extension 'ignore_ament_install'
[0.416s] Level 1:colcon.colcon_core.package_identification:_identify(src/snow_con_rt) by extensions ['colcon_pkg']
[0.416s] Level 1:colcon.colcon_core.package_identification:_identify(src/snow_con_rt) by extension 'colcon_pkg'
[0.416s] Level 1:colcon.colcon_core.package_identification:_identify(src/snow_con_rt) by extensions ['colcon_meta']
[0.416s] Level 1:colcon.colcon_core.package_identification:_identify(src/snow_con_rt) by extension 'colcon_meta'
[0.416s] Level 1:colcon.colcon_core.package_identification:_identify(src/snow_con_rt) by extensions ['ros']
[0.416s] Level 1:colcon.colcon_core.package_identification:_identify(src/snow_con_rt) by extension 'ros'
[0.417s] DEBUG:colcon.colcon_core.package_identification:Package 'src/snow_con_rt' with type 'ros.ament_cmake' and name 'snow_con_rt'
[0.417s] Level 1:colcon.colcon_core.package_identification:_identify(src/snow_sim) by extensions ['ignore', 'ignore_ament_install']
[0.417s] Level 1:colcon.colcon_core.package_identification:_identify(src/snow_sim) by extension 'ignore'
[0.417s] Level 1:colcon.colcon_core.package_identification:_identify(src/snow_sim) by extension 'ignore_ament_install'
[0.417s] Level 1:colcon.colcon_core.package_identification:_identify(src/snow_sim) by extensions ['colcon_pkg']
[0.417s] Level 1:colcon.colcon_core.package_identification:_identify(src/snow_sim) by extension 'colcon_pkg'
[0.417s] Level 1:colcon.colcon_core.package_identification:_identify(src/snow_sim) by extensions ['colcon_meta']
[0.417s] Level 1:colcon.colcon_core.package_identification:_identify(src/snow_sim) by extension 'colcon_meta'
[0.417s] Level 1:colcon.colcon_core.package_identification:_identify(src/snow_sim) by extensions ['ros']
[0.417s] Level 1:colcon.colcon_core.package_identification:_identify(src/snow_sim) by extension 'ros'
[0.418s] DEBUG:colcon.colcon_core.package_identification:Package 'src/snow_sim' with type 'ros.ament_cmake' and name 'snow_sim'
[0.418s] Level 1:colcon.colcon_core.package_identification:_identify(src/urdf_tutorial) by extensions ['ignore', 'ignore_ament_install']
[0.418s] Level 1:colcon.colcon_core.package_identification:_identify(src/urdf_tutorial) by extension 'ignore'
[0.418s] Level 1:colcon.colcon_core.package_identification:_identify(src/urdf_tutorial) by extension 'ignore_ament_install'
[0.418s] Level 1:colcon.colcon_core.package_identification:_identify(src/urdf_tutorial) by extensions ['colcon_pkg']
[0.418s] Level 1:colcon.colcon_core.package_identification:_identify(src/urdf_tutorial) by extension 'colcon_pkg'
[0.418s] Level 1:colcon.colcon_core.package_identification:_identify(src/urdf_tutorial) by extensions ['colcon_meta']
[0.418s] Level 1:colcon.colcon_core.package_identification:_identify(src/urdf_tutorial) by extension 'colcon_meta'
[0.418s] Level 1:colcon.colcon_core.package_identification:_identify(src/urdf_tutorial) by extensions ['ros']
[0.418s] Level 1:colcon.colcon_core.package_identification:_identify(src/urdf_tutorial) by extension 'ros'
[0.418s] DEBUG:colcon.colcon_core.package_identification:Package 'src/urdf_tutorial' with type 'ros.ament_cmake' and name 'urdf_tutorial'
[0.418s] Level 1:colcon.colcon_core.package_discovery:discover_packages(recursive) using defaults
[0.419s] Level 1:colcon.colcon_core.package_discovery:discover_packages(ignore) discover
[0.419s] Level 1:colcon.colcon_core.package_discovery:discover_packages(ignore) using defaults
[0.419s] Level 1:colcon.colcon_core.package_discovery:discover_packages(path) discover
[0.419s] Level 1:colcon.colcon_core.package_discovery:discover_packages(path) using defaults
[0.442s] Level 1:colcon.colcon_core.package_discovery:discover_packages(prefix_path) check parameters
[0.442s] Level 1:colcon.colcon_core.package_discovery:discover_packages(prefix_path) discover
[0.445s] DEBUG:colcon.colcon_installed_package_information.package_discovery:Found 5 installed packages in /home/rhys/ws_snow/install
[0.447s] DEBUG:colcon.colcon_installed_package_information.package_discovery:Found 327 installed packages in /opt/ros/humble
[0.449s] Level 1:colcon.colcon_core.package_discovery:discover_packages(prefix_path) using defaults
[0.517s] Level 5:colcon.colcon_core.verb:set package 'hard_con' build argument 'cmake_args' from command line to 'None'
[0.517s] Level 5:colcon.colcon_core.verb:set package 'hard_con' build argument 'cmake_target' from command line to 'None'
[0.517s] Level 5:colcon.colcon_core.verb:set package 'hard_con' build argument 'cmake_target_skip_unavailable' from command line to 'False'
[0.517s] Level 5:colcon.colcon_core.verb:set package 'hard_con' build argument 'cmake_clean_cache' from command line to 'False'
[0.517s] Level 5:colcon.colcon_core.verb:set package 'hard_con' build argument 'cmake_clean_first' from command line to 'False'
[0.517s] Level 5:colcon.colcon_core.verb:set package 'hard_con' build argument 'cmake_force_configure' from command line to 'False'
[0.517s] Level 5:colcon.colcon_core.verb:set package 'hard_con' build argument 'ament_cmake_args' from command line to 'None'
[0.517s] Level 5:colcon.colcon_core.verb:set package 'hard_con' build argument 'catkin_cmake_args' from command line to 'None'
[0.517s] Level 5:colcon.colcon_core.verb:set package 'hard_con' build argument 'catkin_skip_building_tests' from command line to 'False'
[0.517s] DEBUG:colcon.colcon_core.verb:Building package 'hard_con' with the following arguments: {'ament_cmake_args': None, 'build_base': '/home/rhys/ws_snow/build/hard_con', 'catkin_cmake_args': None, 'catkin_skip_building_tests': False, 'cmake_args': None, 'cmake_clean_cache': False, 'cmake_clean_first': False, 'cmake_force_configure': False, 'cmake_target': None, 'cmake_target_skip_unavailable': False, 'install_base': '/home/rhys/ws_snow/install/hard_con', 'merge_install': False, 'path': '/home/rhys/ws_snow/src/hard_con', 'symlink_install': False, 'test_result_base': None}
[0.518s] Level 5:colcon.colcon_core.verb:set package 'snow_con' build argument 'cmake_args' from command line to 'None'
[0.518s] Level 5:colcon.colcon_core.verb:set package 'snow_con' build argument 'cmake_target' from command line to 'None'
[0.518s] Level 5:colcon.colcon_core.verb:set package 'snow_con' build argument 'cmake_target_skip_unavailable' from command line to 'False'
[0.518s] Level 5:colcon.colcon_core.verb:set package 'snow_con' build argument 'cmake_clean_cache' from command line to 'False'
[0.518s] Level 5:colcon.colcon_core.verb:set package 'snow_con' build argument 'cmake_clean_first' from command line to 'False'
[0.518s] Level 5:colcon.colcon_core.verb:set package 'snow_con' build argument 'cmake_force_configure' from command line to 'False'
[0.518s] Level 5:colcon.colcon_core.verb:set package 'snow_con' build argument 'ament_cmake_args' from command line to 'None'
[0.518s] Level 5:colcon.colcon_core.verb:set package 'snow_con' build argument 'catkin_cmake_args' from command line to 'None'
[0.518s] Level 5:colcon.colcon_core.verb:set package 'snow_con' build argument 'catkin_skip_building_tests' from command line to 'False'
[0.518s] DEBUG:colcon.colcon_core.verb:Building package 'snow_con' with the following arguments: {'ament_cmake_args': None, 'build_base': '/home/rhys/ws_snow/build/snow_con', 'catkin_cmake_args': None, 'catkin_skip_building_tests': False, 'cmake_args': None, 'cmake_clean_cache': False, 'cmake_clean_first': False, 'cmake_force_configure': False, 'cmake_target': None, 'cmake_target_skip_unavailable': False, 'install_base': '/home/rhys/ws_snow/install/snow_con', 'merge_install': False, 'path': '/home/rhys/ws_snow/src/snow_con', 'symlink_install': False, 'test_result_base': None}
[0.519s] Level 5:colcon.colcon_core.verb:set package 'snow_con_rt' build argument 'cmake_args' from command line to 'None'
[0.519s] Level 5:colcon.colcon_core.verb:set package 'snow_con_rt' build argument 'cmake_target' from command line to 'None'
[0.519s] Level 5:colcon.colcon_core.verb:set package 'snow_con_rt' build argument 'cmake_target_skip_unavailable' from command line to 'False'
[0.519s] Level 5:colcon.colcon_core.verb:set package 'snow_con_rt' build argument 'cmake_clean_cache' from command line to 'False'
[0.519s] Level 5:colcon.colcon_core.verb:set package 'snow_con_rt' build argument 'cmake_clean_first' from command line to 'False'
[0.519s] Level 5:colcon.colcon_core.verb:set package 'snow_con_rt' build argument 'cmake_force_configure' from command line to 'False'
[0.519s] Level 5:colcon.colcon_core.verb:set package 'snow_con_rt' build argument 'ament_cmake_args' from command line to 'None'
[0.519s] Level 5:colcon.colcon_core.verb:set package 'snow_con_rt' build argument 'catkin_cmake_args' from command line to 'None'
[0.519s] Level 5:colcon.colcon_core.verb:set package 'snow_con_rt' build argument 'catkin_skip_building_tests' from command line to 'False'
[0.519s] DEBUG:colcon.colcon_core.verb:Building package 'snow_con_rt' with the following arguments: {'ament_cmake_args': None, 'build_base': '/home/rhys/ws_snow/build/snow_con_rt', 'catkin_cmake_args': None, 'catkin_skip_building_tests': False, 'cmake_args': None, 'cmake_clean_cache': False, 'cmake_clean_first': False, 'cmake_force_configure': False, 'cmake_target': None, 'cmake_target_skip_unavailable': False, 'install_base': '/home/rhys/ws_snow/install/snow_con_rt', 'merge_install': False, 'path': '/home/rhys/ws_snow/src/snow_con_rt', 'symlink_install': False, 'test_result_base': None}
[0.520s] Level 5:colcon.colcon_core.verb:set package 'snow_sim' build argument 'cmake_args' from command line to 'None'
[0.520s] Level 5:colcon.colcon_core.verb:set package 'snow_sim' build argument 'cmake_target' from command line to 'None'
[0.520s] Level 5:colcon.colcon_core.verb:set package 'snow_sim' build argument 'cmake_target_skip_unavailable' from command line to 'False'
[0.520s] Level 5:colcon.colcon_core.verb:set package 'snow_sim' build argument 'cmake_clean_cache' from command line to 'False'
[0.520s] Level 5:colcon.colcon_core.verb:set package 'snow_sim' build argument 'cmake_clean_first' from command line to 'False'
[0.520s] Level 5:colcon.colcon_core.verb:set package 'snow_sim' build argument 'cmake_force_configure' from command line to 'False'
[0.520s] Level 5:colcon.colcon_core.verb:set package 'snow_sim' build argument 'ament_cmake_args' from command line to 'None'
[0.520s] Level 5:colcon.colcon_core.verb:set package 'snow_sim' build argument 'catkin_cmake_args' from command line to 'None'
[0.520s] Level 5:colcon.colcon_core.verb:set package 'snow_sim' build argument 'catkin_skip_building_tests' from command line to 'False'
[0.520s] DEBUG:colcon.colcon_core.verb:Building package 'snow_sim' with the following arguments: {'ament_cmake_args': None, 'build_base': '/home/rhys/ws_snow/build/snow_sim', 'catkin_cmake_args': None, 'catkin_skip_building_tests': False, 'cmake_args': None, 'cmake_clean_cache': False, 'cmake_clean_first': False, 'cmake_force_configure': False, 'cmake_target': None, 'cmake_target_skip_unavailable': False, 'install_base': '/home/rhys/ws_snow/install/snow_sim', 'merge_install': False, 'path': '/home/rhys/ws_snow/src/snow_sim', 'symlink_install': False, 'test_result_base': None}
[0.520s] Level 5:colcon.colcon_core.verb:set package 'urdf_tutorial' build argument 'cmake_args' from command line to 'None'
[0.520s] Level 5:colcon.colcon_core.verb:set package 'urdf_tutorial' build argument 'cmake_target' from command line to 'None'
[0.520s] Level 5:colcon.colcon_core.verb:set package 'urdf_tutorial' build argument 'cmake_target_skip_unavailable' from command line to 'False'
[0.521s] Level 5:colcon.colcon_core.verb:set package 'urdf_tutorial' build argument 'cmake_clean_cache' from command line to 'False'
[0.521s] Level 5:colcon.colcon_core.verb:set package 'urdf_tutorial' build argument 'cmake_clean_first' from command line to 'False'
[0.521s] Level 5:colcon.colcon_core.verb:set package 'urdf_tutorial' build argument 'cmake_force_configure' from command line to 'False'
[0.521s] Level 5:colcon.colcon_core.verb:set package 'urdf_tutorial' build argument 'ament_cmake_args' from command line to 'None'
[0.521s] Level 5:colcon.colcon_core.verb:set package 'urdf_tutorial' build argument 'catkin_cmake_args' from command line to 'None'
[0.521s] Level 5:colcon.colcon_core.verb:set package 'urdf_tutorial' build argument 'catkin_skip_building_tests' from command line to 'False'
[0.521s] DEBUG:colcon.colcon_core.verb:Building package 'urdf_tutorial' with the following arguments: {'ament_cmake_args': None, 'build_base': '/home/rhys/ws_snow/build/urdf_tutorial', 'catkin_cmake_args': None, 'catkin_skip_building_tests': False, 'cmake_args': None, 'cmake_clean_cache': False, 'cmake_clean_first': False, 'cmake_force_configure': False, 'cmake_target': None, 'cmake_target_skip_unavailable': False, 'install_base': '/home/rhys/ws_snow/install/urdf_tutorial', 'merge_install': False, 'path': '/home/rhys/ws_snow/src/urdf_tutorial', 'symlink_install': False, 'test_result_base': None}
[0.521s] INFO:colcon.colcon_core.executor:Executing jobs using 'parallel' executor
[0.524s] DEBUG:colcon.colcon_parallel_executor.executor.parallel:run_until_complete
[0.524s] INFO:colcon.colcon_ros.task.ament_cmake.build:Building ROS package in '/home/rhys/ws_snow/src/hard_con' with build type 'ament_cmake'
[0.524s] INFO:colcon.colcon_cmake.task.cmake.build:Building CMake package in '/home/rhys/ws_snow/src/hard_con'
[0.530s] INFO:colcon.colcon_core.plugin_system:Skipping extension 'colcon_core.shell.bat': Not used on non-Windows systems
[0.530s] INFO:colcon.colcon_core.shell:Skip shell extension 'powershell' for command environment: Not usable outside of PowerShell
[0.530s] DEBUG:colcon.colcon_core.shell:Skip shell extension 'dsv' for command environment
[0.534s] INFO:colcon.colcon_ros.task.ament_cmake.build:Building ROS package in '/home/rhys/ws_snow/src/snow_con' with build type 'ament_cmake'
[0.534s] INFO:colcon.colcon_cmake.task.cmake.build:Building CMake package in '/home/rhys/ws_snow/src/snow_con'
[0.535s] INFO:colcon.colcon_core.shell:Skip shell extension 'powershell' for command environment: Not usable outside of PowerShell
[0.535s] DEBUG:colcon.colcon_core.shell:Skip shell extension 'dsv' for command environment
[0.539s] INFO:colcon.colcon_ros.task.ament_cmake.build:Building ROS package in '/home/rhys/ws_snow/src/snow_con_rt' with build type 'ament_cmake'
[0.539s] INFO:colcon.colcon_cmake.task.cmake.build:Building CMake package in '/home/rhys/ws_snow/src/snow_con_rt'
[0.540s] INFO:colcon.colcon_core.shell:Skip shell extension 'powershell' for command environment: Not usable outside of PowerShell
[0.540s] DEBUG:colcon.colcon_core.shell:Skip shell extension 'dsv' for command environment
[0.545s] INFO:colcon.colcon_ros.task.ament_cmake.build:Building ROS package in '/home/rhys/ws_snow/src/snow_sim' with build type 'ament_cmake'
[0.545s] INFO:colcon.colcon_cmake.task.cmake.build:Building CMake package in '/home/rhys/ws_snow/src/snow_sim'
[0.546s] INFO:colcon.colcon_core.shell:Skip shell extension 'powershell' for command environment: Not usable outside of PowerShell
[0.546s] DEBUG:colcon.colcon_core.shell:Skip shell extension 'dsv' for command environment
[0.550s] INFO:colcon.colcon_ros.task.ament_cmake.build:Building ROS package in '/home/rhys/ws_snow/src/urdf_tutorial' with build type 'ament_cmake'
[0.550s] INFO:colcon.colcon_cmake.task.cmake.build:Building CMake package in '/home/rhys/ws_snow/src/urdf_tutorial'
[0.551s] INFO:colcon.colcon_core.shell:Skip shell extension 'powershell' for command environment: Not usable outside of PowerShell
[0.551s] DEBUG:colcon.colcon_core.shell:Skip shell extension 'dsv' for command environment
[0.564s] DEBUG:colcon.colcon_core.event_handler.log_command:Invoking command in '/home/rhys/ws_snow/build/hard_con': CMAKE_PREFIX_PATH=${CMAKE_PREFIX_PATH}:/opt/ros/humble /usr/bin/cmake --build /home/rhys/ws_snow/build/hard_con -- -j12 -l12
[0.568s] DEBUG:colcon.colcon_core.event_handler.log_command:Invoking command in '/home/rhys/ws_snow/build/snow_con': CMAKE_PREFIX_PATH=${CMAKE_PREFIX_PATH}:/opt/ros/humble /usr/bin/cmake --build /home/rhys/ws_snow/build/snow_con -- -j12 -l12
[0.572s] DEBUG:colcon.colcon_core.event_handler.log_command:Invoking command in '/home/rhys/ws_snow/build/snow_con_rt': CMAKE_PREFIX_PATH=${CMAKE_PREFIX_PATH}:/opt/ros/humble /usr/bin/cmake --build /home/rhys/ws_snow/build/snow_con_rt -- -j12 -l12
[0.577s] DEBUG:colcon.colcon_core.event_handler.log_command:Invoking command in '/home/rhys/ws_snow/build/snow_sim': CMAKE_PREFIX_PATH=${CMAKE_PREFIX_PATH}:/opt/ros/humble /usr/bin/cmake --build /home/rhys/ws_snow/build/snow_sim -- -j12 -l12
[0.583s] DEBUG:colcon.colcon_core.event_handler.log_command:Invoking command in '/home/rhys/ws_snow/build/urdf_tutorial': CMAKE_PREFIX_PATH=${CMAKE_PREFIX_PATH}:/opt/ros/humble /usr/bin/cmake --build /home/rhys/ws_snow/build/urdf_tutorial -- -j12 -l12
[0.614s] DEBUG:colcon.colcon_core.event_handler.log_command:Invoked command in '/home/rhys/ws_snow/build/urdf_tutorial' returned '0': CMAKE_PREFIX_PATH=${CMAKE_PREFIX_PATH}:/opt/ros/humble /usr/bin/cmake --build /home/rhys/ws_snow/build/urdf_tutorial -- -j12 -l12
[0.624s] DEBUG:colcon.colcon_core.event_handler.log_command:Invoked command in '/home/rhys/ws_snow/build/hard_con' returned '0': CMAKE_PREFIX_PATH=${CMAKE_PREFIX_PATH}:/opt/ros/humble /usr/bin/cmake --build /home/rhys/ws_snow/build/hard_con -- -j12 -l12
[0.640s] DEBUG:colcon.colcon_core.event_handler.log_command:Invoking command in '/home/rhys/ws_snow/build/urdf_tutorial': CMAKE_PREFIX_PATH=${CMAKE_PREFIX_PATH}:/opt/ros/humble /usr/bin/cmake --install /home/rhys/ws_snow/build/urdf_tutorial
[0.642s] DEBUG:colcon.colcon_core.event_handler.log_command:Invoked command in '/home/rhys/ws_snow/build/snow_con' returned '0': CMAKE_PREFIX_PATH=${CMAKE_PREFIX_PATH}:/opt/ros/humble /usr/bin/cmake --build /home/rhys/ws_snow/build/snow_con -- -j12 -l12
[0.643s] DEBUG:colcon.colcon_core.event_handler.log_command:Invoked command in '/home/rhys/ws_snow/build/snow_sim' returned '0': CMAKE_PREFIX_PATH=${CMAKE_PREFIX_PATH}:/opt/ros/humble /usr/bin/cmake --build /home/rhys/ws_snow/build/snow_sim -- -j12 -l12
[0.651s] DEBUG:colcon.colcon_core.event_handler.log_command:Invoking command in '/home/rhys/ws_snow/build/hard_con': CMAKE_PREFIX_PATH=${CMAKE_PREFIX_PATH}:/opt/ros/humble /usr/bin/cmake --install /home/rhys/ws_snow/build/hard_con
[0.658s] Level 1:colcon.colcon_core.environment:create_environment_scripts_only(urdf_tutorial)
[0.668s] DEBUG:colcon.colcon_core.event_handler.log_command:Invoked command in '/home/rhys/ws_snow/build/urdf_tutorial' returned '0': CMAKE_PREFIX_PATH=${CMAKE_PREFIX_PATH}:/opt/ros/humble /usr/bin/cmake --install /home/rhys/ws_snow/build/urdf_tutorial
[0.672s] Level 1:colcon.colcon_core.environment:checking '/home/rhys/ws_snow/install/urdf_tutorial' for CMake module files
[0.673s] Level 1:colcon.colcon_core.environment:checking '/home/rhys/ws_snow/install/urdf_tutorial' for CMake config files
[0.673s] Level 1:colcon.colcon_core.shell:create_environment_hook('urdf_tutorial', 'cmake_prefix_path')
[0.674s] INFO:colcon.colcon_core.shell:Creating environment hook '/home/rhys/ws_snow/install/urdf_tutorial/share/urdf_tutorial/hook/cmake_prefix_path.ps1'
[0.675s] INFO:colcon.colcon_core.shell:Creating environment descriptor '/home/rhys/ws_snow/install/urdf_tutorial/share/urdf_tutorial/hook/cmake_prefix_path.dsv'
[0.675s] INFO:colcon.colcon_core.shell:Creating environment hook '/home/rhys/ws_snow/install/urdf_tutorial/share/urdf_tutorial/hook/cmake_prefix_path.sh'
[0.676s] Level 1:colcon.colcon_core.environment:checking '/home/rhys/ws_snow/install/urdf_tutorial/bin'
[0.676s] Level 1:colcon.colcon_core.environment:checking '/home/rhys/ws_snow/install/urdf_tutorial/lib/pkgconfig/urdf_tutorial.pc'
[0.676s] Level 1:colcon.colcon_core.environment:checking '/home/rhys/ws_snow/install/urdf_tutorial/lib/python3.10/site-packages'
[0.677s] Level 1:colcon.colcon_core.environment:checking '/home/rhys/ws_snow/install/urdf_tutorial/bin'
[0.678s] INFO:colcon.colcon_core.shell:Creating package script '/home/rhys/ws_snow/install/urdf_tutorial/share/urdf_tutorial/package.ps1'
[0.679s] INFO:colcon.colcon_core.shell:Creating package descriptor '/home/rhys/ws_snow/install/urdf_tutorial/share/urdf_tutorial/package.dsv'
[0.679s] INFO:colcon.colcon_core.shell:Creating package script '/home/rhys/ws_snow/install/urdf_tutorial/share/urdf_tutorial/package.sh'
[0.680s] INFO:colcon.colcon_core.shell:Creating package script '/home/rhys/ws_snow/install/urdf_tutorial/share/urdf_tutorial/package.bash'
[0.681s] INFO:colcon.colcon_core.shell:Creating package script '/home/rhys/ws_snow/install/urdf_tutorial/share/urdf_tutorial/package.zsh'
[0.681s] Level 1:colcon.colcon_core.environment:create_file_with_runtime_dependencies(/home/rhys/ws_snow/install/urdf_tutorial/share/colcon-core/packages/urdf_tutorial)
[0.684s] DEBUG:colcon.colcon_core.event_handler.log_command:Invoking command in '/home/rhys/ws_snow/build/snow_con': CMAKE_PREFIX_PATH=${CMAKE_PREFIX_PATH}:/opt/ros/humble /usr/bin/cmake --install /home/rhys/ws_snow/build/snow_con
[0.686s] DEBUG:colcon.colcon_core.event_handler.log_command:Invoking command in '/home/rhys/ws_snow/build/snow_sim': CMAKE_PREFIX_PATH=${CMAKE_PREFIX_PATH}:/opt/ros/humble /usr/bin/cmake --install /home/rhys/ws_snow/build/snow_sim
[0.686s] Level 1:colcon.colcon_core.environment:create_environment_scripts_only(hard_con)
[0.688s] Level 1:colcon.colcon_core.environment:checking '/home/rhys/ws_snow/install/hard_con' for CMake module files
[0.688s] DEBUG:colcon.colcon_core.event_handler.log_command:Invoked command in '/home/rhys/ws_snow/build/hard_con' returned '0': CMAKE_PREFIX_PATH=${CMAKE_PREFIX_PATH}:/opt/ros/humble /usr/bin/cmake --install /home/rhys/ws_snow/build/hard_con
[0.689s] Level 1:colcon.colcon_core.environment:checking '/home/rhys/ws_snow/install/hard_con' for CMake config files
[0.690s] Level 1:colcon.colcon_core.shell:create_environment_hook('hard_con', 'cmake_prefix_path')
[0.691s] INFO:colcon.colcon_core.shell:Creating environment hook '/home/rhys/ws_snow/install/hard_con/share/hard_con/hook/cmake_prefix_path.ps1'
[0.691s] INFO:colcon.colcon_core.shell:Creating environment descriptor '/home/rhys/ws_snow/install/hard_con/share/hard_con/hook/cmake_prefix_path.dsv'
[0.694s] INFO:colcon.colcon_core.shell:Creating environment hook '/home/rhys/ws_snow/install/hard_con/share/hard_con/hook/cmake_prefix_path.sh'
[0.698s] Level 1:colcon.colcon_core.environment:checking '/home/rhys/ws_snow/install/hard_con/lib'
[0.700s] Level 1:colcon.colcon_core.environment:checking '/home/rhys/ws_snow/install/hard_con/bin'
[0.700s] Level 1:colcon.colcon_core.environment:checking '/home/rhys/ws_snow/install/hard_con/lib/pkgconfig/hard_con.pc'
[0.700s] Level 1:colcon.colcon_core.environment:checking '/home/rhys/ws_snow/install/hard_con/lib/python3.10/site-packages'
[0.701s] Level 1:colcon.colcon_core.environment:checking '/home/rhys/ws_snow/install/hard_con/bin'
[0.702s] INFO:colcon.colcon_core.shell:Creating package script '/home/rhys/ws_snow/install/hard_con/share/hard_con/package.ps1'
[0.705s] INFO:colcon.colcon_core.shell:Creating package descriptor '/home/rhys/ws_snow/install/hard_con/share/hard_con/package.dsv'
[0.710s] INFO:colcon.colcon_core.shell:Creating package script '/home/rhys/ws_snow/install/hard_con/share/hard_con/package.sh'
[0.710s] INFO:colcon.colcon_core.shell:Creating package script '/home/rhys/ws_snow/install/hard_con/share/hard_con/package.bash'
[0.710s] INFO:colcon.colcon_core.shell:Creating package script '/home/rhys/ws_snow/install/hard_con/share/hard_con/package.zsh'
[0.711s] Level 1:colcon.colcon_core.environment:create_file_with_runtime_dependencies(/home/rhys/ws_snow/install/hard_con/share/colcon-core/packages/hard_con)
[0.713s] Level 1:colcon.colcon_core.environment:create_environment_scripts_only(urdf_tutorial)
[0.715s] Level 1:colcon.colcon_core.environment:checking '/home/rhys/ws_snow/install/urdf_tutorial' for CMake module files
[0.715s] Level 1:colcon.colcon_core.environment:checking '/home/rhys/ws_snow/install/urdf_tutorial' for CMake config files
[0.716s] Level 1:colcon.colcon_core.shell:create_environment_hook('urdf_tutorial', 'cmake_prefix_path')
[0.717s] INFO:colcon.colcon_core.shell:Creating environment hook '/home/rhys/ws_snow/install/urdf_tutorial/share/urdf_tutorial/hook/cmake_prefix_path.ps1'
[0.717s] INFO:colcon.colcon_core.shell:Creating environment descriptor '/home/rhys/ws_snow/install/urdf_tutorial/share/urdf_tutorial/hook/cmake_prefix_path.dsv'
[0.717s] INFO:colcon.colcon_core.shell:Creating environment hook '/home/rhys/ws_snow/install/urdf_tutorial/share/urdf_tutorial/hook/cmake_prefix_path.sh'
[0.718s] Level 1:colcon.colcon_core.environment:checking '/home/rhys/ws_snow/install/urdf_tutorial/bin'
[0.718s] Level 1:colcon.colcon_core.environment:checking '/home/rhys/ws_snow/install/urdf_tutorial/lib/pkgconfig/urdf_tutorial.pc'
[0.718s] Level 1:colcon.colcon_core.environment:checking '/home/rhys/ws_snow/install/urdf_tutorial/lib/python3.10/site-packages'
[0.718s] Level 1:colcon.colcon_core.environment:checking '/home/rhys/ws_snow/install/urdf_tutorial/bin'
[0.719s] INFO:colcon.colcon_core.shell:Creating package script '/home/rhys/ws_snow/install/urdf_tutorial/share/urdf_tutorial/package.ps1'
[0.719s] INFO:colcon.colcon_core.shell:Creating package descriptor '/home/rhys/ws_snow/install/urdf_tutorial/share/urdf_tutorial/package.dsv'
[0.720s] INFO:colcon.colcon_core.shell:Creating package script '/home/rhys/ws_snow/install/urdf_tutorial/share/urdf_tutorial/package.sh'
[0.720s] INFO:colcon.colcon_core.shell:Creating package script '/home/rhys/ws_snow/install/urdf_tutorial/share/urdf_tutorial/package.bash'
[0.720s] INFO:colcon.colcon_core.shell:Creating package script '/home/rhys/ws_snow/install/urdf_tutorial/share/urdf_tutorial/package.zsh'
[0.720s] Level 1:colcon.colcon_core.environment:create_file_with_runtime_dependencies(/home/rhys/ws_snow/install/urdf_tutorial/share/colcon-core/packages/urdf_tutorial)
[0.721s] Level 1:colcon.colcon_core.environment:create_environment_scripts_only(snow_con)
[0.722s] Level 1:colcon.colcon_core.environment:checking '/home/rhys/ws_snow/install/snow_con' for CMake module files
[0.723s] DEBUG:colcon.colcon_core.event_handler.log_command:Invoked command in '/home/rhys/ws_snow/build/snow_con' returned '0': CMAKE_PREFIX_PATH=${CMAKE_PREFIX_PATH}:/opt/ros/humble /usr/bin/cmake --install /home/rhys/ws_snow/build/snow_con
[0.724s] Level 1:colcon.colcon_core.environment:checking '/home/rhys/ws_snow/install/snow_con' for CMake config files
[0.724s] Level 1:colcon.colcon_core.shell:create_environment_hook('snow_con', 'cmake_prefix_path')
[0.725s] INFO:colcon.colcon_core.shell:Creating environment hook '/home/rhys/ws_snow/install/snow_con/share/snow_con/hook/cmake_prefix_path.ps1'
[0.726s] INFO:colcon.colcon_core.shell:Creating environment descriptor '/home/rhys/ws_snow/install/snow_con/share/snow_con/hook/cmake_prefix_path.dsv'
[0.726s] INFO:colcon.colcon_core.shell:Creating environment hook '/home/rhys/ws_snow/install/snow_con/share/snow_con/hook/cmake_prefix_path.sh'
[0.726s] Level 1:colcon.colcon_core.environment:checking '/home/rhys/ws_snow/install/snow_con/lib'
[0.726s] Level 1:colcon.colcon_core.environment:checking '/home/rhys/ws_snow/install/snow_con/bin'
[0.726s] Level 1:colcon.colcon_core.environment:checking '/home/rhys/ws_snow/install/snow_con/lib/pkgconfig/snow_con.pc'
[0.726s] Level 1:colcon.colcon_core.environment:checking '/home/rhys/ws_snow/install/snow_con/lib/python3.10/site-packages'
[0.727s] Level 1:colcon.colcon_core.environment:checking '/home/rhys/ws_snow/install/snow_con/bin'
[0.728s] INFO:colcon.colcon_core.shell:Creating package script '/home/rhys/ws_snow/install/snow_con/share/snow_con/package.ps1'
[0.728s] INFO:colcon.colcon_core.shell:Creating package descriptor '/home/rhys/ws_snow/install/snow_con/share/snow_con/package.dsv'
[0.728s] INFO:colcon.colcon_core.shell:Creating package script '/home/rhys/ws_snow/install/snow_con/share/snow_con/package.sh'
[0.729s] INFO:colcon.colcon_core.shell:Creating package script '/home/rhys/ws_snow/install/snow_con/share/snow_con/package.bash'
[0.729s] INFO:colcon.colcon_core.shell:Creating package script '/home/rhys/ws_snow/install/snow_con/share/snow_con/package.zsh'
[0.729s] Level 1:colcon.colcon_core.environment:create_file_with_runtime_dependencies(/home/rhys/ws_snow/install/snow_con/share/colcon-core/packages/snow_con)
[0.730s] Level 1:colcon.colcon_core.environment:create_environment_scripts_only(snow_sim)
[0.731s] Level 1:colcon.colcon_core.environment:checking '/home/rhys/ws_snow/install/snow_sim' for CMake module files
[0.732s] DEBUG:colcon.colcon_core.event_handler.log_command:Invoked command in '/home/rhys/ws_snow/build/snow_sim' returned '0': CMAKE_PREFIX_PATH=${CMAKE_PREFIX_PATH}:/opt/ros/humble /usr/bin/cmake --install /home/rhys/ws_snow/build/snow_sim
[0.732s] Level 1:colcon.colcon_core.environment:checking '/home/rhys/ws_snow/install/snow_sim' for CMake config files
[0.732s] Level 1:colcon.colcon_core.shell:create_environment_hook('snow_sim', 'cmake_prefix_path')
[0.733s] INFO:colcon.colcon_core.shell:Creating environment hook '/home/rhys/ws_snow/install/snow_sim/share/snow_sim/hook/cmake_prefix_path.ps1'
[0.734s] INFO:colcon.colcon_core.shell:Creating environment descriptor '/home/rhys/ws_snow/install/snow_sim/share/snow_sim/hook/cmake_prefix_path.dsv'
[0.734s] INFO:colcon.colcon_core.shell:Creating environment hook '/home/rhys/ws_snow/install/snow_sim/share/snow_sim/hook/cmake_prefix_path.sh'
[0.734s] Level 1:colcon.colcon_core.environment:checking '/home/rhys/ws_snow/install/snow_sim/lib'
[0.734s] Level 1:colcon.colcon_core.environment:checking '/home/rhys/ws_snow/install/snow_sim/bin'
[0.734s] Level 1:colcon.colcon_core.environment:checking '/home/rhys/ws_snow/install/snow_sim/lib/pkgconfig/snow_sim.pc'
[0.735s] Level 1:colcon.colcon_core.environment:checking '/home/rhys/ws_snow/install/snow_sim/lib/python3.10/site-packages'
[0.735s] Level 1:colcon.colcon_core.environment:checking '/home/rhys/ws_snow/install/snow_sim/bin'
[0.736s] INFO:colcon.colcon_core.shell:Creating package script '/home/rhys/ws_snow/install/snow_sim/share/snow_sim/package.ps1'
[0.736s] INFO:colcon.colcon_core.shell:Creating package descriptor '/home/rhys/ws_snow/install/snow_sim/share/snow_sim/package.dsv'
[0.737s] INFO:colcon.colcon_core.shell:Creating package script '/home/rhys/ws_snow/install/snow_sim/share/snow_sim/package.sh'
[0.737s] INFO:colcon.colcon_core.shell:Creating package script '/home/rhys/ws_snow/install/snow_sim/share/snow_sim/package.bash'
[0.737s] INFO:colcon.colcon_core.shell:Creating package script '/home/rhys/ws_snow/install/snow_sim/share/snow_sim/package.zsh'
[0.737s] Level 1:colcon.colcon_core.environment:create_file_with_runtime_dependencies(/home/rhys/ws_snow/install/snow_sim/share/colcon-core/packages/snow_sim)
[0.740s] Level 1:colcon.colcon_core.environment:create_environment_scripts_only(hard_con)
[0.742s] Level 1:colcon.colcon_core.environment:checking '/home/rhys/ws_snow/install/hard_con' for CMake module files
[0.742s] Level 1:colcon.colcon_core.environment:checking '/home/rhys/ws_snow/install/hard_con' for CMake config files
[0.742s] Level 1:colcon.colcon_core.shell:create_environment_hook('hard_con', 'cmake_prefix_path')
[0.743s] INFO:colcon.colcon_core.shell:Creating environment hook '/home/rhys/ws_snow/install/hard_con/share/hard_con/hook/cmake_prefix_path.ps1'
[0.744s] INFO:colcon.colcon_core.shell:Creating environment descriptor '/home/rhys/ws_snow/install/hard_con/share/hard_con/hook/cmake_prefix_path.dsv'
[0.744s] INFO:colcon.colcon_core.shell:Creating environment hook '/home/rhys/ws_snow/install/hard_con/share/hard_con/hook/cmake_prefix_path.sh'
[0.745s] Level 1:colcon.colcon_core.environment:checking '/home/rhys/ws_snow/install/hard_con/lib'
[0.745s] Level 1:colcon.colcon_core.environment:checking '/home/rhys/ws_snow/install/hard_con/bin'
[0.745s] Level 1:colcon.colcon_core.environment:checking '/home/rhys/ws_snow/install/hard_con/lib/pkgconfig/hard_con.pc'
[0.745s] Level 1:colcon.colcon_core.environment:checking '/home/rhys/ws_snow/install/hard_con/lib/python3.10/site-packages'
[0.745s] Level 1:colcon.colcon_core.environment:checking '/home/rhys/ws_snow/install/hard_con/bin'
[0.746s] INFO:colcon.colcon_core.shell:Creating package script '/home/rhys/ws_snow/install/hard_con/share/hard_con/package.ps1'
[0.747s] INFO:colcon.colcon_core.shell:Creating package descriptor '/home/rhys/ws_snow/install/hard_con/share/hard_con/package.dsv'
[0.747s] INFO:colcon.colcon_core.shell:Creating package script '/home/rhys/ws_snow/install/hard_con/share/hard_con/package.sh'
[0.747s] INFO:colcon.colcon_core.shell:Creating package script '/home/rhys/ws_snow/install/hard_con/share/hard_con/package.bash'
[0.748s] INFO:colcon.colcon_core.shell:Creating package script '/home/rhys/ws_snow/install/hard_con/share/hard_con/package.zsh'
[0.748s] Level 1:colcon.colcon_core.environment:create_file_with_runtime_dependencies(/home/rhys/ws_snow/install/hard_con/share/colcon-core/packages/hard_con)
[0.750s] Level 1:colcon.colcon_core.environment:create_environment_scripts_only(snow_con)
[0.752s] Level 1:colcon.colcon_core.environment:checking '/home/rhys/ws_snow/install/snow_con' for CMake module files
[0.752s] Level 1:colcon.colcon_core.environment:checking '/home/rhys/ws_snow/install/snow_con' for CMake config files
[0.752s] Level 1:colcon.colcon_core.shell:create_environment_hook('snow_con', 'cmake_prefix_path')
[0.753s] INFO:colcon.colcon_core.shell:Creating environment hook '/home/rhys/ws_snow/install/snow_con/share/snow_con/hook/cmake_prefix_path.ps1'
[0.754s] INFO:colcon.colcon_core.shell:Creating environment descriptor '/home/rhys/ws_snow/install/snow_con/share/snow_con/hook/cmake_prefix_path.dsv'
[0.754s] INFO:colcon.colcon_core.shell:Creating environment hook '/home/rhys/ws_snow/install/snow_con/share/snow_con/hook/cmake_prefix_path.sh'
[0.754s] Level 1:colcon.colcon_core.environment:checking '/home/rhys/ws_snow/install/snow_con/lib'
[0.754s] Level 1:colcon.colcon_core.environment:checking '/home/rhys/ws_snow/install/snow_con/bin'
[0.754s] Level 1:colcon.colcon_core.environment:checking '/home/rhys/ws_snow/install/snow_con/lib/pkgconfig/snow_con.pc'
[0.755s] Level 1:colcon.colcon_core.environment:checking '/home/rhys/ws_snow/install/snow_con/lib/python3.10/site-packages'
[0.755s] Level 1:colcon.colcon_core.environment:checking '/home/rhys/ws_snow/install/snow_con/bin'
[0.756s] INFO:colcon.colcon_core.shell:Creating package script '/home/rhys/ws_snow/install/snow_con/share/snow_con/package.ps1'
[0.756s] INFO:colcon.colcon_core.shell:Creating package descriptor '/home/rhys/ws_snow/install/snow_con/share/snow_con/package.dsv'
[0.757s] INFO:colcon.colcon_core.shell:Creating package script '/home/rhys/ws_snow/install/snow_con/share/snow_con/package.sh'
[0.757s] INFO:colcon.colcon_core.shell:Creating package script '/home/rhys/ws_snow/install/snow_con/share/snow_con/package.bash'
[0.757s] INFO:colcon.colcon_core.shell:Creating package script '/home/rhys/ws_snow/install/snow_con/share/snow_con/package.zsh'
[0.757s] Level 1:colcon.colcon_core.environment:create_file_with_runtime_dependencies(/home/rhys/ws_snow/install/snow_con/share/colcon-core/packages/snow_con)
[0.759s] Level 1:colcon.colcon_core.environment:create_environment_scripts_only(snow_sim)
[0.761s] Level 1:colcon.colcon_core.environment:checking '/home/rhys/ws_snow/install/snow_sim' for CMake module files
[0.761s] Level 1:colcon.colcon_core.environment:checking '/home/rhys/ws_snow/install/snow_sim' for CMake config files
[0.761s] Level 1:colcon.colcon_core.shell:create_environment_hook('snow_sim', 'cmake_prefix_path')
[0.762s] INFO:colcon.colcon_core.shell:Creating environment hook '/home/rhys/ws_snow/install/snow_sim/share/snow_sim/hook/cmake_prefix_path.ps1'
[0.763s] INFO:colcon.colcon_core.shell:Creating environment descriptor '/home/rhys/ws_snow/install/snow_sim/share/snow_sim/hook/cmake_prefix_path.dsv'
[0.763s] INFO:colcon.colcon_core.shell:Creating environment hook '/home/rhys/ws_snow/install/snow_sim/share/snow_sim/hook/cmake_prefix_path.sh'
[0.763s] Level 1:colcon.colcon_core.environment:checking '/home/rhys/ws_snow/install/snow_sim/lib'
[0.763s] Level 1:colcon.colcon_core.environment:checking '/home/rhys/ws_snow/install/snow_sim/bin'
[0.763s] Level 1:colcon.colcon_core.environment:checking '/home/rhys/ws_snow/install/snow_sim/lib/pkgconfig/snow_sim.pc'
[0.763s] Level 1:colcon.colcon_core.environment:checking '/home/rhys/ws_snow/install/snow_sim/lib/python3.10/site-packages'
[0.764s] Level 1:colcon.colcon_core.environment:checking '/home/rhys/ws_snow/install/snow_sim/bin'
[0.765s] INFO:colcon.colcon_core.shell:Creating package script '/home/rhys/ws_snow/install/snow_sim/share/snow_sim/package.ps1'
[0.765s] INFO:colcon.colcon_core.shell:Creating package descriptor '/home/rhys/ws_snow/install/snow_sim/share/snow_sim/package.dsv'
[0.765s] INFO:colcon.colcon_core.shell:Creating package script '/home/rhys/ws_snow/install/snow_sim/share/snow_sim/package.sh'
[0.766s] INFO:colcon.colcon_core.shell:Creating package script '/home/rhys/ws_snow/install/snow_sim/share/snow_sim/package.bash'
[0.766s] INFO:colcon.colcon_core.shell:Creating package script '/home/rhys/ws_snow/install/snow_sim/share/snow_sim/package.zsh'
[0.766s] Level 1:colcon.colcon_core.environment:create_file_with_runtime_dependencies(/home/rhys/ws_snow/install/snow_sim/share/colcon-core/packages/snow_sim)
[7.917s] DEBUG:colcon.colcon_core.event_handler.log_command:Invoked command in '/home/rhys/ws_snow/build/snow_con_rt' returned '0': CMAKE_PREFIX_PATH=${CMAKE_PREFIX_PATH}:/opt/ros/humble /usr/bin/cmake --build /home/rhys/ws_snow/build/snow_con_rt -- -j12 -l12
[7.955s] DEBUG:colcon.colcon_core.event_handler.log_command:Invoking command in '/home/rhys/ws_snow/build/snow_con_rt': CMAKE_PREFIX_PATH=${CMAKE_PREFIX_PATH}:/opt/ros/humble /usr/bin/cmake --install /home/rhys/ws_snow/build/snow_con_rt
[7.976s] Level 1:colcon.colcon_core.environment:create_environment_scripts_only(snow_con_rt)
[7.977s] DEBUG:colcon.colcon_core.event_handler.log_command:Invoked command in '/home/rhys/ws_snow/build/snow_con_rt' returned '0': CMAKE_PREFIX_PATH=${CMAKE_PREFIX_PATH}:/opt/ros/humble /usr/bin/cmake --install /home/rhys/ws_snow/build/snow_con_rt
[7.980s] Level 1:colcon.colcon_core.environment:checking '/home/rhys/ws_snow/install/snow_con_rt' for CMake module files
[7.981s] Level 1:colcon.colcon_core.environment:checking '/home/rhys/ws_snow/install/snow_con_rt' for CMake config files
[7.982s] Level 1:colcon.colcon_core.shell:create_environment_hook('snow_con_rt', 'cmake_prefix_path')
[7.984s] INFO:colcon.colcon_core.shell:Creating environment hook '/home/rhys/ws_snow/install/snow_con_rt/share/snow_con_rt/hook/cmake_prefix_path.ps1'
[7.985s] INFO:colcon.colcon_core.shell:Creating environment descriptor '/home/rhys/ws_snow/install/snow_con_rt/share/snow_con_rt/hook/cmake_prefix_path.dsv'
[7.985s] INFO:colcon.colcon_core.shell:Creating environment hook '/home/rhys/ws_snow/install/snow_con_rt/share/snow_con_rt/hook/cmake_prefix_path.sh'
[7.986s] Level 1:colcon.colcon_core.environment:checking '/home/rhys/ws_snow/install/snow_con_rt/lib'
[7.986s] Level 1:colcon.colcon_core.environment:checking '/home/rhys/ws_snow/install/snow_con_rt/bin'
[7.986s] Level 1:colcon.colcon_core.environment:checking '/home/rhys/ws_snow/install/snow_con_rt/lib/pkgconfig/snow_con_rt.pc'
[7.987s] Level 1:colcon.colcon_core.environment:checking '/home/rhys/ws_snow/install/snow_con_rt/lib/python3.10/site-packages'
[7.987s] Level 1:colcon.colcon_core.environment:checking '/home/rhys/ws_snow/install/snow_con_rt/bin'
[7.990s] INFO:colcon.colcon_core.shell:Creating package script '/home/rhys/ws_snow/install/snow_con_rt/share/snow_con_rt/package.ps1'
[7.991s] INFO:colcon.colcon_core.shell:Creating package descriptor '/home/rhys/ws_snow/install/snow_con_rt/share/snow_con_rt/package.dsv'
[7.991s] INFO:colcon.colcon_core.shell:Creating package script '/home/rhys/ws_snow/install/snow_con_rt/share/snow_con_rt/package.sh'
[7.992s] INFO:colcon.colcon_core.shell:Creating package script '/home/rhys/ws_snow/install/snow_con_rt/share/snow_con_rt/package.bash'
[7.993s] INFO:colcon.colcon_core.shell:Creating package script '/home/rhys/ws_snow/install/snow_con_rt/share/snow_con_rt/package.zsh'
[7.993s] Level 1:colcon.colcon_core.environment:create_file_with_runtime_dependencies(/home/rhys/ws_snow/install/snow_con_rt/share/colcon-core/packages/snow_con_rt)
[8.035s] Level 1:colcon.colcon_core.environment:create_environment_scripts_only(snow_con_rt)
[8.039s] Level 1:colcon.colcon_core.environment:checking '/home/rhys/ws_snow/install/snow_con_rt' for CMake module files
[8.040s] Level 1:colcon.colcon_core.environment:checking '/home/rhys/ws_snow/install/snow_con_rt' for CMake config files
[8.040s] Level 1:colcon.colcon_core.shell:create_environment_hook('snow_con_rt', 'cmake_prefix_path')
[8.043s] INFO:colcon.colcon_core.shell:Creating environment hook '/home/rhys/ws_snow/install/snow_con_rt/share/snow_con_rt/hook/cmake_prefix_path.ps1'
[8.043s] INFO:colcon.colcon_core.shell:Creating environment descriptor '/home/rhys/ws_snow/install/snow_con_rt/share/snow_con_rt/hook/cmake_prefix_path.dsv'
[8.044s] INFO:colcon.colcon_core.shell:Creating environment hook '/home/rhys/ws_snow/install/snow_con_rt/share/snow_con_rt/hook/cmake_prefix_path.sh'
[8.045s] Level 1:colcon.colcon_core.environment:checking '/home/rhys/ws_snow/install/snow_con_rt/lib'
[8.045s] Level 1:colcon.colcon_core.environment:checking '/home/rhys/ws_snow/install/snow_con_rt/bin'
[8.045s] Level 1:colcon.colcon_core.environment:checking '/home/rhys/ws_snow/install/snow_con_rt/lib/pkgconfig/snow_con_rt.pc'
[8.045s] Level 1:colcon.colcon_core.environment:checking '/home/rhys/ws_snow/install/snow_con_rt/lib/python3.10/site-packages'
[8.046s] Level 1:colcon.colcon_core.environment:checking '/home/rhys/ws_snow/install/snow_con_rt/bin'
[8.048s] INFO:colcon.colcon_core.shell:Creating package script '/home/rhys/ws_snow/install/snow_con_rt/share/snow_con_rt/package.ps1'
[8.049s] INFO:colcon.colcon_core.shell:Creating package descriptor '/home/rhys/ws_snow/install/snow_con_rt/share/snow_con_rt/package.dsv'
[8.050s] INFO:colcon.colcon_core.shell:Creating package script '/home/rhys/ws_snow/install/snow_con_rt/share/snow_con_rt/package.sh'
[8.051s] INFO:colcon.colcon_core.shell:Creating package script '/home/rhys/ws_snow/install/snow_con_rt/share/snow_con_rt/package.bash'
[8.051s] INFO:colcon.colcon_core.shell:Creating package script '/home/rhys/ws_snow/install/snow_con_rt/share/snow_con_rt/package.zsh'
[8.052s] Level 1:colcon.colcon_core.environment:create_file_with_runtime_dependencies(/home/rhys/ws_snow/install/snow_con_rt/share/colcon-core/packages/snow_con_rt)
[8.052s] DEBUG:colcon.colcon_parallel_executor.executor.parallel:closing loop
[8.053s] DEBUG:colcon.colcon_parallel_executor.executor.parallel:loop closed
[8.053s] DEBUG:colcon.colcon_parallel_executor.executor.parallel:run_until_complete finished with '0'
[8.053s] DEBUG:colcon.colcon_core.event_reactor:joining thread
[8.064s] INFO:colcon.colcon_core.plugin_system:Skipping extension 'colcon_notification.desktop_notification.terminal_notifier': Not used on non-Darwin systems
[8.064s] INFO:colcon.colcon_core.plugin_system:Skipping extension 'colcon_notification.desktop_notification.win32': Not used on non-Windows systems
[8.064s] INFO:colcon.colcon_notification.desktop_notification:Sending desktop notification using 'notify2'
[8.086s] DEBUG:colcon.colcon_core.event_reactor:joined thread
[8.088s] INFO:colcon.colcon_core.shell:Creating prefix script '/home/rhys/ws_snow/install/local_setup.ps1'
[8.090s] INFO:colcon.colcon_core.shell:Creating prefix util module '/home/rhys/ws_snow/install/_local_setup_util_ps1.py'
[8.093s] INFO:colcon.colcon_core.shell:Creating prefix chain script '/home/rhys/ws_snow/install/setup.ps1'
[8.096s] INFO:colcon.colcon_core.shell:Creating prefix script '/home/rhys/ws_snow/install/local_setup.sh'
[8.097s] INFO:colcon.colcon_core.shell:Creating prefix util module '/home/rhys/ws_snow/install/_local_setup_util_sh.py'
[8.098s] INFO:colcon.colcon_core.shell:Creating prefix chain script '/home/rhys/ws_snow/install/setup.sh'
[8.101s] INFO:colcon.colcon_core.shell:Creating prefix script '/home/rhys/ws_snow/install/local_setup.bash'
[8.102s] INFO:colcon.colcon_core.shell:Creating prefix chain script '/home/rhys/ws_snow/install/setup.bash'
[8.105s] INFO:colcon.colcon_core.shell:Creating prefix script '/home/rhys/ws_snow/install/local_setup.zsh'
[8.106s] INFO:colcon.colcon_core.shell:Creating prefix chain script '/home/rhys/ws_snow/install/setup.zsh'
