[0.054s] Invoking command in '/home/rhys/ws_snow/build/hard_con': CMAKE_PREFIX_PATH=/opt/ros/humble /usr/bin/cmake --build /home/rhys/ws_snow/build/hard_con -- -j12 -l12
[0.177s] [100%] Built target talker
[0.226s] Invoked command in '/home/rhys/ws_snow/build/hard_con' returned '0': CMAKE_PREFIX_PATH=/opt/ros/humble /usr/bin/cmake --build /home/rhys/ws_snow/build/hard_con -- -j12 -l12
[0.253s] Invoking command in '/home/rhys/ws_snow/build/hard_con': CMAKE_PREFIX_PATH=/opt/ros/humble /usr/bin/cmake --install /home/rhys/ws_snow/build/hard_con
[0.284s] -- Install configuration: ""
[0.290s] -- Up-to-date: /home/rhys/ws_snow/install/hard_con/lib/hard_con/talker
[0.290s] -- Up-to-date: /home/rhys/ws_snow/install/hard_con/share/ament_index/resource_index/package_run_dependencies/hard_con
[0.290s] -- Up-to-date: /home/rhys/ws_snow/install/hard_con/share/ament_index/resource_index/parent_prefix_path/hard_con
[0.290s] -- Up-to-date: /home/rhys/ws_snow/install/hard_con/share/hard_con/environment/ament_prefix_path.sh
[0.290s] -- Up-to-date: /home/rhys/ws_snow/install/hard_con/share/hard_con/environment/ament_prefix_path.dsv
[0.290s] -- Up-to-date: /home/rhys/ws_snow/install/hard_con/share/hard_con/environment/path.sh
[0.291s] -- Up-to-date: /home/rhys/ws_snow/install/hard_con/share/hard_con/environment/path.dsv
[0.291s] -- Up-to-date: /home/rhys/ws_snow/install/hard_con/share/hard_con/local_setup.bash
[0.291s] -- Up-to-date: /home/rhys/ws_snow/install/hard_con/share/hard_con/local_setup.sh
[0.291s] -- Up-to-date: /home/rhys/ws_snow/install/hard_con/share/hard_con/local_setup.zsh
[0.291s] -- Up-to-date: /home/rhys/ws_snow/install/hard_con/share/hard_con/local_setup.dsv
[0.291s] -- Installing: /home/rhys/ws_snow/install/hard_con/share/hard_con/package.dsv
[0.292s] -- Up-to-date: /home/rhys/ws_snow/install/hard_con/share/ament_index/resource_index/packages/hard_con
[0.292s] -- Up-to-date: /home/rhys/ws_snow/install/hard_con/share/hard_con/cmake/hard_conConfig.cmake
[0.292s] -- Up-to-date: /home/rhys/ws_snow/install/hard_con/share/hard_con/cmake/hard_conConfig-version.cmake
[0.292s] -- Up-to-date: /home/rhys/ws_snow/install/hard_con/share/hard_con/package.xml
[0.309s] Invoked command in '/home/rhys/ws_snow/build/hard_con' returned '0': CMAKE_PREFIX_PATH=/opt/ros/humble /usr/bin/cmake --install /home/rhys/ws_snow/build/hard_con
