[0.156s] DEBUG:colcon:Command line arguments: ['/usr/bin/colcon', 'build']
[0.156s] DEBUG:colcon:Parsed command line arguments: Namespace(log_base=None, log_level=None, verb_name='build', build_base='build', install_base='install', merge_install=False, symlink_install=False, test_result_base=None, continue_on_error=False, executor='parallel', parallel_workers=12, event_handlers=None, ignore_user_meta=False, metas=['./colcon.meta'], base_paths=['.'], packages_ignore=None, packages_ignore_regex=None, paths=None, packages_up_to=None, packages_up_to_regex=None, packages_above=None, packages_above_and_dependencies=None, packages_above_depth=None, packages_select_by_dep=None, packages_skip_by_dep=None, packages_skip_up_to=None, packages_select_build_failed=False, packages_skip_build_finished=False, packages_select_test_failures=False, packages_skip_test_passed=False, packages_select=None, packages_skip=None, packages_select_regex=None, packages_skip_regex=None, packages_start=None, packages_end=None, allow_overriding=[], cmake_args=None, cmake_target=None, cmake_target_skip_unavailable=False, cmake_clean_cache=False, cmake_clean_first=False, cmake_force_configure=False, ament_cmake_args=None, catkin_cmake_args=None, catkin_skip_building_tests=False, mixin_files=None, mixin=None, verb_parser=<colcon_mixin.mixin.mixin_argument.MixinArgumentDecorator object at 0x77ac120423e0>, verb_extension=<colcon_core.verb.build.BuildVerb object at 0x77ac1214ea40>, main=<bound method BuildVerb.main of <colcon_core.verb.build.BuildVerb object at 0x77ac1214ea40>>, mixin_verb=('build',))
[0.291s] Level 1:colcon.colcon_core.package_discovery:discover_packages(colcon_meta) check parameters
[0.291s] Level 1:colcon.colcon_core.package_discovery:discover_packages(recursive) check parameters
[0.291s] Level 1:colcon.colcon_core.package_discovery:discover_packages(ignore) check parameters
[0.291s] Level 1:colcon.colcon_core.package_discovery:discover_packages(path) check parameters
[0.291s] Level 1:colcon.colcon_core.package_discovery:discover_packages(colcon_meta) discover
[0.291s] Level 1:colcon.colcon_core.package_discovery:discover_packages(recursive) discover
[0.291s] INFO:colcon.colcon_core.package_discovery:Crawling recursively for packages in '/home/bern/ws_snow'
[0.291s] Level 1:colcon.colcon_core.package_identification:_identify(.) by extensions ['ignore', 'ignore_ament_install']
[0.291s] Level 1:colcon.colcon_core.package_identification:_identify(.) by extension 'ignore'
[0.291s] Level 1:colcon.colcon_core.package_identification:_identify(.) by extension 'ignore_ament_install'
[0.291s] Level 1:colcon.colcon_core.package_identification:_identify(.) by extensions ['colcon_pkg']
[0.291s] Level 1:colcon.colcon_core.package_identification:_identify(.) by extension 'colcon_pkg'
[0.291s] Level 1:colcon.colcon_core.package_identification:_identify(.) by extensions ['colcon_meta']
[0.291s] Level 1:colcon.colcon_core.package_identification:_identify(.) by extension 'colcon_meta'
[0.291s] Level 1:colcon.colcon_core.package_identification:_identify(.) by extensions ['ros']
[0.291s] Level 1:colcon.colcon_core.package_identification:_identify(.) by extension 'ros'
[0.299s] Level 1:colcon.colcon_core.package_identification:_identify(.) by extensions ['cmake', 'python']
[0.299s] Level 1:colcon.colcon_core.package_identification:_identify(.) by extension 'cmake'
[0.299s] Level 1:colcon.colcon_core.package_identification:_identify(.) by extension 'python'
[0.299s] Level 1:colcon.colcon_core.package_identification:_identify(.) by extensions ['python_setup_py']
[0.299s] Level 1:colcon.colcon_core.package_identification:_identify(.) by extension 'python_setup_py'
[0.300s] Level 1:colcon.colcon_core.package_identification:_identify(Data_1) by extensions ['ignore', 'ignore_ament_install']
[0.300s] Level 1:colcon.colcon_core.package_identification:_identify(Data_1) by extension 'ignore'
[0.300s] Level 1:colcon.colcon_core.package_identification:_identify(Data_1) by extension 'ignore_ament_install'
[0.300s] Level 1:colcon.colcon_core.package_identification:_identify(Data_1) by extensions ['colcon_pkg']
[0.300s] Level 1:colcon.colcon_core.package_identification:_identify(Data_1) by extension 'colcon_pkg'
[0.300s] Level 1:colcon.colcon_core.package_identification:_identify(Data_1) by extensions ['colcon_meta']
[0.300s] Level 1:colcon.colcon_core.package_identification:_identify(Data_1) by extension 'colcon_meta'
[0.300s] Level 1:colcon.colcon_core.package_identification:_identify(Data_1) by extensions ['ros']
[0.300s] Level 1:colcon.colcon_core.package_identification:_identify(Data_1) by extension 'ros'
[0.300s] Level 1:colcon.colcon_core.package_identification:_identify(Data_1) by extensions ['cmake', 'python']
[0.300s] Level 1:colcon.colcon_core.package_identification:_identify(Data_1) by extension 'cmake'
[0.300s] Level 1:colcon.colcon_core.package_identification:_identify(Data_1) by extension 'python'
[0.300s] Level 1:colcon.colcon_core.package_identification:_identify(Data_1) by extensions ['python_setup_py']
[0.300s] Level 1:colcon.colcon_core.package_identification:_identify(Data_1) by extension 'python_setup_py'
[0.300s] Level 1:colcon.colcon_core.package_identification:_identify(Data_1/Data_STEP1-orig) by extensions ['ignore', 'ignore_ament_install']
[0.300s] Level 1:colcon.colcon_core.package_identification:_identify(Data_1/Data_STEP1-orig) by extension 'ignore'
[0.300s] Level 1:colcon.colcon_core.package_identification:_identify(Data_1/Data_STEP1-orig) by extension 'ignore_ament_install'
[0.300s] Level 1:colcon.colcon_core.package_identification:_identify(Data_1/Data_STEP1-orig) by extensions ['colcon_pkg']
[0.300s] Level 1:colcon.colcon_core.package_identification:_identify(Data_1/Data_STEP1-orig) by extension 'colcon_pkg'
[0.300s] Level 1:colcon.colcon_core.package_identification:_identify(Data_1/Data_STEP1-orig) by extensions ['colcon_meta']
[0.300s] Level 1:colcon.colcon_core.package_identification:_identify(Data_1/Data_STEP1-orig) by extension 'colcon_meta'
[0.300s] Level 1:colcon.colcon_core.package_identification:_identify(Data_1/Data_STEP1-orig) by extensions ['ros']
[0.300s] Level 1:colcon.colcon_core.package_identification:_identify(Data_1/Data_STEP1-orig) by extension 'ros'
[0.300s] Level 1:colcon.colcon_core.package_identification:_identify(Data_1/Data_STEP1-orig) by extensions ['cmake', 'python']
[0.300s] Level 1:colcon.colcon_core.package_identification:_identify(Data_1/Data_STEP1-orig) by extension 'cmake'
[0.300s] Level 1:colcon.colcon_core.package_identification:_identify(Data_1/Data_STEP1-orig) by extension 'python'
[0.300s] Level 1:colcon.colcon_core.package_identification:_identify(Data_1/Data_STEP1-orig) by extensions ['python_setup_py']
[0.300s] Level 1:colcon.colcon_core.package_identification:_identify(Data_1/Data_STEP1-orig) by extension 'python_setup_py'
[0.301s] Level 1:colcon.colcon_core.package_identification:_identify(Data_1/Data_STEP1-torque) by extensions ['ignore', 'ignore_ament_install']
[0.301s] Level 1:colcon.colcon_core.package_identification:_identify(Data_1/Data_STEP1-torque) by extension 'ignore'
[0.301s] Level 1:colcon.colcon_core.package_identification:_identify(Data_1/Data_STEP1-torque) by extension 'ignore_ament_install'
[0.301s] Level 1:colcon.colcon_core.package_identification:_identify(Data_1/Data_STEP1-torque) by extensions ['colcon_pkg']
[0.301s] Level 1:colcon.colcon_core.package_identification:_identify(Data_1/Data_STEP1-torque) by extension 'colcon_pkg'
[0.301s] Level 1:colcon.colcon_core.package_identification:_identify(Data_1/Data_STEP1-torque) by extensions ['colcon_meta']
[0.301s] Level 1:colcon.colcon_core.package_identification:_identify(Data_1/Data_STEP1-torque) by extension 'colcon_meta'
[0.301s] Level 1:colcon.colcon_core.package_identification:_identify(Data_1/Data_STEP1-torque) by extensions ['ros']
[0.301s] Level 1:colcon.colcon_core.package_identification:_identify(Data_1/Data_STEP1-torque) by extension 'ros'
[0.301s] Level 1:colcon.colcon_core.package_identification:_identify(Data_1/Data_STEP1-torque) by extensions ['cmake', 'python']
[0.301s] Level 1:colcon.colcon_core.package_identification:_identify(Data_1/Data_STEP1-torque) by extension 'cmake'
[0.301s] Level 1:colcon.colcon_core.package_identification:_identify(Data_1/Data_STEP1-torque) by extension 'python'
[0.301s] Level 1:colcon.colcon_core.package_identification:_identify(Data_1/Data_STEP1-torque) by extensions ['python_setup_py']
[0.301s] Level 1:colcon.colcon_core.package_identification:_identify(Data_1/Data_STEP1-torque) by extension 'python_setup_py'
[0.301s] Level 1:colcon.colcon_core.package_identification:_identify(Data_1/Data_STEP2-orig) by extensions ['ignore', 'ignore_ament_install']
[0.301s] Level 1:colcon.colcon_core.package_identification:_identify(Data_1/Data_STEP2-orig) by extension 'ignore'
[0.301s] Level 1:colcon.colcon_core.package_identification:_identify(Data_1/Data_STEP2-orig) by extension 'ignore_ament_install'
[0.301s] Level 1:colcon.colcon_core.package_identification:_identify(Data_1/Data_STEP2-orig) by extensions ['colcon_pkg']
[0.301s] Level 1:colcon.colcon_core.package_identification:_identify(Data_1/Data_STEP2-orig) by extension 'colcon_pkg'
[0.301s] Level 1:colcon.colcon_core.package_identification:_identify(Data_1/Data_STEP2-orig) by extensions ['colcon_meta']
[0.301s] Level 1:colcon.colcon_core.package_identification:_identify(Data_1/Data_STEP2-orig) by extension 'colcon_meta'
[0.301s] Level 1:colcon.colcon_core.package_identification:_identify(Data_1/Data_STEP2-orig) by extensions ['ros']
[0.301s] Level 1:colcon.colcon_core.package_identification:_identify(Data_1/Data_STEP2-orig) by extension 'ros'
[0.301s] Level 1:colcon.colcon_core.package_identification:_identify(Data_1/Data_STEP2-orig) by extensions ['cmake', 'python']
[0.301s] Level 1:colcon.colcon_core.package_identification:_identify(Data_1/Data_STEP2-orig) by extension 'cmake'
[0.301s] Level 1:colcon.colcon_core.package_identification:_identify(Data_1/Data_STEP2-orig) by extension 'python'
[0.301s] Level 1:colcon.colcon_core.package_identification:_identify(Data_1/Data_STEP2-orig) by extensions ['python_setup_py']
[0.301s] Level 1:colcon.colcon_core.package_identification:_identify(Data_1/Data_STEP2-orig) by extension 'python_setup_py'
[0.301s] Level 1:colcon.colcon_core.package_identification:_identify(Data_1/Data_STEP2-torq) by extensions ['ignore', 'ignore_ament_install']
[0.301s] Level 1:colcon.colcon_core.package_identification:_identify(Data_1/Data_STEP2-torq) by extension 'ignore'
[0.302s] Level 1:colcon.colcon_core.package_identification:_identify(Data_1/Data_STEP2-torq) by extension 'ignore_ament_install'
[0.302s] Level 1:colcon.colcon_core.package_identification:_identify(Data_1/Data_STEP2-torq) by extensions ['colcon_pkg']
[0.302s] Level 1:colcon.colcon_core.package_identification:_identify(Data_1/Data_STEP2-torq) by extension 'colcon_pkg'
[0.302s] Level 1:colcon.colcon_core.package_identification:_identify(Data_1/Data_STEP2-torq) by extensions ['colcon_meta']
[0.302s] Level 1:colcon.colcon_core.package_identification:_identify(Data_1/Data_STEP2-torq) by extension 'colcon_meta'
[0.302s] Level 1:colcon.colcon_core.package_identification:_identify(Data_1/Data_STEP2-torq) by extensions ['ros']
[0.302s] Level 1:colcon.colcon_core.package_identification:_identify(Data_1/Data_STEP2-torq) by extension 'ros'
[0.302s] Level 1:colcon.colcon_core.package_identification:_identify(Data_1/Data_STEP2-torq) by extensions ['cmake', 'python']
[0.302s] Level 1:colcon.colcon_core.package_identification:_identify(Data_1/Data_STEP2-torq) by extension 'cmake'
[0.302s] Level 1:colcon.colcon_core.package_identification:_identify(Data_1/Data_STEP2-torq) by extension 'python'
[0.302s] Level 1:colcon.colcon_core.package_identification:_identify(Data_1/Data_STEP2-torq) by extensions ['python_setup_py']
[0.302s] Level 1:colcon.colcon_core.package_identification:_identify(Data_1/Data_STEP2-torq) by extension 'python_setup_py'
[0.302s] Level 1:colcon.colcon_core.package_identification:_identify(build) by extensions ['ignore', 'ignore_ament_install']
[0.302s] Level 1:colcon.colcon_core.package_identification:_identify(build) by extension 'ignore'
[0.302s] Level 1:colcon.colcon_core.package_identification:_identify(build) ignored
[0.302s] Level 1:colcon.colcon_core.package_identification:_identify(install) by extensions ['ignore', 'ignore_ament_install']
[0.302s] Level 1:colcon.colcon_core.package_identification:_identify(install) by extension 'ignore'
[0.302s] Level 1:colcon.colcon_core.package_identification:_identify(install) ignored
[0.303s] Level 1:colcon.colcon_core.package_identification:_identify(log) by extensions ['ignore', 'ignore_ament_install']
[0.303s] Level 1:colcon.colcon_core.package_identification:_identify(log) by extension 'ignore'
[0.303s] Level 1:colcon.colcon_core.package_identification:_identify(log) ignored
[0.303s] Level 1:colcon.colcon_core.package_identification:_identify(src) by extensions ['ignore', 'ignore_ament_install']
[0.303s] Level 1:colcon.colcon_core.package_identification:_identify(src) by extension 'ignore'
[0.303s] Level 1:colcon.colcon_core.package_identification:_identify(src) by extension 'ignore_ament_install'
[0.303s] Level 1:colcon.colcon_core.package_identification:_identify(src) by extensions ['colcon_pkg']
[0.303s] Level 1:colcon.colcon_core.package_identification:_identify(src) by extension 'colcon_pkg'
[0.303s] Level 1:colcon.colcon_core.package_identification:_identify(src) by extensions ['colcon_meta']
[0.303s] Level 1:colcon.colcon_core.package_identification:_identify(src) by extension 'colcon_meta'
[0.303s] Level 1:colcon.colcon_core.package_identification:_identify(src) by extensions ['ros']
[0.303s] Level 1:colcon.colcon_core.package_identification:_identify(src) by extension 'ros'
[0.303s] Level 1:colcon.colcon_core.package_identification:_identify(src) by extensions ['cmake', 'python']
[0.303s] Level 1:colcon.colcon_core.package_identification:_identify(src) by extension 'cmake'
[0.303s] Level 1:colcon.colcon_core.package_identification:_identify(src) by extension 'python'
[0.303s] Level 1:colcon.colcon_core.package_identification:_identify(src) by extensions ['python_setup_py']
[0.303s] Level 1:colcon.colcon_core.package_identification:_identify(src) by extension 'python_setup_py'
[0.303s] Level 1:colcon.colcon_core.package_identification:_identify(src/hard_con) by extensions ['ignore', 'ignore_ament_install']
[0.303s] Level 1:colcon.colcon_core.package_identification:_identify(src/hard_con) by extension 'ignore'
[0.303s] Level 1:colcon.colcon_core.package_identification:_identify(src/hard_con) by extension 'ignore_ament_install'
[0.303s] Level 1:colcon.colcon_core.package_identification:_identify(src/hard_con) by extensions ['colcon_pkg']
[0.303s] Level 1:colcon.colcon_core.package_identification:_identify(src/hard_con) by extension 'colcon_pkg'
[0.303s] Level 1:colcon.colcon_core.package_identification:_identify(src/hard_con) by extensions ['colcon_meta']
[0.303s] Level 1:colcon.colcon_core.package_identification:_identify(src/hard_con) by extension 'colcon_meta'
[0.303s] Level 1:colcon.colcon_core.package_identification:_identify(src/hard_con) by extensions ['ros']
[0.303s] Level 1:colcon.colcon_core.package_identification:_identify(src/hard_con) by extension 'ros'
[0.305s] DEBUG:colcon.colcon_core.package_identification:Package 'src/hard_con' with type 'ros.ament_cmake' and name 'hard_con'
[0.306s] Level 1:colcon.colcon_core.package_identification:_identify(src/snow_con) by extensions ['ignore', 'ignore_ament_install']
[0.306s] Level 1:colcon.colcon_core.package_identification:_identify(src/snow_con) by extension 'ignore'
[0.306s] Level 1:colcon.colcon_core.package_identification:_identify(src/snow_con) by extension 'ignore_ament_install'
[0.306s] Level 1:colcon.colcon_core.package_identification:_identify(src/snow_con) by extensions ['colcon_pkg']
[0.306s] Level 1:colcon.colcon_core.package_identification:_identify(src/snow_con) by extension 'colcon_pkg'
[0.306s] Level 1:colcon.colcon_core.package_identification:_identify(src/snow_con) by extensions ['colcon_meta']
[0.306s] Level 1:colcon.colcon_core.package_identification:_identify(src/snow_con) by extension 'colcon_meta'
[0.306s] Level 1:colcon.colcon_core.package_identification:_identify(src/snow_con) by extensions ['ros']
[0.306s] Level 1:colcon.colcon_core.package_identification:_identify(src/snow_con) by extension 'ros'
[0.306s] DEBUG:colcon.colcon_core.package_identification:Package 'src/snow_con' with type 'ros.ament_cmake' and name 'snow_con'
[0.307s] Level 1:colcon.colcon_core.package_identification:_identify(src/snow_con_rt) by extensions ['ignore', 'ignore_ament_install']
[0.307s] Level 1:colcon.colcon_core.package_identification:_identify(src/snow_con_rt) by extension 'ignore'
[0.307s] Level 1:colcon.colcon_core.package_identification:_identify(src/snow_con_rt) by extension 'ignore_ament_install'
[0.307s] Level 1:colcon.colcon_core.package_identification:_identify(src/snow_con_rt) by extensions ['colcon_pkg']
[0.307s] Level 1:colcon.colcon_core.package_identification:_identify(src/snow_con_rt) by extension 'colcon_pkg'
[0.307s] Level 1:colcon.colcon_core.package_identification:_identify(src/snow_con_rt) by extensions ['colcon_meta']
[0.307s] Level 1:colcon.colcon_core.package_identification:_identify(src/snow_con_rt) by extension 'colcon_meta'
[0.307s] Level 1:colcon.colcon_core.package_identification:_identify(src/snow_con_rt) by extensions ['ros']
[0.307s] Level 1:colcon.colcon_core.package_identification:_identify(src/snow_con_rt) by extension 'ros'
[0.307s] DEBUG:colcon.colcon_core.package_identification:Package 'src/snow_con_rt' with type 'ros.ament_cmake' and name 'snow_con_rt'
[0.308s] Level 1:colcon.colcon_core.package_identification:_identify(src/snow_sim) by extensions ['ignore', 'ignore_ament_install']
[0.308s] Level 1:colcon.colcon_core.package_identification:_identify(src/snow_sim) by extension 'ignore'
[0.308s] Level 1:colcon.colcon_core.package_identification:_identify(src/snow_sim) by extension 'ignore_ament_install'
[0.308s] Level 1:colcon.colcon_core.package_identification:_identify(src/snow_sim) by extensions ['colcon_pkg']
[0.308s] Level 1:colcon.colcon_core.package_identification:_identify(src/snow_sim) by extension 'colcon_pkg'
[0.308s] Level 1:colcon.colcon_core.package_identification:_identify(src/snow_sim) by extensions ['colcon_meta']
[0.308s] Level 1:colcon.colcon_core.package_identification:_identify(src/snow_sim) by extension 'colcon_meta'
[0.308s] Level 1:colcon.colcon_core.package_identification:_identify(src/snow_sim) by extensions ['ros']
[0.308s] Level 1:colcon.colcon_core.package_identification:_identify(src/snow_sim) by extension 'ros'
[0.309s] DEBUG:colcon.colcon_core.package_identification:Package 'src/snow_sim' with type 'ros.ament_cmake' and name 'snow_sim'
[0.309s] Level 1:colcon.colcon_core.package_identification:_identify(src/urdf_tutorial) by extensions ['ignore', 'ignore_ament_install']
[0.309s] Level 1:colcon.colcon_core.package_identification:_identify(src/urdf_tutorial) by extension 'ignore'
[0.309s] Level 1:colcon.colcon_core.package_identification:_identify(src/urdf_tutorial) by extension 'ignore_ament_install'
[0.309s] Level 1:colcon.colcon_core.package_identification:_identify(src/urdf_tutorial) by extensions ['colcon_pkg']
[0.309s] Level 1:colcon.colcon_core.package_identification:_identify(src/urdf_tutorial) by extension 'colcon_pkg'
[0.309s] Level 1:colcon.colcon_core.package_identification:_identify(src/urdf_tutorial) by extensions ['colcon_meta']
[0.309s] Level 1:colcon.colcon_core.package_identification:_identify(src/urdf_tutorial) by extension 'colcon_meta'
[0.309s] Level 1:colcon.colcon_core.package_identification:_identify(src/urdf_tutorial) by extensions ['ros']
[0.309s] Level 1:colcon.colcon_core.package_identification:_identify(src/urdf_tutorial) by extension 'ros'
[0.309s] DEBUG:colcon.colcon_core.package_identification:Package 'src/urdf_tutorial' with type 'ros.ament_cmake' and name 'urdf_tutorial'
[0.309s] Level 1:colcon.colcon_core.package_discovery:discover_packages(recursive) using defaults
[0.309s] Level 1:colcon.colcon_core.package_discovery:discover_packages(ignore) discover
[0.309s] Level 1:colcon.colcon_core.package_discovery:discover_packages(ignore) using defaults
[0.309s] Level 1:colcon.colcon_core.package_discovery:discover_packages(path) discover
[0.310s] Level 1:colcon.colcon_core.package_discovery:discover_packages(path) using defaults
[0.327s] Level 1:colcon.colcon_core.package_discovery:discover_packages(prefix_path) check parameters
[0.327s] Level 1:colcon.colcon_core.package_discovery:discover_packages(prefix_path) discover
[0.329s] DEBUG:colcon.colcon_installed_package_information.package_discovery:Found 340 installed packages in /opt/ros/humble
[0.336s] Level 1:colcon.colcon_core.package_discovery:discover_packages(prefix_path) using defaults
[0.361s] Level 5:colcon.colcon_core.verb:set package 'hard_con' build argument 'cmake_args' from command line to 'None'
[0.361s] Level 5:colcon.colcon_core.verb:set package 'hard_con' build argument 'cmake_target' from command line to 'None'
[0.361s] Level 5:colcon.colcon_core.verb:set package 'hard_con' build argument 'cmake_target_skip_unavailable' from command line to 'False'
[0.361s] Level 5:colcon.colcon_core.verb:set package 'hard_con' build argument 'cmake_clean_cache' from command line to 'False'
[0.361s] Level 5:colcon.colcon_core.verb:set package 'hard_con' build argument 'cmake_clean_first' from command line to 'False'
[0.361s] Level 5:colcon.colcon_core.verb:set package 'hard_con' build argument 'cmake_force_configure' from command line to 'False'
[0.361s] Level 5:colcon.colcon_core.verb:set package 'hard_con' build argument 'ament_cmake_args' from command line to 'None'
[0.361s] Level 5:colcon.colcon_core.verb:set package 'hard_con' build argument 'catkin_cmake_args' from command line to 'None'
[0.361s] Level 5:colcon.colcon_core.verb:set package 'hard_con' build argument 'catkin_skip_building_tests' from command line to 'False'
[0.361s] DEBUG:colcon.colcon_core.verb:Building package 'hard_con' with the following arguments: {'ament_cmake_args': None, 'build_base': '/home/bern/ws_snow/build/hard_con', 'catkin_cmake_args': None, 'catkin_skip_building_tests': False, 'cmake_args': None, 'cmake_clean_cache': False, 'cmake_clean_first': False, 'cmake_force_configure': False, 'cmake_target': None, 'cmake_target_skip_unavailable': False, 'install_base': '/home/bern/ws_snow/install/hard_con', 'merge_install': False, 'path': '/home/bern/ws_snow/src/hard_con', 'symlink_install': False, 'test_result_base': None}
[0.362s] Level 5:colcon.colcon_core.verb:set package 'snow_con' build argument 'cmake_args' from command line to 'None'
[0.362s] Level 5:colcon.colcon_core.verb:set package 'snow_con' build argument 'cmake_target' from command line to 'None'
[0.362s] Level 5:colcon.colcon_core.verb:set package 'snow_con' build argument 'cmake_target_skip_unavailable' from command line to 'False'
[0.362s] Level 5:colcon.colcon_core.verb:set package 'snow_con' build argument 'cmake_clean_cache' from command line to 'False'
[0.362s] Level 5:colcon.colcon_core.verb:set package 'snow_con' build argument 'cmake_clean_first' from command line to 'False'
[0.362s] Level 5:colcon.colcon_core.verb:set package 'snow_con' build argument 'cmake_force_configure' from command line to 'False'
[0.362s] Level 5:colcon.colcon_core.verb:set package 'snow_con' build argument 'ament_cmake_args' from command line to 'None'
[0.362s] Level 5:colcon.colcon_core.verb:set package 'snow_con' build argument 'catkin_cmake_args' from command line to 'None'
[0.362s] Level 5:colcon.colcon_core.verb:set package 'snow_con' build argument 'catkin_skip_building_tests' from command line to 'False'
[0.362s] DEBUG:colcon.colcon_core.verb:Building package 'snow_con' with the following arguments: {'ament_cmake_args': None, 'build_base': '/home/bern/ws_snow/build/snow_con', 'catkin_cmake_args': None, 'catkin_skip_building_tests': False, 'cmake_args': None, 'cmake_clean_cache': False, 'cmake_clean_first': False, 'cmake_force_configure': False, 'cmake_target': None, 'cmake_target_skip_unavailable': False, 'install_base': '/home/bern/ws_snow/install/snow_con', 'merge_install': False, 'path': '/home/bern/ws_snow/src/snow_con', 'symlink_install': False, 'test_result_base': None}
[0.362s] Level 5:colcon.colcon_core.verb:set package 'snow_con_rt' build argument 'cmake_args' from command line to 'None'
[0.362s] Level 5:colcon.colcon_core.verb:set package 'snow_con_rt' build argument 'cmake_target' from command line to 'None'
[0.362s] Level 5:colcon.colcon_core.verb:set package 'snow_con_rt' build argument 'cmake_target_skip_unavailable' from command line to 'False'
[0.362s] Level 5:colcon.colcon_core.verb:set package 'snow_con_rt' build argument 'cmake_clean_cache' from command line to 'False'
[0.362s] Level 5:colcon.colcon_core.verb:set package 'snow_con_rt' build argument 'cmake_clean_first' from command line to 'False'
[0.362s] Level 5:colcon.colcon_core.verb:set package 'snow_con_rt' build argument 'cmake_force_configure' from command line to 'False'
[0.362s] Level 5:colcon.colcon_core.verb:set package 'snow_con_rt' build argument 'ament_cmake_args' from command line to 'None'
[0.362s] Level 5:colcon.colcon_core.verb:set package 'snow_con_rt' build argument 'catkin_cmake_args' from command line to 'None'
[0.362s] Level 5:colcon.colcon_core.verb:set package 'snow_con_rt' build argument 'catkin_skip_building_tests' from command line to 'False'
[0.362s] DEBUG:colcon.colcon_core.verb:Building package 'snow_con_rt' with the following arguments: {'ament_cmake_args': None, 'build_base': '/home/bern/ws_snow/build/snow_con_rt', 'catkin_cmake_args': None, 'catkin_skip_building_tests': False, 'cmake_args': None, 'cmake_clean_cache': False, 'cmake_clean_first': False, 'cmake_force_configure': False, 'cmake_target': None, 'cmake_target_skip_unavailable': False, 'install_base': '/home/bern/ws_snow/install/snow_con_rt', 'merge_install': False, 'path': '/home/bern/ws_snow/src/snow_con_rt', 'symlink_install': False, 'test_result_base': None}
[0.362s] Level 5:colcon.colcon_core.verb:set package 'snow_sim' build argument 'cmake_args' from command line to 'None'
[0.362s] Level 5:colcon.colcon_core.verb:set package 'snow_sim' build argument 'cmake_target' from command line to 'None'
[0.362s] Level 5:colcon.colcon_core.verb:set package 'snow_sim' build argument 'cmake_target_skip_unavailable' from command line to 'False'
[0.362s] Level 5:colcon.colcon_core.verb:set package 'snow_sim' build argument 'cmake_clean_cache' from command line to 'False'
[0.362s] Level 5:colcon.colcon_core.verb:set package 'snow_sim' build argument 'cmake_clean_first' from command line to 'False'
[0.362s] Level 5:colcon.colcon_core.verb:set package 'snow_sim' build argument 'cmake_force_configure' from command line to 'False'
[0.362s] Level 5:colcon.colcon_core.verb:set package 'snow_sim' build argument 'ament_cmake_args' from command line to 'None'
[0.362s] Level 5:colcon.colcon_core.verb:set package 'snow_sim' build argument 'catkin_cmake_args' from command line to 'None'
[0.362s] Level 5:colcon.colcon_core.verb:set package 'snow_sim' build argument 'catkin_skip_building_tests' from command line to 'False'
[0.362s] DEBUG:colcon.colcon_core.verb:Building package 'snow_sim' with the following arguments: {'ament_cmake_args': None, 'build_base': '/home/bern/ws_snow/build/snow_sim', 'catkin_cmake_args': None, 'catkin_skip_building_tests': False, 'cmake_args': None, 'cmake_clean_cache': False, 'cmake_clean_first': False, 'cmake_force_configure': False, 'cmake_target': None, 'cmake_target_skip_unavailable': False, 'install_base': '/home/bern/ws_snow/install/snow_sim', 'merge_install': False, 'path': '/home/bern/ws_snow/src/snow_sim', 'symlink_install': False, 'test_result_base': None}
[0.363s] Level 5:colcon.colcon_core.verb:set package 'urdf_tutorial' build argument 'cmake_args' from command line to 'None'
[0.363s] Level 5:colcon.colcon_core.verb:set package 'urdf_tutorial' build argument 'cmake_target' from command line to 'None'
[0.363s] Level 5:colcon.colcon_core.verb:set package 'urdf_tutorial' build argument 'cmake_target_skip_unavailable' from command line to 'False'
[0.363s] Level 5:colcon.colcon_core.verb:set package 'urdf_tutorial' build argument 'cmake_clean_cache' from command line to 'False'
[0.363s] Level 5:colcon.colcon_core.verb:set package 'urdf_tutorial' build argument 'cmake_clean_first' from command line to 'False'
[0.363s] Level 5:colcon.colcon_core.verb:set package 'urdf_tutorial' build argument 'cmake_force_configure' from command line to 'False'
[0.363s] Level 5:colcon.colcon_core.verb:set package 'urdf_tutorial' build argument 'ament_cmake_args' from command line to 'None'
[0.363s] Level 5:colcon.colcon_core.verb:set package 'urdf_tutorial' build argument 'catkin_cmake_args' from command line to 'None'
[0.363s] Level 5:colcon.colcon_core.verb:set package 'urdf_tutorial' build argument 'catkin_skip_building_tests' from command line to 'False'
[0.363s] DEBUG:colcon.colcon_core.verb:Building package 'urdf_tutorial' with the following arguments: {'ament_cmake_args': None, 'build_base': '/home/bern/ws_snow/build/urdf_tutorial', 'catkin_cmake_args': None, 'catkin_skip_building_tests': False, 'cmake_args': None, 'cmake_clean_cache': False, 'cmake_clean_first': False, 'cmake_force_configure': False, 'cmake_target': None, 'cmake_target_skip_unavailable': False, 'install_base': '/home/bern/ws_snow/install/urdf_tutorial', 'merge_install': False, 'path': '/home/bern/ws_snow/src/urdf_tutorial', 'symlink_install': False, 'test_result_base': None}
[0.363s] INFO:colcon.colcon_core.executor:Executing jobs using 'parallel' executor
[0.364s] DEBUG:colcon.colcon_parallel_executor.executor.parallel:run_until_complete
[0.364s] INFO:colcon.colcon_ros.task.ament_cmake.build:Building ROS package in '/home/bern/ws_snow/src/hard_con' with build type 'ament_cmake'
[0.364s] INFO:colcon.colcon_cmake.task.cmake.build:Building CMake package in '/home/bern/ws_snow/src/hard_con'
[0.367s] INFO:colcon.colcon_core.plugin_system:Skipping extension 'colcon_core.shell.bat': Not used on non-Windows systems
[0.367s] INFO:colcon.colcon_core.shell:Skip shell extension 'powershell' for command environment: Not usable outside of PowerShell
[0.367s] DEBUG:colcon.colcon_core.shell:Skip shell extension 'dsv' for command environment
[0.369s] INFO:colcon.colcon_ros.task.ament_cmake.build:Building ROS package in '/home/bern/ws_snow/src/snow_con' with build type 'ament_cmake'
[0.370s] INFO:colcon.colcon_cmake.task.cmake.build:Building CMake package in '/home/bern/ws_snow/src/snow_con'
[0.370s] INFO:colcon.colcon_core.shell:Skip shell extension 'powershell' for command environment: Not usable outside of PowerShell
[0.370s] DEBUG:colcon.colcon_core.shell:Skip shell extension 'dsv' for command environment
[0.371s] INFO:colcon.colcon_ros.task.ament_cmake.build:Building ROS package in '/home/bern/ws_snow/src/snow_con_rt' with build type 'ament_cmake'
[0.372s] INFO:colcon.colcon_cmake.task.cmake.build:Building CMake package in '/home/bern/ws_snow/src/snow_con_rt'
[0.372s] INFO:colcon.colcon_core.shell:Skip shell extension 'powershell' for command environment: Not usable outside of PowerShell
[0.372s] DEBUG:colcon.colcon_core.shell:Skip shell extension 'dsv' for command environment
[0.373s] INFO:colcon.colcon_ros.task.ament_cmake.build:Building ROS package in '/home/bern/ws_snow/src/snow_sim' with build type 'ament_cmake'
[0.373s] INFO:colcon.colcon_cmake.task.cmake.build:Building CMake package in '/home/bern/ws_snow/src/snow_sim'
[0.374s] INFO:colcon.colcon_core.shell:Skip shell extension 'powershell' for command environment: Not usable outside of PowerShell
[0.374s] DEBUG:colcon.colcon_core.shell:Skip shell extension 'dsv' for command environment
[0.375s] INFO:colcon.colcon_ros.task.ament_cmake.build:Building ROS package in '/home/bern/ws_snow/src/urdf_tutorial' with build type 'ament_cmake'
[0.375s] INFO:colcon.colcon_cmake.task.cmake.build:Building CMake package in '/home/bern/ws_snow/src/urdf_tutorial'
[0.375s] INFO:colcon.colcon_core.shell:Skip shell extension 'powershell' for command environment: Not usable outside of PowerShell
[0.376s] DEBUG:colcon.colcon_core.shell:Skip shell extension 'dsv' for command environment
[0.380s] DEBUG:colcon.colcon_core.event_handler.log_command:Invoking command in '/home/bern/ws_snow/build/hard_con': CMAKE_PREFIX_PATH=/opt/ros/humble /usr/bin/cmake --build /home/bern/ws_snow/build/hard_con -- -j12 -l12
[0.385s] DEBUG:colcon.colcon_core.event_handler.log_command:Invoking command in '/home/bern/ws_snow/build/snow_con': CMAKE_PREFIX_PATH=/opt/ros/humble /usr/bin/cmake --build /home/bern/ws_snow/build/snow_con -- -j12 -l12
[0.387s] DEBUG:colcon.colcon_core.event_handler.log_command:Invoking command in '/home/bern/ws_snow/build/snow_con_rt': CMAKE_PREFIX_PATH=/opt/ros/humble /usr/bin/cmake --build /home/bern/ws_snow/build/snow_con_rt -- -j12 -l12
[0.389s] DEBUG:colcon.colcon_core.event_handler.log_command:Invoking command in '/home/bern/ws_snow/build/snow_sim': CMAKE_PREFIX_PATH=/opt/ros/humble /usr/bin/cmake --build /home/bern/ws_snow/build/snow_sim -- -j12 -l12
[0.393s] DEBUG:colcon.colcon_core.event_handler.log_command:Invoking command in '/home/bern/ws_snow/build/urdf_tutorial': CMAKE_PREFIX_PATH=/opt/ros/humble /usr/bin/cmake --build /home/bern/ws_snow/build/urdf_tutorial -- -j12 -l12
[0.431s] DEBUG:colcon.colcon_core.event_handler.log_command:Invoked command in '/home/bern/ws_snow/build/urdf_tutorial' returned '0': CMAKE_PREFIX_PATH=/opt/ros/humble /usr/bin/cmake --build /home/bern/ws_snow/build/urdf_tutorial -- -j12 -l12
[0.456s] DEBUG:colcon.colcon_core.event_handler.log_command:Invoking command in '/home/bern/ws_snow/build/urdf_tutorial': CMAKE_PREFIX_PATH=/opt/ros/humble /usr/bin/cmake --install /home/bern/ws_snow/build/urdf_tutorial
[0.466s] DEBUG:colcon.colcon_core.event_handler.log_command:Invoked command in '/home/bern/ws_snow/build/snow_con_rt' returned '0': CMAKE_PREFIX_PATH=/opt/ros/humble /usr/bin/cmake --build /home/bern/ws_snow/build/snow_con_rt -- -j12 -l12
[0.471s] DEBUG:colcon.colcon_core.event_handler.log_command:Invoked command in '/home/bern/ws_snow/build/snow_sim' returned '0': CMAKE_PREFIX_PATH=/opt/ros/humble /usr/bin/cmake --build /home/bern/ws_snow/build/snow_sim -- -j12 -l12
[0.474s] Level 1:colcon.colcon_core.environment:create_environment_scripts_only(urdf_tutorial)
[0.476s] DEBUG:colcon.colcon_core.event_handler.log_command:Invoked command in '/home/bern/ws_snow/build/hard_con' returned '0': CMAKE_PREFIX_PATH=/opt/ros/humble /usr/bin/cmake --build /home/bern/ws_snow/build/hard_con -- -j12 -l12
[0.487s] DEBUG:colcon.colcon_core.event_handler.log_command:Invoked command in '/home/bern/ws_snow/build/urdf_tutorial' returned '0': CMAKE_PREFIX_PATH=/opt/ros/humble /usr/bin/cmake --install /home/bern/ws_snow/build/urdf_tutorial
[0.489s] Level 1:colcon.colcon_core.environment:checking '/home/bern/ws_snow/install/urdf_tutorial' for CMake module files
[0.489s] Level 1:colcon.colcon_core.environment:checking '/home/bern/ws_snow/install/urdf_tutorial' for CMake config files
[0.490s] Level 1:colcon.colcon_core.shell:create_environment_hook('urdf_tutorial', 'cmake_prefix_path')
[0.490s] INFO:colcon.colcon_core.shell:Creating environment hook '/home/bern/ws_snow/install/urdf_tutorial/share/urdf_tutorial/hook/cmake_prefix_path.ps1'
[0.490s] INFO:colcon.colcon_core.shell:Creating environment descriptor '/home/bern/ws_snow/install/urdf_tutorial/share/urdf_tutorial/hook/cmake_prefix_path.dsv'
[0.491s] INFO:colcon.colcon_core.shell:Creating environment hook '/home/bern/ws_snow/install/urdf_tutorial/share/urdf_tutorial/hook/cmake_prefix_path.sh'
[0.491s] Level 1:colcon.colcon_core.environment:checking '/home/bern/ws_snow/install/urdf_tutorial/bin'
[0.491s] Level 1:colcon.colcon_core.environment:checking '/home/bern/ws_snow/install/urdf_tutorial/lib/pkgconfig/urdf_tutorial.pc'
[0.491s] Level 1:colcon.colcon_core.environment:checking '/home/bern/ws_snow/install/urdf_tutorial/lib/python3.10/site-packages'
[0.491s] Level 1:colcon.colcon_core.environment:checking '/home/bern/ws_snow/install/urdf_tutorial/bin'
[0.492s] INFO:colcon.colcon_core.shell:Creating package script '/home/bern/ws_snow/install/urdf_tutorial/share/urdf_tutorial/package.ps1'
[0.492s] INFO:colcon.colcon_core.shell:Creating package descriptor '/home/bern/ws_snow/install/urdf_tutorial/share/urdf_tutorial/package.dsv'
[0.493s] INFO:colcon.colcon_core.shell:Creating package script '/home/bern/ws_snow/install/urdf_tutorial/share/urdf_tutorial/package.sh'
[0.493s] INFO:colcon.colcon_core.shell:Creating package script '/home/bern/ws_snow/install/urdf_tutorial/share/urdf_tutorial/package.bash'
[0.494s] INFO:colcon.colcon_core.shell:Creating package script '/home/bern/ws_snow/install/urdf_tutorial/share/urdf_tutorial/package.zsh'
[0.494s] Level 1:colcon.colcon_core.environment:create_file_with_runtime_dependencies(/home/bern/ws_snow/install/urdf_tutorial/share/colcon-core/packages/urdf_tutorial)
[0.497s] DEBUG:colcon.colcon_core.event_handler.log_command:Invoking command in '/home/bern/ws_snow/build/snow_con_rt': CMAKE_PREFIX_PATH=/opt/ros/humble /usr/bin/cmake --install /home/bern/ws_snow/build/snow_con_rt
[0.498s] DEBUG:colcon.colcon_core.event_handler.log_command:Invoking command in '/home/bern/ws_snow/build/snow_sim': CMAKE_PREFIX_PATH=/opt/ros/humble /usr/bin/cmake --install /home/bern/ws_snow/build/snow_sim
[0.500s] DEBUG:colcon.colcon_core.event_handler.log_command:Invoking command in '/home/bern/ws_snow/build/hard_con': CMAKE_PREFIX_PATH=/opt/ros/humble /usr/bin/cmake --install /home/bern/ws_snow/build/hard_con
[0.512s] Level 1:colcon.colcon_core.environment:create_environment_scripts_only(snow_con_rt)
[0.513s] Level 1:colcon.colcon_core.environment:checking '/home/bern/ws_snow/install/snow_con_rt' for CMake module files
[0.517s] Level 1:colcon.colcon_core.environment:checking '/home/bern/ws_snow/install/snow_con_rt' for CMake config files
[0.520s] DEBUG:colcon.colcon_core.event_handler.log_command:Invoked command in '/home/bern/ws_snow/build/snow_con_rt' returned '0': CMAKE_PREFIX_PATH=/opt/ros/humble /usr/bin/cmake --install /home/bern/ws_snow/build/snow_con_rt
[0.520s] Level 1:colcon.colcon_core.shell:create_environment_hook('snow_con_rt', 'cmake_prefix_path')
[0.520s] INFO:colcon.colcon_core.shell:Creating environment hook '/home/bern/ws_snow/install/snow_con_rt/share/snow_con_rt/hook/cmake_prefix_path.ps1'
[0.521s] INFO:colcon.colcon_core.shell:Creating environment descriptor '/home/bern/ws_snow/install/snow_con_rt/share/snow_con_rt/hook/cmake_prefix_path.dsv'
[0.521s] INFO:colcon.colcon_core.shell:Creating environment hook '/home/bern/ws_snow/install/snow_con_rt/share/snow_con_rt/hook/cmake_prefix_path.sh'
[0.521s] Level 1:colcon.colcon_core.environment:checking '/home/bern/ws_snow/install/snow_con_rt/lib'
[0.521s] Level 1:colcon.colcon_core.environment:checking '/home/bern/ws_snow/install/snow_con_rt/bin'
[0.521s] Level 1:colcon.colcon_core.environment:checking '/home/bern/ws_snow/install/snow_con_rt/lib/pkgconfig/snow_con_rt.pc'
[0.522s] Level 1:colcon.colcon_core.environment:checking '/home/bern/ws_snow/install/snow_con_rt/lib/python3.10/site-packages'
[0.522s] Level 1:colcon.colcon_core.environment:checking '/home/bern/ws_snow/install/snow_con_rt/bin'
[0.522s] INFO:colcon.colcon_core.shell:Creating package script '/home/bern/ws_snow/install/snow_con_rt/share/snow_con_rt/package.ps1'
[0.522s] INFO:colcon.colcon_core.shell:Creating package descriptor '/home/bern/ws_snow/install/snow_con_rt/share/snow_con_rt/package.dsv'
[0.522s] INFO:colcon.colcon_core.shell:Creating package script '/home/bern/ws_snow/install/snow_con_rt/share/snow_con_rt/package.sh'
[0.523s] INFO:colcon.colcon_core.shell:Creating package script '/home/bern/ws_snow/install/snow_con_rt/share/snow_con_rt/package.bash'
[0.523s] INFO:colcon.colcon_core.shell:Creating package script '/home/bern/ws_snow/install/snow_con_rt/share/snow_con_rt/package.zsh'
[0.523s] Level 1:colcon.colcon_core.environment:create_file_with_runtime_dependencies(/home/bern/ws_snow/install/snow_con_rt/share/colcon-core/packages/snow_con_rt)
[0.524s] Level 1:colcon.colcon_core.environment:create_environment_scripts_only(urdf_tutorial)
[0.524s] Level 1:colcon.colcon_core.environment:checking '/home/bern/ws_snow/install/urdf_tutorial' for CMake module files
[0.525s] Level 1:colcon.colcon_core.environment:checking '/home/bern/ws_snow/install/urdf_tutorial' for CMake config files
[0.525s] Level 1:colcon.colcon_core.shell:create_environment_hook('urdf_tutorial', 'cmake_prefix_path')
[0.525s] INFO:colcon.colcon_core.shell:Creating environment hook '/home/bern/ws_snow/install/urdf_tutorial/share/urdf_tutorial/hook/cmake_prefix_path.ps1'
[0.526s] INFO:colcon.colcon_core.shell:Creating environment descriptor '/home/bern/ws_snow/install/urdf_tutorial/share/urdf_tutorial/hook/cmake_prefix_path.dsv'
[0.526s] INFO:colcon.colcon_core.shell:Creating environment hook '/home/bern/ws_snow/install/urdf_tutorial/share/urdf_tutorial/hook/cmake_prefix_path.sh'
[0.526s] Level 1:colcon.colcon_core.environment:checking '/home/bern/ws_snow/install/urdf_tutorial/bin'
[0.526s] Level 1:colcon.colcon_core.environment:checking '/home/bern/ws_snow/install/urdf_tutorial/lib/pkgconfig/urdf_tutorial.pc'
[0.526s] Level 1:colcon.colcon_core.environment:checking '/home/bern/ws_snow/install/urdf_tutorial/lib/python3.10/site-packages'
[0.526s] Level 1:colcon.colcon_core.environment:checking '/home/bern/ws_snow/install/urdf_tutorial/bin'
[0.526s] INFO:colcon.colcon_core.shell:Creating package script '/home/bern/ws_snow/install/urdf_tutorial/share/urdf_tutorial/package.ps1'
[0.527s] INFO:colcon.colcon_core.shell:Creating package descriptor '/home/bern/ws_snow/install/urdf_tutorial/share/urdf_tutorial/package.dsv'
[0.527s] INFO:colcon.colcon_core.shell:Creating package script '/home/bern/ws_snow/install/urdf_tutorial/share/urdf_tutorial/package.sh'
[0.527s] INFO:colcon.colcon_core.shell:Creating package script '/home/bern/ws_snow/install/urdf_tutorial/share/urdf_tutorial/package.bash'
[0.527s] INFO:colcon.colcon_core.shell:Creating package script '/home/bern/ws_snow/install/urdf_tutorial/share/urdf_tutorial/package.zsh'
[0.528s] Level 1:colcon.colcon_core.environment:create_file_with_runtime_dependencies(/home/bern/ws_snow/install/urdf_tutorial/share/colcon-core/packages/urdf_tutorial)
[0.528s] Level 1:colcon.colcon_core.environment:create_environment_scripts_only(hard_con)
[0.528s] Level 1:colcon.colcon_core.environment:checking '/home/bern/ws_snow/install/hard_con' for CMake module files
[0.529s] DEBUG:colcon.colcon_core.event_handler.log_command:Invoked command in '/home/bern/ws_snow/build/hard_con' returned '0': CMAKE_PREFIX_PATH=/opt/ros/humble /usr/bin/cmake --install /home/bern/ws_snow/build/hard_con
[0.529s] Level 1:colcon.colcon_core.environment:checking '/home/bern/ws_snow/install/hard_con' for CMake config files
[0.529s] Level 1:colcon.colcon_core.shell:create_environment_hook('hard_con', 'cmake_prefix_path')
[0.530s] INFO:colcon.colcon_core.shell:Creating environment hook '/home/bern/ws_snow/install/hard_con/share/hard_con/hook/cmake_prefix_path.ps1'
[0.530s] INFO:colcon.colcon_core.shell:Creating environment descriptor '/home/bern/ws_snow/install/hard_con/share/hard_con/hook/cmake_prefix_path.dsv'
[0.531s] INFO:colcon.colcon_core.shell:Creating environment hook '/home/bern/ws_snow/install/hard_con/share/hard_con/hook/cmake_prefix_path.sh'
[0.531s] Level 1:colcon.colcon_core.environment:checking '/home/bern/ws_snow/install/hard_con/lib'
[0.531s] Level 1:colcon.colcon_core.environment:checking '/home/bern/ws_snow/install/hard_con/bin'
[0.531s] Level 1:colcon.colcon_core.environment:checking '/home/bern/ws_snow/install/hard_con/lib/pkgconfig/hard_con.pc'
[0.532s] Level 1:colcon.colcon_core.environment:checking '/home/bern/ws_snow/install/hard_con/lib/python3.10/site-packages'
[0.532s] Level 1:colcon.colcon_core.environment:checking '/home/bern/ws_snow/install/hard_con/bin'
[0.532s] INFO:colcon.colcon_core.shell:Creating package script '/home/bern/ws_snow/install/hard_con/share/hard_con/package.ps1'
[0.533s] INFO:colcon.colcon_core.shell:Creating package descriptor '/home/bern/ws_snow/install/hard_con/share/hard_con/package.dsv'
[0.533s] INFO:colcon.colcon_core.shell:Creating package script '/home/bern/ws_snow/install/hard_con/share/hard_con/package.sh'
[0.533s] INFO:colcon.colcon_core.shell:Creating package script '/home/bern/ws_snow/install/hard_con/share/hard_con/package.bash'
[0.534s] INFO:colcon.colcon_core.shell:Creating package script '/home/bern/ws_snow/install/hard_con/share/hard_con/package.zsh'
[0.534s] Level 1:colcon.colcon_core.environment:create_file_with_runtime_dependencies(/home/bern/ws_snow/install/hard_con/share/colcon-core/packages/hard_con)
[0.535s] Level 1:colcon.colcon_core.environment:create_environment_scripts_only(snow_sim)
[0.535s] Level 1:colcon.colcon_core.environment:checking '/home/bern/ws_snow/install/snow_sim' for CMake module files
[0.535s] DEBUG:colcon.colcon_core.event_handler.log_command:Invoked command in '/home/bern/ws_snow/build/snow_sim' returned '0': CMAKE_PREFIX_PATH=/opt/ros/humble /usr/bin/cmake --install /home/bern/ws_snow/build/snow_sim
[0.536s] Level 1:colcon.colcon_core.environment:checking '/home/bern/ws_snow/install/snow_sim' for CMake config files
[0.537s] Level 1:colcon.colcon_core.shell:create_environment_hook('snow_sim', 'cmake_prefix_path')
[0.537s] INFO:colcon.colcon_core.shell:Creating environment hook '/home/bern/ws_snow/install/snow_sim/share/snow_sim/hook/cmake_prefix_path.ps1'
[0.537s] INFO:colcon.colcon_core.shell:Creating environment descriptor '/home/bern/ws_snow/install/snow_sim/share/snow_sim/hook/cmake_prefix_path.dsv'
[0.538s] INFO:colcon.colcon_core.shell:Creating environment hook '/home/bern/ws_snow/install/snow_sim/share/snow_sim/hook/cmake_prefix_path.sh'
[0.538s] Level 1:colcon.colcon_core.environment:checking '/home/bern/ws_snow/install/snow_sim/lib'
[0.538s] Level 1:colcon.colcon_core.environment:checking '/home/bern/ws_snow/install/snow_sim/bin'
[0.538s] Level 1:colcon.colcon_core.environment:checking '/home/bern/ws_snow/install/snow_sim/lib/pkgconfig/snow_sim.pc'
[0.539s] Level 1:colcon.colcon_core.environment:checking '/home/bern/ws_snow/install/snow_sim/lib/python3.10/site-packages'
[0.539s] Level 1:colcon.colcon_core.environment:checking '/home/bern/ws_snow/install/snow_sim/bin'
[0.539s] INFO:colcon.colcon_core.shell:Creating package script '/home/bern/ws_snow/install/snow_sim/share/snow_sim/package.ps1'
[0.540s] INFO:colcon.colcon_core.shell:Creating package descriptor '/home/bern/ws_snow/install/snow_sim/share/snow_sim/package.dsv'
[0.540s] INFO:colcon.colcon_core.shell:Creating package script '/home/bern/ws_snow/install/snow_sim/share/snow_sim/package.sh'
[0.541s] INFO:colcon.colcon_core.shell:Creating package script '/home/bern/ws_snow/install/snow_sim/share/snow_sim/package.bash'
[0.541s] INFO:colcon.colcon_core.shell:Creating package script '/home/bern/ws_snow/install/snow_sim/share/snow_sim/package.zsh'
[0.541s] Level 1:colcon.colcon_core.environment:create_file_with_runtime_dependencies(/home/bern/ws_snow/install/snow_sim/share/colcon-core/packages/snow_sim)
[0.543s] Level 1:colcon.colcon_core.environment:create_environment_scripts_only(snow_con_rt)
[0.543s] Level 1:colcon.colcon_core.environment:checking '/home/bern/ws_snow/install/snow_con_rt' for CMake module files
[0.544s] Level 1:colcon.colcon_core.environment:checking '/home/bern/ws_snow/install/snow_con_rt' for CMake config files
[0.544s] Level 1:colcon.colcon_core.shell:create_environment_hook('snow_con_rt', 'cmake_prefix_path')
[0.544s] INFO:colcon.colcon_core.shell:Creating environment hook '/home/bern/ws_snow/install/snow_con_rt/share/snow_con_rt/hook/cmake_prefix_path.ps1'
[0.545s] INFO:colcon.colcon_core.shell:Creating environment descriptor '/home/bern/ws_snow/install/snow_con_rt/share/snow_con_rt/hook/cmake_prefix_path.dsv'
[0.545s] INFO:colcon.colcon_core.shell:Creating environment hook '/home/bern/ws_snow/install/snow_con_rt/share/snow_con_rt/hook/cmake_prefix_path.sh'
[0.545s] Level 1:colcon.colcon_core.environment:checking '/home/bern/ws_snow/install/snow_con_rt/lib'
[0.545s] Level 1:colcon.colcon_core.environment:checking '/home/bern/ws_snow/install/snow_con_rt/bin'
[0.546s] Level 1:colcon.colcon_core.environment:checking '/home/bern/ws_snow/install/snow_con_rt/lib/pkgconfig/snow_con_rt.pc'
[0.546s] Level 1:colcon.colcon_core.environment:checking '/home/bern/ws_snow/install/snow_con_rt/lib/python3.10/site-packages'
[0.546s] Level 1:colcon.colcon_core.environment:checking '/home/bern/ws_snow/install/snow_con_rt/bin'
[0.546s] INFO:colcon.colcon_core.shell:Creating package script '/home/bern/ws_snow/install/snow_con_rt/share/snow_con_rt/package.ps1'
[0.546s] INFO:colcon.colcon_core.shell:Creating package descriptor '/home/bern/ws_snow/install/snow_con_rt/share/snow_con_rt/package.dsv'
[0.547s] INFO:colcon.colcon_core.shell:Creating package script '/home/bern/ws_snow/install/snow_con_rt/share/snow_con_rt/package.sh'
[0.547s] INFO:colcon.colcon_core.shell:Creating package script '/home/bern/ws_snow/install/snow_con_rt/share/snow_con_rt/package.bash'
[0.547s] INFO:colcon.colcon_core.shell:Creating package script '/home/bern/ws_snow/install/snow_con_rt/share/snow_con_rt/package.zsh'
[0.547s] Level 1:colcon.colcon_core.environment:create_file_with_runtime_dependencies(/home/bern/ws_snow/install/snow_con_rt/share/colcon-core/packages/snow_con_rt)
[0.550s] Level 1:colcon.colcon_core.environment:create_environment_scripts_only(hard_con)
[0.550s] Level 1:colcon.colcon_core.environment:checking '/home/bern/ws_snow/install/hard_con' for CMake module files
[0.551s] Level 1:colcon.colcon_core.environment:checking '/home/bern/ws_snow/install/hard_con' for CMake config files
[0.551s] Level 1:colcon.colcon_core.shell:create_environment_hook('hard_con', 'cmake_prefix_path')
[0.551s] INFO:colcon.colcon_core.shell:Creating environment hook '/home/bern/ws_snow/install/hard_con/share/hard_con/hook/cmake_prefix_path.ps1'
[0.552s] INFO:colcon.colcon_core.shell:Creating environment descriptor '/home/bern/ws_snow/install/hard_con/share/hard_con/hook/cmake_prefix_path.dsv'
[0.552s] INFO:colcon.colcon_core.shell:Creating environment hook '/home/bern/ws_snow/install/hard_con/share/hard_con/hook/cmake_prefix_path.sh'
[0.552s] Level 1:colcon.colcon_core.environment:checking '/home/bern/ws_snow/install/hard_con/lib'
[0.553s] Level 1:colcon.colcon_core.environment:checking '/home/bern/ws_snow/install/hard_con/bin'
[0.553s] Level 1:colcon.colcon_core.environment:checking '/home/bern/ws_snow/install/hard_con/lib/pkgconfig/hard_con.pc'
[0.553s] Level 1:colcon.colcon_core.environment:checking '/home/bern/ws_snow/install/hard_con/lib/python3.10/site-packages'
[0.553s] Level 1:colcon.colcon_core.environment:checking '/home/bern/ws_snow/install/hard_con/bin'
[0.553s] INFO:colcon.colcon_core.shell:Creating package script '/home/bern/ws_snow/install/hard_con/share/hard_con/package.ps1'
[0.554s] INFO:colcon.colcon_core.shell:Creating package descriptor '/home/bern/ws_snow/install/hard_con/share/hard_con/package.dsv'
[0.554s] INFO:colcon.colcon_core.shell:Creating package script '/home/bern/ws_snow/install/hard_con/share/hard_con/package.sh'
[0.555s] INFO:colcon.colcon_core.shell:Creating package script '/home/bern/ws_snow/install/hard_con/share/hard_con/package.bash'
[0.555s] INFO:colcon.colcon_core.shell:Creating package script '/home/bern/ws_snow/install/hard_con/share/hard_con/package.zsh'
[0.556s] Level 1:colcon.colcon_core.environment:create_file_with_runtime_dependencies(/home/bern/ws_snow/install/hard_con/share/colcon-core/packages/hard_con)
[0.557s] Level 1:colcon.colcon_core.environment:create_environment_scripts_only(snow_sim)
[0.557s] Level 1:colcon.colcon_core.environment:checking '/home/bern/ws_snow/install/snow_sim' for CMake module files
[0.557s] Level 1:colcon.colcon_core.environment:checking '/home/bern/ws_snow/install/snow_sim' for CMake config files
[0.558s] Level 1:colcon.colcon_core.shell:create_environment_hook('snow_sim', 'cmake_prefix_path')
[0.558s] INFO:colcon.colcon_core.shell:Creating environment hook '/home/bern/ws_snow/install/snow_sim/share/snow_sim/hook/cmake_prefix_path.ps1'
[0.558s] INFO:colcon.colcon_core.shell:Creating environment descriptor '/home/bern/ws_snow/install/snow_sim/share/snow_sim/hook/cmake_prefix_path.dsv'
[0.558s] INFO:colcon.colcon_core.shell:Creating environment hook '/home/bern/ws_snow/install/snow_sim/share/snow_sim/hook/cmake_prefix_path.sh'
[0.559s] Level 1:colcon.colcon_core.environment:checking '/home/bern/ws_snow/install/snow_sim/lib'
[0.559s] Level 1:colcon.colcon_core.environment:checking '/home/bern/ws_snow/install/snow_sim/bin'
[0.559s] Level 1:colcon.colcon_core.environment:checking '/home/bern/ws_snow/install/snow_sim/lib/pkgconfig/snow_sim.pc'
[0.559s] Level 1:colcon.colcon_core.environment:checking '/home/bern/ws_snow/install/snow_sim/lib/python3.10/site-packages'
[0.559s] Level 1:colcon.colcon_core.environment:checking '/home/bern/ws_snow/install/snow_sim/bin'
[0.559s] INFO:colcon.colcon_core.shell:Creating package script '/home/bern/ws_snow/install/snow_sim/share/snow_sim/package.ps1'
[0.560s] INFO:colcon.colcon_core.shell:Creating package descriptor '/home/bern/ws_snow/install/snow_sim/share/snow_sim/package.dsv'
[0.560s] INFO:colcon.colcon_core.shell:Creating package script '/home/bern/ws_snow/install/snow_sim/share/snow_sim/package.sh'
[0.560s] INFO:colcon.colcon_core.shell:Creating package script '/home/bern/ws_snow/install/snow_sim/share/snow_sim/package.bash'
[0.560s] INFO:colcon.colcon_core.shell:Creating package script '/home/bern/ws_snow/install/snow_sim/share/snow_sim/package.zsh'
[0.560s] Level 1:colcon.colcon_core.environment:create_file_with_runtime_dependencies(/home/bern/ws_snow/install/snow_sim/share/colcon-core/packages/snow_sim)
[6.054s] DEBUG:colcon.colcon_core.event_handler.log_command:Invoked command in '/home/bern/ws_snow/build/snow_con' returned '0': CMAKE_PREFIX_PATH=/opt/ros/humble /usr/bin/cmake --build /home/bern/ws_snow/build/snow_con -- -j12 -l12
[6.081s] DEBUG:colcon.colcon_core.event_handler.log_command:Invoking command in '/home/bern/ws_snow/build/snow_con': CMAKE_PREFIX_PATH=/opt/ros/humble /usr/bin/cmake --install /home/bern/ws_snow/build/snow_con
[6.098s] Level 1:colcon.colcon_core.environment:create_environment_scripts_only(snow_con)
[6.099s] Level 1:colcon.colcon_core.environment:checking '/home/bern/ws_snow/install/snow_con' for CMake module files
[6.099s] DEBUG:colcon.colcon_core.event_handler.log_command:Invoked command in '/home/bern/ws_snow/build/snow_con' returned '0': CMAKE_PREFIX_PATH=/opt/ros/humble /usr/bin/cmake --install /home/bern/ws_snow/build/snow_con
[6.100s] Level 1:colcon.colcon_core.environment:checking '/home/bern/ws_snow/install/snow_con' for CMake config files
[6.100s] Level 1:colcon.colcon_core.shell:create_environment_hook('snow_con', 'cmake_prefix_path')
[6.100s] INFO:colcon.colcon_core.shell:Creating environment hook '/home/bern/ws_snow/install/snow_con/share/snow_con/hook/cmake_prefix_path.ps1'
[6.101s] INFO:colcon.colcon_core.shell:Creating environment descriptor '/home/bern/ws_snow/install/snow_con/share/snow_con/hook/cmake_prefix_path.dsv'
[6.101s] INFO:colcon.colcon_core.shell:Creating environment hook '/home/bern/ws_snow/install/snow_con/share/snow_con/hook/cmake_prefix_path.sh'
[6.101s] Level 1:colcon.colcon_core.environment:checking '/home/bern/ws_snow/install/snow_con/lib'
[6.101s] Level 1:colcon.colcon_core.environment:checking '/home/bern/ws_snow/install/snow_con/bin'
[6.102s] Level 1:colcon.colcon_core.environment:checking '/home/bern/ws_snow/install/snow_con/lib/pkgconfig/snow_con.pc'
[6.102s] Level 1:colcon.colcon_core.environment:checking '/home/bern/ws_snow/install/snow_con/lib/python3.10/site-packages'
[6.102s] Level 1:colcon.colcon_core.environment:checking '/home/bern/ws_snow/install/snow_con/bin'
[6.102s] INFO:colcon.colcon_core.shell:Creating package script '/home/bern/ws_snow/install/snow_con/share/snow_con/package.ps1'
[6.103s] INFO:colcon.colcon_core.shell:Creating package descriptor '/home/bern/ws_snow/install/snow_con/share/snow_con/package.dsv'
[6.103s] INFO:colcon.colcon_core.shell:Creating package script '/home/bern/ws_snow/install/snow_con/share/snow_con/package.sh'
[6.104s] INFO:colcon.colcon_core.shell:Creating package script '/home/bern/ws_snow/install/snow_con/share/snow_con/package.bash'
[6.104s] INFO:colcon.colcon_core.shell:Creating package script '/home/bern/ws_snow/install/snow_con/share/snow_con/package.zsh'
[6.104s] Level 1:colcon.colcon_core.environment:create_file_with_runtime_dependencies(/home/bern/ws_snow/install/snow_con/share/colcon-core/packages/snow_con)
[6.134s] Level 1:colcon.colcon_core.environment:create_environment_scripts_only(snow_con)
[6.134s] Level 1:colcon.colcon_core.environment:checking '/home/bern/ws_snow/install/snow_con' for CMake module files
[6.135s] Level 1:colcon.colcon_core.environment:checking '/home/bern/ws_snow/install/snow_con' for CMake config files
[6.135s] Level 1:colcon.colcon_core.shell:create_environment_hook('snow_con', 'cmake_prefix_path')
[6.135s] INFO:colcon.colcon_core.shell:Creating environment hook '/home/bern/ws_snow/install/snow_con/share/snow_con/hook/cmake_prefix_path.ps1'
[6.136s] INFO:colcon.colcon_core.shell:Creating environment descriptor '/home/bern/ws_snow/install/snow_con/share/snow_con/hook/cmake_prefix_path.dsv'
[6.136s] INFO:colcon.colcon_core.shell:Creating environment hook '/home/bern/ws_snow/install/snow_con/share/snow_con/hook/cmake_prefix_path.sh'
[6.136s] Level 1:colcon.colcon_core.environment:checking '/home/bern/ws_snow/install/snow_con/lib'
[6.137s] Level 1:colcon.colcon_core.environment:checking '/home/bern/ws_snow/install/snow_con/bin'
[6.137s] Level 1:colcon.colcon_core.environment:checking '/home/bern/ws_snow/install/snow_con/lib/pkgconfig/snow_con.pc'
[6.137s] Level 1:colcon.colcon_core.environment:checking '/home/bern/ws_snow/install/snow_con/lib/python3.10/site-packages'
[6.137s] Level 1:colcon.colcon_core.environment:checking '/home/bern/ws_snow/install/snow_con/bin'
[6.137s] INFO:colcon.colcon_core.shell:Creating package script '/home/bern/ws_snow/install/snow_con/share/snow_con/package.ps1'
[6.138s] INFO:colcon.colcon_core.shell:Creating package descriptor '/home/bern/ws_snow/install/snow_con/share/snow_con/package.dsv'
[6.138s] INFO:colcon.colcon_core.shell:Creating package script '/home/bern/ws_snow/install/snow_con/share/snow_con/package.sh'
[6.139s] INFO:colcon.colcon_core.shell:Creating package script '/home/bern/ws_snow/install/snow_con/share/snow_con/package.bash'
[6.139s] INFO:colcon.colcon_core.shell:Creating package script '/home/bern/ws_snow/install/snow_con/share/snow_con/package.zsh'
[6.139s] Level 1:colcon.colcon_core.environment:create_file_with_runtime_dependencies(/home/bern/ws_snow/install/snow_con/share/colcon-core/packages/snow_con)
[6.140s] DEBUG:colcon.colcon_parallel_executor.executor.parallel:closing loop
[6.140s] DEBUG:colcon.colcon_parallel_executor.executor.parallel:loop closed
[6.140s] DEBUG:colcon.colcon_parallel_executor.executor.parallel:run_until_complete finished with '0'
[6.140s] DEBUG:colcon.colcon_core.event_reactor:joining thread
[6.146s] INFO:colcon.colcon_core.plugin_system:Skipping extension 'colcon_notification.desktop_notification.terminal_notifier': Not used on non-Darwin systems
[6.147s] INFO:colcon.colcon_core.plugin_system:Skipping extension 'colcon_notification.desktop_notification.win32': Not used on non-Windows systems
[6.147s] INFO:colcon.colcon_notification.desktop_notification:Sending desktop notification using 'notify2'
[6.165s] DEBUG:colcon.colcon_core.event_reactor:joined thread
[6.165s] INFO:colcon.colcon_core.shell:Creating prefix script '/home/bern/ws_snow/install/local_setup.ps1'
[6.167s] INFO:colcon.colcon_core.shell:Creating prefix util module '/home/bern/ws_snow/install/_local_setup_util_ps1.py'
[6.168s] INFO:colcon.colcon_core.shell:Creating prefix chain script '/home/bern/ws_snow/install/setup.ps1'
[6.170s] INFO:colcon.colcon_core.shell:Creating prefix script '/home/bern/ws_snow/install/local_setup.sh'
[6.171s] INFO:colcon.colcon_core.shell:Creating prefix util module '/home/bern/ws_snow/install/_local_setup_util_sh.py'
[6.173s] INFO:colcon.colcon_core.shell:Creating prefix chain script '/home/bern/ws_snow/install/setup.sh'
[6.174s] INFO:colcon.colcon_core.shell:Creating prefix script '/home/bern/ws_snow/install/local_setup.bash'
[6.175s] INFO:colcon.colcon_core.shell:Creating prefix chain script '/home/bern/ws_snow/install/setup.bash'
[6.176s] INFO:colcon.colcon_core.shell:Creating prefix script '/home/bern/ws_snow/install/local_setup.zsh'
[6.177s] INFO:colcon.colcon_core.shell:Creating prefix chain script '/home/bern/ws_snow/install/setup.zsh'
