[35m[1mConsolidate compiler generated dependencies of target listener[0m
[ 20%] [32mBuilding CXX object CMakeFiles/listener.dir/src/main.cpp.o[0m
[01m[K/home/rhys/ws_snow/src/snow_con_rt/src/main.cpp:[m[K In member function ‘[01m[Kbool MinimalSubscriber::swivel(double*, double*, double, double*, double*, double*, double, double*, bool)[m[K’:
[01m[K/home/rhys/ws_snow/src/snow_con_rt/src/main.cpp:234:34:[m[K [01;31m[Kerror: [m[Kinvalid operands of types ‘[01m[Kdouble[m[K’ and ‘[01m[Kdouble*[m[K’ to binary ‘[01m[Koperator*[m[K’
  234 |         vCoast[i] = (4.0 * ([32m[Ks[i][m[K [01;31m[K*[m[K [34m[KtargetAngle[m[K - d[i])) / (3.0 * targetTime); // based on area of trapezoid
      |                             [32m[K~~~~[m[K [01;31m[K^[m[K [34m[K~~~~~~~~~~~[m[K
      |                                [32m[K|[m[K   [34m[K|[m[K
      |                                [32m[K|[m[K   [34m[Kdouble*[m[K
      |                                [32m[Kdouble[m[K
[01m[K/home/rhys/ws_snow/src/snow_con_rt/src/main.cpp:268:25:[m[K [01;35m[Kwarning: [m[Kformat ‘[01m[K%f[m[K’ expects argument of type ‘[01m[Kdouble[m[K’, but argument 3 has type ‘[01m[Kdouble*[m[K’ [[01;35m[K]8;;https://gcc.gnu.org/onlinedocs/gcc/Warning-Options.html#index-Wformat=-Wformat=]8;;[m[K]
  268 |     printf("ct=%.2f ta=[01;35m[K%f[m[K", currentTime, [32m[KtargetAngle[m[K);
      |                        [01;35m[K~^[m[K                [32m[K~~~~~~~~~~~[m[K
      |                         [01;35m[K|[m[K                [32m[K|[m[K
      |                         [01;35m[Kdouble[m[K           [32m[Kdouble*[m[K
[01m[K/home/rhys/ws_snow/src/snow_con_rt/src/main.cpp:297:21:[m[K [01;31m[Kerror: [m[Kinvalid operands of types ‘[01m[Kdouble[m[K’ and ‘[01m[Kdouble*[m[K’ to binary ‘[01m[Koperator*[m[K’
  297 |       if (fabs([32m[Ks[i][m[K [01;31m[K*[m[K [34m[KtargetAngle[m[K - d[i]) < 0.05)
      |                [32m[K~~~~[m[K [01;31m[K^[m[K [34m[K~~~~~~~~~~~[m[K
      |                   [32m[K|[m[K   [34m[K|[m[K
      |                   [32m[K|[m[K   [34m[Kdouble*[m[K
      |                   [32m[Kdouble[m[K
[01m[K/home/rhys/ws_snow/src/snow_con_rt/src/main.cpp:298:21:[m[K [01;31m[Kerror: [m[Kinvalid operands of types ‘[01m[Kdouble[m[K’ and ‘[01m[Kdouble*[m[K’ to binary ‘[01m[Koperator*[m[K’
  298 |         d[i] = [32m[Ks[i][m[K [01;31m[K*[m[K [34m[KtargetAngle[m[K;
      |                [32m[K~~~~[m[K [01;31m[K^[m[K [34m[K~~~~~~~~~~~[m[K
      |                   [32m[K|[m[K   [34m[K|[m[K
      |                   [32m[K|[m[K   [34m[Kdouble*[m[K
      |                   [32m[Kdouble[m[K
[01m[K/home/rhys/ws_snow/src/snow_con_rt/src/main.cpp:306:21:[m[K [01;31m[Kerror: [m[Kinvalid operands of types ‘[01m[Kdouble[m[K’ and ‘[01m[Kdouble*[m[K’ to binary ‘[01m[Koperator*[m[K’
  306 |       if (fabs([32m[Ks[i][m[K [01;31m[K*[m[K [34m[KtargetAngle[m[K - pArm[i]) < 0.03 && !isEnd[i]) {
      |                [32m[K~~~~[m[K [01;31m[K^[m[K [34m[K~~~~~~~~~~~[m[K
      |                   [32m[K|[m[K   [34m[K|[m[K
      |                   [32m[K|[m[K   [34m[Kdouble*[m[K
      |                   [32m[Kdouble[m[K
[01m[K/home/rhys/ws_snow/src/snow_con_rt/src/main.cpp:[m[K In member function ‘[01m[Kvoid MinimalSubscriber::topic_callback(sensor_msgs::msg::JointState_<std::allocator<void> >::SharedPtr)[m[K’:
[01m[K/home/rhys/ws_snow/src/snow_con_rt/src/main.cpp:585:53:[m[K [01;31m[Kerror: [m[Kcannot convert ‘[01m[Kdouble [4][m[K’ to ‘[01m[Kdouble[m[K’
  585 |       if (moveRobot(s, u, pArm, uArm, t, d, pWheel, [01;31m[KtargetAngle[m[K, vArm, targetPosition, targetVelocity, isHardcon))
      |                                                     [01;31m[K^~~~~~~~~~~[m[K
      |                                                     [01;31m[K|[m[K
      |                                                     [01;31m[Kdouble [4][m[K
[01m[K/home/rhys/ws_snow/src/snow_con_rt/src/main.cpp:336:14:[m[K [01;36m[Knote: [m[K  initializing argument 8 of ‘[01m[Kbool MinimalSubscriber::moveRobot(double*, double*, double*, double*, double, double*, double*, double, double*, double, double, bool)[m[K’
  336 |       [01;36m[Kdouble targetAngle[m[K,
      |       [01;36m[K~~~~~~~^~~~~~~~~~~[m[K
[01m[K/home/rhys/ws_snow/src/snow_con_rt/src/main.cpp:628:53:[m[K [01;31m[Kerror: [m[Kcannot convert ‘[01m[Kdouble [4][m[K’ to ‘[01m[Kdouble[m[K’
  628 |       if (moveRobot(s, u, pArm, uArm, t, d, pWheel, [01;31m[KtargetAngle[m[K, vArm, targetPosition, targetVelocity, isHardcon))
      |                                                     [01;31m[K^~~~~~~~~~~[m[K
      |                                                     [01;31m[K|[m[K
      |                                                     [01;31m[Kdouble [4][m[K
[01m[K/home/rhys/ws_snow/src/snow_con_rt/src/main.cpp:336:14:[m[K [01;36m[Knote: [m[K  initializing argument 8 of ‘[01m[Kbool MinimalSubscriber::moveRobot(double*, double*, double*, double*, double, double*, double*, double, double*, double, double, bool)[m[K’
  336 |       [01;36m[Kdouble targetAngle[m[K,
      |       [01;36m[K~~~~~~~^~~~~~~~~~~[m[K
[01m[K/home/rhys/ws_snow/src/snow_con_rt/src/main.cpp:674:53:[m[K [01;31m[Kerror: [m[Kcannot convert ‘[01m[Kdouble [4][m[K’ to ‘[01m[Kdouble[m[K’
  674 |       if (moveRobot(s, u, pArm, uArm, t, d, pWheel, [01;31m[KtargetAngle[m[K, vArm, targetPosition, targetVelocity, isHardcon))
      |                                                     [01;31m[K^~~~~~~~~~~[m[K
      |                                                     [01;31m[K|[m[K
      |                                                     [01;31m[Kdouble [4][m[K
[01m[K/home/rhys/ws_snow/src/snow_con_rt/src/main.cpp:336:14:[m[K [01;36m[Knote: [m[K  initializing argument 8 of ‘[01m[Kbool MinimalSubscriber::moveRobot(double*, double*, double*, double*, double, double*, double*, double, double*, double, double, bool)[m[K’
  336 |       [01;36m[Kdouble targetAngle[m[K,
      |       [01;36m[K~~~~~~~^~~~~~~~~~~[m[K
[01m[K/home/rhys/ws_snow/src/snow_con_rt/src/main.cpp:688:19:[m[K [01;31m[Kerror: [m[Kincompatible types in assignment of ‘[01m[Kint[m[K’ to ‘[01m[Kdouble [4][m[K’
  688 |       [01;31m[KtargetAngle = 0[m[K; // simulation only
      |       [01;31m[K~~~~~~~~~~~~^~~[m[K
[01m[K/home/rhys/ws_snow/src/snow_con_rt/src/main.cpp:697:53:[m[K [01;31m[Kerror: [m[Kcannot convert ‘[01m[Kdouble [4][m[K’ to ‘[01m[Kdouble[m[K’
  697 |       if (moveRobot(s, u, pArm, uArm, t, d, pWheel, [01;31m[KtargetAngle[m[K, vArm, targetPosition, targetVelocity, isHardcon))
      |                                                     [01;31m[K^~~~~~~~~~~[m[K
      |                                                     [01;31m[K|[m[K
      |                                                     [01;31m[Kdouble [4][m[K
[01m[K/home/rhys/ws_snow/src/snow_con_rt/src/main.cpp:336:14:[m[K [01;36m[Knote: [m[K  initializing argument 8 of ‘[01m[Kbool MinimalSubscriber::moveRobot(double*, double*, double*, double*, double, double*, double*, double, double*, double, double, bool)[m[K’
  336 |       [01;36m[Kdouble targetAngle[m[K,
      |       [01;36m[K~~~~~~~^~~~~~~~~~~[m[K
[01m[K/home/rhys/ws_snow/src/snow_con_rt/src/main.cpp:710:19:[m[K [01;31m[Kerror: [m[Kincompatible types in assignment of ‘[01m[Kint[m[K’ to ‘[01m[Kdouble [4][m[K’
  710 |       [01;31m[KtargetAngle = 0[m[K; // M_PI/4.0;
      |       [01;31m[K~~~~~~~~~~~~^~~[m[K
[01m[K/home/rhys/ws_snow/src/snow_con_rt/src/main.cpp:507:12:[m[K [01;35m[Kwarning: [m[Kenumeration value ‘[01m[KSTEP9[m[K’ not handled in switch [[01;35m[K]8;;https://gcc.gnu.org/onlinedocs/gcc/Warning-Options.html#index-Wswitch-Wswitch]8;;[m[K]
  507 |     switch [01;35m[K([m[KpState)
      |            [01;35m[K^[m[K
gmake[2]: *** [CMakeFiles/listener.dir/build.make:76: CMakeFiles/listener.dir/src/main.cpp.o] Error 1
gmake[1]: *** [CMakeFiles/Makefile2:137: CMakeFiles/listener.dir/all] Error 2
gmake: *** [Makefile:134: all] Error 2
