[0.182s] Invoking command in '/home/rhys/ws_snow/build/snow_con_rt': CMAKE_PREFIX_PATH=${CMAKE_PREFIX_PATH}:/opt/ros/humble /usr/bin/cmake --build /home/rhys/ws_snow/build/snow_con_rt -- -j12 -l12
[0.233s] -- Found ament_cmake: 1.3.8 (/opt/ros/humble/share/ament_cmake/cmake)
[0.377s] -- Found Python3: /usr/bin/python3 (found version "3.10.12") found components: Interpreter 
[0.461s] -- Found rclcpp: 16.0.8 (/opt/ros/humble/share/rclcpp/cmake)
[0.498s] -- Found rosidl_generator_c: 3.1.5 (/opt/ros/humble/share/rosidl_generator_c/cmake)
[0.502s] -- Found rosidl_adapter: 3.1.5 (/opt/ros/humble/share/rosidl_adapter/cmake)
[0.511s] -- Found rosidl_generator_cpp: 3.1.5 (/opt/ros/humble/share/rosidl_generator_cpp/cmake)
[0.529s] -- Using all available rosidl_typesupport_c: rosidl_typesupport_fastrtps_c;rosidl_typesupport_introspection_c
[0.553s] -- Using all available rosidl_typesupport_cpp: rosidl_typesupport_fastrtps_cpp;rosidl_typesupport_introspection_cpp
[0.646s] -- Found rmw_implementation_cmake: 6.1.1 (/opt/ros/humble/share/rmw_implementation_cmake/cmake)
[0.647s] -- Found rmw_fastrtps_cpp: 6.2.6 (/opt/ros/humble/share/rmw_fastrtps_cpp/cmake)
[0.806s] -- Using RMW implementation 'rmw_fastrtps_cpp' as default
[0.950s] -- Found sensor_msgs: 4.2.3 (/opt/ros/humble/share/sensor_msgs/cmake)
[1.064s] -- Found ament_lint_auto: 0.12.10 (/opt/ros/humble/share/ament_lint_auto/cmake)
[1.160s] -- Added test 'cppcheck' to perform static code analysis on C / C++ code
[1.160s] -- Configured cppcheck include dirs: 
[1.160s] -- Configured cppcheck exclude dirs and/or files: 
[1.161s] -- Added test 'lint_cmake' to check CMake code style
[1.162s] -- Added test 'uncrustify' to check C / C++ code style
[1.162s] -- Configured uncrustify additional arguments: 
[1.163s] -- Added test 'xmllint' to check XML markup files
[1.164s] -- Configuring done
[1.177s] -- Generating done
[1.179s] -- Build files have been written to: /home/rhys/ws_snow/build/snow_con_rt
[1.207s] [35m[1mConsolidate compiler generated dependencies of target listener[0m
[1.239s] [ 40%] [32mBuilding CXX object CMakeFiles/listener.dir/src/utility.cpp.o[0m
[1.240s] [ 40%] [32mBuilding CXX object CMakeFiles/listener.dir/src/main.cpp.o[0m
[1.241s] [ 60%] [32mBuilding CXX object CMakeFiles/listener.dir/src/eso.cpp.o[0m
[1.242s] [ 80%] [32mBuilding CXX object CMakeFiles/listener.dir/src/kbhit.cpp.o[0m
[3.638s] [01m[K/home/rhys/ws_snow/src/snow_con_rt/src/main.cpp:[m[K In member function ‘[01m[Kvoid MinimalSubscriber::topic_callback(sensor_msgs::msg::JointState_<std::allocator<void> >::SharedPtr)[m[K’:
[3.638s] [01m[K/home/rhys/ws_snow/src/snow_con_rt/src/main.cpp:1003:19:[m[K [01;35m[Kwarning: [m[Kvariable ‘[01m[Ktstartmove[m[K’ set but not used [[01;35m[K]8;;https://gcc.gnu.org/onlinedocs/gcc/Warning-Options.html#index-Wunused-but-set-variable-Wunused-but-set-variable]8;;[m[K]
[3.638s]  1003 |     static double [01;35m[Ktstartmove[m[K;
[3.638s]       |                   [01;35m[K^~~~~~~~~~[m[K
[9.032s] [100%] [32m[1mLinking CXX executable listener[0m
[9.530s] [100%] Built target listener
[9.544s] Invoked command in '/home/rhys/ws_snow/build/snow_con_rt' returned '0': CMAKE_PREFIX_PATH=${CMAKE_PREFIX_PATH}:/opt/ros/humble /usr/bin/cmake --build /home/rhys/ws_snow/build/snow_con_rt -- -j12 -l12
[9.629s] Invoking command in '/home/rhys/ws_snow/build/snow_con_rt': CMAKE_PREFIX_PATH=${CMAKE_PREFIX_PATH}:/opt/ros/humble /usr/bin/cmake --install /home/rhys/ws_snow/build/snow_con_rt
[9.645s] -- Install configuration: ""
[9.646s] -- Installing: /home/rhys/ws_snow/install/snow_con_rt/lib/snow_con_rt/listener
[9.657s] -- Set runtime path of "/home/rhys/ws_snow/install/snow_con_rt/lib/snow_con_rt/listener" to ""
[9.657s] -- Up-to-date: /home/rhys/ws_snow/install/snow_con_rt/share/ament_index/resource_index/package_run_dependencies/snow_con_rt
[9.657s] -- Installing: /home/rhys/ws_snow/install/snow_con_rt/share/ament_index/resource_index/parent_prefix_path/snow_con_rt
[9.657s] -- Installing: /home/rhys/ws_snow/install/snow_con_rt/share/snow_con_rt/environment/ament_prefix_path.sh
[9.658s] -- Installing: /home/rhys/ws_snow/install/snow_con_rt/share/snow_con_rt/environment/ament_prefix_path.dsv
[9.658s] -- Installing: /home/rhys/ws_snow/install/snow_con_rt/share/snow_con_rt/environment/path.sh
[9.659s] -- Installing: /home/rhys/ws_snow/install/snow_con_rt/share/snow_con_rt/environment/path.dsv
[9.659s] -- Up-to-date: /home/rhys/ws_snow/install/snow_con_rt/share/snow_con_rt/local_setup.bash
[9.659s] -- Up-to-date: /home/rhys/ws_snow/install/snow_con_rt/share/snow_con_rt/local_setup.sh
[9.659s] -- Up-to-date: /home/rhys/ws_snow/install/snow_con_rt/share/snow_con_rt/local_setup.zsh
[9.659s] -- Installing: /home/rhys/ws_snow/install/snow_con_rt/share/snow_con_rt/local_setup.dsv
[9.660s] -- Installing: /home/rhys/ws_snow/install/snow_con_rt/share/snow_con_rt/package.dsv
[9.660s] -- Up-to-date: /home/rhys/ws_snow/install/snow_con_rt/share/ament_index/resource_index/packages/snow_con_rt
[9.661s] -- Up-to-date: /home/rhys/ws_snow/install/snow_con_rt/share/snow_con_rt/cmake/snow_con_rtConfig.cmake
[9.661s] -- Up-to-date: /home/rhys/ws_snow/install/snow_con_rt/share/snow_con_rt/cmake/snow_con_rtConfig-version.cmake
[9.661s] -- Up-to-date: /home/rhys/ws_snow/install/snow_con_rt/share/snow_con_rt/package.xml
[9.667s] Invoked command in '/home/rhys/ws_snow/build/snow_con_rt' returned '0': CMAKE_PREFIX_PATH=${CMAKE_PREFIX_PATH}:/opt/ros/humble /usr/bin/cmake --install /home/rhys/ws_snow/build/snow_con_rt
