[0.016s] Invoking command in '/home/bern/ws_snow/build/hard_con': CMAKE_PREFIX_PATH=${CMAKE_PREFIX_PATH}:/opt/ros/humble /usr/bin/cmake --build /home/bern/ws_snow/build/hard_con -- -j12 -l12
[0.048s] [100%] Built target talker
[0.054s] Invoked command in '/home/bern/ws_snow/build/hard_con' returned '0': CMAKE_PREFIX_PATH=${CMAKE_PREFIX_PATH}:/opt/ros/humble /usr/bin/cmake --build /home/bern/ws_snow/build/hard_con -- -j12 -l12
[0.075s] Invoking command in '/home/bern/ws_snow/build/hard_con': CMAKE_PREFIX_PATH=${CMAKE_PREFIX_PATH}:/opt/ros/humble /usr/bin/cmake --install /home/bern/ws_snow/build/hard_con
[0.079s] -- Install configuration: ""
[0.080s] -- Up-to-date: /home/bern/ws_snow/install/hard_con/lib/hard_con/talker
[0.080s] -- Up-to-date: /home/bern/ws_snow/install/hard_con/share/ament_index/resource_index/package_run_dependencies/hard_con
[0.080s] -- Up-to-date: /home/bern/ws_snow/install/hard_con/share/ament_index/resource_index/parent_prefix_path/hard_con
[0.080s] -- Up-to-date: /home/bern/ws_snow/install/hard_con/share/hard_con/environment/ament_prefix_path.sh
[0.080s] -- Up-to-date: /home/bern/ws_snow/install/hard_con/share/hard_con/environment/ament_prefix_path.dsv
[0.081s] -- Up-to-date: /home/bern/ws_snow/install/hard_con/share/hard_con/environment/path.sh
[0.081s] -- Up-to-date: /home/bern/ws_snow/install/hard_con/share/hard_con/environment/path.dsv
[0.082s] -- Up-to-date: /home/bern/ws_snow/install/hard_con/share/hard_con/local_setup.bash
[0.083s] -- Up-to-date: /home/bern/ws_snow/install/hard_con/share/hard_con/local_setup.sh
[0.083s] -- Up-to-date: /home/bern/ws_snow/install/hard_con/share/hard_con/local_setup.zsh
[0.083s] -- Up-to-date: /home/bern/ws_snow/install/hard_con/share/hard_con/local_setup.dsv
[0.083s] -- Installing: /home/bern/ws_snow/install/hard_con/share/hard_con/package.dsv
[0.084s] -- Up-to-date: /home/bern/ws_snow/install/hard_con/share/ament_index/resource_index/packages/hard_con
[0.084s] -- Up-to-date: /home/bern/ws_snow/install/hard_con/share/hard_con/cmake/hard_conConfig.cmake
[0.084s] -- Up-to-date: /home/bern/ws_snow/install/hard_con/share/hard_con/cmake/hard_conConfig-version.cmake
[0.085s] -- Up-to-date: /home/bern/ws_snow/install/hard_con/share/hard_con/package.xml
[0.108s] Invoked command in '/home/bern/ws_snow/build/hard_con' returned '0': CMAKE_PREFIX_PATH=${CMAKE_PREFIX_PATH}:/opt/ros/humble /usr/bin/cmake --install /home/bern/ws_snow/build/hard_con
