[0.015s] Invoking command in '/home/bern/ws_snow/build/hard_con': CMAKE_PREFIX_PATH=${CMAKE_PREFIX_PATH}:/opt/ros/humble /usr/bin/cmake /home/bern/ws_snow/src/hard_con -DCMAKE_INSTALL_PREFIX=/home/bern/ws_snow/install/hard_con
[0.087s] -- The C compiler identification is GNU 11.4.0
[0.155s] -- The CXX compiler identification is GNU 11.4.0
[0.162s] -- Detecting C compiler ABI info
[0.211s] -- Detecting C compiler ABI info - done
[0.219s] -- Check for working C compiler: /usr/bin/cc - skipped
[0.220s] -- Detecting C compile features
[0.220s] -- Detecting C compile features - done
[0.223s] -- Detecting CXX compiler ABI info
[0.272s] -- Detecting CXX compiler ABI info - done
[0.281s] -- Check for working CXX compiler: /usr/bin/c++ - skipped
[0.281s] -- Detecting CXX compile features
[0.282s] -- Detecting CXX compile features - done
[0.284s] -- Found ament_cmake: 1.3.9 (/opt/ros/humble/share/ament_cmake/cmake)
[0.399s] -- Found Python3: /usr/bin/python3 (found version "3.10.12") found components: Interpreter 
[0.460s] -- Found rclcpp: 16.0.9 (/opt/ros/humble/share/rclcpp/cmake)
[0.496s] -- Found rosidl_generator_c: 3.1.5 (/opt/ros/humble/share/rosidl_generator_c/cmake)
[0.501s] -- Found rosidl_adapter: 3.1.5 (/opt/ros/humble/share/rosidl_adapter/cmake)
[0.509s] -- Found rosidl_generator_cpp: 3.1.5 (/opt/ros/humble/share/rosidl_generator_cpp/cmake)
[0.521s] -- Using all available rosidl_typesupport_c: rosidl_typesupport_fastrtps_c;rosidl_typesupport_introspection_c
[0.538s] -- Using all available rosidl_typesupport_cpp: rosidl_typesupport_fastrtps_cpp;rosidl_typesupport_introspection_cpp
[0.592s] -- Found rmw_implementation_cmake: 6.1.2 (/opt/ros/humble/share/rmw_implementation_cmake/cmake)
[0.595s] -- Found rmw_fastrtps_cpp: 6.2.6 (/opt/ros/humble/share/rmw_fastrtps_cpp/cmake)
[0.668s] -- Found OpenSSL: /usr/lib/x86_64-linux-gnu/libcrypto.so (found version "3.0.2")  
[0.691s] -- Found FastRTPS: /opt/ros/humble/include  
[0.725s] -- Using RMW implementation 'rmw_fastrtps_cpp' as default
[0.736s] -- Looking for pthread.h
[0.781s] -- Looking for pthread.h - found
[0.781s] -- Performing Test CMAKE_HAVE_LIBC_PTHREAD
[0.826s] -- Performing Test CMAKE_HAVE_LIBC_PTHREAD - Success
[0.828s] -- Found Threads: TRUE  
[0.941s] -- Found sensor_msgs: 4.2.4 (/opt/ros/humble/share/sensor_msgs/cmake)
[1.028s] -- Found ament_lint_auto: 0.12.11 (/opt/ros/humble/share/ament_lint_auto/cmake)
[1.084s] -- Added test 'cppcheck' to perform static code analysis on C / C++ code
[1.084s] -- Configured cppcheck include dirs: 
[1.084s] -- Configured cppcheck exclude dirs and/or files: 
[1.085s] -- Added test 'lint_cmake' to check CMake code style
[1.086s] -- Added test 'uncrustify' to check C / C++ code style
[1.086s] -- Configured uncrustify additional arguments: 
[1.086s] -- Added test 'xmllint' to check XML markup files
[1.086s] -- Configuring done
[1.092s] -- Generating done
[1.092s] -- Build files have been written to: /home/bern/ws_snow/build/hard_con
[1.099s] Invoked command in '/home/bern/ws_snow/build/hard_con' returned '0': CMAKE_PREFIX_PATH=${CMAKE_PREFIX_PATH}:/opt/ros/humble /usr/bin/cmake /home/bern/ws_snow/src/hard_con -DCMAKE_INSTALL_PREFIX=/home/bern/ws_snow/install/hard_con
[1.100s] Invoking command in '/home/bern/ws_snow/build/hard_con': CMAKE_PREFIX_PATH=${CMAKE_PREFIX_PATH}:/opt/ros/humble /usr/bin/cmake --build /home/bern/ws_snow/build/hard_con -- -j12 -l12
[1.131s] [ 50%] [32mBuilding CXX object CMakeFiles/talker.dir/src/main.cpp.o[0m
[2.715s] [01m[K/home/bern/ws_snow/src/hard_con/src/main.cpp:[m[K In member function ‘[01m[Kvoid MinimalPublisher::print_latency(double)[m[K’:
[2.715s] [01m[K/home/bern/ws_snow/src/hard_con/src/main.cpp:56:11:[m[K [01;35m[Kwarning: [m[Kunused variable ‘[01m[Ki[m[K’ [[01;35m[K]8;;https://gcc.gnu.org/onlinedocs/gcc/Warning-Options.html#index-Wunused-variable-Wunused-variable]8;;[m[K]
[2.715s]    56 |       int [01;35m[Ki[m[K, j;
[2.715s]       |           [01;35m[K^[m[K
[2.715s] [01m[K/home/bern/ws_snow/src/hard_con/src/main.cpp:56:14:[m[K [01;35m[Kwarning: [m[Kunused variable ‘[01m[Kj[m[K’ [[01;35m[K]8;;https://gcc.gnu.org/onlinedocs/gcc/Warning-Options.html#index-Wunused-variable-Wunused-variable]8;;[m[K]
[2.715s]    56 |       int i, [01;35m[Kj[m[K;
[2.715s]       |              [01;35m[K^[m[K
[6.823s] [100%] [32m[1mLinking CXX executable talker[0m
[7.118s] [100%] Built target talker
[7.125s] Invoked command in '/home/bern/ws_snow/build/hard_con' returned '0': CMAKE_PREFIX_PATH=${CMAKE_PREFIX_PATH}:/opt/ros/humble /usr/bin/cmake --build /home/bern/ws_snow/build/hard_con -- -j12 -l12
[7.142s] Invoking command in '/home/bern/ws_snow/build/hard_con': CMAKE_PREFIX_PATH=${CMAKE_PREFIX_PATH}:/opt/ros/humble /usr/bin/cmake --install /home/bern/ws_snow/build/hard_con
[7.147s] -- Install configuration: ""
[7.147s] -- Installing: /home/bern/ws_snow/install/hard_con/lib/hard_con/talker
[7.150s] -- Set runtime path of "/home/bern/ws_snow/install/hard_con/lib/hard_con/talker" to ""
[7.150s] -- Installing: /home/bern/ws_snow/install/hard_con/share/ament_index/resource_index/package_run_dependencies/hard_con
[7.150s] -- Installing: /home/bern/ws_snow/install/hard_con/share/ament_index/resource_index/parent_prefix_path/hard_con
[7.150s] -- Up-to-date: /home/bern/ws_snow/install/hard_con/share/hard_con/environment/ament_prefix_path.sh
[7.150s] -- Installing: /home/bern/ws_snow/install/hard_con/share/hard_con/environment/ament_prefix_path.dsv
[7.150s] -- Up-to-date: /home/bern/ws_snow/install/hard_con/share/hard_con/environment/path.sh
[7.151s] -- Installing: /home/bern/ws_snow/install/hard_con/share/hard_con/environment/path.dsv
[7.151s] -- Installing: /home/bern/ws_snow/install/hard_con/share/hard_con/local_setup.bash
[7.151s] -- Installing: /home/bern/ws_snow/install/hard_con/share/hard_con/local_setup.sh
[7.151s] -- Installing: /home/bern/ws_snow/install/hard_con/share/hard_con/local_setup.zsh
[7.151s] -- Installing: /home/bern/ws_snow/install/hard_con/share/hard_con/local_setup.dsv
[7.151s] -- Installing: /home/bern/ws_snow/install/hard_con/share/hard_con/package.dsv
[7.151s] -- Installing: /home/bern/ws_snow/install/hard_con/share/ament_index/resource_index/packages/hard_con
[7.151s] -- Installing: /home/bern/ws_snow/install/hard_con/share/hard_con/cmake/hard_conConfig.cmake
[7.151s] -- Installing: /home/bern/ws_snow/install/hard_con/share/hard_con/cmake/hard_conConfig-version.cmake
[7.151s] -- Up-to-date: /home/bern/ws_snow/install/hard_con/share/hard_con/package.xml
[7.153s] Invoked command in '/home/bern/ws_snow/build/hard_con' returned '0': CMAKE_PREFIX_PATH=${CMAKE_PREFIX_PATH}:/opt/ros/humble /usr/bin/cmake --install /home/bern/ws_snow/build/hard_con
