[0.014s] Invoking command in '/home/bern/ws_snow/build/snow_sim': CMAKE_PREFIX_PATH=${CMAKE_PREFIX_PATH}:/opt/ros/humble /usr/bin/cmake /home/bern/ws_snow/src/snow_sim -DCMAKE_INSTALL_PREFIX=/home/bern/ws_snow/install/snow_sim
[0.051s] -- The C compiler identification is GNU 11.4.0
[0.087s] -- The CXX compiler identification is GNU 11.4.0
[0.091s] -- Detecting C compiler ABI info
[0.135s] -- Detecting C compiler ABI info - done
[0.144s] -- Check for working C compiler: /usr/bin/cc - skipped
[0.144s] -- Detecting C compile features
[0.144s] -- Detecting C compile features - done
[0.148s] -- Detecting CXX compiler ABI info
[0.205s] -- Detecting CXX compiler ABI info - done
[0.214s] -- Check for working CXX compiler: /usr/bin/c++ - skipped
[0.214s] -- Detecting CXX compile features
[0.215s] -- Detecting CXX compile features - done
[0.216s] -- Found ament_cmake: 1.3.9 (/opt/ros/humble/share/ament_cmake/cmake)
[0.315s] -- Found Python3: /usr/bin/python3 (found version "3.10.12") found components: Interpreter 
[0.375s] -- Found control_msgs: 4.6.0 (/opt/ros/humble/share/control_msgs/cmake)
[0.398s] -- Found rosidl_generator_c: 3.1.5 (/opt/ros/humble/share/rosidl_generator_c/cmake)
[0.401s] -- Found rosidl_adapter: 3.1.5 (/opt/ros/humble/share/rosidl_adapter/cmake)
[0.406s] -- Found rosidl_generator_cpp: 3.1.5 (/opt/ros/humble/share/rosidl_generator_cpp/cmake)
[0.414s] -- Using all available rosidl_typesupport_c: rosidl_typesupport_fastrtps_c;rosidl_typesupport_introspection_c
[0.434s] -- Using all available rosidl_typesupport_cpp: rosidl_typesupport_fastrtps_cpp;rosidl_typesupport_introspection_cpp
[0.810s] -- Found rclcpp: 16.0.9 (/opt/ros/humble/share/rclcpp/cmake)
[0.849s] -- Found rmw_implementation_cmake: 6.1.2 (/opt/ros/humble/share/rmw_implementation_cmake/cmake)
[0.851s] -- Found rmw_fastrtps_cpp: 6.2.6 (/opt/ros/humble/share/rmw_fastrtps_cpp/cmake)
[0.913s] -- Found OpenSSL: /usr/lib/x86_64-linux-gnu/libcrypto.so (found version "3.0.2")  
[0.931s] -- Found FastRTPS: /opt/ros/humble/include  
[0.964s] -- Using RMW implementation 'rmw_fastrtps_cpp' as default
[0.970s] -- Looking for pthread.h
[1.014s] -- Looking for pthread.h - found
[1.014s] -- Performing Test CMAKE_HAVE_LIBC_PTHREAD
[1.062s] -- Performing Test CMAKE_HAVE_LIBC_PTHREAD - Success
[1.063s] -- Found Threads: TRUE  
[1.164s] -- Found rclcpp_action: 16.0.9 (/opt/ros/humble/share/rclcpp_action/cmake)
[1.186s] -- Found ament_lint_auto: 0.12.11 (/opt/ros/humble/share/ament_lint_auto/cmake)
[1.241s] -- Added test 'cppcheck' to perform static code analysis on C / C++ code
[1.241s] -- Configured cppcheck include dirs: 
[1.241s] -- Configured cppcheck exclude dirs and/or files: 
[1.242s] -- Added test 'flake8' to check Python code syntax and style conventions
[1.243s] -- Added test 'lint_cmake' to check CMake code style
[1.244s] -- Added test 'pep257' to check Python code against some of the docstring style conventions in PEP 257
[1.248s] -- Added test 'uncrustify' to check C / C++ code style
[1.248s] -- Configured uncrustify additional arguments: 
[1.249s] -- Added test 'xmllint' to check XML markup files
[1.250s] -- Configuring done
[1.256s] -- Generating done
[1.257s] -- Build files have been written to: /home/bern/ws_snow/build/snow_sim
[1.265s] Invoked command in '/home/bern/ws_snow/build/snow_sim' returned '0': CMAKE_PREFIX_PATH=${CMAKE_PREFIX_PATH}:/opt/ros/humble /usr/bin/cmake /home/bern/ws_snow/src/snow_sim -DCMAKE_INSTALL_PREFIX=/home/bern/ws_snow/install/snow_sim
[1.267s] Invoking command in '/home/bern/ws_snow/build/snow_sim': CMAKE_PREFIX_PATH=${CMAKE_PREFIX_PATH}:/opt/ros/humble /usr/bin/cmake --build /home/bern/ws_snow/build/snow_sim -- -j12 -l12
[1.309s] [ 50%] [32mBuilding CXX object CMakeFiles/example_effort.dir/examples/example_effort.cpp.o[0m
[4.000s] [100%] [32m[1mLinking CXX executable example_effort[0m
[4.136s] [100%] Built target example_effort
[4.144s] Invoked command in '/home/bern/ws_snow/build/snow_sim' returned '0': CMAKE_PREFIX_PATH=${CMAKE_PREFIX_PATH}:/opt/ros/humble /usr/bin/cmake --build /home/bern/ws_snow/build/snow_sim -- -j12 -l12
[4.161s] Invoking command in '/home/bern/ws_snow/build/snow_sim': CMAKE_PREFIX_PATH=${CMAKE_PREFIX_PATH}:/opt/ros/humble /usr/bin/cmake --install /home/bern/ws_snow/build/snow_sim
[4.165s] -- Install configuration: ""
[4.165s] -- Installing: /home/bern/ws_snow/install/snow_sim/share/snow_sim//launch
[4.165s] -- Installing: /home/bern/ws_snow/install/snow_sim/share/snow_sim//launch/build
[4.166s] -- Installing: /home/bern/ws_snow/install/snow_sim/share/snow_sim//launch/build/.built_by
[4.166s] -- Installing: /home/bern/ws_snow/install/snow_sim/share/snow_sim//launch/build/COLCON_IGNORE
[4.166s] -- Installing: /home/bern/ws_snow/install/snow_sim/share/snow_sim//launch/log
[4.166s] -- Installing: /home/bern/ws_snow/install/snow_sim/share/snow_sim//launch/log/latest
[4.166s] -- Installing: /home/bern/ws_snow/install/snow_sim/share/snow_sim//launch/log/latest/events.log
[4.166s] -- Installing: /home/bern/ws_snow/install/snow_sim/share/snow_sim//launch/log/latest/logger_all.log
[4.166s] -- Installing: /home/bern/ws_snow/install/snow_sim/share/snow_sim//launch/log/build_2022-11-16_12-55-58
[4.166s] -- Installing: /home/bern/ws_snow/install/snow_sim/share/snow_sim//launch/log/build_2022-11-16_12-55-58/events.log
[4.167s] -- Installing: /home/bern/ws_snow/install/snow_sim/share/snow_sim//launch/log/build_2022-11-16_12-55-58/logger_all.log
[4.167s] -- Installing: /home/bern/ws_snow/install/snow_sim/share/snow_sim//launch/log/COLCON_IGNORE
[4.167s] -- Installing: /home/bern/ws_snow/install/snow_sim/share/snow_sim//launch/log/latest_build
[4.167s] -- Installing: /home/bern/ws_snow/install/snow_sim/share/snow_sim//launch/log/latest_build/events.log
[4.167s] -- Installing: /home/bern/ws_snow/install/snow_sim/share/snow_sim//launch/log/latest_build/logger_all.log
[4.167s] -- Installing: /home/bern/ws_snow/install/snow_sim/share/snow_sim//launch/snow_v2-pi.launch.py
[4.167s] -- Installing: /home/bern/ws_snow/install/snow_sim/share/snow_sim//launch/snow_v3.launch.py
[4.167s] -- Installing: /home/bern/ws_snow/install/snow_sim/share/snow_sim//launch/snow.launch.py
[4.167s] -- Installing: /home/bern/ws_snow/install/snow_sim/share/snow_sim//launch/snow_v2.launch.py
[4.167s] -- Installing: /home/bern/ws_snow/install/snow_sim/share/snow_sim//launch/sbsimple_ign.launch.py
[4.168s] -- Installing: /home/bern/ws_snow/install/snow_sim/share/snow_sim//launch/install
[4.168s] -- Installing: /home/bern/ws_snow/install/snow_sim/share/snow_sim//launch/install/_local_setup_util_sh.py
[4.168s] -- Installing: /home/bern/ws_snow/install/snow_sim/share/snow_sim//launch/install/local_setup.zsh
[4.168s] -- Installing: /home/bern/ws_snow/install/snow_sim/share/snow_sim//launch/install/_local_setup_util_ps1.py
[4.168s] -- Installing: /home/bern/ws_snow/install/snow_sim/share/snow_sim//launch/install/setup.bash
[4.168s] -- Installing: /home/bern/ws_snow/install/snow_sim/share/snow_sim//launch/install/setup.sh
[4.168s] -- Installing: /home/bern/ws_snow/install/snow_sim/share/snow_sim//launch/install/local_setup.bash
[4.168s] -- Installing: /home/bern/ws_snow/install/snow_sim/share/snow_sim//launch/install/setup.ps1
[4.168s] -- Installing: /home/bern/ws_snow/install/snow_sim/share/snow_sim//launch/install/local_setup.ps1
[4.169s] -- Installing: /home/bern/ws_snow/install/snow_sim/share/snow_sim//launch/install/COLCON_IGNORE
[4.169s] -- Installing: /home/bern/ws_snow/install/snow_sim/share/snow_sim//launch/install/.colcon_install_layout
[4.169s] -- Installing: /home/bern/ws_snow/install/snow_sim/share/snow_sim//launch/install/setup.zsh
[4.169s] -- Installing: /home/bern/ws_snow/install/snow_sim/share/snow_sim//launch/install/local_setup.sh
[4.169s] -- Installing: /home/bern/ws_snow/install/snow_sim/share/snow_sim//launch/temp
[4.169s] -- Installing: /home/bern/ws_snow/install/snow_sim/share/snow_sim//config
[4.169s] -- Installing: /home/bern/ws_snow/install/snow_sim/share/snow_sim//config/snow_v3.yaml
[4.169s] -- Installing: /home/bern/ws_snow/install/snow_sim/share/snow_sim//config/sbsimple.yaml
[4.169s] -- Installing: /home/bern/ws_snow/install/snow_sim/share/snow_sim//config/snow.yaml
[4.169s] -- Installing: /home/bern/ws_snow/install/snow_sim/share/snow_sim//config/temp
[4.169s] -- Installing: /home/bern/ws_snow/install/snow_sim/share/snow_sim//urdf
[4.170s] -- Installing: /home/bern/ws_snow/install/snow_sim/share/snow_sim//urdf/snow_v5.urdf
[4.170s] -- Installing: /home/bern/ws_snow/install/snow_sim/share/snow_sim//urdf/snowbot_simple.urdf
[4.170s] -- Installing: /home/bern/ws_snow/install/snow_sim/share/snow_sim//urdf/snow_complete_v2-1_stl wheel.urdf
[4.170s] -- Installing: /home/bern/ws_snow/install/snow_sim/share/snow_sim//urdf/snow_v5.sdf
[4.170s] -- Installing: /home/bern/ws_snow/install/snow_sim/share/snow_sim//urdf/snowbot_simple_ign.urdf
[4.170s] -- Installing: /home/bern/ws_snow/install/snow_sim/share/snow_sim//urdf/snow_orig.urdf
[4.170s] -- Installing: /home/bern/ws_snow/install/snow_sim/share/snow_sim//urdf/snow_complete_v2.urdf
[4.170s] -- Installing: /home/bern/ws_snow/install/snow_sim/share/snow_sim//urdf/snow_collision_v1.urdf
[4.170s] -- Installing: /home/bern/ws_snow/install/snow_sim/share/snow_sim//urdf/snow_complete_v2-1_hard code wheel.urdf
[4.170s] -- Installing: /home/bern/ws_snow/install/snow_sim/share/snow_sim//urdf/snow_v4.urdf
[4.170s] -- Installing: /home/bern/ws_snow/install/snow_sim/share/snow_sim//urdf/snow_v3.urdf
[4.170s] -- Installing: /home/bern/ws_snow/install/snow_sim/share/snow_sim//urdf/snow_v2.urdf
[4.170s] -- Installing: /home/bern/ws_snow/install/snow_sim/share/snow_sim//urdf/snow.urdf
[4.170s] -- Installing: /home/bern/ws_snow/install/snow_sim/share/snow_sim//urdf/snow_complete_v3.urdf
[4.171s] -- Installing: /home/bern/ws_snow/install/snow_sim/share/snow_sim//urdf/snow_complete_v2-stl only.urdf
[4.171s] -- Installing: /home/bern/ws_snow/install/snow_sim/share/snow_sim//urdf/snow_collision_v1-1.urdf
[4.171s] -- Installing: /home/bern/ws_snow/install/snow_sim/share/snow_sim//urdf/snow_complete_v1.urdf
[4.171s] -- Installing: /home/bern/ws_snow/install/snow_sim/share/snow_sim//urdf/temp
[4.171s] -- Installing: /home/bern/ws_snow/install/snow_sim/share/snow_sim//meshes
[4.171s] -- Installing: /home/bern/ws_snow/install/snow_sim/share/snow_sim//meshes/wm3_wheel.STL
[4.171s] -- Installing: /home/bern/ws_snow/install/snow_sim/share/snow_sim//meshes/wm4_wheel.STL
[4.171s] -- Installing: /home/bern/ws_snow/install/snow_sim/share/snow_sim//meshes/wm3.STL
[4.171s] -- Installing: /home/bern/ws_snow/install/snow_sim/share/snow_sim//meshes/wm2.STL
[4.171s] -- Installing: /home/bern/ws_snow/install/snow_sim/share/snow_sim//meshes/wm1.STL
[4.171s] -- Installing: /home/bern/ws_snow/install/snow_sim/share/snow_sim//meshes/wm2_wheel.STL
[4.171s] -- Installing: /home/bern/ws_snow/install/snow_sim/share/snow_sim//meshes/base_link.STL
[4.171s] -- Installing: /home/bern/ws_snow/install/snow_sim/share/snow_sim//meshes/wm1_wheel.STL
[4.172s] -- Installing: /home/bern/ws_snow/install/snow_sim/share/snow_sim//meshes/wm4.STL
[4.172s] -- Installing: /home/bern/ws_snow/install/snow_sim/share/snow_sim//meshes_v2
[4.172s] -- Installing: /home/bern/ws_snow/install/snow_sim/share/snow_sim//meshes_v2/wm1_steering_axis.STL
[4.172s] -- Installing: /home/bern/ws_snow/install/snow_sim/share/snow_sim//meshes_v2/wm4_base.STL
[4.172s] -- Installing: /home/bern/ws_snow/install/snow_sim/share/snow_sim//meshes_v2/wm3_wheel.STL
[4.172s] -- Installing: /home/bern/ws_snow/install/snow_sim/share/snow_sim//meshes_v2/wm1_brake_enc.STL
[4.172s] -- Installing: /home/bern/ws_snow/install/snow_sim/share/snow_sim//meshes_v2/wm3_steering_axis.STL
[4.172s] -- Installing: /home/bern/ws_snow/install/snow_sim/share/snow_sim//meshes_v2/wm3_arm.STL
[4.172s] -- Installing: /home/bern/ws_snow/install/snow_sim/share/snow_sim//meshes_v2/wm4_wheel.STL
[4.172s] -- Installing: /home/bern/ws_snow/install/snow_sim/share/snow_sim//meshes_v2/wm1_arm.STL
[4.172s] -- Installing: /home/bern/ws_snow/install/snow_sim/share/snow_sim//meshes_v2/wm4_brake_enc.STL
[4.172s] -- Installing: /home/bern/ws_snow/install/snow_sim/share/snow_sim//meshes_v2/wm3_brake_enc.STL
[4.172s] -- Installing: /home/bern/ws_snow/install/snow_sim/share/snow_sim//meshes_v2/wm4_arm.STL
[4.172s] -- Installing: /home/bern/ws_snow/install/snow_sim/share/snow_sim//meshes_v2/wm2_wheel.STL
[4.173s] -- Installing: /home/bern/ws_snow/install/snow_sim/share/snow_sim//meshes_v2/wm2_arm.STL
[4.173s] -- Installing: /home/bern/ws_snow/install/snow_sim/share/snow_sim//meshes_v2/base_link.STL
[4.173s] -- Installing: /home/bern/ws_snow/install/snow_sim/share/snow_sim//meshes_v2/wm2_base.STL
[4.173s] -- Installing: /home/bern/ws_snow/install/snow_sim/share/snow_sim//meshes_v2/wm2_steering_axis.STL
[4.173s] -- Installing: /home/bern/ws_snow/install/snow_sim/share/snow_sim//meshes_v2/wm1_wheel.STL
[4.173s] -- Installing: /home/bern/ws_snow/install/snow_sim/share/snow_sim//meshes_v2/wm1_base.STL
[4.173s] -- Installing: /home/bern/ws_snow/install/snow_sim/share/snow_sim//meshes_v2/wm2_brake_enc.STL
[4.173s] -- Installing: /home/bern/ws_snow/install/snow_sim/share/snow_sim//meshes_v2/wm4_steering_axis.STL
[4.173s] -- Installing: /home/bern/ws_snow/install/snow_sim/share/snow_sim//meshes_v2/wm3_base.STL
[4.173s] -- Installing: /home/bern/ws_snow/install/snow_sim/share/snow_sim//meshes_visual
[4.173s] -- Installing: /home/bern/ws_snow/install/snow_sim/share/snow_sim//meshes_visual/wm1_steering_axis.STL
[4.173s] -- Installing: /home/bern/ws_snow/install/snow_sim/share/snow_sim//meshes_visual/visual_v2
[4.173s] -- Installing: /home/bern/ws_snow/install/snow_sim/share/snow_sim//meshes_visual/visual_v2/wm1_steering_axis.STL
[4.173s] -- Installing: /home/bern/ws_snow/install/snow_sim/share/snow_sim//meshes_visual/visual_v2/wm4_base.STL
[4.174s] -- Installing: /home/bern/ws_snow/install/snow_sim/share/snow_sim//meshes_visual/visual_v2/wm3_wheel.STL
[4.174s] -- Installing: /home/bern/ws_snow/install/snow_sim/share/snow_sim//meshes_visual/visual_v2/wm1_brake_enc.STL
[4.174s] -- Installing: /home/bern/ws_snow/install/snow_sim/share/snow_sim//meshes_visual/visual_v2/wm3_steering_axis.STL
[4.174s] -- Installing: /home/bern/ws_snow/install/snow_sim/share/snow_sim//meshes_visual/visual_v2/wm3_arm.STL
[4.174s] -- Installing: /home/bern/ws_snow/install/snow_sim/share/snow_sim//meshes_visual/visual_v2/wm4_wheel.STL
[4.174s] -- Installing: /home/bern/ws_snow/install/snow_sim/share/snow_sim//meshes_visual/visual_v2/wm1_arm.STL
[4.174s] -- Installing: /home/bern/ws_snow/install/snow_sim/share/snow_sim//meshes_visual/visual_v2/wm4_brake_enc.STL
[4.174s] -- Installing: /home/bern/ws_snow/install/snow_sim/share/snow_sim//meshes_visual/visual_v2/wm3_brake_enc.STL
[4.174s] -- Installing: /home/bern/ws_snow/install/snow_sim/share/snow_sim//meshes_visual/visual_v2/wm4_arm.STL
[4.175s] -- Installing: /home/bern/ws_snow/install/snow_sim/share/snow_sim//meshes_visual/visual_v2/wm2_wheel.STL
[4.175s] -- Installing: /home/bern/ws_snow/install/snow_sim/share/snow_sim//meshes_visual/visual_v2/wm2_arm.STL
[4.175s] -- Installing: /home/bern/ws_snow/install/snow_sim/share/snow_sim//meshes_visual/visual_v2/base_link.STL
[4.184s] -- Installing: /home/bern/ws_snow/install/snow_sim/share/snow_sim//meshes_visual/visual_v2/wm2_base.STL
[4.185s] -- Installing: /home/bern/ws_snow/install/snow_sim/share/snow_sim//meshes_visual/visual_v2/wm2_steering_axis.STL
[4.185s] -- Installing: /home/bern/ws_snow/install/snow_sim/share/snow_sim//meshes_visual/visual_v2/wm1_wheel.STL
[4.185s] -- Installing: /home/bern/ws_snow/install/snow_sim/share/snow_sim//meshes_visual/visual_v2/wm1_base.STL
[4.185s] -- Installing: /home/bern/ws_snow/install/snow_sim/share/snow_sim//meshes_visual/visual_v2/wm2_brake_enc.STL
[4.186s] -- Installing: /home/bern/ws_snow/install/snow_sim/share/snow_sim//meshes_visual/visual_v2/wm4_steering_axis.STL
[4.187s] -- Installing: /home/bern/ws_snow/install/snow_sim/share/snow_sim//meshes_visual/visual_v2/wm3_base.STL
[4.187s] -- Installing: /home/bern/ws_snow/install/snow_sim/share/snow_sim//meshes_visual/wm4_base.STL
[4.187s] -- Installing: /home/bern/ws_snow/install/snow_sim/share/snow_sim//meshes_visual/wm3_wheel.STL
[4.187s] -- Installing: /home/bern/ws_snow/install/snow_sim/share/snow_sim//meshes_visual/wm1_brake_enc.STL
[4.188s] -- Installing: /home/bern/ws_snow/install/snow_sim/share/snow_sim//meshes_visual/wm3_steering_axis.STL
[4.189s] -- Installing: /home/bern/ws_snow/install/snow_sim/share/snow_sim//meshes_visual/wm3_arm.STL
[4.189s] -- Installing: /home/bern/ws_snow/install/snow_sim/share/snow_sim//meshes_visual/wm4_wheel.STL
[4.189s] -- Installing: /home/bern/ws_snow/install/snow_sim/share/snow_sim//meshes_visual/wm1_arm.STL
[4.190s] -- Installing: /home/bern/ws_snow/install/snow_sim/share/snow_sim//meshes_visual/wm4_brake_enc.STL
[4.191s] -- Installing: /home/bern/ws_snow/install/snow_sim/share/snow_sim//meshes_visual/wm3_brake_enc.STL
[4.192s] -- Installing: /home/bern/ws_snow/install/snow_sim/share/snow_sim//meshes_visual/wm4_arm.STL
[4.192s] -- Installing: /home/bern/ws_snow/install/snow_sim/share/snow_sim//meshes_visual/wm2_wheel.STL
[4.193s] -- Installing: /home/bern/ws_snow/install/snow_sim/share/snow_sim//meshes_visual/wm2_arm.STL
[4.193s] -- Installing: /home/bern/ws_snow/install/snow_sim/share/snow_sim//meshes_visual/base_link.STL
[4.202s] -- Installing: /home/bern/ws_snow/install/snow_sim/share/snow_sim//meshes_visual/wm2_base.STL
[4.203s] -- Installing: /home/bern/ws_snow/install/snow_sim/share/snow_sim//meshes_visual/wm2_steering_axis.STL
[4.203s] -- Installing: /home/bern/ws_snow/install/snow_sim/share/snow_sim//meshes_visual/wm1_wheel.STL
[4.203s] -- Installing: /home/bern/ws_snow/install/snow_sim/share/snow_sim//meshes_visual/wm1_base.STL
[4.203s] -- Installing: /home/bern/ws_snow/install/snow_sim/share/snow_sim//meshes_visual/wm2_brake_enc.STL
[4.204s] -- Installing: /home/bern/ws_snow/install/snow_sim/share/snow_sim//meshes_visual/wm4_steering_axis.STL
[4.205s] -- Installing: /home/bern/ws_snow/install/snow_sim/share/snow_sim//meshes_visual/wm3_base.STL
[4.205s] -- Installing: /home/bern/ws_snow/install/snow_sim/share/snow_sim//meshes_collision
[4.205s] -- Installing: /home/bern/ws_snow/install/snow_sim/share/snow_sim//meshes_collision/wm1_steering_axis.STL
[4.205s] -- Installing: /home/bern/ws_snow/install/snow_sim/share/snow_sim//meshes_collision/wm4_base.STL
[4.206s] -- Installing: /home/bern/ws_snow/install/snow_sim/share/snow_sim//meshes_collision/wm3_wheel.STL
[4.206s] -- Installing: /home/bern/ws_snow/install/snow_sim/share/snow_sim//meshes_collision/wm1_brake_enc.STL
[4.207s] -- Installing: /home/bern/ws_snow/install/snow_sim/share/snow_sim//meshes_collision/wm3_steering_axis.STL
[4.207s] -- Installing: /home/bern/ws_snow/install/snow_sim/share/snow_sim//meshes_collision/wm3_arm.STL
[4.207s] -- Installing: /home/bern/ws_snow/install/snow_sim/share/snow_sim//meshes_collision/wm4_wheel.STL
[4.207s] -- Installing: /home/bern/ws_snow/install/snow_sim/share/snow_sim//meshes_collision/wm1_arm.STL
[4.208s] -- Installing: /home/bern/ws_snow/install/snow_sim/share/snow_sim//meshes_collision/wm4_brake_enc.STL
[4.209s] -- Installing: /home/bern/ws_snow/install/snow_sim/share/snow_sim//meshes_collision/collision_v2
[4.209s] -- Installing: /home/bern/ws_snow/install/snow_sim/share/snow_sim//meshes_collision/collision_v2/wm1_steering_axis.STL
[4.209s] -- Installing: /home/bern/ws_snow/install/snow_sim/share/snow_sim//meshes_collision/collision_v2/wm4_base.STL
[4.209s] -- Installing: /home/bern/ws_snow/install/snow_sim/share/snow_sim//meshes_collision/collision_v2/wm3_wheel.STL
[4.209s] -- Installing: /home/bern/ws_snow/install/snow_sim/share/snow_sim//meshes_collision/collision_v2/wm3_steering_axis.STL
[4.209s] -- Installing: /home/bern/ws_snow/install/snow_sim/share/snow_sim//meshes_collision/collision_v2/wm3_arm.STL
[4.210s] -- Installing: /home/bern/ws_snow/install/snow_sim/share/snow_sim//meshes_collision/collision_v2/wm2_break_enc.STL
[4.210s] -- Installing: /home/bern/ws_snow/install/snow_sim/share/snow_sim//meshes_collision/collision_v2/wm4_wheel.STL
[4.210s] -- Installing: /home/bern/ws_snow/install/snow_sim/share/snow_sim//meshes_collision/collision_v2/wm1_break_enc.STL
[4.210s] -- Installing: /home/bern/ws_snow/install/snow_sim/share/snow_sim//meshes_collision/collision_v2/wm1_arm.STL
[4.210s] -- Installing: /home/bern/ws_snow/install/snow_sim/share/snow_sim//meshes_collision/collision_v2/wm4_arm.STL
[4.210s] -- Installing: /home/bern/ws_snow/install/snow_sim/share/snow_sim//meshes_collision/collision_v2/wm4_break_enc.STL
[4.210s] -- Installing: /home/bern/ws_snow/install/snow_sim/share/snow_sim//meshes_collision/collision_v2/wm2_wheel.STL
[4.210s] -- Installing: /home/bern/ws_snow/install/snow_sim/share/snow_sim//meshes_collision/collision_v2/wm2_arm.STL
[4.210s] -- Installing: /home/bern/ws_snow/install/snow_sim/share/snow_sim//meshes_collision/collision_v2/base_link.STL
[4.210s] -- Installing: /home/bern/ws_snow/install/snow_sim/share/snow_sim//meshes_collision/collision_v2/wm2_base.STL
[4.210s] -- Installing: /home/bern/ws_snow/install/snow_sim/share/snow_sim//meshes_collision/collision_v2/wm2_steering_axis.STL
[4.210s] -- Installing: /home/bern/ws_snow/install/snow_sim/share/snow_sim//meshes_collision/collision_v2/wm1_wheel.STL
[4.210s] -- Installing: /home/bern/ws_snow/install/snow_sim/share/snow_sim//meshes_collision/collision_v2/wm3_break_enc.STL
[4.210s] -- Installing: /home/bern/ws_snow/install/snow_sim/share/snow_sim//meshes_collision/collision_v2/wm1_base.STL
[4.211s] -- Installing: /home/bern/ws_snow/install/snow_sim/share/snow_sim//meshes_collision/collision_v2/wm4_steering_axis.STL
[4.211s] -- Installing: /home/bern/ws_snow/install/snow_sim/share/snow_sim//meshes_collision/collision_v2/wm3_base.STL
[4.211s] -- Installing: /home/bern/ws_snow/install/snow_sim/share/snow_sim//meshes_collision/wm3_brake_enc.STL
[4.211s] -- Installing: /home/bern/ws_snow/install/snow_sim/share/snow_sim//meshes_collision/wm4_arm.STL
[4.211s] -- Installing: /home/bern/ws_snow/install/snow_sim/share/snow_sim//meshes_collision/wm2_wheel.STL
[4.211s] -- Installing: /home/bern/ws_snow/install/snow_sim/share/snow_sim//meshes_collision/wm2_arm.STL
[4.212s] -- Installing: /home/bern/ws_snow/install/snow_sim/share/snow_sim//meshes_collision/base_link.STL
[4.221s] -- Installing: /home/bern/ws_snow/install/snow_sim/share/snow_sim//meshes_collision/wm2_base.STL
[4.221s] -- Installing: /home/bern/ws_snow/install/snow_sim/share/snow_sim//meshes_collision/wm2_steering_axis.STL
[4.221s] -- Installing: /home/bern/ws_snow/install/snow_sim/share/snow_sim//meshes_collision/wm1_wheel.STL
[4.221s] -- Installing: /home/bern/ws_snow/install/snow_sim/share/snow_sim//meshes_collision/wm1_base.STL
[4.221s] -- Installing: /home/bern/ws_snow/install/snow_sim/share/snow_sim//meshes_collision/wm2_brake_enc.STL
[4.223s] -- Installing: /home/bern/ws_snow/install/snow_sim/share/snow_sim//meshes_collision/wm4_steering_axis.STL
[4.223s] -- Installing: /home/bern/ws_snow/install/snow_sim/share/snow_sim//meshes_collision/wm3_base.STL
[4.223s] -- Installing: /home/bern/ws_snow/install/snow_sim/share/snow_sim//worlds
[4.223s] -- Installing: /home/bern/ws_snow/install/snow_sim/share/snow_sim//worlds/warehouse.world
[4.223s] -- Installing: /home/bern/ws_snow/install/snow_sim/lib/snow_sim/example_effort
[4.224s] -- Set runtime path of "/home/bern/ws_snow/install/snow_sim/lib/snow_sim/example_effort" to ""
[4.224s] -- Installing: /home/bern/ws_snow/install/snow_sim/share/ament_index/resource_index/package_run_dependencies/snow_sim
[4.224s] -- Installing: /home/bern/ws_snow/install/snow_sim/share/ament_index/resource_index/parent_prefix_path/snow_sim
[4.224s] -- Installing: /home/bern/ws_snow/install/snow_sim/share/snow_sim/environment/ament_prefix_path.sh
[4.224s] -- Installing: /home/bern/ws_snow/install/snow_sim/share/snow_sim/environment/ament_prefix_path.dsv
[4.224s] -- Installing: /home/bern/ws_snow/install/snow_sim/share/snow_sim/environment/path.sh
[4.224s] -- Installing: /home/bern/ws_snow/install/snow_sim/share/snow_sim/environment/path.dsv
[4.224s] -- Installing: /home/bern/ws_snow/install/snow_sim/share/snow_sim/local_setup.bash
[4.225s] -- Installing: /home/bern/ws_snow/install/snow_sim/share/snow_sim/local_setup.sh
[4.225s] -- Installing: /home/bern/ws_snow/install/snow_sim/share/snow_sim/local_setup.zsh
[4.225s] -- Installing: /home/bern/ws_snow/install/snow_sim/share/snow_sim/local_setup.dsv
[4.225s] -- Installing: /home/bern/ws_snow/install/snow_sim/share/snow_sim/package.dsv
[4.225s] -- Installing: /home/bern/ws_snow/install/snow_sim/share/ament_index/resource_index/packages/snow_sim
[4.225s] -- Installing: /home/bern/ws_snow/install/snow_sim/share/snow_sim/cmake/snow_simConfig.cmake
[4.225s] -- Installing: /home/bern/ws_snow/install/snow_sim/share/snow_sim/cmake/snow_simConfig-version.cmake
[4.225s] -- Installing: /home/bern/ws_snow/install/snow_sim/share/snow_sim/package.xml
[4.226s] Invoked command in '/home/bern/ws_snow/build/snow_sim' returned '0': CMAKE_PREFIX_PATH=${CMAKE_PREFIX_PATH}:/opt/ros/humble /usr/bin/cmake --install /home/bern/ws_snow/build/snow_sim
