[35m[1mConsolidate compiler generated dependencies of target example_effort[0m
[100%] Built target example_effort
-- Install configuration: ""
-- Up-to-date: /home/rhys/ws_snow/install/snow_sim/share/snow_sim//launch
-- Up-to-date: /home/rhys/ws_snow/install/snow_sim/share/snow_sim//launch/sbsimple_ign.launch.py
-- Up-to-date: /home/rhys/ws_snow/install/snow_sim/share/snow_sim//launch/install
-- Up-to-date: /home/rhys/ws_snow/install/snow_sim/share/snow_sim//launch/install/_local_setup_util_sh.py
-- Up-to-date: /home/rhys/ws_snow/install/snow_sim/share/snow_sim//launch/install/local_setup.bash
-- Up-to-date: /home/rhys/ws_snow/install/snow_sim/share/snow_sim//launch/install/.colcon_install_layout
-- Up-to-date: /home/rhys/ws_snow/install/snow_sim/share/snow_sim//launch/install/COLCON_IGNORE
-- Up-to-date: /home/rhys/ws_snow/install/snow_sim/share/snow_sim//launch/install/setup.bash
-- Up-to-date: /home/rhys/ws_snow/install/snow_sim/share/snow_sim//launch/install/local_setup.ps1
-- Up-to-date: /home/rhys/ws_snow/install/snow_sim/share/snow_sim//launch/install/setup.ps1
-- Up-to-date: /home/rhys/ws_snow/install/snow_sim/share/snow_sim//launch/install/local_setup.sh
-- Up-to-date: /home/rhys/ws_snow/install/snow_sim/share/snow_sim//launch/install/local_setup.zsh
-- Up-to-date: /home/rhys/ws_snow/install/snow_sim/share/snow_sim//launch/install/setup.sh
-- Up-to-date: /home/rhys/ws_snow/install/snow_sim/share/snow_sim//launch/install/setup.zsh
-- Up-to-date: /home/rhys/ws_snow/install/snow_sim/share/snow_sim//launch/install/_local_setup_util_ps1.py
-- Up-to-date: /home/rhys/ws_snow/install/snow_sim/share/snow_sim//launch/temp
-- Up-to-date: /home/rhys/ws_snow/install/snow_sim/share/snow_sim//launch/snow.launch.py
-- Up-to-date: /home/rhys/ws_snow/install/snow_sim/share/snow_sim//launch/log
-- Up-to-date: /home/rhys/ws_snow/install/snow_sim/share/snow_sim//launch/log/latest
-- Up-to-date: /home/rhys/ws_snow/install/snow_sim/share/snow_sim//launch/log/latest/logger_all.log
-- Up-to-date: /home/rhys/ws_snow/install/snow_sim/share/snow_sim//launch/log/latest/events.log
-- Up-to-date: /home/rhys/ws_snow/install/snow_sim/share/snow_sim//launch/log/COLCON_IGNORE
-- Up-to-date: /home/rhys/ws_snow/install/snow_sim/share/snow_sim//launch/log/latest_build
-- Up-to-date: /home/rhys/ws_snow/install/snow_sim/share/snow_sim//launch/log/latest_build/logger_all.log
-- Up-to-date: /home/rhys/ws_snow/install/snow_sim/share/snow_sim//launch/log/latest_build/events.log
-- Up-to-date: /home/rhys/ws_snow/install/snow_sim/share/snow_sim//launch/log/build_2022-11-16_12-55-58
-- Up-to-date: /home/rhys/ws_snow/install/snow_sim/share/snow_sim//launch/log/build_2022-11-16_12-55-58/logger_all.log
-- Up-to-date: /home/rhys/ws_snow/install/snow_sim/share/snow_sim//launch/log/build_2022-11-16_12-55-58/events.log
-- Up-to-date: /home/rhys/ws_snow/install/snow_sim/share/snow_sim//launch/snow_v2-pi.launch.py
-- Up-to-date: /home/rhys/ws_snow/install/snow_sim/share/snow_sim//launch/build
-- Up-to-date: /home/rhys/ws_snow/install/snow_sim/share/snow_sim//launch/build/.built_by
-- Up-to-date: /home/rhys/ws_snow/install/snow_sim/share/snow_sim//launch/build/COLCON_IGNORE
-- Up-to-date: /home/rhys/ws_snow/install/snow_sim/share/snow_sim//launch/snow_v3.launch.py
-- Up-to-date: /home/rhys/ws_snow/install/snow_sim/share/snow_sim//launch/snow_v2.launch.py
-- Up-to-date: /home/rhys/ws_snow/install/snow_sim/share/snow_sim//config
-- Up-to-date: /home/rhys/ws_snow/install/snow_sim/share/snow_sim//config/temp
-- Up-to-date: /home/rhys/ws_snow/install/snow_sim/share/snow_sim//config/snow_v3.yaml
-- Up-to-date: /home/rhys/ws_snow/install/snow_sim/share/snow_sim//config/snow.yaml
-- Up-to-date: /home/rhys/ws_snow/install/snow_sim/share/snow_sim//config/sbsimple.yaml
-- Up-to-date: /home/rhys/ws_snow/install/snow_sim/share/snow_sim//urdf
-- Up-to-date: /home/rhys/ws_snow/install/snow_sim/share/snow_sim//urdf/snow_complete_v1.urdf
-- Up-to-date: /home/rhys/ws_snow/install/snow_sim/share/snow_sim//urdf/snow_complete_v2.urdf
-- Up-to-date: /home/rhys/ws_snow/install/snow_sim/share/snow_sim//urdf/snow_complete_v3.urdf
-- Up-to-date: /home/rhys/ws_snow/install/snow_sim/share/snow_sim//urdf/temp
-- Up-to-date: /home/rhys/ws_snow/install/snow_sim/share/snow_sim//urdf/snow_complete_v2-stl only.urdf
-- Up-to-date: /home/rhys/ws_snow/install/snow_sim/share/snow_sim//urdf/snow.urdf
-- Up-to-date: /home/rhys/ws_snow/install/snow_sim/share/snow_sim//urdf/snowbot_simple.urdf
-- Up-to-date: /home/rhys/ws_snow/install/snow_sim/share/snow_sim//urdf/snow_v4.urdf
-- Up-to-date: /home/rhys/ws_snow/install/snow_sim/share/snow_sim//urdf/snow_v3.urdf
-- Up-to-date: /home/rhys/ws_snow/install/snow_sim/share/snow_sim//urdf/snow_complete_v2-1_hard code wheel.urdf
-- Up-to-date: /home/rhys/ws_snow/install/snow_sim/share/snow_sim//urdf/snow_v5.sdf
-- Up-to-date: /home/rhys/ws_snow/install/snow_sim/share/snow_sim//urdf/snow_collision_v1-1.urdf
-- Up-to-date: /home/rhys/ws_snow/install/snow_sim/share/snow_sim//urdf/snow_v5.urdf
-- Up-to-date: /home/rhys/ws_snow/install/snow_sim/share/snow_sim//urdf/snow_collision_v1.urdf
-- Up-to-date: /home/rhys/ws_snow/install/snow_sim/share/snow_sim//urdf/snowbot_simple_ign.urdf
-- Up-to-date: /home/rhys/ws_snow/install/snow_sim/share/snow_sim//urdf/snow_complete_v2-1_stl wheel.urdf
-- Up-to-date: /home/rhys/ws_snow/install/snow_sim/share/snow_sim//urdf/snow_v2.urdf
-- Up-to-date: /home/rhys/ws_snow/install/snow_sim/share/snow_sim//urdf/snow_orig.urdf
-- Up-to-date: /home/rhys/ws_snow/install/snow_sim/share/snow_sim//meshes
-- Up-to-date: /home/rhys/ws_snow/install/snow_sim/share/snow_sim//meshes/wm2_wheel.STL
-- Up-to-date: /home/rhys/ws_snow/install/snow_sim/share/snow_sim//meshes/wm1.STL
-- Up-to-date: /home/rhys/ws_snow/install/snow_sim/share/snow_sim//meshes/base_link.STL
-- Up-to-date: /home/rhys/ws_snow/install/snow_sim/share/snow_sim//meshes/wm4_wheel.STL
-- Up-to-date: /home/rhys/ws_snow/install/snow_sim/share/snow_sim//meshes/wm3_wheel.STL
-- Up-to-date: /home/rhys/ws_snow/install/snow_sim/share/snow_sim//meshes/wm1_wheel.STL
-- Up-to-date: /home/rhys/ws_snow/install/snow_sim/share/snow_sim//meshes/wm2.STL
-- Up-to-date: /home/rhys/ws_snow/install/snow_sim/share/snow_sim//meshes/wm4.STL
-- Up-to-date: /home/rhys/ws_snow/install/snow_sim/share/snow_sim//meshes/wm3.STL
-- Up-to-date: /home/rhys/ws_snow/install/snow_sim/share/snow_sim//meshes_v2
-- Up-to-date: /home/rhys/ws_snow/install/snow_sim/share/snow_sim//meshes_v2/wm4_arm.STL
-- Up-to-date: /home/rhys/ws_snow/install/snow_sim/share/snow_sim//meshes_v2/wm2_wheel.STL
-- Up-to-date: /home/rhys/ws_snow/install/snow_sim/share/snow_sim//meshes_v2/wm4_steering_axis.STL
-- Up-to-date: /home/rhys/ws_snow/install/snow_sim/share/snow_sim//meshes_v2/wm2_base.STL
-- Up-to-date: /home/rhys/ws_snow/install/snow_sim/share/snow_sim//meshes_v2/wm1_arm.STL
-- Up-to-date: /home/rhys/ws_snow/install/snow_sim/share/snow_sim//meshes_v2/wm4_brake_enc.STL
-- Up-to-date: /home/rhys/ws_snow/install/snow_sim/share/snow_sim//meshes_v2/wm3_arm.STL
-- Up-to-date: /home/rhys/ws_snow/install/snow_sim/share/snow_sim//meshes_v2/wm2_steering_axis.STL
-- Up-to-date: /home/rhys/ws_snow/install/snow_sim/share/snow_sim//meshes_v2/wm4_base.STL
-- Up-to-date: /home/rhys/ws_snow/install/snow_sim/share/snow_sim//meshes_v2/base_link.STL
-- Up-to-date: /home/rhys/ws_snow/install/snow_sim/share/snow_sim//meshes_v2/wm2_arm.STL
-- Up-to-date: /home/rhys/ws_snow/install/snow_sim/share/snow_sim//meshes_v2/wm1_brake_enc.STL
-- Up-to-date: /home/rhys/ws_snow/install/snow_sim/share/snow_sim//meshes_v2/wm3_steering_axis.STL
-- Up-to-date: /home/rhys/ws_snow/install/snow_sim/share/snow_sim//meshes_v2/wm3_brake_enc.STL
-- Up-to-date: /home/rhys/ws_snow/install/snow_sim/share/snow_sim//meshes_v2/wm1_steering_axis.STL
-- Up-to-date: /home/rhys/ws_snow/install/snow_sim/share/snow_sim//meshes_v2/wm3_base.STL
-- Up-to-date: /home/rhys/ws_snow/install/snow_sim/share/snow_sim//meshes_v2/wm4_wheel.STL
-- Up-to-date: /home/rhys/ws_snow/install/snow_sim/share/snow_sim//meshes_v2/wm1_base.STL
-- Up-to-date: /home/rhys/ws_snow/install/snow_sim/share/snow_sim//meshes_v2/wm3_wheel.STL
-- Up-to-date: /home/rhys/ws_snow/install/snow_sim/share/snow_sim//meshes_v2/wm1_wheel.STL
-- Up-to-date: /home/rhys/ws_snow/install/snow_sim/share/snow_sim//meshes_v2/wm2_brake_enc.STL
-- Up-to-date: /home/rhys/ws_snow/install/snow_sim/share/snow_sim//meshes_visual
-- Up-to-date: /home/rhys/ws_snow/install/snow_sim/share/snow_sim//meshes_visual/wm4_arm.STL
-- Up-to-date: /home/rhys/ws_snow/install/snow_sim/share/snow_sim//meshes_visual/wm2_wheel.STL
-- Up-to-date: /home/rhys/ws_snow/install/snow_sim/share/snow_sim//meshes_visual/wm4_steering_axis.STL
-- Up-to-date: /home/rhys/ws_snow/install/snow_sim/share/snow_sim//meshes_visual/wm2_base.STL
-- Up-to-date: /home/rhys/ws_snow/install/snow_sim/share/snow_sim//meshes_visual/wm1_arm.STL
-- Up-to-date: /home/rhys/ws_snow/install/snow_sim/share/snow_sim//meshes_visual/wm4_brake_enc.STL
-- Up-to-date: /home/rhys/ws_snow/install/snow_sim/share/snow_sim//meshes_visual/wm3_arm.STL
-- Up-to-date: /home/rhys/ws_snow/install/snow_sim/share/snow_sim//meshes_visual/wm2_steering_axis.STL
-- Up-to-date: /home/rhys/ws_snow/install/snow_sim/share/snow_sim//meshes_visual/wm4_base.STL
-- Up-to-date: /home/rhys/ws_snow/install/snow_sim/share/snow_sim//meshes_visual/base_link.STL
-- Up-to-date: /home/rhys/ws_snow/install/snow_sim/share/snow_sim//meshes_visual/wm2_arm.STL
-- Up-to-date: /home/rhys/ws_snow/install/snow_sim/share/snow_sim//meshes_visual/wm1_brake_enc.STL
-- Up-to-date: /home/rhys/ws_snow/install/snow_sim/share/snow_sim//meshes_visual/wm3_steering_axis.STL
-- Up-to-date: /home/rhys/ws_snow/install/snow_sim/share/snow_sim//meshes_visual/wm3_brake_enc.STL
-- Up-to-date: /home/rhys/ws_snow/install/snow_sim/share/snow_sim//meshes_visual/wm1_steering_axis.STL
-- Up-to-date: /home/rhys/ws_snow/install/snow_sim/share/snow_sim//meshes_visual/wm3_base.STL
-- Up-to-date: /home/rhys/ws_snow/install/snow_sim/share/snow_sim//meshes_visual/wm4_wheel.STL
-- Up-to-date: /home/rhys/ws_snow/install/snow_sim/share/snow_sim//meshes_visual/wm1_base.STL
-- Up-to-date: /home/rhys/ws_snow/install/snow_sim/share/snow_sim//meshes_visual/wm3_wheel.STL
-- Up-to-date: /home/rhys/ws_snow/install/snow_sim/share/snow_sim//meshes_visual/wm1_wheel.STL
-- Up-to-date: /home/rhys/ws_snow/install/snow_sim/share/snow_sim//meshes_visual/visual_v2
-- Up-to-date: /home/rhys/ws_snow/install/snow_sim/share/snow_sim//meshes_visual/visual_v2/wm4_arm.STL
-- Up-to-date: /home/rhys/ws_snow/install/snow_sim/share/snow_sim//meshes_visual/visual_v2/wm2_wheel.STL
-- Up-to-date: /home/rhys/ws_snow/install/snow_sim/share/snow_sim//meshes_visual/visual_v2/wm4_steering_axis.STL
-- Up-to-date: /home/rhys/ws_snow/install/snow_sim/share/snow_sim//meshes_visual/visual_v2/wm2_base.STL
-- Up-to-date: /home/rhys/ws_snow/install/snow_sim/share/snow_sim//meshes_visual/visual_v2/wm1_arm.STL
-- Up-to-date: /home/rhys/ws_snow/install/snow_sim/share/snow_sim//meshes_visual/visual_v2/wm4_brake_enc.STL
-- Up-to-date: /home/rhys/ws_snow/install/snow_sim/share/snow_sim//meshes_visual/visual_v2/wm3_arm.STL
-- Up-to-date: /home/rhys/ws_snow/install/snow_sim/share/snow_sim//meshes_visual/visual_v2/wm2_steering_axis.STL
-- Up-to-date: /home/rhys/ws_snow/install/snow_sim/share/snow_sim//meshes_visual/visual_v2/wm4_base.STL
-- Up-to-date: /home/rhys/ws_snow/install/snow_sim/share/snow_sim//meshes_visual/visual_v2/base_link.STL
-- Up-to-date: /home/rhys/ws_snow/install/snow_sim/share/snow_sim//meshes_visual/visual_v2/wm2_arm.STL
-- Up-to-date: /home/rhys/ws_snow/install/snow_sim/share/snow_sim//meshes_visual/visual_v2/wm1_brake_enc.STL
-- Up-to-date: /home/rhys/ws_snow/install/snow_sim/share/snow_sim//meshes_visual/visual_v2/wm3_steering_axis.STL
-- Up-to-date: /home/rhys/ws_snow/install/snow_sim/share/snow_sim//meshes_visual/visual_v2/wm3_brake_enc.STL
-- Up-to-date: /home/rhys/ws_snow/install/snow_sim/share/snow_sim//meshes_visual/visual_v2/wm1_steering_axis.STL
-- Up-to-date: /home/rhys/ws_snow/install/snow_sim/share/snow_sim//meshes_visual/visual_v2/wm3_base.STL
-- Up-to-date: /home/rhys/ws_snow/install/snow_sim/share/snow_sim//meshes_visual/visual_v2/wm4_wheel.STL
-- Up-to-date: /home/rhys/ws_snow/install/snow_sim/share/snow_sim//meshes_visual/visual_v2/wm1_base.STL
-- Up-to-date: /home/rhys/ws_snow/install/snow_sim/share/snow_sim//meshes_visual/visual_v2/wm3_wheel.STL
-- Up-to-date: /home/rhys/ws_snow/install/snow_sim/share/snow_sim//meshes_visual/visual_v2/wm1_wheel.STL
-- Up-to-date: /home/rhys/ws_snow/install/snow_sim/share/snow_sim//meshes_visual/visual_v2/wm2_brake_enc.STL
-- Up-to-date: /home/rhys/ws_snow/install/snow_sim/share/snow_sim//meshes_visual/wm2_brake_enc.STL
-- Up-to-date: /home/rhys/ws_snow/install/snow_sim/share/snow_sim//meshes_collision
-- Up-to-date: /home/rhys/ws_snow/install/snow_sim/share/snow_sim//meshes_collision/wm4_arm.STL
-- Up-to-date: /home/rhys/ws_snow/install/snow_sim/share/snow_sim//meshes_collision/wm2_wheel.STL
-- Up-to-date: /home/rhys/ws_snow/install/snow_sim/share/snow_sim//meshes_collision/wm4_steering_axis.STL
-- Up-to-date: /home/rhys/ws_snow/install/snow_sim/share/snow_sim//meshes_collision/wm2_base.STL
-- Up-to-date: /home/rhys/ws_snow/install/snow_sim/share/snow_sim//meshes_collision/wm1_arm.STL
-- Up-to-date: /home/rhys/ws_snow/install/snow_sim/share/snow_sim//meshes_collision/wm4_brake_enc.STL
-- Up-to-date: /home/rhys/ws_snow/install/snow_sim/share/snow_sim//meshes_collision/wm3_arm.STL
-- Up-to-date: /home/rhys/ws_snow/install/snow_sim/share/snow_sim//meshes_collision/wm2_steering_axis.STL
-- Up-to-date: /home/rhys/ws_snow/install/snow_sim/share/snow_sim//meshes_collision/wm4_base.STL
-- Up-to-date: /home/rhys/ws_snow/install/snow_sim/share/snow_sim//meshes_collision/base_link.STL
-- Up-to-date: /home/rhys/ws_snow/install/snow_sim/share/snow_sim//meshes_collision/wm2_arm.STL
-- Up-to-date: /home/rhys/ws_snow/install/snow_sim/share/snow_sim//meshes_collision/wm1_brake_enc.STL
-- Up-to-date: /home/rhys/ws_snow/install/snow_sim/share/snow_sim//meshes_collision/wm3_steering_axis.STL
-- Up-to-date: /home/rhys/ws_snow/install/snow_sim/share/snow_sim//meshes_collision/wm3_brake_enc.STL
-- Up-to-date: /home/rhys/ws_snow/install/snow_sim/share/snow_sim//meshes_collision/wm1_steering_axis.STL
-- Up-to-date: /home/rhys/ws_snow/install/snow_sim/share/snow_sim//meshes_collision/wm3_base.STL
-- Up-to-date: /home/rhys/ws_snow/install/snow_sim/share/snow_sim//meshes_collision/wm4_wheel.STL
-- Up-to-date: /home/rhys/ws_snow/install/snow_sim/share/snow_sim//meshes_collision/collision_v2
-- Up-to-date: /home/rhys/ws_snow/install/snow_sim/share/snow_sim//meshes_collision/collision_v2/wm4_arm.STL
-- Up-to-date: /home/rhys/ws_snow/install/snow_sim/share/snow_sim//meshes_collision/collision_v2/wm2_wheel.STL
-- Up-to-date: /home/rhys/ws_snow/install/snow_sim/share/snow_sim//meshes_collision/collision_v2/wm4_steering_axis.STL
-- Up-to-date: /home/rhys/ws_snow/install/snow_sim/share/snow_sim//meshes_collision/collision_v2/wm2_base.STL
-- Up-to-date: /home/rhys/ws_snow/install/snow_sim/share/snow_sim//meshes_collision/collision_v2/wm1_arm.STL
-- Up-to-date: /home/rhys/ws_snow/install/snow_sim/share/snow_sim//meshes_collision/collision_v2/wm1_break_enc.STL
-- Up-to-date: /home/rhys/ws_snow/install/snow_sim/share/snow_sim//meshes_collision/collision_v2/wm3_break_enc.STL
-- Up-to-date: /home/rhys/ws_snow/install/snow_sim/share/snow_sim//meshes_collision/collision_v2/wm3_arm.STL
-- Up-to-date: /home/rhys/ws_snow/install/snow_sim/share/snow_sim//meshes_collision/collision_v2/wm2_steering_axis.STL
-- Up-to-date: /home/rhys/ws_snow/install/snow_sim/share/snow_sim//meshes_collision/collision_v2/wm4_base.STL
-- Up-to-date: /home/rhys/ws_snow/install/snow_sim/share/snow_sim//meshes_collision/collision_v2/base_link.STL
-- Up-to-date: /home/rhys/ws_snow/install/snow_sim/share/snow_sim//meshes_collision/collision_v2/wm2_arm.STL
-- Up-to-date: /home/rhys/ws_snow/install/snow_sim/share/snow_sim//meshes_collision/collision_v2/wm3_steering_axis.STL
-- Up-to-date: /home/rhys/ws_snow/install/snow_sim/share/snow_sim//meshes_collision/collision_v2/wm1_steering_axis.STL
-- Up-to-date: /home/rhys/ws_snow/install/snow_sim/share/snow_sim//meshes_collision/collision_v2/wm3_base.STL
-- Up-to-date: /home/rhys/ws_snow/install/snow_sim/share/snow_sim//meshes_collision/collision_v2/wm4_wheel.STL
-- Up-to-date: /home/rhys/ws_snow/install/snow_sim/share/snow_sim//meshes_collision/collision_v2/wm1_base.STL
-- Up-to-date: /home/rhys/ws_snow/install/snow_sim/share/snow_sim//meshes_collision/collision_v2/wm2_break_enc.STL
-- Up-to-date: /home/rhys/ws_snow/install/snow_sim/share/snow_sim//meshes_collision/collision_v2/wm3_wheel.STL
-- Up-to-date: /home/rhys/ws_snow/install/snow_sim/share/snow_sim//meshes_collision/collision_v2/wm1_wheel.STL
-- Up-to-date: /home/rhys/ws_snow/install/snow_sim/share/snow_sim//meshes_collision/collision_v2/wm4_break_enc.STL
-- Up-to-date: /home/rhys/ws_snow/install/snow_sim/share/snow_sim//meshes_collision/wm1_base.STL
-- Up-to-date: /home/rhys/ws_snow/install/snow_sim/share/snow_sim//meshes_collision/wm3_wheel.STL
-- Up-to-date: /home/rhys/ws_snow/install/snow_sim/share/snow_sim//meshes_collision/wm1_wheel.STL
-- Up-to-date: /home/rhys/ws_snow/install/snow_sim/share/snow_sim//meshes_collision/wm2_brake_enc.STL
-- Up-to-date: /home/rhys/ws_snow/install/snow_sim/share/snow_sim//worlds
-- Up-to-date: /home/rhys/ws_snow/install/snow_sim/share/snow_sim//worlds/warehouse.world
-- Installing: /home/rhys/ws_snow/install/snow_sim/lib/snow_sim/example_effort
-- Set runtime path of "/home/rhys/ws_snow/install/snow_sim/lib/snow_sim/example_effort" to ""
-- Up-to-date: /home/rhys/ws_snow/install/snow_sim/share/ament_index/resource_index/package_run_dependencies/snow_sim
-- Up-to-date: /home/rhys/ws_snow/install/snow_sim/share/ament_index/resource_index/parent_prefix_path/snow_sim
-- Up-to-date: /home/rhys/ws_snow/install/snow_sim/share/snow_sim/environment/ament_prefix_path.sh
-- Up-to-date: /home/rhys/ws_snow/install/snow_sim/share/snow_sim/environment/ament_prefix_path.dsv
-- Up-to-date: /home/rhys/ws_snow/install/snow_sim/share/snow_sim/environment/path.sh
-- Up-to-date: /home/rhys/ws_snow/install/snow_sim/share/snow_sim/environment/path.dsv
-- Up-to-date: /home/rhys/ws_snow/install/snow_sim/share/snow_sim/local_setup.bash
-- Up-to-date: /home/rhys/ws_snow/install/snow_sim/share/snow_sim/local_setup.sh
-- Up-to-date: /home/rhys/ws_snow/install/snow_sim/share/snow_sim/local_setup.zsh
-- Up-to-date: /home/rhys/ws_snow/install/snow_sim/share/snow_sim/local_setup.dsv
-- Installing: /home/rhys/ws_snow/install/snow_sim/share/snow_sim/package.dsv
-- Up-to-date: /home/rhys/ws_snow/install/snow_sim/share/ament_index/resource_index/packages/snow_sim
-- Up-to-date: /home/rhys/ws_snow/install/snow_sim/share/snow_sim/cmake/snow_simConfig.cmake
-- Up-to-date: /home/rhys/ws_snow/install/snow_sim/share/snow_sim/cmake/snow_simConfig-version.cmake
-- Up-to-date: /home/rhys/ws_snow/install/snow_sim/share/snow_sim/package.xml
