[0.015s] Invoking command in '/home/bern/ws_snow/build/snow_sim': CMAKE_PREFIX_PATH=${CMAKE_PREFIX_PATH}:/opt/ros/humble /usr/bin/cmake --build /home/bern/ws_snow/build/snow_sim -- -j12 -l12
[0.137s] [100%] Built target example_effort
[0.164s] Invoked command in '/home/bern/ws_snow/build/snow_sim' returned '0': CMAKE_PREFIX_PATH=${CMAKE_PREFIX_PATH}:/opt/ros/humble /usr/bin/cmake --build /home/bern/ws_snow/build/snow_sim -- -j12 -l12
[0.244s] Invoking command in '/home/bern/ws_snow/build/snow_sim': CMAKE_PREFIX_PATH=${CMAKE_PREFIX_PATH}:/opt/ros/humble /usr/bin/cmake --install /home/bern/ws_snow/build/snow_sim
[0.264s] -- Install configuration: ""
[0.264s] -- Up-to-date: /home/bern/ws_snow/install/snow_sim/share/snow_sim//launch
[0.264s] -- Up-to-date: /home/bern/ws_snow/install/snow_sim/share/snow_sim//launch/build
[0.264s] -- Up-to-date: /home/bern/ws_snow/install/snow_sim/share/snow_sim//launch/build/.built_by
[0.264s] -- Up-to-date: /home/bern/ws_snow/install/snow_sim/share/snow_sim//launch/build/COLCON_IGNORE
[0.264s] -- Up-to-date: /home/bern/ws_snow/install/snow_sim/share/snow_sim//launch/log
[0.264s] -- Up-to-date: /home/bern/ws_snow/install/snow_sim/share/snow_sim//launch/log/latest
[0.264s] -- Up-to-date: /home/bern/ws_snow/install/snow_sim/share/snow_sim//launch/log/latest/events.log
[0.264s] -- Up-to-date: /home/bern/ws_snow/install/snow_sim/share/snow_sim//launch/log/latest/logger_all.log
[0.264s] -- Up-to-date: /home/bern/ws_snow/install/snow_sim/share/snow_sim//launch/log/build_2022-11-16_12-55-58
[0.264s] -- Up-to-date: /home/bern/ws_snow/install/snow_sim/share/snow_sim//launch/log/build_2022-11-16_12-55-58/events.log
[0.264s] -- Up-to-date: /home/bern/ws_snow/install/snow_sim/share/snow_sim//launch/log/build_2022-11-16_12-55-58/logger_all.log
[0.264s] -- Up-to-date: /home/bern/ws_snow/install/snow_sim/share/snow_sim//launch/log/COLCON_IGNORE
[0.265s] -- Up-to-date: /home/bern/ws_snow/install/snow_sim/share/snow_sim//launch/log/latest_build
[0.265s] -- Up-to-date: /home/bern/ws_snow/install/snow_sim/share/snow_sim//launch/log/latest_build/events.log
[0.265s] -- Up-to-date: /home/bern/ws_snow/install/snow_sim/share/snow_sim//launch/log/latest_build/logger_all.log
[0.265s] -- Up-to-date: /home/bern/ws_snow/install/snow_sim/share/snow_sim//launch/snow_v2-pi.launch.py
[0.265s] -- Up-to-date: /home/bern/ws_snow/install/snow_sim/share/snow_sim//launch/snow_v3.launch.py
[0.265s] -- Up-to-date: /home/bern/ws_snow/install/snow_sim/share/snow_sim//launch/snow.launch.py
[0.265s] -- Up-to-date: /home/bern/ws_snow/install/snow_sim/share/snow_sim//launch/snow_v2.launch.py
[0.265s] -- Up-to-date: /home/bern/ws_snow/install/snow_sim/share/snow_sim//launch/sbsimple_ign.launch.py
[0.265s] -- Up-to-date: /home/bern/ws_snow/install/snow_sim/share/snow_sim//launch/install
[0.265s] -- Up-to-date: /home/bern/ws_snow/install/snow_sim/share/snow_sim//launch/install/_local_setup_util_sh.py
[0.265s] -- Up-to-date: /home/bern/ws_snow/install/snow_sim/share/snow_sim//launch/install/local_setup.zsh
[0.265s] -- Up-to-date: /home/bern/ws_snow/install/snow_sim/share/snow_sim//launch/install/_local_setup_util_ps1.py
[0.265s] -- Up-to-date: /home/bern/ws_snow/install/snow_sim/share/snow_sim//launch/install/setup.bash
[0.265s] -- Up-to-date: /home/bern/ws_snow/install/snow_sim/share/snow_sim//launch/install/setup.sh
[0.265s] -- Up-to-date: /home/bern/ws_snow/install/snow_sim/share/snow_sim//launch/install/local_setup.bash
[0.265s] -- Up-to-date: /home/bern/ws_snow/install/snow_sim/share/snow_sim//launch/install/setup.ps1
[0.265s] -- Up-to-date: /home/bern/ws_snow/install/snow_sim/share/snow_sim//launch/install/local_setup.ps1
[0.265s] -- Up-to-date: /home/bern/ws_snow/install/snow_sim/share/snow_sim//launch/install/COLCON_IGNORE
[0.265s] -- Up-to-date: /home/bern/ws_snow/install/snow_sim/share/snow_sim//launch/install/.colcon_install_layout
[0.265s] -- Up-to-date: /home/bern/ws_snow/install/snow_sim/share/snow_sim//launch/install/setup.zsh
[0.265s] -- Up-to-date: /home/bern/ws_snow/install/snow_sim/share/snow_sim//launch/install/local_setup.sh
[0.265s] -- Up-to-date: /home/bern/ws_snow/install/snow_sim/share/snow_sim//launch/temp
[0.266s] -- Up-to-date: /home/bern/ws_snow/install/snow_sim/share/snow_sim//config
[0.266s] -- Up-to-date: /home/bern/ws_snow/install/snow_sim/share/snow_sim//config/snow_v3.yaml
[0.266s] -- Up-to-date: /home/bern/ws_snow/install/snow_sim/share/snow_sim//config/sbsimple.yaml
[0.266s] -- Up-to-date: /home/bern/ws_snow/install/snow_sim/share/snow_sim//config/snow.yaml
[0.266s] -- Up-to-date: /home/bern/ws_snow/install/snow_sim/share/snow_sim//config/temp
[0.266s] -- Up-to-date: /home/bern/ws_snow/install/snow_sim/share/snow_sim//urdf
[0.266s] -- Up-to-date: /home/bern/ws_snow/install/snow_sim/share/snow_sim//urdf/snow_v5.urdf
[0.266s] -- Up-to-date: /home/bern/ws_snow/install/snow_sim/share/snow_sim//urdf/snowbot_simple.urdf
[0.266s] -- Up-to-date: /home/bern/ws_snow/install/snow_sim/share/snow_sim//urdf/snow_complete_v2-1_stl wheel.urdf
[0.266s] -- Up-to-date: /home/bern/ws_snow/install/snow_sim/share/snow_sim//urdf/snow_v5.sdf
[0.266s] -- Up-to-date: /home/bern/ws_snow/install/snow_sim/share/snow_sim//urdf/snowbot_simple_ign.urdf
[0.266s] -- Up-to-date: /home/bern/ws_snow/install/snow_sim/share/snow_sim//urdf/snow_orig.urdf
[0.266s] -- Up-to-date: /home/bern/ws_snow/install/snow_sim/share/snow_sim//urdf/snow_complete_v2.urdf
[0.266s] -- Up-to-date: /home/bern/ws_snow/install/snow_sim/share/snow_sim//urdf/snow_collision_v1.urdf
[0.266s] -- Up-to-date: /home/bern/ws_snow/install/snow_sim/share/snow_sim//urdf/snow_complete_v2-1_hard code wheel.urdf
[0.266s] -- Up-to-date: /home/bern/ws_snow/install/snow_sim/share/snow_sim//urdf/snow_v4.urdf
[0.266s] -- Up-to-date: /home/bern/ws_snow/install/snow_sim/share/snow_sim//urdf/snow_v3.urdf
[0.266s] -- Up-to-date: /home/bern/ws_snow/install/snow_sim/share/snow_sim//urdf/snow_v2.urdf
[0.266s] -- Up-to-date: /home/bern/ws_snow/install/snow_sim/share/snow_sim//urdf/snow.urdf
[0.266s] -- Up-to-date: /home/bern/ws_snow/install/snow_sim/share/snow_sim//urdf/snow_complete_v3.urdf
[0.266s] -- Up-to-date: /home/bern/ws_snow/install/snow_sim/share/snow_sim//urdf/snow_complete_v2-stl only.urdf
[0.266s] -- Up-to-date: /home/bern/ws_snow/install/snow_sim/share/snow_sim//urdf/snow_collision_v1-1.urdf
[0.266s] -- Up-to-date: /home/bern/ws_snow/install/snow_sim/share/snow_sim//urdf/snow_complete_v1.urdf
[0.266s] -- Up-to-date: /home/bern/ws_snow/install/snow_sim/share/snow_sim//urdf/temp
[0.267s] -- Up-to-date: /home/bern/ws_snow/install/snow_sim/share/snow_sim//meshes
[0.267s] -- Up-to-date: /home/bern/ws_snow/install/snow_sim/share/snow_sim//meshes/wm3_wheel.STL
[0.267s] -- Up-to-date: /home/bern/ws_snow/install/snow_sim/share/snow_sim//meshes/wm4_wheel.STL
[0.267s] -- Up-to-date: /home/bern/ws_snow/install/snow_sim/share/snow_sim//meshes/wm3.STL
[0.267s] -- Up-to-date: /home/bern/ws_snow/install/snow_sim/share/snow_sim//meshes/wm2.STL
[0.267s] -- Up-to-date: /home/bern/ws_snow/install/snow_sim/share/snow_sim//meshes/wm1.STL
[0.267s] -- Up-to-date: /home/bern/ws_snow/install/snow_sim/share/snow_sim//meshes/wm2_wheel.STL
[0.267s] -- Up-to-date: /home/bern/ws_snow/install/snow_sim/share/snow_sim//meshes/base_link.STL
[0.267s] -- Up-to-date: /home/bern/ws_snow/install/snow_sim/share/snow_sim//meshes/wm1_wheel.STL
[0.267s] -- Up-to-date: /home/bern/ws_snow/install/snow_sim/share/snow_sim//meshes/wm4.STL
[0.267s] -- Up-to-date: /home/bern/ws_snow/install/snow_sim/share/snow_sim//meshes_v2
[0.267s] -- Up-to-date: /home/bern/ws_snow/install/snow_sim/share/snow_sim//meshes_v2/wm1_steering_axis.STL
[0.267s] -- Up-to-date: /home/bern/ws_snow/install/snow_sim/share/snow_sim//meshes_v2/wm4_base.STL
[0.267s] -- Up-to-date: /home/bern/ws_snow/install/snow_sim/share/snow_sim//meshes_v2/wm3_wheel.STL
[0.267s] -- Up-to-date: /home/bern/ws_snow/install/snow_sim/share/snow_sim//meshes_v2/wm1_brake_enc.STL
[0.267s] -- Up-to-date: /home/bern/ws_snow/install/snow_sim/share/snow_sim//meshes_v2/wm3_steering_axis.STL
[0.267s] -- Up-to-date: /home/bern/ws_snow/install/snow_sim/share/snow_sim//meshes_v2/wm3_arm.STL
[0.267s] -- Up-to-date: /home/bern/ws_snow/install/snow_sim/share/snow_sim//meshes_v2/wm4_wheel.STL
[0.267s] -- Up-to-date: /home/bern/ws_snow/install/snow_sim/share/snow_sim//meshes_v2/wm1_arm.STL
[0.267s] -- Up-to-date: /home/bern/ws_snow/install/snow_sim/share/snow_sim//meshes_v2/wm4_brake_enc.STL
[0.267s] -- Up-to-date: /home/bern/ws_snow/install/snow_sim/share/snow_sim//meshes_v2/wm3_brake_enc.STL
[0.267s] -- Up-to-date: /home/bern/ws_snow/install/snow_sim/share/snow_sim//meshes_v2/wm4_arm.STL
[0.267s] -- Up-to-date: /home/bern/ws_snow/install/snow_sim/share/snow_sim//meshes_v2/wm2_wheel.STL
[0.267s] -- Up-to-date: /home/bern/ws_snow/install/snow_sim/share/snow_sim//meshes_v2/wm2_arm.STL
[0.284s] -- Up-to-date: /home/bern/ws_snow/install/snow_sim/share/snow_sim//meshes_v2/base_link.STL
[0.284s] -- Up-to-date: /home/bern/ws_snow/install/snow_sim/share/snow_sim//meshes_v2/wm2_base.STL
[0.284s] -- Up-to-date: /home/bern/ws_snow/install/snow_sim/share/snow_sim//meshes_v2/wm2_steering_axis.STL
[0.284s] -- Up-to-date: /home/bern/ws_snow/install/snow_sim/share/snow_sim//meshes_v2/wm1_wheel.STL
[0.284s] -- Up-to-date: /home/bern/ws_snow/install/snow_sim/share/snow_sim//meshes_v2/wm1_base.STL
[0.284s] -- Up-to-date: /home/bern/ws_snow/install/snow_sim/share/snow_sim//meshes_v2/wm2_brake_enc.STL
[0.284s] -- Up-to-date: /home/bern/ws_snow/install/snow_sim/share/snow_sim//meshes_v2/wm4_steering_axis.STL
[0.284s] -- Up-to-date: /home/bern/ws_snow/install/snow_sim/share/snow_sim//meshes_v2/wm3_base.STL
[0.284s] -- Up-to-date: /home/bern/ws_snow/install/snow_sim/share/snow_sim//meshes_visual
[0.284s] -- Up-to-date: /home/bern/ws_snow/install/snow_sim/share/snow_sim//meshes_visual/wm1_steering_axis.STL
[0.284s] -- Up-to-date: /home/bern/ws_snow/install/snow_sim/share/snow_sim//meshes_visual/visual_v2
[0.284s] -- Up-to-date: /home/bern/ws_snow/install/snow_sim/share/snow_sim//meshes_visual/visual_v2/wm1_steering_axis.STL
[0.284s] -- Up-to-date: /home/bern/ws_snow/install/snow_sim/share/snow_sim//meshes_visual/visual_v2/wm4_base.STL
[0.284s] -- Up-to-date: /home/bern/ws_snow/install/snow_sim/share/snow_sim//meshes_visual/visual_v2/wm3_wheel.STL
[0.284s] -- Up-to-date: /home/bern/ws_snow/install/snow_sim/share/snow_sim//meshes_visual/visual_v2/wm1_brake_enc.STL
[0.285s] -- Up-to-date: /home/bern/ws_snow/install/snow_sim/share/snow_sim//meshes_visual/visual_v2/wm3_steering_axis.STL
[0.285s] -- Up-to-date: /home/bern/ws_snow/install/snow_sim/share/snow_sim//meshes_visual/visual_v2/wm3_arm.STL
[0.285s] -- Up-to-date: /home/bern/ws_snow/install/snow_sim/share/snow_sim//meshes_visual/visual_v2/wm4_wheel.STL
[0.285s] -- Up-to-date: /home/bern/ws_snow/install/snow_sim/share/snow_sim//meshes_visual/visual_v2/wm1_arm.STL
[0.285s] -- Up-to-date: /home/bern/ws_snow/install/snow_sim/share/snow_sim//meshes_visual/visual_v2/wm4_brake_enc.STL
[0.285s] -- Up-to-date: /home/bern/ws_snow/install/snow_sim/share/snow_sim//meshes_visual/visual_v2/wm3_brake_enc.STL
[0.285s] -- Up-to-date: /home/bern/ws_snow/install/snow_sim/share/snow_sim//meshes_visual/visual_v2/wm4_arm.STL
[0.285s] -- Up-to-date: /home/bern/ws_snow/install/snow_sim/share/snow_sim//meshes_visual/visual_v2/wm2_wheel.STL
[0.285s] -- Up-to-date: /home/bern/ws_snow/install/snow_sim/share/snow_sim//meshes_visual/visual_v2/wm2_arm.STL
[0.285s] -- Up-to-date: /home/bern/ws_snow/install/snow_sim/share/snow_sim//meshes_visual/visual_v2/base_link.STL
[0.285s] -- Up-to-date: /home/bern/ws_snow/install/snow_sim/share/snow_sim//meshes_visual/visual_v2/wm2_base.STL
[0.285s] -- Up-to-date: /home/bern/ws_snow/install/snow_sim/share/snow_sim//meshes_visual/visual_v2/wm2_steering_axis.STL
[0.285s] -- Up-to-date: /home/bern/ws_snow/install/snow_sim/share/snow_sim//meshes_visual/visual_v2/wm1_wheel.STL
[0.285s] -- Up-to-date: /home/bern/ws_snow/install/snow_sim/share/snow_sim//meshes_visual/visual_v2/wm1_base.STL
[0.285s] -- Up-to-date: /home/bern/ws_snow/install/snow_sim/share/snow_sim//meshes_visual/visual_v2/wm2_brake_enc.STL
[0.285s] -- Up-to-date: /home/bern/ws_snow/install/snow_sim/share/snow_sim//meshes_visual/visual_v2/wm4_steering_axis.STL
[0.286s] -- Up-to-date: /home/bern/ws_snow/install/snow_sim/share/snow_sim//meshes_visual/visual_v2/wm3_base.STL
[0.286s] -- Up-to-date: /home/bern/ws_snow/install/snow_sim/share/snow_sim//meshes_visual/wm4_base.STL
[0.286s] -- Up-to-date: /home/bern/ws_snow/install/snow_sim/share/snow_sim//meshes_visual/wm3_wheel.STL
[0.286s] -- Up-to-date: /home/bern/ws_snow/install/snow_sim/share/snow_sim//meshes_visual/wm1_brake_enc.STL
[0.286s] -- Up-to-date: /home/bern/ws_snow/install/snow_sim/share/snow_sim//meshes_visual/wm3_steering_axis.STL
[0.286s] -- Up-to-date: /home/bern/ws_snow/install/snow_sim/share/snow_sim//meshes_visual/wm3_arm.STL
[0.286s] -- Up-to-date: /home/bern/ws_snow/install/snow_sim/share/snow_sim//meshes_visual/wm4_wheel.STL
[0.286s] -- Up-to-date: /home/bern/ws_snow/install/snow_sim/share/snow_sim//meshes_visual/wm1_arm.STL
[0.286s] -- Up-to-date: /home/bern/ws_snow/install/snow_sim/share/snow_sim//meshes_visual/wm4_brake_enc.STL
[0.286s] -- Up-to-date: /home/bern/ws_snow/install/snow_sim/share/snow_sim//meshes_visual/wm3_brake_enc.STL
[0.286s] -- Up-to-date: /home/bern/ws_snow/install/snow_sim/share/snow_sim//meshes_visual/wm4_arm.STL
[0.286s] -- Up-to-date: /home/bern/ws_snow/install/snow_sim/share/snow_sim//meshes_visual/wm2_wheel.STL
[0.286s] -- Up-to-date: /home/bern/ws_snow/install/snow_sim/share/snow_sim//meshes_visual/wm2_arm.STL
[0.286s] -- Up-to-date: /home/bern/ws_snow/install/snow_sim/share/snow_sim//meshes_visual/base_link.STL
[0.286s] -- Up-to-date: /home/bern/ws_snow/install/snow_sim/share/snow_sim//meshes_visual/wm2_base.STL
[0.286s] -- Up-to-date: /home/bern/ws_snow/install/snow_sim/share/snow_sim//meshes_visual/wm2_steering_axis.STL
[0.286s] -- Up-to-date: /home/bern/ws_snow/install/snow_sim/share/snow_sim//meshes_visual/wm1_wheel.STL
[0.286s] -- Up-to-date: /home/bern/ws_snow/install/snow_sim/share/snow_sim//meshes_visual/wm1_base.STL
[0.286s] -- Up-to-date: /home/bern/ws_snow/install/snow_sim/share/snow_sim//meshes_visual/wm2_brake_enc.STL
[0.286s] -- Up-to-date: /home/bern/ws_snow/install/snow_sim/share/snow_sim//meshes_visual/wm4_steering_axis.STL
[0.286s] -- Up-to-date: /home/bern/ws_snow/install/snow_sim/share/snow_sim//meshes_visual/wm3_base.STL
[0.286s] -- Up-to-date: /home/bern/ws_snow/install/snow_sim/share/snow_sim//meshes_collision
[0.286s] -- Up-to-date: /home/bern/ws_snow/install/snow_sim/share/snow_sim//meshes_collision/wm1_steering_axis.STL
[0.286s] -- Up-to-date: /home/bern/ws_snow/install/snow_sim/share/snow_sim//meshes_collision/wm4_base.STL
[0.287s] -- Up-to-date: /home/bern/ws_snow/install/snow_sim/share/snow_sim//meshes_collision/wm3_wheel.STL
[0.287s] -- Up-to-date: /home/bern/ws_snow/install/snow_sim/share/snow_sim//meshes_collision/wm1_brake_enc.STL
[0.287s] -- Up-to-date: /home/bern/ws_snow/install/snow_sim/share/snow_sim//meshes_collision/wm3_steering_axis.STL
[0.287s] -- Up-to-date: /home/bern/ws_snow/install/snow_sim/share/snow_sim//meshes_collision/wm3_arm.STL
[0.287s] -- Up-to-date: /home/bern/ws_snow/install/snow_sim/share/snow_sim//meshes_collision/wm4_wheel.STL
[0.287s] -- Up-to-date: /home/bern/ws_snow/install/snow_sim/share/snow_sim//meshes_collision/wm1_arm.STL
[0.287s] -- Up-to-date: /home/bern/ws_snow/install/snow_sim/share/snow_sim//meshes_collision/wm4_brake_enc.STL
[0.287s] -- Up-to-date: /home/bern/ws_snow/install/snow_sim/share/snow_sim//meshes_collision/collision_v2
[0.287s] -- Up-to-date: /home/bern/ws_snow/install/snow_sim/share/snow_sim//meshes_collision/collision_v2/wm1_steering_axis.STL
[0.287s] -- Up-to-date: /home/bern/ws_snow/install/snow_sim/share/snow_sim//meshes_collision/collision_v2/wm4_base.STL
[0.287s] -- Up-to-date: /home/bern/ws_snow/install/snow_sim/share/snow_sim//meshes_collision/collision_v2/wm3_wheel.STL
[0.287s] -- Up-to-date: /home/bern/ws_snow/install/snow_sim/share/snow_sim//meshes_collision/collision_v2/wm3_steering_axis.STL
[0.287s] -- Up-to-date: /home/bern/ws_snow/install/snow_sim/share/snow_sim//meshes_collision/collision_v2/wm3_arm.STL
[0.287s] -- Up-to-date: /home/bern/ws_snow/install/snow_sim/share/snow_sim//meshes_collision/collision_v2/wm2_break_enc.STL
[0.287s] -- Up-to-date: /home/bern/ws_snow/install/snow_sim/share/snow_sim//meshes_collision/collision_v2/wm4_wheel.STL
[0.287s] -- Up-to-date: /home/bern/ws_snow/install/snow_sim/share/snow_sim//meshes_collision/collision_v2/wm1_break_enc.STL
[0.287s] -- Up-to-date: /home/bern/ws_snow/install/snow_sim/share/snow_sim//meshes_collision/collision_v2/wm1_arm.STL
[0.287s] -- Up-to-date: /home/bern/ws_snow/install/snow_sim/share/snow_sim//meshes_collision/collision_v2/wm4_arm.STL
[0.287s] -- Up-to-date: /home/bern/ws_snow/install/snow_sim/share/snow_sim//meshes_collision/collision_v2/wm4_break_enc.STL
[0.287s] -- Up-to-date: /home/bern/ws_snow/install/snow_sim/share/snow_sim//meshes_collision/collision_v2/wm2_wheel.STL
[0.287s] -- Up-to-date: /home/bern/ws_snow/install/snow_sim/share/snow_sim//meshes_collision/collision_v2/wm2_arm.STL
[0.287s] -- Up-to-date: /home/bern/ws_snow/install/snow_sim/share/snow_sim//meshes_collision/collision_v2/base_link.STL
[0.287s] -- Up-to-date: /home/bern/ws_snow/install/snow_sim/share/snow_sim//meshes_collision/collision_v2/wm2_base.STL
[0.287s] -- Up-to-date: /home/bern/ws_snow/install/snow_sim/share/snow_sim//meshes_collision/collision_v2/wm2_steering_axis.STL
[0.287s] -- Up-to-date: /home/bern/ws_snow/install/snow_sim/share/snow_sim//meshes_collision/collision_v2/wm1_wheel.STL
[0.288s] -- Up-to-date: /home/bern/ws_snow/install/snow_sim/share/snow_sim//meshes_collision/collision_v2/wm3_break_enc.STL
[0.288s] -- Up-to-date: /home/bern/ws_snow/install/snow_sim/share/snow_sim//meshes_collision/collision_v2/wm1_base.STL
[0.288s] -- Up-to-date: /home/bern/ws_snow/install/snow_sim/share/snow_sim//meshes_collision/collision_v2/wm4_steering_axis.STL
[0.288s] -- Up-to-date: /home/bern/ws_snow/install/snow_sim/share/snow_sim//meshes_collision/collision_v2/wm3_base.STL
[0.288s] -- Up-to-date: /home/bern/ws_snow/install/snow_sim/share/snow_sim//meshes_collision/wm3_brake_enc.STL
[0.288s] -- Up-to-date: /home/bern/ws_snow/install/snow_sim/share/snow_sim//meshes_collision/wm4_arm.STL
[0.288s] -- Up-to-date: /home/bern/ws_snow/install/snow_sim/share/snow_sim//meshes_collision/wm2_wheel.STL
[0.288s] -- Up-to-date: /home/bern/ws_snow/install/snow_sim/share/snow_sim//meshes_collision/wm2_arm.STL
[0.288s] -- Up-to-date: /home/bern/ws_snow/install/snow_sim/share/snow_sim//meshes_collision/base_link.STL
[0.288s] -- Up-to-date: /home/bern/ws_snow/install/snow_sim/share/snow_sim//meshes_collision/wm2_base.STL
[0.288s] -- Up-to-date: /home/bern/ws_snow/install/snow_sim/share/snow_sim//meshes_collision/wm2_steering_axis.STL
[0.288s] -- Up-to-date: /home/bern/ws_snow/install/snow_sim/share/snow_sim//meshes_collision/wm1_wheel.STL
[0.288s] -- Up-to-date: /home/bern/ws_snow/install/snow_sim/share/snow_sim//meshes_collision/wm1_base.STL
[0.288s] -- Up-to-date: /home/bern/ws_snow/install/snow_sim/share/snow_sim//meshes_collision/wm2_brake_enc.STL
[0.288s] -- Up-to-date: /home/bern/ws_snow/install/snow_sim/share/snow_sim//meshes_collision/wm4_steering_axis.STL
[0.288s] -- Up-to-date: /home/bern/ws_snow/install/snow_sim/share/snow_sim//meshes_collision/wm3_base.STL
[0.288s] -- Up-to-date: /home/bern/ws_snow/install/snow_sim/share/snow_sim//worlds
[0.288s] -- Up-to-date: /home/bern/ws_snow/install/snow_sim/share/snow_sim//worlds/warehouse.world
[0.288s] -- Up-to-date: /home/bern/ws_snow/install/snow_sim/lib/snow_sim/example_effort
[0.288s] -- Up-to-date: /home/bern/ws_snow/install/snow_sim/share/ament_index/resource_index/package_run_dependencies/snow_sim
[0.288s] -- Up-to-date: /home/bern/ws_snow/install/snow_sim/share/ament_index/resource_index/parent_prefix_path/snow_sim
[0.288s] -- Up-to-date: /home/bern/ws_snow/install/snow_sim/share/snow_sim/environment/ament_prefix_path.sh
[0.288s] -- Up-to-date: /home/bern/ws_snow/install/snow_sim/share/snow_sim/environment/ament_prefix_path.dsv
[0.288s] -- Up-to-date: /home/bern/ws_snow/install/snow_sim/share/snow_sim/environment/path.sh
[0.288s] -- Up-to-date: /home/bern/ws_snow/install/snow_sim/share/snow_sim/environment/path.dsv
[0.288s] -- Up-to-date: /home/bern/ws_snow/install/snow_sim/share/snow_sim/local_setup.bash
[0.288s] -- Up-to-date: /home/bern/ws_snow/install/snow_sim/share/snow_sim/local_setup.sh
[0.289s] -- Up-to-date: /home/bern/ws_snow/install/snow_sim/share/snow_sim/local_setup.zsh
[0.289s] -- Up-to-date: /home/bern/ws_snow/install/snow_sim/share/snow_sim/local_setup.dsv
[0.289s] -- Installing: /home/bern/ws_snow/install/snow_sim/share/snow_sim/package.dsv
[0.289s] -- Up-to-date: /home/bern/ws_snow/install/snow_sim/share/ament_index/resource_index/packages/snow_sim
[0.289s] -- Up-to-date: /home/bern/ws_snow/install/snow_sim/share/snow_sim/cmake/snow_simConfig.cmake
[0.289s] -- Up-to-date: /home/bern/ws_snow/install/snow_sim/share/snow_sim/cmake/snow_simConfig-version.cmake
[0.289s] -- Up-to-date: /home/bern/ws_snow/install/snow_sim/share/snow_sim/package.xml
[0.289s] Invoked command in '/home/bern/ws_snow/build/snow_sim' returned '0': CMAKE_PREFIX_PATH=${CMAKE_PREFIX_PATH}:/opt/ros/humble /usr/bin/cmake --install /home/bern/ws_snow/build/snow_sim
