[0.408s] DEBUG:colcon:Command line arguments: ['/usr/bin/colcon', 'build']
[0.408s] DEBUG:colcon:Parsed command line arguments: Namespace(log_base=None, log_level=None, verb_name='build', build_base='build', install_base='install', merge_install=False, symlink_install=False, test_result_base=None, continue_on_error=False, executor='parallel', parallel_workers=12, event_handlers=None, ignore_user_meta=False, metas=['./colcon.meta'], base_paths=['.'], packages_ignore=None, packages_ignore_regex=None, paths=None, packages_up_to=None, packages_up_to_regex=None, packages_above=None, packages_above_and_dependencies=None, packages_above_depth=None, packages_select_by_dep=None, packages_skip_by_dep=None, packages_skip_up_to=None, packages_select_build_failed=False, packages_skip_build_finished=False, packages_select_test_failures=False, packages_skip_test_passed=False, packages_select=None, packages_skip=None, packages_select_regex=None, packages_skip_regex=None, packages_start=None, packages_end=None, allow_overriding=[], cmake_args=None, cmake_target=None, cmake_target_skip_unavailable=False, cmake_clean_cache=False, cmake_clean_first=False, cmake_force_configure=False, ament_cmake_args=None, catkin_cmake_args=None, catkin_skip_building_tests=False, verb_parser=<colcon_defaults.argument_parser.defaults.DefaultArgumentsDecorator object at 0x7f19fc3ca200>, verb_extension=<colcon_core.verb.build.BuildVerb object at 0x7f19fcba3640>, main=<bound method BuildVerb.main of <colcon_core.verb.build.BuildVerb object at 0x7f19fcba3640>>)
[0.461s] Level 1:colcon.colcon_core.package_discovery:discover_packages(colcon_meta) check parameters
[0.461s] Level 1:colcon.colcon_core.package_discovery:discover_packages(recursive) check parameters
[0.461s] Level 1:colcon.colcon_core.package_discovery:discover_packages(ignore) check parameters
[0.461s] Level 1:colcon.colcon_core.package_discovery:discover_packages(path) check parameters
[0.462s] Level 1:colcon.colcon_core.package_discovery:discover_packages(colcon_meta) discover
[0.462s] Level 1:colcon.colcon_core.package_discovery:discover_packages(recursive) discover
[0.462s] INFO:colcon.colcon_core.package_discovery:Crawling recursively for packages in '/home/rhys/ws_snow'
[0.462s] Level 1:colcon.colcon_core.package_identification:_identify(.) by extensions ['ignore', 'ignore_ament_install']
[0.462s] Level 1:colcon.colcon_core.package_identification:_identify(.) by extension 'ignore'
[0.462s] Level 1:colcon.colcon_core.package_identification:_identify(.) by extension 'ignore_ament_install'
[0.462s] Level 1:colcon.colcon_core.package_identification:_identify(.) by extensions ['colcon_pkg']
[0.462s] Level 1:colcon.colcon_core.package_identification:_identify(.) by extension 'colcon_pkg'
[0.462s] Level 1:colcon.colcon_core.package_identification:_identify(.) by extensions ['colcon_meta']
[0.462s] Level 1:colcon.colcon_core.package_identification:_identify(.) by extension 'colcon_meta'
[0.462s] Level 1:colcon.colcon_core.package_identification:_identify(.) by extensions ['ros']
[0.462s] Level 1:colcon.colcon_core.package_identification:_identify(.) by extension 'ros'
[0.478s] Level 1:colcon.colcon_core.package_identification:_identify(.) by extensions ['cmake', 'python']
[0.478s] Level 1:colcon.colcon_core.package_identification:_identify(.) by extension 'cmake'
[0.478s] Level 1:colcon.colcon_core.package_identification:_identify(.) by extension 'python'
[0.478s] Level 1:colcon.colcon_core.package_identification:_identify(.) by extensions ['python_setup_py']
[0.478s] Level 1:colcon.colcon_core.package_identification:_identify(.) by extension 'python_setup_py'
[0.478s] Level 1:colcon.colcon_core.package_identification:_identify(Data_1) by extensions ['ignore', 'ignore_ament_install']
[0.478s] Level 1:colcon.colcon_core.package_identification:_identify(Data_1) by extension 'ignore'
[0.478s] Level 1:colcon.colcon_core.package_identification:_identify(Data_1) by extension 'ignore_ament_install'
[0.478s] Level 1:colcon.colcon_core.package_identification:_identify(Data_1) by extensions ['colcon_pkg']
[0.478s] Level 1:colcon.colcon_core.package_identification:_identify(Data_1) by extension 'colcon_pkg'
[0.478s] Level 1:colcon.colcon_core.package_identification:_identify(Data_1) by extensions ['colcon_meta']
[0.478s] Level 1:colcon.colcon_core.package_identification:_identify(Data_1) by extension 'colcon_meta'
[0.479s] Level 1:colcon.colcon_core.package_identification:_identify(Data_1) by extensions ['ros']
[0.479s] Level 1:colcon.colcon_core.package_identification:_identify(Data_1) by extension 'ros'
[0.479s] Level 1:colcon.colcon_core.package_identification:_identify(Data_1) by extensions ['cmake', 'python']
[0.479s] Level 1:colcon.colcon_core.package_identification:_identify(Data_1) by extension 'cmake'
[0.479s] Level 1:colcon.colcon_core.package_identification:_identify(Data_1) by extension 'python'
[0.479s] Level 1:colcon.colcon_core.package_identification:_identify(Data_1) by extensions ['python_setup_py']
[0.479s] Level 1:colcon.colcon_core.package_identification:_identify(Data_1) by extension 'python_setup_py'
[0.479s] Level 1:colcon.colcon_core.package_identification:_identify(Data_1/Data_STEP1-orig) by extensions ['ignore', 'ignore_ament_install']
[0.479s] Level 1:colcon.colcon_core.package_identification:_identify(Data_1/Data_STEP1-orig) by extension 'ignore'
[0.479s] Level 1:colcon.colcon_core.package_identification:_identify(Data_1/Data_STEP1-orig) by extension 'ignore_ament_install'
[0.479s] Level 1:colcon.colcon_core.package_identification:_identify(Data_1/Data_STEP1-orig) by extensions ['colcon_pkg']
[0.479s] Level 1:colcon.colcon_core.package_identification:_identify(Data_1/Data_STEP1-orig) by extension 'colcon_pkg'
[0.479s] Level 1:colcon.colcon_core.package_identification:_identify(Data_1/Data_STEP1-orig) by extensions ['colcon_meta']
[0.479s] Level 1:colcon.colcon_core.package_identification:_identify(Data_1/Data_STEP1-orig) by extension 'colcon_meta'
[0.479s] Level 1:colcon.colcon_core.package_identification:_identify(Data_1/Data_STEP1-orig) by extensions ['ros']
[0.479s] Level 1:colcon.colcon_core.package_identification:_identify(Data_1/Data_STEP1-orig) by extension 'ros'
[0.480s] Level 1:colcon.colcon_core.package_identification:_identify(Data_1/Data_STEP1-orig) by extensions ['cmake', 'python']
[0.480s] Level 1:colcon.colcon_core.package_identification:_identify(Data_1/Data_STEP1-orig) by extension 'cmake'
[0.480s] Level 1:colcon.colcon_core.package_identification:_identify(Data_1/Data_STEP1-orig) by extension 'python'
[0.480s] Level 1:colcon.colcon_core.package_identification:_identify(Data_1/Data_STEP1-orig) by extensions ['python_setup_py']
[0.480s] Level 1:colcon.colcon_core.package_identification:_identify(Data_1/Data_STEP1-orig) by extension 'python_setup_py'
[0.480s] Level 1:colcon.colcon_core.package_identification:_identify(Data_1/Data_STEP1-torque) by extensions ['ignore', 'ignore_ament_install']
[0.480s] Level 1:colcon.colcon_core.package_identification:_identify(Data_1/Data_STEP1-torque) by extension 'ignore'
[0.480s] Level 1:colcon.colcon_core.package_identification:_identify(Data_1/Data_STEP1-torque) by extension 'ignore_ament_install'
[0.480s] Level 1:colcon.colcon_core.package_identification:_identify(Data_1/Data_STEP1-torque) by extensions ['colcon_pkg']
[0.480s] Level 1:colcon.colcon_core.package_identification:_identify(Data_1/Data_STEP1-torque) by extension 'colcon_pkg'
[0.480s] Level 1:colcon.colcon_core.package_identification:_identify(Data_1/Data_STEP1-torque) by extensions ['colcon_meta']
[0.480s] Level 1:colcon.colcon_core.package_identification:_identify(Data_1/Data_STEP1-torque) by extension 'colcon_meta'
[0.480s] Level 1:colcon.colcon_core.package_identification:_identify(Data_1/Data_STEP1-torque) by extensions ['ros']
[0.480s] Level 1:colcon.colcon_core.package_identification:_identify(Data_1/Data_STEP1-torque) by extension 'ros'
[0.480s] Level 1:colcon.colcon_core.package_identification:_identify(Data_1/Data_STEP1-torque) by extensions ['cmake', 'python']
[0.480s] Level 1:colcon.colcon_core.package_identification:_identify(Data_1/Data_STEP1-torque) by extension 'cmake'
[0.480s] Level 1:colcon.colcon_core.package_identification:_identify(Data_1/Data_STEP1-torque) by extension 'python'
[0.481s] Level 1:colcon.colcon_core.package_identification:_identify(Data_1/Data_STEP1-torque) by extensions ['python_setup_py']
[0.481s] Level 1:colcon.colcon_core.package_identification:_identify(Data_1/Data_STEP1-torque) by extension 'python_setup_py'
[0.481s] Level 1:colcon.colcon_core.package_identification:_identify(Data_1/Data_STEP2-orig) by extensions ['ignore', 'ignore_ament_install']
[0.481s] Level 1:colcon.colcon_core.package_identification:_identify(Data_1/Data_STEP2-orig) by extension 'ignore'
[0.481s] Level 1:colcon.colcon_core.package_identification:_identify(Data_1/Data_STEP2-orig) by extension 'ignore_ament_install'
[0.481s] Level 1:colcon.colcon_core.package_identification:_identify(Data_1/Data_STEP2-orig) by extensions ['colcon_pkg']
[0.481s] Level 1:colcon.colcon_core.package_identification:_identify(Data_1/Data_STEP2-orig) by extension 'colcon_pkg'
[0.481s] Level 1:colcon.colcon_core.package_identification:_identify(Data_1/Data_STEP2-orig) by extensions ['colcon_meta']
[0.481s] Level 1:colcon.colcon_core.package_identification:_identify(Data_1/Data_STEP2-orig) by extension 'colcon_meta'
[0.481s] Level 1:colcon.colcon_core.package_identification:_identify(Data_1/Data_STEP2-orig) by extensions ['ros']
[0.481s] Level 1:colcon.colcon_core.package_identification:_identify(Data_1/Data_STEP2-orig) by extension 'ros'
[0.481s] Level 1:colcon.colcon_core.package_identification:_identify(Data_1/Data_STEP2-orig) by extensions ['cmake', 'python']
[0.481s] Level 1:colcon.colcon_core.package_identification:_identify(Data_1/Data_STEP2-orig) by extension 'cmake'
[0.481s] Level 1:colcon.colcon_core.package_identification:_identify(Data_1/Data_STEP2-orig) by extension 'python'
[0.481s] Level 1:colcon.colcon_core.package_identification:_identify(Data_1/Data_STEP2-orig) by extensions ['python_setup_py']
[0.481s] Level 1:colcon.colcon_core.package_identification:_identify(Data_1/Data_STEP2-orig) by extension 'python_setup_py'
[0.481s] Level 1:colcon.colcon_core.package_identification:_identify(Data_1/Data_STEP2-torq) by extensions ['ignore', 'ignore_ament_install']
[0.482s] Level 1:colcon.colcon_core.package_identification:_identify(Data_1/Data_STEP2-torq) by extension 'ignore'
[0.482s] Level 1:colcon.colcon_core.package_identification:_identify(Data_1/Data_STEP2-torq) by extension 'ignore_ament_install'
[0.482s] Level 1:colcon.colcon_core.package_identification:_identify(Data_1/Data_STEP2-torq) by extensions ['colcon_pkg']
[0.482s] Level 1:colcon.colcon_core.package_identification:_identify(Data_1/Data_STEP2-torq) by extension 'colcon_pkg'
[0.482s] Level 1:colcon.colcon_core.package_identification:_identify(Data_1/Data_STEP2-torq) by extensions ['colcon_meta']
[0.482s] Level 1:colcon.colcon_core.package_identification:_identify(Data_1/Data_STEP2-torq) by extension 'colcon_meta'
[0.482s] Level 1:colcon.colcon_core.package_identification:_identify(Data_1/Data_STEP2-torq) by extensions ['ros']
[0.482s] Level 1:colcon.colcon_core.package_identification:_identify(Data_1/Data_STEP2-torq) by extension 'ros'
[0.482s] Level 1:colcon.colcon_core.package_identification:_identify(Data_1/Data_STEP2-torq) by extensions ['cmake', 'python']
[0.482s] Level 1:colcon.colcon_core.package_identification:_identify(Data_1/Data_STEP2-torq) by extension 'cmake'
[0.482s] Level 1:colcon.colcon_core.package_identification:_identify(Data_1/Data_STEP2-torq) by extension 'python'
[0.482s] Level 1:colcon.colcon_core.package_identification:_identify(Data_1/Data_STEP2-torq) by extensions ['python_setup_py']
[0.482s] Level 1:colcon.colcon_core.package_identification:_identify(Data_1/Data_STEP2-torq) by extension 'python_setup_py'
[0.482s] Level 1:colcon.colcon_core.package_identification:_identify(build) by extensions ['ignore', 'ignore_ament_install']
[0.482s] Level 1:colcon.colcon_core.package_identification:_identify(build) by extension 'ignore'
[0.482s] Level 1:colcon.colcon_core.package_identification:_identify(build) ignored
[0.483s] Level 1:colcon.colcon_core.package_identification:_identify(install) by extensions ['ignore', 'ignore_ament_install']
[0.483s] Level 1:colcon.colcon_core.package_identification:_identify(install) by extension 'ignore'
[0.483s] Level 1:colcon.colcon_core.package_identification:_identify(install) ignored
[0.483s] Level 1:colcon.colcon_core.package_identification:_identify(log) by extensions ['ignore', 'ignore_ament_install']
[0.483s] Level 1:colcon.colcon_core.package_identification:_identify(log) by extension 'ignore'
[0.483s] Level 1:colcon.colcon_core.package_identification:_identify(log) ignored
[0.483s] Level 1:colcon.colcon_core.package_identification:_identify(src) by extensions ['ignore', 'ignore_ament_install']
[0.483s] Level 1:colcon.colcon_core.package_identification:_identify(src) by extension 'ignore'
[0.483s] Level 1:colcon.colcon_core.package_identification:_identify(src) by extension 'ignore_ament_install'
[0.483s] Level 1:colcon.colcon_core.package_identification:_identify(src) by extensions ['colcon_pkg']
[0.483s] Level 1:colcon.colcon_core.package_identification:_identify(src) by extension 'colcon_pkg'
[0.484s] Level 1:colcon.colcon_core.package_identification:_identify(src) by extensions ['colcon_meta']
[0.484s] Level 1:colcon.colcon_core.package_identification:_identify(src) by extension 'colcon_meta'
[0.484s] Level 1:colcon.colcon_core.package_identification:_identify(src) by extensions ['ros']
[0.484s] Level 1:colcon.colcon_core.package_identification:_identify(src) by extension 'ros'
[0.484s] Level 1:colcon.colcon_core.package_identification:_identify(src) by extensions ['cmake', 'python']
[0.484s] Level 1:colcon.colcon_core.package_identification:_identify(src) by extension 'cmake'
[0.484s] Level 1:colcon.colcon_core.package_identification:_identify(src) by extension 'python'
[0.484s] Level 1:colcon.colcon_core.package_identification:_identify(src) by extensions ['python_setup_py']
[0.484s] Level 1:colcon.colcon_core.package_identification:_identify(src) by extension 'python_setup_py'
[0.484s] Level 1:colcon.colcon_core.package_identification:_identify(src/hard_con) by extensions ['ignore', 'ignore_ament_install']
[0.484s] Level 1:colcon.colcon_core.package_identification:_identify(src/hard_con) by extension 'ignore'
[0.484s] Level 1:colcon.colcon_core.package_identification:_identify(src/hard_con) by extension 'ignore_ament_install'
[0.484s] Level 1:colcon.colcon_core.package_identification:_identify(src/hard_con) by extensions ['colcon_pkg']
[0.484s] Level 1:colcon.colcon_core.package_identification:_identify(src/hard_con) by extension 'colcon_pkg'
[0.484s] Level 1:colcon.colcon_core.package_identification:_identify(src/hard_con) by extensions ['colcon_meta']
[0.484s] Level 1:colcon.colcon_core.package_identification:_identify(src/hard_con) by extension 'colcon_meta'
[0.484s] Level 1:colcon.colcon_core.package_identification:_identify(src/hard_con) by extensions ['ros']
[0.484s] Level 1:colcon.colcon_core.package_identification:_identify(src/hard_con) by extension 'ros'
[0.488s] DEBUG:colcon.colcon_core.package_identification:Package 'src/hard_con' with type 'ros.ament_cmake' and name 'hard_con'
[0.488s] Level 1:colcon.colcon_core.package_identification:_identify(src/snow_con) by extensions ['ignore', 'ignore_ament_install']
[0.488s] Level 1:colcon.colcon_core.package_identification:_identify(src/snow_con) by extension 'ignore'
[0.488s] Level 1:colcon.colcon_core.package_identification:_identify(src/snow_con) by extension 'ignore_ament_install'
[0.488s] Level 1:colcon.colcon_core.package_identification:_identify(src/snow_con) by extensions ['colcon_pkg']
[0.488s] Level 1:colcon.colcon_core.package_identification:_identify(src/snow_con) by extension 'colcon_pkg'
[0.488s] Level 1:colcon.colcon_core.package_identification:_identify(src/snow_con) by extensions ['colcon_meta']
[0.488s] Level 1:colcon.colcon_core.package_identification:_identify(src/snow_con) by extension 'colcon_meta'
[0.489s] Level 1:colcon.colcon_core.package_identification:_identify(src/snow_con) by extensions ['ros']
[0.489s] Level 1:colcon.colcon_core.package_identification:_identify(src/snow_con) by extension 'ros'
[0.489s] DEBUG:colcon.colcon_core.package_identification:Package 'src/snow_con' with type 'ros.ament_cmake' and name 'snow_con'
[0.489s] Level 1:colcon.colcon_core.package_identification:_identify(src/snow_con_rt) by extensions ['ignore', 'ignore_ament_install']
[0.490s] Level 1:colcon.colcon_core.package_identification:_identify(src/snow_con_rt) by extension 'ignore'
[0.490s] Level 1:colcon.colcon_core.package_identification:_identify(src/snow_con_rt) by extension 'ignore_ament_install'
[0.490s] Level 1:colcon.colcon_core.package_identification:_identify(src/snow_con_rt) by extensions ['colcon_pkg']
[0.490s] Level 1:colcon.colcon_core.package_identification:_identify(src/snow_con_rt) by extension 'colcon_pkg'
[0.490s] Level 1:colcon.colcon_core.package_identification:_identify(src/snow_con_rt) by extensions ['colcon_meta']
[0.490s] Level 1:colcon.colcon_core.package_identification:_identify(src/snow_con_rt) by extension 'colcon_meta'
[0.490s] Level 1:colcon.colcon_core.package_identification:_identify(src/snow_con_rt) by extensions ['ros']
[0.490s] Level 1:colcon.colcon_core.package_identification:_identify(src/snow_con_rt) by extension 'ros'
[0.491s] DEBUG:colcon.colcon_core.package_identification:Package 'src/snow_con_rt' with type 'ros.ament_cmake' and name 'snow_con_rt'
[0.491s] Level 1:colcon.colcon_core.package_identification:_identify(src/snow_sim) by extensions ['ignore', 'ignore_ament_install']
[0.491s] Level 1:colcon.colcon_core.package_identification:_identify(src/snow_sim) by extension 'ignore'
[0.491s] Level 1:colcon.colcon_core.package_identification:_identify(src/snow_sim) by extension 'ignore_ament_install'
[0.491s] Level 1:colcon.colcon_core.package_identification:_identify(src/snow_sim) by extensions ['colcon_pkg']
[0.491s] Level 1:colcon.colcon_core.package_identification:_identify(src/snow_sim) by extension 'colcon_pkg'
[0.491s] Level 1:colcon.colcon_core.package_identification:_identify(src/snow_sim) by extensions ['colcon_meta']
[0.491s] Level 1:colcon.colcon_core.package_identification:_identify(src/snow_sim) by extension 'colcon_meta'
[0.491s] Level 1:colcon.colcon_core.package_identification:_identify(src/snow_sim) by extensions ['ros']
[0.491s] Level 1:colcon.colcon_core.package_identification:_identify(src/snow_sim) by extension 'ros'
[0.492s] DEBUG:colcon.colcon_core.package_identification:Package 'src/snow_sim' with type 'ros.ament_cmake' and name 'snow_sim'
[0.492s] Level 1:colcon.colcon_core.package_identification:_identify(src/urdf_tutorial) by extensions ['ignore', 'ignore_ament_install']
[0.492s] Level 1:colcon.colcon_core.package_identification:_identify(src/urdf_tutorial) by extension 'ignore'
[0.492s] Level 1:colcon.colcon_core.package_identification:_identify(src/urdf_tutorial) by extension 'ignore_ament_install'
[0.492s] Level 1:colcon.colcon_core.package_identification:_identify(src/urdf_tutorial) by extensions ['colcon_pkg']
[0.492s] Level 1:colcon.colcon_core.package_identification:_identify(src/urdf_tutorial) by extension 'colcon_pkg'
[0.493s] Level 1:colcon.colcon_core.package_identification:_identify(src/urdf_tutorial) by extensions ['colcon_meta']
[0.493s] Level 1:colcon.colcon_core.package_identification:_identify(src/urdf_tutorial) by extension 'colcon_meta'
[0.493s] Level 1:colcon.colcon_core.package_identification:_identify(src/urdf_tutorial) by extensions ['ros']
[0.493s] Level 1:colcon.colcon_core.package_identification:_identify(src/urdf_tutorial) by extension 'ros'
[0.493s] DEBUG:colcon.colcon_core.package_identification:Package 'src/urdf_tutorial' with type 'ros.ament_cmake' and name 'urdf_tutorial'
[0.493s] Level 1:colcon.colcon_core.package_discovery:discover_packages(recursive) using defaults
[0.493s] Level 1:colcon.colcon_core.package_discovery:discover_packages(ignore) discover
[0.493s] Level 1:colcon.colcon_core.package_discovery:discover_packages(ignore) using defaults
[0.493s] Level 1:colcon.colcon_core.package_discovery:discover_packages(path) discover
[0.493s] Level 1:colcon.colcon_core.package_discovery:discover_packages(path) using defaults
[0.525s] Level 1:colcon.colcon_core.package_discovery:discover_packages(prefix_path) check parameters
[0.526s] Level 1:colcon.colcon_core.package_discovery:discover_packages(prefix_path) discover
[0.529s] DEBUG:colcon.colcon_installed_package_information.package_discovery:Found 5 installed packages in /home/rhys/ws_snow/install
[0.531s] DEBUG:colcon.colcon_installed_package_information.package_discovery:Found 327 installed packages in /opt/ros/humble
[0.533s] Level 1:colcon.colcon_core.package_discovery:discover_packages(prefix_path) using defaults
[0.617s] Level 5:colcon.colcon_core.verb:set package 'hard_con' build argument 'cmake_args' from command line to 'None'
[0.618s] Level 5:colcon.colcon_core.verb:set package 'hard_con' build argument 'cmake_target' from command line to 'None'
[0.618s] Level 5:colcon.colcon_core.verb:set package 'hard_con' build argument 'cmake_target_skip_unavailable' from command line to 'False'
[0.618s] Level 5:colcon.colcon_core.verb:set package 'hard_con' build argument 'cmake_clean_cache' from command line to 'False'
[0.618s] Level 5:colcon.colcon_core.verb:set package 'hard_con' build argument 'cmake_clean_first' from command line to 'False'
[0.618s] Level 5:colcon.colcon_core.verb:set package 'hard_con' build argument 'cmake_force_configure' from command line to 'False'
[0.618s] Level 5:colcon.colcon_core.verb:set package 'hard_con' build argument 'ament_cmake_args' from command line to 'None'
[0.618s] Level 5:colcon.colcon_core.verb:set package 'hard_con' build argument 'catkin_cmake_args' from command line to 'None'
[0.618s] Level 5:colcon.colcon_core.verb:set package 'hard_con' build argument 'catkin_skip_building_tests' from command line to 'False'
[0.618s] DEBUG:colcon.colcon_core.verb:Building package 'hard_con' with the following arguments: {'ament_cmake_args': None, 'build_base': '/home/rhys/ws_snow/build/hard_con', 'catkin_cmake_args': None, 'catkin_skip_building_tests': False, 'cmake_args': None, 'cmake_clean_cache': False, 'cmake_clean_first': False, 'cmake_force_configure': False, 'cmake_target': None, 'cmake_target_skip_unavailable': False, 'install_base': '/home/rhys/ws_snow/install/hard_con', 'merge_install': False, 'path': '/home/rhys/ws_snow/src/hard_con', 'symlink_install': False, 'test_result_base': None}
[0.619s] Level 5:colcon.colcon_core.verb:set package 'snow_con' build argument 'cmake_args' from command line to 'None'
[0.619s] Level 5:colcon.colcon_core.verb:set package 'snow_con' build argument 'cmake_target' from command line to 'None'
[0.619s] Level 5:colcon.colcon_core.verb:set package 'snow_con' build argument 'cmake_target_skip_unavailable' from command line to 'False'
[0.619s] Level 5:colcon.colcon_core.verb:set package 'snow_con' build argument 'cmake_clean_cache' from command line to 'False'
[0.619s] Level 5:colcon.colcon_core.verb:set package 'snow_con' build argument 'cmake_clean_first' from command line to 'False'
[0.619s] Level 5:colcon.colcon_core.verb:set package 'snow_con' build argument 'cmake_force_configure' from command line to 'False'
[0.619s] Level 5:colcon.colcon_core.verb:set package 'snow_con' build argument 'ament_cmake_args' from command line to 'None'
[0.619s] Level 5:colcon.colcon_core.verb:set package 'snow_con' build argument 'catkin_cmake_args' from command line to 'None'
[0.619s] Level 5:colcon.colcon_core.verb:set package 'snow_con' build argument 'catkin_skip_building_tests' from command line to 'False'
[0.619s] DEBUG:colcon.colcon_core.verb:Building package 'snow_con' with the following arguments: {'ament_cmake_args': None, 'build_base': '/home/rhys/ws_snow/build/snow_con', 'catkin_cmake_args': None, 'catkin_skip_building_tests': False, 'cmake_args': None, 'cmake_clean_cache': False, 'cmake_clean_first': False, 'cmake_force_configure': False, 'cmake_target': None, 'cmake_target_skip_unavailable': False, 'install_base': '/home/rhys/ws_snow/install/snow_con', 'merge_install': False, 'path': '/home/rhys/ws_snow/src/snow_con', 'symlink_install': False, 'test_result_base': None}
[0.620s] Level 5:colcon.colcon_core.verb:set package 'snow_con_rt' build argument 'cmake_args' from command line to 'None'
[0.621s] Level 5:colcon.colcon_core.verb:set package 'snow_con_rt' build argument 'cmake_target' from command line to 'None'
[0.621s] Level 5:colcon.colcon_core.verb:set package 'snow_con_rt' build argument 'cmake_target_skip_unavailable' from command line to 'False'
[0.621s] Level 5:colcon.colcon_core.verb:set package 'snow_con_rt' build argument 'cmake_clean_cache' from command line to 'False'
[0.621s] Level 5:colcon.colcon_core.verb:set package 'snow_con_rt' build argument 'cmake_clean_first' from command line to 'False'
[0.621s] Level 5:colcon.colcon_core.verb:set package 'snow_con_rt' build argument 'cmake_force_configure' from command line to 'False'
[0.621s] Level 5:colcon.colcon_core.verb:set package 'snow_con_rt' build argument 'ament_cmake_args' from command line to 'None'
[0.621s] Level 5:colcon.colcon_core.verb:set package 'snow_con_rt' build argument 'catkin_cmake_args' from command line to 'None'
[0.621s] Level 5:colcon.colcon_core.verb:set package 'snow_con_rt' build argument 'catkin_skip_building_tests' from command line to 'False'
[0.621s] DEBUG:colcon.colcon_core.verb:Building package 'snow_con_rt' with the following arguments: {'ament_cmake_args': None, 'build_base': '/home/rhys/ws_snow/build/snow_con_rt', 'catkin_cmake_args': None, 'catkin_skip_building_tests': False, 'cmake_args': None, 'cmake_clean_cache': False, 'cmake_clean_first': False, 'cmake_force_configure': False, 'cmake_target': None, 'cmake_target_skip_unavailable': False, 'install_base': '/home/rhys/ws_snow/install/snow_con_rt', 'merge_install': False, 'path': '/home/rhys/ws_snow/src/snow_con_rt', 'symlink_install': False, 'test_result_base': None}
[0.622s] Level 5:colcon.colcon_core.verb:set package 'snow_sim' build argument 'cmake_args' from command line to 'None'
[0.622s] Level 5:colcon.colcon_core.verb:set package 'snow_sim' build argument 'cmake_target' from command line to 'None'
[0.622s] Level 5:colcon.colcon_core.verb:set package 'snow_sim' build argument 'cmake_target_skip_unavailable' from command line to 'False'
[0.622s] Level 5:colcon.colcon_core.verb:set package 'snow_sim' build argument 'cmake_clean_cache' from command line to 'False'
[0.622s] Level 5:colcon.colcon_core.verb:set package 'snow_sim' build argument 'cmake_clean_first' from command line to 'False'
[0.622s] Level 5:colcon.colcon_core.verb:set package 'snow_sim' build argument 'cmake_force_configure' from command line to 'False'
[0.622s] Level 5:colcon.colcon_core.verb:set package 'snow_sim' build argument 'ament_cmake_args' from command line to 'None'
[0.622s] Level 5:colcon.colcon_core.verb:set package 'snow_sim' build argument 'catkin_cmake_args' from command line to 'None'
[0.622s] Level 5:colcon.colcon_core.verb:set package 'snow_sim' build argument 'catkin_skip_building_tests' from command line to 'False'
[0.622s] DEBUG:colcon.colcon_core.verb:Building package 'snow_sim' with the following arguments: {'ament_cmake_args': None, 'build_base': '/home/rhys/ws_snow/build/snow_sim', 'catkin_cmake_args': None, 'catkin_skip_building_tests': False, 'cmake_args': None, 'cmake_clean_cache': False, 'cmake_clean_first': False, 'cmake_force_configure': False, 'cmake_target': None, 'cmake_target_skip_unavailable': False, 'install_base': '/home/rhys/ws_snow/install/snow_sim', 'merge_install': False, 'path': '/home/rhys/ws_snow/src/snow_sim', 'symlink_install': False, 'test_result_base': None}
[0.623s] Level 5:colcon.colcon_core.verb:set package 'urdf_tutorial' build argument 'cmake_args' from command line to 'None'
[0.623s] Level 5:colcon.colcon_core.verb:set package 'urdf_tutorial' build argument 'cmake_target' from command line to 'None'
[0.623s] Level 5:colcon.colcon_core.verb:set package 'urdf_tutorial' build argument 'cmake_target_skip_unavailable' from command line to 'False'
[0.623s] Level 5:colcon.colcon_core.verb:set package 'urdf_tutorial' build argument 'cmake_clean_cache' from command line to 'False'
[0.623s] Level 5:colcon.colcon_core.verb:set package 'urdf_tutorial' build argument 'cmake_clean_first' from command line to 'False'
[0.623s] Level 5:colcon.colcon_core.verb:set package 'urdf_tutorial' build argument 'cmake_force_configure' from command line to 'False'
[0.623s] Level 5:colcon.colcon_core.verb:set package 'urdf_tutorial' build argument 'ament_cmake_args' from command line to 'None'
[0.624s] Level 5:colcon.colcon_core.verb:set package 'urdf_tutorial' build argument 'catkin_cmake_args' from command line to 'None'
[0.624s] Level 5:colcon.colcon_core.verb:set package 'urdf_tutorial' build argument 'catkin_skip_building_tests' from command line to 'False'
[0.624s] DEBUG:colcon.colcon_core.verb:Building package 'urdf_tutorial' with the following arguments: {'ament_cmake_args': None, 'build_base': '/home/rhys/ws_snow/build/urdf_tutorial', 'catkin_cmake_args': None, 'catkin_skip_building_tests': False, 'cmake_args': None, 'cmake_clean_cache': False, 'cmake_clean_first': False, 'cmake_force_configure': False, 'cmake_target': None, 'cmake_target_skip_unavailable': False, 'install_base': '/home/rhys/ws_snow/install/urdf_tutorial', 'merge_install': False, 'path': '/home/rhys/ws_snow/src/urdf_tutorial', 'symlink_install': False, 'test_result_base': None}
[0.624s] INFO:colcon.colcon_core.executor:Executing jobs using 'parallel' executor
[0.629s] DEBUG:colcon.colcon_parallel_executor.executor.parallel:run_until_complete
[0.629s] INFO:colcon.colcon_ros.task.ament_cmake.build:Building ROS package in '/home/rhys/ws_snow/src/hard_con' with build type 'ament_cmake'
[0.629s] INFO:colcon.colcon_cmake.task.cmake.build:Building CMake package in '/home/rhys/ws_snow/src/hard_con'
[0.635s] INFO:colcon.colcon_core.plugin_system:Skipping extension 'colcon_core.shell.bat': Not used on non-Windows systems
[0.635s] INFO:colcon.colcon_core.shell:Skip shell extension 'powershell' for command environment: Not usable outside of PowerShell
[0.635s] DEBUG:colcon.colcon_core.shell:Skip shell extension 'dsv' for command environment
[0.642s] INFO:colcon.colcon_ros.task.ament_cmake.build:Building ROS package in '/home/rhys/ws_snow/src/snow_con' with build type 'ament_cmake'
[0.642s] INFO:colcon.colcon_cmake.task.cmake.build:Building CMake package in '/home/rhys/ws_snow/src/snow_con'
[0.644s] INFO:colcon.colcon_core.shell:Skip shell extension 'powershell' for command environment: Not usable outside of PowerShell
[0.644s] DEBUG:colcon.colcon_core.shell:Skip shell extension 'dsv' for command environment
[0.651s] INFO:colcon.colcon_ros.task.ament_cmake.build:Building ROS package in '/home/rhys/ws_snow/src/snow_con_rt' with build type 'ament_cmake'
[0.651s] INFO:colcon.colcon_cmake.task.cmake.build:Building CMake package in '/home/rhys/ws_snow/src/snow_con_rt'
[0.653s] INFO:colcon.colcon_core.shell:Skip shell extension 'powershell' for command environment: Not usable outside of PowerShell
[0.653s] DEBUG:colcon.colcon_core.shell:Skip shell extension 'dsv' for command environment
[0.660s] INFO:colcon.colcon_ros.task.ament_cmake.build:Building ROS package in '/home/rhys/ws_snow/src/snow_sim' with build type 'ament_cmake'
[0.660s] INFO:colcon.colcon_cmake.task.cmake.build:Building CMake package in '/home/rhys/ws_snow/src/snow_sim'
[0.662s] INFO:colcon.colcon_core.shell:Skip shell extension 'powershell' for command environment: Not usable outside of PowerShell
[0.662s] DEBUG:colcon.colcon_core.shell:Skip shell extension 'dsv' for command environment
[0.668s] INFO:colcon.colcon_ros.task.ament_cmake.build:Building ROS package in '/home/rhys/ws_snow/src/urdf_tutorial' with build type 'ament_cmake'
[0.668s] INFO:colcon.colcon_cmake.task.cmake.build:Building CMake package in '/home/rhys/ws_snow/src/urdf_tutorial'
[0.671s] INFO:colcon.colcon_core.shell:Skip shell extension 'powershell' for command environment: Not usable outside of PowerShell
[0.671s] DEBUG:colcon.colcon_core.shell:Skip shell extension 'dsv' for command environment
[0.686s] DEBUG:colcon.colcon_core.event_handler.log_command:Invoking command in '/home/rhys/ws_snow/build/hard_con': CMAKE_PREFIX_PATH=${CMAKE_PREFIX_PATH}:/opt/ros/humble /usr/bin/cmake --build /home/rhys/ws_snow/build/hard_con -- -j12 -l12
[0.692s] DEBUG:colcon.colcon_core.event_handler.log_command:Invoking command in '/home/rhys/ws_snow/build/snow_con': CMAKE_PREFIX_PATH=${CMAKE_PREFIX_PATH}:/opt/ros/humble /usr/bin/cmake --build /home/rhys/ws_snow/build/snow_con -- -j12 -l12
[0.696s] DEBUG:colcon.colcon_core.event_handler.log_command:Invoking command in '/home/rhys/ws_snow/build/snow_con_rt': CMAKE_PREFIX_PATH=${CMAKE_PREFIX_PATH}:/opt/ros/humble /usr/bin/cmake --build /home/rhys/ws_snow/build/snow_con_rt -- -j12 -l12
[0.702s] DEBUG:colcon.colcon_core.event_handler.log_command:Invoking command in '/home/rhys/ws_snow/build/snow_sim': CMAKE_PREFIX_PATH=${CMAKE_PREFIX_PATH}:/opt/ros/humble /usr/bin/cmake --build /home/rhys/ws_snow/build/snow_sim -- -j12 -l12
[0.711s] DEBUG:colcon.colcon_core.event_handler.log_command:Invoking command in '/home/rhys/ws_snow/build/urdf_tutorial': CMAKE_PREFIX_PATH=${CMAKE_PREFIX_PATH}:/opt/ros/humble /usr/bin/cmake --build /home/rhys/ws_snow/build/urdf_tutorial -- -j12 -l12
[0.763s] DEBUG:colcon.colcon_core.event_handler.log_command:Invoked command in '/home/rhys/ws_snow/build/urdf_tutorial' returned '0': CMAKE_PREFIX_PATH=${CMAKE_PREFIX_PATH}:/opt/ros/humble /usr/bin/cmake --build /home/rhys/ws_snow/build/urdf_tutorial -- -j12 -l12
[0.774s] DEBUG:colcon.colcon_core.event_handler.log_command:Invoked command in '/home/rhys/ws_snow/build/hard_con' returned '0': CMAKE_PREFIX_PATH=${CMAKE_PREFIX_PATH}:/opt/ros/humble /usr/bin/cmake --build /home/rhys/ws_snow/build/hard_con -- -j12 -l12
[0.786s] DEBUG:colcon.colcon_core.event_handler.log_command:Invoked command in '/home/rhys/ws_snow/build/snow_con' returned '0': CMAKE_PREFIX_PATH=${CMAKE_PREFIX_PATH}:/opt/ros/humble /usr/bin/cmake --build /home/rhys/ws_snow/build/snow_con -- -j12 -l12
[0.792s] DEBUG:colcon.colcon_core.event_handler.log_command:Invoked command in '/home/rhys/ws_snow/build/snow_sim' returned '0': CMAKE_PREFIX_PATH=${CMAKE_PREFIX_PATH}:/opt/ros/humble /usr/bin/cmake --build /home/rhys/ws_snow/build/snow_sim -- -j12 -l12
[0.807s] DEBUG:colcon.colcon_core.event_handler.log_command:Invoking command in '/home/rhys/ws_snow/build/urdf_tutorial': CMAKE_PREFIX_PATH=${CMAKE_PREFIX_PATH}:/opt/ros/humble /usr/bin/cmake --install /home/rhys/ws_snow/build/urdf_tutorial
[0.811s] DEBUG:colcon.colcon_core.event_handler.log_command:Invoking command in '/home/rhys/ws_snow/build/hard_con': CMAKE_PREFIX_PATH=${CMAKE_PREFIX_PATH}:/opt/ros/humble /usr/bin/cmake --install /home/rhys/ws_snow/build/hard_con
[0.832s] Level 1:colcon.colcon_core.environment:create_environment_scripts_only(hard_con)
[0.834s] DEBUG:colcon.colcon_core.event_handler.log_command:Invoking command in '/home/rhys/ws_snow/build/snow_con': CMAKE_PREFIX_PATH=${CMAKE_PREFIX_PATH}:/opt/ros/humble /usr/bin/cmake --install /home/rhys/ws_snow/build/snow_con
[0.855s] DEBUG:colcon.colcon_core.event_handler.log_command:Invoking command in '/home/rhys/ws_snow/build/snow_sim': CMAKE_PREFIX_PATH=${CMAKE_PREFIX_PATH}:/opt/ros/humble /usr/bin/cmake --install /home/rhys/ws_snow/build/snow_sim
[0.856s] DEBUG:colcon.colcon_core.event_handler.log_command:Invoked command in '/home/rhys/ws_snow/build/hard_con' returned '0': CMAKE_PREFIX_PATH=${CMAKE_PREFIX_PATH}:/opt/ros/humble /usr/bin/cmake --install /home/rhys/ws_snow/build/hard_con
[0.876s] Level 1:colcon.colcon_core.environment:checking '/home/rhys/ws_snow/install/hard_con' for CMake module files
[0.877s] Level 1:colcon.colcon_core.environment:checking '/home/rhys/ws_snow/install/hard_con' for CMake config files
[0.877s] Level 1:colcon.colcon_core.shell:create_environment_hook('hard_con', 'cmake_prefix_path')
[0.879s] INFO:colcon.colcon_core.shell:Creating environment hook '/home/rhys/ws_snow/install/hard_con/share/hard_con/hook/cmake_prefix_path.ps1'
[0.880s] INFO:colcon.colcon_core.shell:Creating environment descriptor '/home/rhys/ws_snow/install/hard_con/share/hard_con/hook/cmake_prefix_path.dsv'
[0.880s] INFO:colcon.colcon_core.shell:Creating environment hook '/home/rhys/ws_snow/install/hard_con/share/hard_con/hook/cmake_prefix_path.sh'
[0.882s] Level 1:colcon.colcon_core.environment:checking '/home/rhys/ws_snow/install/hard_con/lib'
[0.882s] Level 1:colcon.colcon_core.environment:checking '/home/rhys/ws_snow/install/hard_con/bin'
[0.882s] Level 1:colcon.colcon_core.environment:checking '/home/rhys/ws_snow/install/hard_con/lib/pkgconfig/hard_con.pc'
[0.882s] Level 1:colcon.colcon_core.environment:checking '/home/rhys/ws_snow/install/hard_con/lib/python3.10/site-packages'
[0.882s] Level 1:colcon.colcon_core.environment:checking '/home/rhys/ws_snow/install/hard_con/bin'
[0.884s] INFO:colcon.colcon_core.shell:Creating package script '/home/rhys/ws_snow/install/hard_con/share/hard_con/package.ps1'
[0.885s] INFO:colcon.colcon_core.shell:Creating package descriptor '/home/rhys/ws_snow/install/hard_con/share/hard_con/package.dsv'
[0.886s] INFO:colcon.colcon_core.shell:Creating package script '/home/rhys/ws_snow/install/hard_con/share/hard_con/package.sh'
[0.887s] INFO:colcon.colcon_core.shell:Creating package script '/home/rhys/ws_snow/install/hard_con/share/hard_con/package.bash'
[0.888s] INFO:colcon.colcon_core.shell:Creating package script '/home/rhys/ws_snow/install/hard_con/share/hard_con/package.zsh'
[0.889s] Level 1:colcon.colcon_core.environment:create_file_with_runtime_dependencies(/home/rhys/ws_snow/install/hard_con/share/colcon-core/packages/hard_con)
[0.891s] Level 1:colcon.colcon_core.environment:create_environment_scripts_only(urdf_tutorial)
[0.893s] Level 1:colcon.colcon_core.environment:checking '/home/rhys/ws_snow/install/urdf_tutorial' for CMake module files
[0.894s] DEBUG:colcon.colcon_core.event_handler.log_command:Invoked command in '/home/rhys/ws_snow/build/urdf_tutorial' returned '0': CMAKE_PREFIX_PATH=${CMAKE_PREFIX_PATH}:/opt/ros/humble /usr/bin/cmake --install /home/rhys/ws_snow/build/urdf_tutorial
[0.895s] Level 1:colcon.colcon_core.environment:checking '/home/rhys/ws_snow/install/urdf_tutorial' for CMake config files
[0.895s] Level 1:colcon.colcon_core.shell:create_environment_hook('urdf_tutorial', 'cmake_prefix_path')
[0.897s] INFO:colcon.colcon_core.shell:Creating environment hook '/home/rhys/ws_snow/install/urdf_tutorial/share/urdf_tutorial/hook/cmake_prefix_path.ps1'
[0.898s] INFO:colcon.colcon_core.shell:Creating environment descriptor '/home/rhys/ws_snow/install/urdf_tutorial/share/urdf_tutorial/hook/cmake_prefix_path.dsv'
[0.898s] INFO:colcon.colcon_core.shell:Creating environment hook '/home/rhys/ws_snow/install/urdf_tutorial/share/urdf_tutorial/hook/cmake_prefix_path.sh'
[0.899s] Level 1:colcon.colcon_core.environment:checking '/home/rhys/ws_snow/install/urdf_tutorial/bin'
[0.899s] Level 1:colcon.colcon_core.environment:checking '/home/rhys/ws_snow/install/urdf_tutorial/lib/pkgconfig/urdf_tutorial.pc'
[0.899s] Level 1:colcon.colcon_core.environment:checking '/home/rhys/ws_snow/install/urdf_tutorial/lib/python3.10/site-packages'
[0.900s] Level 1:colcon.colcon_core.environment:checking '/home/rhys/ws_snow/install/urdf_tutorial/bin'
[0.902s] INFO:colcon.colcon_core.shell:Creating package script '/home/rhys/ws_snow/install/urdf_tutorial/share/urdf_tutorial/package.ps1'
[0.902s] INFO:colcon.colcon_core.shell:Creating package descriptor '/home/rhys/ws_snow/install/urdf_tutorial/share/urdf_tutorial/package.dsv'
[0.903s] INFO:colcon.colcon_core.shell:Creating package script '/home/rhys/ws_snow/install/urdf_tutorial/share/urdf_tutorial/package.sh'
[0.903s] INFO:colcon.colcon_core.shell:Creating package script '/home/rhys/ws_snow/install/urdf_tutorial/share/urdf_tutorial/package.bash'
[0.904s] INFO:colcon.colcon_core.shell:Creating package script '/home/rhys/ws_snow/install/urdf_tutorial/share/urdf_tutorial/package.zsh'
[0.904s] Level 1:colcon.colcon_core.environment:create_file_with_runtime_dependencies(/home/rhys/ws_snow/install/urdf_tutorial/share/colcon-core/packages/urdf_tutorial)
[0.907s] Level 1:colcon.colcon_core.environment:create_environment_scripts_only(snow_con)
[0.910s] Level 1:colcon.colcon_core.environment:checking '/home/rhys/ws_snow/install/snow_con' for CMake module files
[0.911s] DEBUG:colcon.colcon_core.event_handler.log_command:Invoked command in '/home/rhys/ws_snow/build/snow_con' returned '0': CMAKE_PREFIX_PATH=${CMAKE_PREFIX_PATH}:/opt/ros/humble /usr/bin/cmake --install /home/rhys/ws_snow/build/snow_con
[0.912s] Level 1:colcon.colcon_core.environment:checking '/home/rhys/ws_snow/install/snow_con' for CMake config files
[0.912s] Level 1:colcon.colcon_core.shell:create_environment_hook('snow_con', 'cmake_prefix_path')
[0.914s] INFO:colcon.colcon_core.shell:Creating environment hook '/home/rhys/ws_snow/install/snow_con/share/snow_con/hook/cmake_prefix_path.ps1'
[0.914s] INFO:colcon.colcon_core.shell:Creating environment descriptor '/home/rhys/ws_snow/install/snow_con/share/snow_con/hook/cmake_prefix_path.dsv'
[0.915s] INFO:colcon.colcon_core.shell:Creating environment hook '/home/rhys/ws_snow/install/snow_con/share/snow_con/hook/cmake_prefix_path.sh'
[0.916s] Level 1:colcon.colcon_core.environment:checking '/home/rhys/ws_snow/install/snow_con/lib'
[0.916s] Level 1:colcon.colcon_core.environment:checking '/home/rhys/ws_snow/install/snow_con/bin'
[0.916s] Level 1:colcon.colcon_core.environment:checking '/home/rhys/ws_snow/install/snow_con/lib/pkgconfig/snow_con.pc'
[0.916s] Level 1:colcon.colcon_core.environment:checking '/home/rhys/ws_snow/install/snow_con/lib/python3.10/site-packages'
[0.916s] Level 1:colcon.colcon_core.environment:checking '/home/rhys/ws_snow/install/snow_con/bin'
[0.918s] INFO:colcon.colcon_core.shell:Creating package script '/home/rhys/ws_snow/install/snow_con/share/snow_con/package.ps1'
[0.919s] INFO:colcon.colcon_core.shell:Creating package descriptor '/home/rhys/ws_snow/install/snow_con/share/snow_con/package.dsv'
[0.920s] INFO:colcon.colcon_core.shell:Creating package script '/home/rhys/ws_snow/install/snow_con/share/snow_con/package.sh'
[0.920s] INFO:colcon.colcon_core.shell:Creating package script '/home/rhys/ws_snow/install/snow_con/share/snow_con/package.bash'
[0.920s] INFO:colcon.colcon_core.shell:Creating package script '/home/rhys/ws_snow/install/snow_con/share/snow_con/package.zsh'
[0.921s] Level 1:colcon.colcon_core.environment:create_file_with_runtime_dependencies(/home/rhys/ws_snow/install/snow_con/share/colcon-core/packages/snow_con)
[0.922s] Level 1:colcon.colcon_core.environment:create_environment_scripts_only(snow_sim)
[0.926s] Level 1:colcon.colcon_core.environment:checking '/home/rhys/ws_snow/install/snow_sim' for CMake module files
[0.928s] DEBUG:colcon.colcon_core.event_handler.log_command:Invoked command in '/home/rhys/ws_snow/build/snow_sim' returned '0': CMAKE_PREFIX_PATH=${CMAKE_PREFIX_PATH}:/opt/ros/humble /usr/bin/cmake --install /home/rhys/ws_snow/build/snow_sim
[0.929s] Level 1:colcon.colcon_core.environment:checking '/home/rhys/ws_snow/install/snow_sim' for CMake config files
[0.929s] Level 1:colcon.colcon_core.shell:create_environment_hook('snow_sim', 'cmake_prefix_path')
[0.932s] INFO:colcon.colcon_core.shell:Creating environment hook '/home/rhys/ws_snow/install/snow_sim/share/snow_sim/hook/cmake_prefix_path.ps1'
[0.933s] INFO:colcon.colcon_core.shell:Creating environment descriptor '/home/rhys/ws_snow/install/snow_sim/share/snow_sim/hook/cmake_prefix_path.dsv'
[0.934s] INFO:colcon.colcon_core.shell:Creating environment hook '/home/rhys/ws_snow/install/snow_sim/share/snow_sim/hook/cmake_prefix_path.sh'
[0.935s] Level 1:colcon.colcon_core.environment:checking '/home/rhys/ws_snow/install/snow_sim/lib'
[0.935s] Level 1:colcon.colcon_core.environment:checking '/home/rhys/ws_snow/install/snow_sim/bin'
[0.935s] Level 1:colcon.colcon_core.environment:checking '/home/rhys/ws_snow/install/snow_sim/lib/pkgconfig/snow_sim.pc'
[0.935s] Level 1:colcon.colcon_core.environment:checking '/home/rhys/ws_snow/install/snow_sim/lib/python3.10/site-packages'
[0.936s] Level 1:colcon.colcon_core.environment:checking '/home/rhys/ws_snow/install/snow_sim/bin'
[0.937s] INFO:colcon.colcon_core.shell:Creating package script '/home/rhys/ws_snow/install/snow_sim/share/snow_sim/package.ps1'
[0.938s] INFO:colcon.colcon_core.shell:Creating package descriptor '/home/rhys/ws_snow/install/snow_sim/share/snow_sim/package.dsv'
[0.939s] INFO:colcon.colcon_core.shell:Creating package script '/home/rhys/ws_snow/install/snow_sim/share/snow_sim/package.sh'
[0.939s] INFO:colcon.colcon_core.shell:Creating package script '/home/rhys/ws_snow/install/snow_sim/share/snow_sim/package.bash'
[0.939s] INFO:colcon.colcon_core.shell:Creating package script '/home/rhys/ws_snow/install/snow_sim/share/snow_sim/package.zsh'
[0.940s] Level 1:colcon.colcon_core.environment:create_file_with_runtime_dependencies(/home/rhys/ws_snow/install/snow_sim/share/colcon-core/packages/snow_sim)
[0.944s] Level 1:colcon.colcon_core.environment:create_environment_scripts_only(hard_con)
[0.946s] Level 1:colcon.colcon_core.environment:checking '/home/rhys/ws_snow/install/hard_con' for CMake module files
[0.947s] Level 1:colcon.colcon_core.environment:checking '/home/rhys/ws_snow/install/hard_con' for CMake config files
[0.948s] Level 1:colcon.colcon_core.shell:create_environment_hook('hard_con', 'cmake_prefix_path')
[0.949s] INFO:colcon.colcon_core.shell:Creating environment hook '/home/rhys/ws_snow/install/hard_con/share/hard_con/hook/cmake_prefix_path.ps1'
[0.950s] INFO:colcon.colcon_core.shell:Creating environment descriptor '/home/rhys/ws_snow/install/hard_con/share/hard_con/hook/cmake_prefix_path.dsv'
[0.950s] INFO:colcon.colcon_core.shell:Creating environment hook '/home/rhys/ws_snow/install/hard_con/share/hard_con/hook/cmake_prefix_path.sh'
[0.951s] Level 1:colcon.colcon_core.environment:checking '/home/rhys/ws_snow/install/hard_con/lib'
[0.951s] Level 1:colcon.colcon_core.environment:checking '/home/rhys/ws_snow/install/hard_con/bin'
[0.951s] Level 1:colcon.colcon_core.environment:checking '/home/rhys/ws_snow/install/hard_con/lib/pkgconfig/hard_con.pc'
[0.952s] Level 1:colcon.colcon_core.environment:checking '/home/rhys/ws_snow/install/hard_con/lib/python3.10/site-packages'
[0.952s] Level 1:colcon.colcon_core.environment:checking '/home/rhys/ws_snow/install/hard_con/bin'
[0.954s] INFO:colcon.colcon_core.shell:Creating package script '/home/rhys/ws_snow/install/hard_con/share/hard_con/package.ps1'
[0.954s] INFO:colcon.colcon_core.shell:Creating package descriptor '/home/rhys/ws_snow/install/hard_con/share/hard_con/package.dsv'
[0.955s] INFO:colcon.colcon_core.shell:Creating package script '/home/rhys/ws_snow/install/hard_con/share/hard_con/package.sh'
[0.956s] INFO:colcon.colcon_core.shell:Creating package script '/home/rhys/ws_snow/install/hard_con/share/hard_con/package.bash'
[0.956s] INFO:colcon.colcon_core.shell:Creating package script '/home/rhys/ws_snow/install/hard_con/share/hard_con/package.zsh'
[0.957s] Level 1:colcon.colcon_core.environment:create_file_with_runtime_dependencies(/home/rhys/ws_snow/install/hard_con/share/colcon-core/packages/hard_con)
[0.959s] Level 1:colcon.colcon_core.environment:create_environment_scripts_only(urdf_tutorial)
[0.962s] Level 1:colcon.colcon_core.environment:checking '/home/rhys/ws_snow/install/urdf_tutorial' for CMake module files
[0.963s] Level 1:colcon.colcon_core.environment:checking '/home/rhys/ws_snow/install/urdf_tutorial' for CMake config files
[0.964s] Level 1:colcon.colcon_core.shell:create_environment_hook('urdf_tutorial', 'cmake_prefix_path')
[0.966s] INFO:colcon.colcon_core.shell:Creating environment hook '/home/rhys/ws_snow/install/urdf_tutorial/share/urdf_tutorial/hook/cmake_prefix_path.ps1'
[0.966s] INFO:colcon.colcon_core.shell:Creating environment descriptor '/home/rhys/ws_snow/install/urdf_tutorial/share/urdf_tutorial/hook/cmake_prefix_path.dsv'
[0.967s] INFO:colcon.colcon_core.shell:Creating environment hook '/home/rhys/ws_snow/install/urdf_tutorial/share/urdf_tutorial/hook/cmake_prefix_path.sh'
[0.968s] Level 1:colcon.colcon_core.environment:checking '/home/rhys/ws_snow/install/urdf_tutorial/bin'
[0.968s] Level 1:colcon.colcon_core.environment:checking '/home/rhys/ws_snow/install/urdf_tutorial/lib/pkgconfig/urdf_tutorial.pc'
[0.968s] Level 1:colcon.colcon_core.environment:checking '/home/rhys/ws_snow/install/urdf_tutorial/lib/python3.10/site-packages'
[0.968s] Level 1:colcon.colcon_core.environment:checking '/home/rhys/ws_snow/install/urdf_tutorial/bin'
[0.970s] INFO:colcon.colcon_core.shell:Creating package script '/home/rhys/ws_snow/install/urdf_tutorial/share/urdf_tutorial/package.ps1'
[0.971s] INFO:colcon.colcon_core.shell:Creating package descriptor '/home/rhys/ws_snow/install/urdf_tutorial/share/urdf_tutorial/package.dsv'
[0.971s] INFO:colcon.colcon_core.shell:Creating package script '/home/rhys/ws_snow/install/urdf_tutorial/share/urdf_tutorial/package.sh'
[0.972s] INFO:colcon.colcon_core.shell:Creating package script '/home/rhys/ws_snow/install/urdf_tutorial/share/urdf_tutorial/package.bash'
[0.972s] INFO:colcon.colcon_core.shell:Creating package script '/home/rhys/ws_snow/install/urdf_tutorial/share/urdf_tutorial/package.zsh'
[0.973s] Level 1:colcon.colcon_core.environment:create_file_with_runtime_dependencies(/home/rhys/ws_snow/install/urdf_tutorial/share/colcon-core/packages/urdf_tutorial)
[0.976s] Level 1:colcon.colcon_core.environment:create_environment_scripts_only(snow_con)
[0.978s] Level 1:colcon.colcon_core.environment:checking '/home/rhys/ws_snow/install/snow_con' for CMake module files
[0.979s] Level 1:colcon.colcon_core.environment:checking '/home/rhys/ws_snow/install/snow_con' for CMake config files
[0.980s] Level 1:colcon.colcon_core.shell:create_environment_hook('snow_con', 'cmake_prefix_path')
[0.981s] INFO:colcon.colcon_core.shell:Creating environment hook '/home/rhys/ws_snow/install/snow_con/share/snow_con/hook/cmake_prefix_path.ps1'
[0.982s] INFO:colcon.colcon_core.shell:Creating environment descriptor '/home/rhys/ws_snow/install/snow_con/share/snow_con/hook/cmake_prefix_path.dsv'
[0.982s] INFO:colcon.colcon_core.shell:Creating environment hook '/home/rhys/ws_snow/install/snow_con/share/snow_con/hook/cmake_prefix_path.sh'
[0.983s] Level 1:colcon.colcon_core.environment:checking '/home/rhys/ws_snow/install/snow_con/lib'
[0.983s] Level 1:colcon.colcon_core.environment:checking '/home/rhys/ws_snow/install/snow_con/bin'
[0.983s] Level 1:colcon.colcon_core.environment:checking '/home/rhys/ws_snow/install/snow_con/lib/pkgconfig/snow_con.pc'
[0.983s] Level 1:colcon.colcon_core.environment:checking '/home/rhys/ws_snow/install/snow_con/lib/python3.10/site-packages'
[0.983s] Level 1:colcon.colcon_core.environment:checking '/home/rhys/ws_snow/install/snow_con/bin'
[0.985s] INFO:colcon.colcon_core.shell:Creating package script '/home/rhys/ws_snow/install/snow_con/share/snow_con/package.ps1'
[0.986s] INFO:colcon.colcon_core.shell:Creating package descriptor '/home/rhys/ws_snow/install/snow_con/share/snow_con/package.dsv'
[0.986s] INFO:colcon.colcon_core.shell:Creating package script '/home/rhys/ws_snow/install/snow_con/share/snow_con/package.sh'
[0.987s] INFO:colcon.colcon_core.shell:Creating package script '/home/rhys/ws_snow/install/snow_con/share/snow_con/package.bash'
[0.987s] INFO:colcon.colcon_core.shell:Creating package script '/home/rhys/ws_snow/install/snow_con/share/snow_con/package.zsh'
[0.988s] Level 1:colcon.colcon_core.environment:create_file_with_runtime_dependencies(/home/rhys/ws_snow/install/snow_con/share/colcon-core/packages/snow_con)
[0.990s] Level 1:colcon.colcon_core.environment:create_environment_scripts_only(snow_sim)
[0.993s] Level 1:colcon.colcon_core.environment:checking '/home/rhys/ws_snow/install/snow_sim' for CMake module files
[0.994s] Level 1:colcon.colcon_core.environment:checking '/home/rhys/ws_snow/install/snow_sim' for CMake config files
[0.994s] Level 1:colcon.colcon_core.shell:create_environment_hook('snow_sim', 'cmake_prefix_path')
[0.996s] INFO:colcon.colcon_core.shell:Creating environment hook '/home/rhys/ws_snow/install/snow_sim/share/snow_sim/hook/cmake_prefix_path.ps1'
[0.997s] INFO:colcon.colcon_core.shell:Creating environment descriptor '/home/rhys/ws_snow/install/snow_sim/share/snow_sim/hook/cmake_prefix_path.dsv'
[0.997s] INFO:colcon.colcon_core.shell:Creating environment hook '/home/rhys/ws_snow/install/snow_sim/share/snow_sim/hook/cmake_prefix_path.sh'
[0.998s] Level 1:colcon.colcon_core.environment:checking '/home/rhys/ws_snow/install/snow_sim/lib'
[0.998s] Level 1:colcon.colcon_core.environment:checking '/home/rhys/ws_snow/install/snow_sim/bin'
[0.998s] Level 1:colcon.colcon_core.environment:checking '/home/rhys/ws_snow/install/snow_sim/lib/pkgconfig/snow_sim.pc'
[0.998s] Level 1:colcon.colcon_core.environment:checking '/home/rhys/ws_snow/install/snow_sim/lib/python3.10/site-packages'
[0.998s] Level 1:colcon.colcon_core.environment:checking '/home/rhys/ws_snow/install/snow_sim/bin'
[1.000s] INFO:colcon.colcon_core.shell:Creating package script '/home/rhys/ws_snow/install/snow_sim/share/snow_sim/package.ps1'
[1.001s] INFO:colcon.colcon_core.shell:Creating package descriptor '/home/rhys/ws_snow/install/snow_sim/share/snow_sim/package.dsv'
[1.001s] INFO:colcon.colcon_core.shell:Creating package script '/home/rhys/ws_snow/install/snow_sim/share/snow_sim/package.sh'
[1.002s] INFO:colcon.colcon_core.shell:Creating package script '/home/rhys/ws_snow/install/snow_sim/share/snow_sim/package.bash'
[1.002s] INFO:colcon.colcon_core.shell:Creating package script '/home/rhys/ws_snow/install/snow_sim/share/snow_sim/package.zsh'
[1.003s] Level 1:colcon.colcon_core.environment:create_file_with_runtime_dependencies(/home/rhys/ws_snow/install/snow_sim/share/colcon-core/packages/snow_sim)
[10.787s] DEBUG:colcon.colcon_core.event_handler.log_command:Invoked command in '/home/rhys/ws_snow/build/snow_con_rt' returned '0': CMAKE_PREFIX_PATH=${CMAKE_PREFIX_PATH}:/opt/ros/humble /usr/bin/cmake --build /home/rhys/ws_snow/build/snow_con_rt -- -j12 -l12
[10.813s] DEBUG:colcon.colcon_core.event_handler.log_command:Invoking command in '/home/rhys/ws_snow/build/snow_con_rt': CMAKE_PREFIX_PATH=${CMAKE_PREFIX_PATH}:/opt/ros/humble /usr/bin/cmake --install /home/rhys/ws_snow/build/snow_con_rt
[10.825s] Level 1:colcon.colcon_core.environment:create_environment_scripts_only(snow_con_rt)
[10.825s] DEBUG:colcon.colcon_core.event_handler.log_command:Invoked command in '/home/rhys/ws_snow/build/snow_con_rt' returned '0': CMAKE_PREFIX_PATH=${CMAKE_PREFIX_PATH}:/opt/ros/humble /usr/bin/cmake --install /home/rhys/ws_snow/build/snow_con_rt
[10.827s] Level 1:colcon.colcon_core.environment:checking '/home/rhys/ws_snow/install/snow_con_rt' for CMake module files
[10.827s] Level 1:colcon.colcon_core.environment:checking '/home/rhys/ws_snow/install/snow_con_rt' for CMake config files
[10.827s] Level 1:colcon.colcon_core.shell:create_environment_hook('snow_con_rt', 'cmake_prefix_path')
[10.828s] INFO:colcon.colcon_core.shell:Creating environment hook '/home/rhys/ws_snow/install/snow_con_rt/share/snow_con_rt/hook/cmake_prefix_path.ps1'
[10.829s] INFO:colcon.colcon_core.shell:Creating environment descriptor '/home/rhys/ws_snow/install/snow_con_rt/share/snow_con_rt/hook/cmake_prefix_path.dsv'
[10.829s] INFO:colcon.colcon_core.shell:Creating environment hook '/home/rhys/ws_snow/install/snow_con_rt/share/snow_con_rt/hook/cmake_prefix_path.sh'
[10.829s] Level 1:colcon.colcon_core.environment:checking '/home/rhys/ws_snow/install/snow_con_rt/lib'
[10.829s] Level 1:colcon.colcon_core.environment:checking '/home/rhys/ws_snow/install/snow_con_rt/bin'
[10.829s] Level 1:colcon.colcon_core.environment:checking '/home/rhys/ws_snow/install/snow_con_rt/lib/pkgconfig/snow_con_rt.pc'
[10.830s] Level 1:colcon.colcon_core.environment:checking '/home/rhys/ws_snow/install/snow_con_rt/lib/python3.10/site-packages'
[10.830s] Level 1:colcon.colcon_core.environment:checking '/home/rhys/ws_snow/install/snow_con_rt/bin'
[10.831s] INFO:colcon.colcon_core.shell:Creating package script '/home/rhys/ws_snow/install/snow_con_rt/share/snow_con_rt/package.ps1'
[10.831s] INFO:colcon.colcon_core.shell:Creating package descriptor '/home/rhys/ws_snow/install/snow_con_rt/share/snow_con_rt/package.dsv'
[10.831s] INFO:colcon.colcon_core.shell:Creating package script '/home/rhys/ws_snow/install/snow_con_rt/share/snow_con_rt/package.sh'
[10.832s] INFO:colcon.colcon_core.shell:Creating package script '/home/rhys/ws_snow/install/snow_con_rt/share/snow_con_rt/package.bash'
[10.832s] INFO:colcon.colcon_core.shell:Creating package script '/home/rhys/ws_snow/install/snow_con_rt/share/snow_con_rt/package.zsh'
[10.832s] Level 1:colcon.colcon_core.environment:create_file_with_runtime_dependencies(/home/rhys/ws_snow/install/snow_con_rt/share/colcon-core/packages/snow_con_rt)
[10.857s] Level 1:colcon.colcon_core.environment:create_environment_scripts_only(snow_con_rt)
[10.859s] Level 1:colcon.colcon_core.environment:checking '/home/rhys/ws_snow/install/snow_con_rt' for CMake module files
[10.859s] Level 1:colcon.colcon_core.environment:checking '/home/rhys/ws_snow/install/snow_con_rt' for CMake config files
[10.859s] Level 1:colcon.colcon_core.shell:create_environment_hook('snow_con_rt', 'cmake_prefix_path')
[10.860s] INFO:colcon.colcon_core.shell:Creating environment hook '/home/rhys/ws_snow/install/snow_con_rt/share/snow_con_rt/hook/cmake_prefix_path.ps1'
[10.860s] INFO:colcon.colcon_core.shell:Creating environment descriptor '/home/rhys/ws_snow/install/snow_con_rt/share/snow_con_rt/hook/cmake_prefix_path.dsv'
[10.861s] INFO:colcon.colcon_core.shell:Creating environment hook '/home/rhys/ws_snow/install/snow_con_rt/share/snow_con_rt/hook/cmake_prefix_path.sh'
[10.861s] Level 1:colcon.colcon_core.environment:checking '/home/rhys/ws_snow/install/snow_con_rt/lib'
[10.861s] Level 1:colcon.colcon_core.environment:checking '/home/rhys/ws_snow/install/snow_con_rt/bin'
[10.861s] Level 1:colcon.colcon_core.environment:checking '/home/rhys/ws_snow/install/snow_con_rt/lib/pkgconfig/snow_con_rt.pc'
[10.861s] Level 1:colcon.colcon_core.environment:checking '/home/rhys/ws_snow/install/snow_con_rt/lib/python3.10/site-packages'
[10.861s] Level 1:colcon.colcon_core.environment:checking '/home/rhys/ws_snow/install/snow_con_rt/bin'
[10.862s] INFO:colcon.colcon_core.shell:Creating package script '/home/rhys/ws_snow/install/snow_con_rt/share/snow_con_rt/package.ps1'
[10.863s] INFO:colcon.colcon_core.shell:Creating package descriptor '/home/rhys/ws_snow/install/snow_con_rt/share/snow_con_rt/package.dsv'
[10.863s] INFO:colcon.colcon_core.shell:Creating package script '/home/rhys/ws_snow/install/snow_con_rt/share/snow_con_rt/package.sh'
[10.863s] INFO:colcon.colcon_core.shell:Creating package script '/home/rhys/ws_snow/install/snow_con_rt/share/snow_con_rt/package.bash'
[10.864s] INFO:colcon.colcon_core.shell:Creating package script '/home/rhys/ws_snow/install/snow_con_rt/share/snow_con_rt/package.zsh'
[10.864s] Level 1:colcon.colcon_core.environment:create_file_with_runtime_dependencies(/home/rhys/ws_snow/install/snow_con_rt/share/colcon-core/packages/snow_con_rt)
[10.864s] DEBUG:colcon.colcon_parallel_executor.executor.parallel:closing loop
[10.864s] DEBUG:colcon.colcon_parallel_executor.executor.parallel:loop closed
[10.864s] DEBUG:colcon.colcon_parallel_executor.executor.parallel:run_until_complete finished with '0'
[10.864s] DEBUG:colcon.colcon_core.event_reactor:joining thread
[10.869s] INFO:colcon.colcon_core.plugin_system:Skipping extension 'colcon_notification.desktop_notification.terminal_notifier': Not used on non-Darwin systems
[10.869s] INFO:colcon.colcon_core.plugin_system:Skipping extension 'colcon_notification.desktop_notification.win32': Not used on non-Windows systems
[10.869s] INFO:colcon.colcon_notification.desktop_notification:Sending desktop notification using 'notify2'
[10.883s] DEBUG:colcon.colcon_core.event_reactor:joined thread
[10.885s] INFO:colcon.colcon_core.shell:Creating prefix script '/home/rhys/ws_snow/install/local_setup.ps1'
[10.886s] INFO:colcon.colcon_core.shell:Creating prefix util module '/home/rhys/ws_snow/install/_local_setup_util_ps1.py'
[10.887s] INFO:colcon.colcon_core.shell:Creating prefix chain script '/home/rhys/ws_snow/install/setup.ps1'
[10.889s] INFO:colcon.colcon_core.shell:Creating prefix script '/home/rhys/ws_snow/install/local_setup.sh'
[10.890s] INFO:colcon.colcon_core.shell:Creating prefix util module '/home/rhys/ws_snow/install/_local_setup_util_sh.py'
[10.890s] INFO:colcon.colcon_core.shell:Creating prefix chain script '/home/rhys/ws_snow/install/setup.sh'
[10.891s] INFO:colcon.colcon_core.shell:Creating prefix script '/home/rhys/ws_snow/install/local_setup.bash'
[10.892s] INFO:colcon.colcon_core.shell:Creating prefix chain script '/home/rhys/ws_snow/install/setup.bash'
[10.893s] INFO:colcon.colcon_core.shell:Creating prefix script '/home/rhys/ws_snow/install/local_setup.zsh'
[10.893s] INFO:colcon.colcon_core.shell:Creating prefix chain script '/home/rhys/ws_snow/install/setup.zsh'
