[0.065s] DEBUG:colcon:Command line arguments: ['/usr/bin/colcon', 'build']
[0.065s] DEBUG:colcon:Parsed command line arguments: Namespace(log_base=None, log_level=None, verb_name='build', build_base='build', install_base='install', merge_install=False, symlink_install=False, test_result_base=None, continue_on_error=False, executor='parallel', parallel_workers=12, event_handlers=None, ignore_user_meta=False, metas=['./colcon.meta'], base_paths=['.'], packages_ignore=None, packages_ignore_regex=None, paths=None, packages_up_to=None, packages_up_to_regex=None, packages_above=None, packages_above_and_dependencies=None, packages_above_depth=None, packages_select_by_dep=None, packages_skip_by_dep=None, packages_skip_up_to=None, packages_select_build_failed=False, packages_skip_build_finished=False, packages_select_test_failures=False, packages_skip_test_passed=False, packages_select=None, packages_skip=None, packages_select_regex=None, packages_skip_regex=None, packages_start=None, packages_end=None, allow_overriding=[], cmake_args=None, cmake_target=None, cmake_target_skip_unavailable=False, cmake_clean_cache=False, cmake_clean_first=False, cmake_force_configure=False, ament_cmake_args=None, catkin_cmake_args=None, catkin_skip_building_tests=False, mixin_files=None, mixin=None, verb_parser=<colcon_mixin.mixin.mixin_argument.MixinArgumentDecorator object at 0x716abea463e0>, verb_extension=<colcon_core.verb.build.BuildVerb object at 0x716abeb4ea40>, main=<bound method BuildVerb.main of <colcon_core.verb.build.BuildVerb object at 0x716abeb4ea40>>, mixin_verb=('build',))
[0.157s] Level 1:colcon.colcon_core.package_discovery:discover_packages(colcon_meta) check parameters
[0.157s] Level 1:colcon.colcon_core.package_discovery:discover_packages(recursive) check parameters
[0.157s] Level 1:colcon.colcon_core.package_discovery:discover_packages(ignore) check parameters
[0.157s] Level 1:colcon.colcon_core.package_discovery:discover_packages(path) check parameters
[0.157s] Level 1:colcon.colcon_core.package_discovery:discover_packages(colcon_meta) discover
[0.157s] Level 1:colcon.colcon_core.package_discovery:discover_packages(recursive) discover
[0.157s] INFO:colcon.colcon_core.package_discovery:Crawling recursively for packages in '/home/bern/ws_snow'
[0.157s] Level 1:colcon.colcon_core.package_identification:_identify(.) by extensions ['ignore', 'ignore_ament_install']
[0.157s] Level 1:colcon.colcon_core.package_identification:_identify(.) by extension 'ignore'
[0.157s] Level 1:colcon.colcon_core.package_identification:_identify(.) by extension 'ignore_ament_install'
[0.158s] Level 1:colcon.colcon_core.package_identification:_identify(.) by extensions ['colcon_pkg']
[0.158s] Level 1:colcon.colcon_core.package_identification:_identify(.) by extension 'colcon_pkg'
[0.158s] Level 1:colcon.colcon_core.package_identification:_identify(.) by extensions ['colcon_meta']
[0.158s] Level 1:colcon.colcon_core.package_identification:_identify(.) by extension 'colcon_meta'
[0.158s] Level 1:colcon.colcon_core.package_identification:_identify(.) by extensions ['ros']
[0.158s] Level 1:colcon.colcon_core.package_identification:_identify(.) by extension 'ros'
[0.165s] Level 1:colcon.colcon_core.package_identification:_identify(.) by extensions ['cmake', 'python']
[0.165s] Level 1:colcon.colcon_core.package_identification:_identify(.) by extension 'cmake'
[0.165s] Level 1:colcon.colcon_core.package_identification:_identify(.) by extension 'python'
[0.165s] Level 1:colcon.colcon_core.package_identification:_identify(.) by extensions ['python_setup_py']
[0.165s] Level 1:colcon.colcon_core.package_identification:_identify(.) by extension 'python_setup_py'
[0.165s] Level 1:colcon.colcon_core.package_identification:_identify(Data_1) by extensions ['ignore', 'ignore_ament_install']
[0.165s] Level 1:colcon.colcon_core.package_identification:_identify(Data_1) by extension 'ignore'
[0.165s] Level 1:colcon.colcon_core.package_identification:_identify(Data_1) by extension 'ignore_ament_install'
[0.165s] Level 1:colcon.colcon_core.package_identification:_identify(Data_1) by extensions ['colcon_pkg']
[0.165s] Level 1:colcon.colcon_core.package_identification:_identify(Data_1) by extension 'colcon_pkg'
[0.165s] Level 1:colcon.colcon_core.package_identification:_identify(Data_1) by extensions ['colcon_meta']
[0.165s] Level 1:colcon.colcon_core.package_identification:_identify(Data_1) by extension 'colcon_meta'
[0.165s] Level 1:colcon.colcon_core.package_identification:_identify(Data_1) by extensions ['ros']
[0.165s] Level 1:colcon.colcon_core.package_identification:_identify(Data_1) by extension 'ros'
[0.165s] Level 1:colcon.colcon_core.package_identification:_identify(Data_1) by extensions ['cmake', 'python']
[0.165s] Level 1:colcon.colcon_core.package_identification:_identify(Data_1) by extension 'cmake'
[0.165s] Level 1:colcon.colcon_core.package_identification:_identify(Data_1) by extension 'python'
[0.165s] Level 1:colcon.colcon_core.package_identification:_identify(Data_1) by extensions ['python_setup_py']
[0.165s] Level 1:colcon.colcon_core.package_identification:_identify(Data_1) by extension 'python_setup_py'
[0.165s] Level 1:colcon.colcon_core.package_identification:_identify(Data_1/Data_STEP1-orig) by extensions ['ignore', 'ignore_ament_install']
[0.165s] Level 1:colcon.colcon_core.package_identification:_identify(Data_1/Data_STEP1-orig) by extension 'ignore'
[0.166s] Level 1:colcon.colcon_core.package_identification:_identify(Data_1/Data_STEP1-orig) by extension 'ignore_ament_install'
[0.166s] Level 1:colcon.colcon_core.package_identification:_identify(Data_1/Data_STEP1-orig) by extensions ['colcon_pkg']
[0.166s] Level 1:colcon.colcon_core.package_identification:_identify(Data_1/Data_STEP1-orig) by extension 'colcon_pkg'
[0.166s] Level 1:colcon.colcon_core.package_identification:_identify(Data_1/Data_STEP1-orig) by extensions ['colcon_meta']
[0.166s] Level 1:colcon.colcon_core.package_identification:_identify(Data_1/Data_STEP1-orig) by extension 'colcon_meta'
[0.166s] Level 1:colcon.colcon_core.package_identification:_identify(Data_1/Data_STEP1-orig) by extensions ['ros']
[0.166s] Level 1:colcon.colcon_core.package_identification:_identify(Data_1/Data_STEP1-orig) by extension 'ros'
[0.166s] Level 1:colcon.colcon_core.package_identification:_identify(Data_1/Data_STEP1-orig) by extensions ['cmake', 'python']
[0.166s] Level 1:colcon.colcon_core.package_identification:_identify(Data_1/Data_STEP1-orig) by extension 'cmake'
[0.166s] Level 1:colcon.colcon_core.package_identification:_identify(Data_1/Data_STEP1-orig) by extension 'python'
[0.166s] Level 1:colcon.colcon_core.package_identification:_identify(Data_1/Data_STEP1-orig) by extensions ['python_setup_py']
[0.166s] Level 1:colcon.colcon_core.package_identification:_identify(Data_1/Data_STEP1-orig) by extension 'python_setup_py'
[0.166s] Level 1:colcon.colcon_core.package_identification:_identify(Data_1/Data_STEP1-torque) by extensions ['ignore', 'ignore_ament_install']
[0.166s] Level 1:colcon.colcon_core.package_identification:_identify(Data_1/Data_STEP1-torque) by extension 'ignore'
[0.166s] Level 1:colcon.colcon_core.package_identification:_identify(Data_1/Data_STEP1-torque) by extension 'ignore_ament_install'
[0.166s] Level 1:colcon.colcon_core.package_identification:_identify(Data_1/Data_STEP1-torque) by extensions ['colcon_pkg']
[0.166s] Level 1:colcon.colcon_core.package_identification:_identify(Data_1/Data_STEP1-torque) by extension 'colcon_pkg'
[0.166s] Level 1:colcon.colcon_core.package_identification:_identify(Data_1/Data_STEP1-torque) by extensions ['colcon_meta']
[0.166s] Level 1:colcon.colcon_core.package_identification:_identify(Data_1/Data_STEP1-torque) by extension 'colcon_meta'
[0.166s] Level 1:colcon.colcon_core.package_identification:_identify(Data_1/Data_STEP1-torque) by extensions ['ros']
[0.166s] Level 1:colcon.colcon_core.package_identification:_identify(Data_1/Data_STEP1-torque) by extension 'ros'
[0.166s] Level 1:colcon.colcon_core.package_identification:_identify(Data_1/Data_STEP1-torque) by extensions ['cmake', 'python']
[0.166s] Level 1:colcon.colcon_core.package_identification:_identify(Data_1/Data_STEP1-torque) by extension 'cmake'
[0.166s] Level 1:colcon.colcon_core.package_identification:_identify(Data_1/Data_STEP1-torque) by extension 'python'
[0.166s] Level 1:colcon.colcon_core.package_identification:_identify(Data_1/Data_STEP1-torque) by extensions ['python_setup_py']
[0.166s] Level 1:colcon.colcon_core.package_identification:_identify(Data_1/Data_STEP1-torque) by extension 'python_setup_py'
[0.166s] Level 1:colcon.colcon_core.package_identification:_identify(Data_1/Data_STEP2-orig) by extensions ['ignore', 'ignore_ament_install']
[0.166s] Level 1:colcon.colcon_core.package_identification:_identify(Data_1/Data_STEP2-orig) by extension 'ignore'
[0.166s] Level 1:colcon.colcon_core.package_identification:_identify(Data_1/Data_STEP2-orig) by extension 'ignore_ament_install'
[0.166s] Level 1:colcon.colcon_core.package_identification:_identify(Data_1/Data_STEP2-orig) by extensions ['colcon_pkg']
[0.166s] Level 1:colcon.colcon_core.package_identification:_identify(Data_1/Data_STEP2-orig) by extension 'colcon_pkg'
[0.166s] Level 1:colcon.colcon_core.package_identification:_identify(Data_1/Data_STEP2-orig) by extensions ['colcon_meta']
[0.166s] Level 1:colcon.colcon_core.package_identification:_identify(Data_1/Data_STEP2-orig) by extension 'colcon_meta'
[0.166s] Level 1:colcon.colcon_core.package_identification:_identify(Data_1/Data_STEP2-orig) by extensions ['ros']
[0.166s] Level 1:colcon.colcon_core.package_identification:_identify(Data_1/Data_STEP2-orig) by extension 'ros'
[0.166s] Level 1:colcon.colcon_core.package_identification:_identify(Data_1/Data_STEP2-orig) by extensions ['cmake', 'python']
[0.166s] Level 1:colcon.colcon_core.package_identification:_identify(Data_1/Data_STEP2-orig) by extension 'cmake'
[0.166s] Level 1:colcon.colcon_core.package_identification:_identify(Data_1/Data_STEP2-orig) by extension 'python'
[0.166s] Level 1:colcon.colcon_core.package_identification:_identify(Data_1/Data_STEP2-orig) by extensions ['python_setup_py']
[0.166s] Level 1:colcon.colcon_core.package_identification:_identify(Data_1/Data_STEP2-orig) by extension 'python_setup_py'
[0.166s] Level 1:colcon.colcon_core.package_identification:_identify(Data_1/Data_STEP2-torq) by extensions ['ignore', 'ignore_ament_install']
[0.167s] Level 1:colcon.colcon_core.package_identification:_identify(Data_1/Data_STEP2-torq) by extension 'ignore'
[0.167s] Level 1:colcon.colcon_core.package_identification:_identify(Data_1/Data_STEP2-torq) by extension 'ignore_ament_install'
[0.167s] Level 1:colcon.colcon_core.package_identification:_identify(Data_1/Data_STEP2-torq) by extensions ['colcon_pkg']
[0.167s] Level 1:colcon.colcon_core.package_identification:_identify(Data_1/Data_STEP2-torq) by extension 'colcon_pkg'
[0.167s] Level 1:colcon.colcon_core.package_identification:_identify(Data_1/Data_STEP2-torq) by extensions ['colcon_meta']
[0.167s] Level 1:colcon.colcon_core.package_identification:_identify(Data_1/Data_STEP2-torq) by extension 'colcon_meta'
[0.167s] Level 1:colcon.colcon_core.package_identification:_identify(Data_1/Data_STEP2-torq) by extensions ['ros']
[0.167s] Level 1:colcon.colcon_core.package_identification:_identify(Data_1/Data_STEP2-torq) by extension 'ros'
[0.167s] Level 1:colcon.colcon_core.package_identification:_identify(Data_1/Data_STEP2-torq) by extensions ['cmake', 'python']
[0.167s] Level 1:colcon.colcon_core.package_identification:_identify(Data_1/Data_STEP2-torq) by extension 'cmake'
[0.167s] Level 1:colcon.colcon_core.package_identification:_identify(Data_1/Data_STEP2-torq) by extension 'python'
[0.167s] Level 1:colcon.colcon_core.package_identification:_identify(Data_1/Data_STEP2-torq) by extensions ['python_setup_py']
[0.167s] Level 1:colcon.colcon_core.package_identification:_identify(Data_1/Data_STEP2-torq) by extension 'python_setup_py'
[0.167s] Level 1:colcon.colcon_core.package_identification:_identify(build) by extensions ['ignore', 'ignore_ament_install']
[0.167s] Level 1:colcon.colcon_core.package_identification:_identify(build) by extension 'ignore'
[0.167s] Level 1:colcon.colcon_core.package_identification:_identify(build) ignored
[0.167s] Level 1:colcon.colcon_core.package_identification:_identify(install) by extensions ['ignore', 'ignore_ament_install']
[0.167s] Level 1:colcon.colcon_core.package_identification:_identify(install) by extension 'ignore'
[0.167s] Level 1:colcon.colcon_core.package_identification:_identify(install) ignored
[0.167s] Level 1:colcon.colcon_core.package_identification:_identify(log) by extensions ['ignore', 'ignore_ament_install']
[0.167s] Level 1:colcon.colcon_core.package_identification:_identify(log) by extension 'ignore'
[0.167s] Level 1:colcon.colcon_core.package_identification:_identify(log) ignored
[0.167s] Level 1:colcon.colcon_core.package_identification:_identify(src) by extensions ['ignore', 'ignore_ament_install']
[0.167s] Level 1:colcon.colcon_core.package_identification:_identify(src) by extension 'ignore'
[0.167s] Level 1:colcon.colcon_core.package_identification:_identify(src) by extension 'ignore_ament_install'
[0.168s] Level 1:colcon.colcon_core.package_identification:_identify(src) by extensions ['colcon_pkg']
[0.168s] Level 1:colcon.colcon_core.package_identification:_identify(src) by extension 'colcon_pkg'
[0.168s] Level 1:colcon.colcon_core.package_identification:_identify(src) by extensions ['colcon_meta']
[0.168s] Level 1:colcon.colcon_core.package_identification:_identify(src) by extension 'colcon_meta'
[0.168s] Level 1:colcon.colcon_core.package_identification:_identify(src) by extensions ['ros']
[0.168s] Level 1:colcon.colcon_core.package_identification:_identify(src) by extension 'ros'
[0.168s] Level 1:colcon.colcon_core.package_identification:_identify(src) by extensions ['cmake', 'python']
[0.168s] Level 1:colcon.colcon_core.package_identification:_identify(src) by extension 'cmake'
[0.168s] Level 1:colcon.colcon_core.package_identification:_identify(src) by extension 'python'
[0.168s] Level 1:colcon.colcon_core.package_identification:_identify(src) by extensions ['python_setup_py']
[0.168s] Level 1:colcon.colcon_core.package_identification:_identify(src) by extension 'python_setup_py'
[0.168s] Level 1:colcon.colcon_core.package_identification:_identify(src/hard_con) by extensions ['ignore', 'ignore_ament_install']
[0.168s] Level 1:colcon.colcon_core.package_identification:_identify(src/hard_con) by extension 'ignore'
[0.168s] Level 1:colcon.colcon_core.package_identification:_identify(src/hard_con) by extension 'ignore_ament_install'
[0.168s] Level 1:colcon.colcon_core.package_identification:_identify(src/hard_con) by extensions ['colcon_pkg']
[0.168s] Level 1:colcon.colcon_core.package_identification:_identify(src/hard_con) by extension 'colcon_pkg'
[0.168s] Level 1:colcon.colcon_core.package_identification:_identify(src/hard_con) by extensions ['colcon_meta']
[0.168s] Level 1:colcon.colcon_core.package_identification:_identify(src/hard_con) by extension 'colcon_meta'
[0.168s] Level 1:colcon.colcon_core.package_identification:_identify(src/hard_con) by extensions ['ros']
[0.168s] Level 1:colcon.colcon_core.package_identification:_identify(src/hard_con) by extension 'ros'
[0.169s] DEBUG:colcon.colcon_core.package_identification:Package 'src/hard_con' with type 'ros.ament_cmake' and name 'hard_con'
[0.170s] Level 1:colcon.colcon_core.package_identification:_identify(src/snow_con) by extensions ['ignore', 'ignore_ament_install']
[0.170s] Level 1:colcon.colcon_core.package_identification:_identify(src/snow_con) by extension 'ignore'
[0.170s] Level 1:colcon.colcon_core.package_identification:_identify(src/snow_con) by extension 'ignore_ament_install'
[0.170s] Level 1:colcon.colcon_core.package_identification:_identify(src/snow_con) by extensions ['colcon_pkg']
[0.170s] Level 1:colcon.colcon_core.package_identification:_identify(src/snow_con) by extension 'colcon_pkg'
[0.170s] Level 1:colcon.colcon_core.package_identification:_identify(src/snow_con) by extensions ['colcon_meta']
[0.170s] Level 1:colcon.colcon_core.package_identification:_identify(src/snow_con) by extension 'colcon_meta'
[0.170s] Level 1:colcon.colcon_core.package_identification:_identify(src/snow_con) by extensions ['ros']
[0.170s] Level 1:colcon.colcon_core.package_identification:_identify(src/snow_con) by extension 'ros'
[0.170s] DEBUG:colcon.colcon_core.package_identification:Package 'src/snow_con' with type 'ros.ament_cmake' and name 'snow_con'
[0.170s] Level 1:colcon.colcon_core.package_identification:_identify(src/snow_con_rt) by extensions ['ignore', 'ignore_ament_install']
[0.170s] Level 1:colcon.colcon_core.package_identification:_identify(src/snow_con_rt) by extension 'ignore'
[0.170s] Level 1:colcon.colcon_core.package_identification:_identify(src/snow_con_rt) by extension 'ignore_ament_install'
[0.170s] Level 1:colcon.colcon_core.package_identification:_identify(src/snow_con_rt) by extensions ['colcon_pkg']
[0.170s] Level 1:colcon.colcon_core.package_identification:_identify(src/snow_con_rt) by extension 'colcon_pkg'
[0.171s] Level 1:colcon.colcon_core.package_identification:_identify(src/snow_con_rt) by extensions ['colcon_meta']
[0.171s] Level 1:colcon.colcon_core.package_identification:_identify(src/snow_con_rt) by extension 'colcon_meta'
[0.171s] Level 1:colcon.colcon_core.package_identification:_identify(src/snow_con_rt) by extensions ['ros']
[0.171s] Level 1:colcon.colcon_core.package_identification:_identify(src/snow_con_rt) by extension 'ros'
[0.171s] DEBUG:colcon.colcon_core.package_identification:Package 'src/snow_con_rt' with type 'ros.ament_cmake' and name 'snow_con_rt'
[0.171s] Level 1:colcon.colcon_core.package_identification:_identify(src/snow_sim) by extensions ['ignore', 'ignore_ament_install']
[0.171s] Level 1:colcon.colcon_core.package_identification:_identify(src/snow_sim) by extension 'ignore'
[0.171s] Level 1:colcon.colcon_core.package_identification:_identify(src/snow_sim) by extension 'ignore_ament_install'
[0.171s] Level 1:colcon.colcon_core.package_identification:_identify(src/snow_sim) by extensions ['colcon_pkg']
[0.171s] Level 1:colcon.colcon_core.package_identification:_identify(src/snow_sim) by extension 'colcon_pkg'
[0.171s] Level 1:colcon.colcon_core.package_identification:_identify(src/snow_sim) by extensions ['colcon_meta']
[0.171s] Level 1:colcon.colcon_core.package_identification:_identify(src/snow_sim) by extension 'colcon_meta'
[0.171s] Level 1:colcon.colcon_core.package_identification:_identify(src/snow_sim) by extensions ['ros']
[0.171s] Level 1:colcon.colcon_core.package_identification:_identify(src/snow_sim) by extension 'ros'
[0.172s] DEBUG:colcon.colcon_core.package_identification:Package 'src/snow_sim' with type 'ros.ament_cmake' and name 'snow_sim'
[0.172s] Level 1:colcon.colcon_core.package_identification:_identify(src/urdf_tutorial) by extensions ['ignore', 'ignore_ament_install']
[0.172s] Level 1:colcon.colcon_core.package_identification:_identify(src/urdf_tutorial) by extension 'ignore'
[0.172s] Level 1:colcon.colcon_core.package_identification:_identify(src/urdf_tutorial) by extension 'ignore_ament_install'
[0.172s] Level 1:colcon.colcon_core.package_identification:_identify(src/urdf_tutorial) by extensions ['colcon_pkg']
[0.172s] Level 1:colcon.colcon_core.package_identification:_identify(src/urdf_tutorial) by extension 'colcon_pkg'
[0.172s] Level 1:colcon.colcon_core.package_identification:_identify(src/urdf_tutorial) by extensions ['colcon_meta']
[0.172s] Level 1:colcon.colcon_core.package_identification:_identify(src/urdf_tutorial) by extension 'colcon_meta'
[0.172s] Level 1:colcon.colcon_core.package_identification:_identify(src/urdf_tutorial) by extensions ['ros']
[0.172s] Level 1:colcon.colcon_core.package_identification:_identify(src/urdf_tutorial) by extension 'ros'
[0.172s] DEBUG:colcon.colcon_core.package_identification:Package 'src/urdf_tutorial' with type 'ros.ament_cmake' and name 'urdf_tutorial'
[0.172s] Level 1:colcon.colcon_core.package_discovery:discover_packages(recursive) using defaults
[0.172s] Level 1:colcon.colcon_core.package_discovery:discover_packages(ignore) discover
[0.172s] Level 1:colcon.colcon_core.package_discovery:discover_packages(ignore) using defaults
[0.172s] Level 1:colcon.colcon_core.package_discovery:discover_packages(path) discover
[0.172s] Level 1:colcon.colcon_core.package_discovery:discover_packages(path) using defaults
[0.185s] Level 1:colcon.colcon_core.package_discovery:discover_packages(prefix_path) check parameters
[0.185s] Level 1:colcon.colcon_core.package_discovery:discover_packages(prefix_path) discover
[0.186s] DEBUG:colcon.colcon_installed_package_information.package_discovery:Found 5 installed packages in /home/bern/ws_snow/install
[0.193s] DEBUG:colcon.colcon_installed_package_information.package_discovery:Found 340 installed packages in /opt/ros/humble
[0.194s] Level 1:colcon.colcon_core.package_discovery:discover_packages(prefix_path) using defaults
[0.219s] Level 5:colcon.colcon_core.verb:set package 'hard_con' build argument 'cmake_args' from command line to 'None'
[0.219s] Level 5:colcon.colcon_core.verb:set package 'hard_con' build argument 'cmake_target' from command line to 'None'
[0.219s] Level 5:colcon.colcon_core.verb:set package 'hard_con' build argument 'cmake_target_skip_unavailable' from command line to 'False'
[0.219s] Level 5:colcon.colcon_core.verb:set package 'hard_con' build argument 'cmake_clean_cache' from command line to 'False'
[0.219s] Level 5:colcon.colcon_core.verb:set package 'hard_con' build argument 'cmake_clean_first' from command line to 'False'
[0.219s] Level 5:colcon.colcon_core.verb:set package 'hard_con' build argument 'cmake_force_configure' from command line to 'False'
[0.219s] Level 5:colcon.colcon_core.verb:set package 'hard_con' build argument 'ament_cmake_args' from command line to 'None'
[0.219s] Level 5:colcon.colcon_core.verb:set package 'hard_con' build argument 'catkin_cmake_args' from command line to 'None'
[0.219s] Level 5:colcon.colcon_core.verb:set package 'hard_con' build argument 'catkin_skip_building_tests' from command line to 'False'
[0.220s] DEBUG:colcon.colcon_core.verb:Building package 'hard_con' with the following arguments: {'ament_cmake_args': None, 'build_base': '/home/bern/ws_snow/build/hard_con', 'catkin_cmake_args': None, 'catkin_skip_building_tests': False, 'cmake_args': None, 'cmake_clean_cache': False, 'cmake_clean_first': False, 'cmake_force_configure': False, 'cmake_target': None, 'cmake_target_skip_unavailable': False, 'install_base': '/home/bern/ws_snow/install/hard_con', 'merge_install': False, 'path': '/home/bern/ws_snow/src/hard_con', 'symlink_install': False, 'test_result_base': None}
[0.220s] Level 5:colcon.colcon_core.verb:set package 'snow_con' build argument 'cmake_args' from command line to 'None'
[0.220s] Level 5:colcon.colcon_core.verb:set package 'snow_con' build argument 'cmake_target' from command line to 'None'
[0.220s] Level 5:colcon.colcon_core.verb:set package 'snow_con' build argument 'cmake_target_skip_unavailable' from command line to 'False'
[0.220s] Level 5:colcon.colcon_core.verb:set package 'snow_con' build argument 'cmake_clean_cache' from command line to 'False'
[0.220s] Level 5:colcon.colcon_core.verb:set package 'snow_con' build argument 'cmake_clean_first' from command line to 'False'
[0.220s] Level 5:colcon.colcon_core.verb:set package 'snow_con' build argument 'cmake_force_configure' from command line to 'False'
[0.220s] Level 5:colcon.colcon_core.verb:set package 'snow_con' build argument 'ament_cmake_args' from command line to 'None'
[0.220s] Level 5:colcon.colcon_core.verb:set package 'snow_con' build argument 'catkin_cmake_args' from command line to 'None'
[0.220s] Level 5:colcon.colcon_core.verb:set package 'snow_con' build argument 'catkin_skip_building_tests' from command line to 'False'
[0.220s] DEBUG:colcon.colcon_core.verb:Building package 'snow_con' with the following arguments: {'ament_cmake_args': None, 'build_base': '/home/bern/ws_snow/build/snow_con', 'catkin_cmake_args': None, 'catkin_skip_building_tests': False, 'cmake_args': None, 'cmake_clean_cache': False, 'cmake_clean_first': False, 'cmake_force_configure': False, 'cmake_target': None, 'cmake_target_skip_unavailable': False, 'install_base': '/home/bern/ws_snow/install/snow_con', 'merge_install': False, 'path': '/home/bern/ws_snow/src/snow_con', 'symlink_install': False, 'test_result_base': None}
[0.220s] Level 5:colcon.colcon_core.verb:set package 'snow_con_rt' build argument 'cmake_args' from command line to 'None'
[0.220s] Level 5:colcon.colcon_core.verb:set package 'snow_con_rt' build argument 'cmake_target' from command line to 'None'
[0.220s] Level 5:colcon.colcon_core.verb:set package 'snow_con_rt' build argument 'cmake_target_skip_unavailable' from command line to 'False'
[0.220s] Level 5:colcon.colcon_core.verb:set package 'snow_con_rt' build argument 'cmake_clean_cache' from command line to 'False'
[0.220s] Level 5:colcon.colcon_core.verb:set package 'snow_con_rt' build argument 'cmake_clean_first' from command line to 'False'
[0.220s] Level 5:colcon.colcon_core.verb:set package 'snow_con_rt' build argument 'cmake_force_configure' from command line to 'False'
[0.220s] Level 5:colcon.colcon_core.verb:set package 'snow_con_rt' build argument 'ament_cmake_args' from command line to 'None'
[0.220s] Level 5:colcon.colcon_core.verb:set package 'snow_con_rt' build argument 'catkin_cmake_args' from command line to 'None'
[0.220s] Level 5:colcon.colcon_core.verb:set package 'snow_con_rt' build argument 'catkin_skip_building_tests' from command line to 'False'
[0.220s] DEBUG:colcon.colcon_core.verb:Building package 'snow_con_rt' with the following arguments: {'ament_cmake_args': None, 'build_base': '/home/bern/ws_snow/build/snow_con_rt', 'catkin_cmake_args': None, 'catkin_skip_building_tests': False, 'cmake_args': None, 'cmake_clean_cache': False, 'cmake_clean_first': False, 'cmake_force_configure': False, 'cmake_target': None, 'cmake_target_skip_unavailable': False, 'install_base': '/home/bern/ws_snow/install/snow_con_rt', 'merge_install': False, 'path': '/home/bern/ws_snow/src/snow_con_rt', 'symlink_install': False, 'test_result_base': None}
[0.220s] Level 5:colcon.colcon_core.verb:set package 'snow_sim' build argument 'cmake_args' from command line to 'None'
[0.220s] Level 5:colcon.colcon_core.verb:set package 'snow_sim' build argument 'cmake_target' from command line to 'None'
[0.220s] Level 5:colcon.colcon_core.verb:set package 'snow_sim' build argument 'cmake_target_skip_unavailable' from command line to 'False'
[0.220s] Level 5:colcon.colcon_core.verb:set package 'snow_sim' build argument 'cmake_clean_cache' from command line to 'False'
[0.220s] Level 5:colcon.colcon_core.verb:set package 'snow_sim' build argument 'cmake_clean_first' from command line to 'False'
[0.220s] Level 5:colcon.colcon_core.verb:set package 'snow_sim' build argument 'cmake_force_configure' from command line to 'False'
[0.220s] Level 5:colcon.colcon_core.verb:set package 'snow_sim' build argument 'ament_cmake_args' from command line to 'None'
[0.220s] Level 5:colcon.colcon_core.verb:set package 'snow_sim' build argument 'catkin_cmake_args' from command line to 'None'
[0.220s] Level 5:colcon.colcon_core.verb:set package 'snow_sim' build argument 'catkin_skip_building_tests' from command line to 'False'
[0.220s] DEBUG:colcon.colcon_core.verb:Building package 'snow_sim' with the following arguments: {'ament_cmake_args': None, 'build_base': '/home/bern/ws_snow/build/snow_sim', 'catkin_cmake_args': None, 'catkin_skip_building_tests': False, 'cmake_args': None, 'cmake_clean_cache': False, 'cmake_clean_first': False, 'cmake_force_configure': False, 'cmake_target': None, 'cmake_target_skip_unavailable': False, 'install_base': '/home/bern/ws_snow/install/snow_sim', 'merge_install': False, 'path': '/home/bern/ws_snow/src/snow_sim', 'symlink_install': False, 'test_result_base': None}
[0.221s] Level 5:colcon.colcon_core.verb:set package 'urdf_tutorial' build argument 'cmake_args' from command line to 'None'
[0.221s] Level 5:colcon.colcon_core.verb:set package 'urdf_tutorial' build argument 'cmake_target' from command line to 'None'
[0.221s] Level 5:colcon.colcon_core.verb:set package 'urdf_tutorial' build argument 'cmake_target_skip_unavailable' from command line to 'False'
[0.221s] Level 5:colcon.colcon_core.verb:set package 'urdf_tutorial' build argument 'cmake_clean_cache' from command line to 'False'
[0.221s] Level 5:colcon.colcon_core.verb:set package 'urdf_tutorial' build argument 'cmake_clean_first' from command line to 'False'
[0.221s] Level 5:colcon.colcon_core.verb:set package 'urdf_tutorial' build argument 'cmake_force_configure' from command line to 'False'
[0.221s] Level 5:colcon.colcon_core.verb:set package 'urdf_tutorial' build argument 'ament_cmake_args' from command line to 'None'
[0.221s] Level 5:colcon.colcon_core.verb:set package 'urdf_tutorial' build argument 'catkin_cmake_args' from command line to 'None'
[0.221s] Level 5:colcon.colcon_core.verb:set package 'urdf_tutorial' build argument 'catkin_skip_building_tests' from command line to 'False'
[0.221s] DEBUG:colcon.colcon_core.verb:Building package 'urdf_tutorial' with the following arguments: {'ament_cmake_args': None, 'build_base': '/home/bern/ws_snow/build/urdf_tutorial', 'catkin_cmake_args': None, 'catkin_skip_building_tests': False, 'cmake_args': None, 'cmake_clean_cache': False, 'cmake_clean_first': False, 'cmake_force_configure': False, 'cmake_target': None, 'cmake_target_skip_unavailable': False, 'install_base': '/home/bern/ws_snow/install/urdf_tutorial', 'merge_install': False, 'path': '/home/bern/ws_snow/src/urdf_tutorial', 'symlink_install': False, 'test_result_base': None}
[0.221s] INFO:colcon.colcon_core.executor:Executing jobs using 'parallel' executor
[0.222s] DEBUG:colcon.colcon_parallel_executor.executor.parallel:run_until_complete
[0.222s] INFO:colcon.colcon_ros.task.ament_cmake.build:Building ROS package in '/home/bern/ws_snow/src/hard_con' with build type 'ament_cmake'
[0.222s] INFO:colcon.colcon_cmake.task.cmake.build:Building CMake package in '/home/bern/ws_snow/src/hard_con'
[0.223s] INFO:colcon.colcon_core.plugin_system:Skipping extension 'colcon_core.shell.bat': Not used on non-Windows systems
[0.223s] INFO:colcon.colcon_core.shell:Skip shell extension 'powershell' for command environment: Not usable outside of PowerShell
[0.223s] DEBUG:colcon.colcon_core.shell:Skip shell extension 'dsv' for command environment
[0.225s] INFO:colcon.colcon_ros.task.ament_cmake.build:Building ROS package in '/home/bern/ws_snow/src/snow_con' with build type 'ament_cmake'
[0.226s] INFO:colcon.colcon_cmake.task.cmake.build:Building CMake package in '/home/bern/ws_snow/src/snow_con'
[0.226s] INFO:colcon.colcon_core.shell:Skip shell extension 'powershell' for command environment: Not usable outside of PowerShell
[0.226s] DEBUG:colcon.colcon_core.shell:Skip shell extension 'dsv' for command environment
[0.228s] INFO:colcon.colcon_ros.task.ament_cmake.build:Building ROS package in '/home/bern/ws_snow/src/snow_con_rt' with build type 'ament_cmake'
[0.228s] INFO:colcon.colcon_cmake.task.cmake.build:Building CMake package in '/home/bern/ws_snow/src/snow_con_rt'
[0.228s] INFO:colcon.colcon_core.shell:Skip shell extension 'powershell' for command environment: Not usable outside of PowerShell
[0.228s] DEBUG:colcon.colcon_core.shell:Skip shell extension 'dsv' for command environment
[0.230s] INFO:colcon.colcon_ros.task.ament_cmake.build:Building ROS package in '/home/bern/ws_snow/src/snow_sim' with build type 'ament_cmake'
[0.230s] INFO:colcon.colcon_cmake.task.cmake.build:Building CMake package in '/home/bern/ws_snow/src/snow_sim'
[0.230s] INFO:colcon.colcon_core.shell:Skip shell extension 'powershell' for command environment: Not usable outside of PowerShell
[0.230s] DEBUG:colcon.colcon_core.shell:Skip shell extension 'dsv' for command environment
[0.232s] INFO:colcon.colcon_ros.task.ament_cmake.build:Building ROS package in '/home/bern/ws_snow/src/urdf_tutorial' with build type 'ament_cmake'
[0.232s] INFO:colcon.colcon_cmake.task.cmake.build:Building CMake package in '/home/bern/ws_snow/src/urdf_tutorial'
[0.232s] INFO:colcon.colcon_core.shell:Skip shell extension 'powershell' for command environment: Not usable outside of PowerShell
[0.232s] DEBUG:colcon.colcon_core.shell:Skip shell extension 'dsv' for command environment
[0.237s] DEBUG:colcon.colcon_core.event_handler.log_command:Invoking command in '/home/bern/ws_snow/build/hard_con': CMAKE_PREFIX_PATH=${CMAKE_PREFIX_PATH}:/opt/ros/humble /usr/bin/cmake --build /home/bern/ws_snow/build/hard_con -- -j12 -l12
[0.239s] DEBUG:colcon.colcon_core.event_handler.log_command:Invoking command in '/home/bern/ws_snow/build/snow_con': CMAKE_PREFIX_PATH=${CMAKE_PREFIX_PATH}:/opt/ros/humble /usr/bin/cmake --build /home/bern/ws_snow/build/snow_con -- -j12 -l12
[0.241s] DEBUG:colcon.colcon_core.event_handler.log_command:Invoking command in '/home/bern/ws_snow/build/snow_con_rt': CMAKE_PREFIX_PATH=${CMAKE_PREFIX_PATH}:/opt/ros/humble /usr/bin/cmake --build /home/bern/ws_snow/build/snow_con_rt -- -j12 -l12
[0.244s] DEBUG:colcon.colcon_core.event_handler.log_command:Invoking command in '/home/bern/ws_snow/build/snow_sim': CMAKE_PREFIX_PATH=${CMAKE_PREFIX_PATH}:/opt/ros/humble /usr/bin/cmake --build /home/bern/ws_snow/build/snow_sim -- -j12 -l12
[0.247s] DEBUG:colcon.colcon_core.event_handler.log_command:Invoking command in '/home/bern/ws_snow/build/urdf_tutorial': CMAKE_PREFIX_PATH=${CMAKE_PREFIX_PATH}:/opt/ros/humble /usr/bin/cmake --build /home/bern/ws_snow/build/urdf_tutorial -- -j12 -l12
[0.277s] DEBUG:colcon.colcon_core.event_handler.log_command:Invoked command in '/home/bern/ws_snow/build/hard_con' returned '0': CMAKE_PREFIX_PATH=${CMAKE_PREFIX_PATH}:/opt/ros/humble /usr/bin/cmake --build /home/bern/ws_snow/build/hard_con -- -j12 -l12
[0.279s] DEBUG:colcon.colcon_core.event_handler.log_command:Invoked command in '/home/bern/ws_snow/build/snow_con_rt' returned '0': CMAKE_PREFIX_PATH=${CMAKE_PREFIX_PATH}:/opt/ros/humble /usr/bin/cmake --build /home/bern/ws_snow/build/snow_con_rt -- -j12 -l12
[0.281s] DEBUG:colcon.colcon_core.event_handler.log_command:Invoked command in '/home/bern/ws_snow/build/snow_sim' returned '0': CMAKE_PREFIX_PATH=${CMAKE_PREFIX_PATH}:/opt/ros/humble /usr/bin/cmake --build /home/bern/ws_snow/build/snow_sim -- -j12 -l12
[0.283s] DEBUG:colcon.colcon_core.event_handler.log_command:Invoked command in '/home/bern/ws_snow/build/urdf_tutorial' returned '0': CMAKE_PREFIX_PATH=${CMAKE_PREFIX_PATH}:/opt/ros/humble /usr/bin/cmake --build /home/bern/ws_snow/build/urdf_tutorial -- -j12 -l12
[0.300s] DEBUG:colcon.colcon_core.event_handler.log_command:Invoking command in '/home/bern/ws_snow/build/hard_con': CMAKE_PREFIX_PATH=${CMAKE_PREFIX_PATH}:/opt/ros/humble /usr/bin/cmake --install /home/bern/ws_snow/build/hard_con
[0.302s] DEBUG:colcon.colcon_core.event_handler.log_command:Invoking command in '/home/bern/ws_snow/build/snow_sim': CMAKE_PREFIX_PATH=${CMAKE_PREFIX_PATH}:/opt/ros/humble /usr/bin/cmake --install /home/bern/ws_snow/build/snow_sim
[0.303s] DEBUG:colcon.colcon_core.event_handler.log_command:Invoking command in '/home/bern/ws_snow/build/snow_con_rt': CMAKE_PREFIX_PATH=${CMAKE_PREFIX_PATH}:/opt/ros/humble /usr/bin/cmake --install /home/bern/ws_snow/build/snow_con_rt
[0.304s] DEBUG:colcon.colcon_core.event_handler.log_command:Invoking command in '/home/bern/ws_snow/build/urdf_tutorial': CMAKE_PREFIX_PATH=${CMAKE_PREFIX_PATH}:/opt/ros/humble /usr/bin/cmake --install /home/bern/ws_snow/build/urdf_tutorial
[0.306s] Level 1:colcon.colcon_core.environment:create_environment_scripts_only(hard_con)
[0.306s] DEBUG:colcon.colcon_core.event_handler.log_command:Invoked command in '/home/bern/ws_snow/build/hard_con' returned '0': CMAKE_PREFIX_PATH=${CMAKE_PREFIX_PATH}:/opt/ros/humble /usr/bin/cmake --install /home/bern/ws_snow/build/hard_con
[0.326s] Level 1:colcon.colcon_core.environment:checking '/home/bern/ws_snow/install/hard_con' for CMake module files
[0.326s] Level 1:colcon.colcon_core.environment:checking '/home/bern/ws_snow/install/hard_con' for CMake config files
[0.326s] Level 1:colcon.colcon_core.shell:create_environment_hook('hard_con', 'cmake_prefix_path')
[0.326s] INFO:colcon.colcon_core.shell:Creating environment hook '/home/bern/ws_snow/install/hard_con/share/hard_con/hook/cmake_prefix_path.ps1'
[0.327s] INFO:colcon.colcon_core.shell:Creating environment descriptor '/home/bern/ws_snow/install/hard_con/share/hard_con/hook/cmake_prefix_path.dsv'
[0.327s] INFO:colcon.colcon_core.shell:Creating environment hook '/home/bern/ws_snow/install/hard_con/share/hard_con/hook/cmake_prefix_path.sh'
[0.328s] Level 1:colcon.colcon_core.environment:checking '/home/bern/ws_snow/install/hard_con/lib'
[0.328s] Level 1:colcon.colcon_core.environment:checking '/home/bern/ws_snow/install/hard_con/bin'
[0.328s] Level 1:colcon.colcon_core.environment:checking '/home/bern/ws_snow/install/hard_con/lib/pkgconfig/hard_con.pc'
[0.328s] Level 1:colcon.colcon_core.environment:checking '/home/bern/ws_snow/install/hard_con/lib/python3.10/site-packages'
[0.328s] Level 1:colcon.colcon_core.environment:checking '/home/bern/ws_snow/install/hard_con/bin'
[0.328s] INFO:colcon.colcon_core.shell:Creating package script '/home/bern/ws_snow/install/hard_con/share/hard_con/package.ps1'
[0.329s] INFO:colcon.colcon_core.shell:Creating package descriptor '/home/bern/ws_snow/install/hard_con/share/hard_con/package.dsv'
[0.329s] INFO:colcon.colcon_core.shell:Creating package script '/home/bern/ws_snow/install/hard_con/share/hard_con/package.sh'
[0.329s] INFO:colcon.colcon_core.shell:Creating package script '/home/bern/ws_snow/install/hard_con/share/hard_con/package.bash'
[0.330s] INFO:colcon.colcon_core.shell:Creating package script '/home/bern/ws_snow/install/hard_con/share/hard_con/package.zsh'
[0.330s] Level 1:colcon.colcon_core.environment:create_file_with_runtime_dependencies(/home/bern/ws_snow/install/hard_con/share/colcon-core/packages/hard_con)
[0.332s] Level 1:colcon.colcon_core.environment:create_environment_scripts_only(snow_sim)
[0.332s] Level 1:colcon.colcon_core.environment:checking '/home/bern/ws_snow/install/snow_sim' for CMake module files
[0.332s] DEBUG:colcon.colcon_core.event_handler.log_command:Invoked command in '/home/bern/ws_snow/build/snow_sim' returned '0': CMAKE_PREFIX_PATH=${CMAKE_PREFIX_PATH}:/opt/ros/humble /usr/bin/cmake --install /home/bern/ws_snow/build/snow_sim
[0.332s] Level 1:colcon.colcon_core.environment:checking '/home/bern/ws_snow/install/snow_sim' for CMake config files
[0.333s] Level 1:colcon.colcon_core.shell:create_environment_hook('snow_sim', 'cmake_prefix_path')
[0.333s] INFO:colcon.colcon_core.shell:Creating environment hook '/home/bern/ws_snow/install/snow_sim/share/snow_sim/hook/cmake_prefix_path.ps1'
[0.333s] INFO:colcon.colcon_core.shell:Creating environment descriptor '/home/bern/ws_snow/install/snow_sim/share/snow_sim/hook/cmake_prefix_path.dsv'
[0.333s] INFO:colcon.colcon_core.shell:Creating environment hook '/home/bern/ws_snow/install/snow_sim/share/snow_sim/hook/cmake_prefix_path.sh'
[0.334s] Level 1:colcon.colcon_core.environment:checking '/home/bern/ws_snow/install/snow_sim/lib'
[0.334s] Level 1:colcon.colcon_core.environment:checking '/home/bern/ws_snow/install/snow_sim/bin'
[0.334s] Level 1:colcon.colcon_core.environment:checking '/home/bern/ws_snow/install/snow_sim/lib/pkgconfig/snow_sim.pc'
[0.334s] Level 1:colcon.colcon_core.environment:checking '/home/bern/ws_snow/install/snow_sim/lib/python3.10/site-packages'
[0.334s] Level 1:colcon.colcon_core.environment:checking '/home/bern/ws_snow/install/snow_sim/bin'
[0.334s] INFO:colcon.colcon_core.shell:Creating package script '/home/bern/ws_snow/install/snow_sim/share/snow_sim/package.ps1'
[0.334s] INFO:colcon.colcon_core.shell:Creating package descriptor '/home/bern/ws_snow/install/snow_sim/share/snow_sim/package.dsv'
[0.335s] INFO:colcon.colcon_core.shell:Creating package script '/home/bern/ws_snow/install/snow_sim/share/snow_sim/package.sh'
[0.335s] INFO:colcon.colcon_core.shell:Creating package script '/home/bern/ws_snow/install/snow_sim/share/snow_sim/package.bash'
[0.335s] INFO:colcon.colcon_core.shell:Creating package script '/home/bern/ws_snow/install/snow_sim/share/snow_sim/package.zsh'
[0.335s] Level 1:colcon.colcon_core.environment:create_file_with_runtime_dependencies(/home/bern/ws_snow/install/snow_sim/share/colcon-core/packages/snow_sim)
[0.336s] Level 1:colcon.colcon_core.environment:create_environment_scripts_only(snow_con_rt)
[0.336s] Level 1:colcon.colcon_core.environment:checking '/home/bern/ws_snow/install/snow_con_rt' for CMake module files
[0.336s] DEBUG:colcon.colcon_core.event_handler.log_command:Invoked command in '/home/bern/ws_snow/build/snow_con_rt' returned '0': CMAKE_PREFIX_PATH=${CMAKE_PREFIX_PATH}:/opt/ros/humble /usr/bin/cmake --install /home/bern/ws_snow/build/snow_con_rt
[0.337s] Level 1:colcon.colcon_core.environment:checking '/home/bern/ws_snow/install/snow_con_rt' for CMake config files
[0.337s] Level 1:colcon.colcon_core.shell:create_environment_hook('snow_con_rt', 'cmake_prefix_path')
[0.337s] INFO:colcon.colcon_core.shell:Creating environment hook '/home/bern/ws_snow/install/snow_con_rt/share/snow_con_rt/hook/cmake_prefix_path.ps1'
[0.338s] INFO:colcon.colcon_core.shell:Creating environment descriptor '/home/bern/ws_snow/install/snow_con_rt/share/snow_con_rt/hook/cmake_prefix_path.dsv'
[0.338s] INFO:colcon.colcon_core.shell:Creating environment hook '/home/bern/ws_snow/install/snow_con_rt/share/snow_con_rt/hook/cmake_prefix_path.sh'
[0.338s] Level 1:colcon.colcon_core.environment:checking '/home/bern/ws_snow/install/snow_con_rt/lib'
[0.338s] Level 1:colcon.colcon_core.environment:checking '/home/bern/ws_snow/install/snow_con_rt/bin'
[0.338s] Level 1:colcon.colcon_core.environment:checking '/home/bern/ws_snow/install/snow_con_rt/lib/pkgconfig/snow_con_rt.pc'
[0.339s] Level 1:colcon.colcon_core.environment:checking '/home/bern/ws_snow/install/snow_con_rt/lib/python3.10/site-packages'
[0.339s] Level 1:colcon.colcon_core.environment:checking '/home/bern/ws_snow/install/snow_con_rt/bin'
[0.339s] INFO:colcon.colcon_core.shell:Creating package script '/home/bern/ws_snow/install/snow_con_rt/share/snow_con_rt/package.ps1'
[0.339s] INFO:colcon.colcon_core.shell:Creating package descriptor '/home/bern/ws_snow/install/snow_con_rt/share/snow_con_rt/package.dsv'
[0.339s] INFO:colcon.colcon_core.shell:Creating package script '/home/bern/ws_snow/install/snow_con_rt/share/snow_con_rt/package.sh'
[0.340s] INFO:colcon.colcon_core.shell:Creating package script '/home/bern/ws_snow/install/snow_con_rt/share/snow_con_rt/package.bash'
[0.340s] INFO:colcon.colcon_core.shell:Creating package script '/home/bern/ws_snow/install/snow_con_rt/share/snow_con_rt/package.zsh'
[0.340s] Level 1:colcon.colcon_core.environment:create_file_with_runtime_dependencies(/home/bern/ws_snow/install/snow_con_rt/share/colcon-core/packages/snow_con_rt)
[0.341s] Level 1:colcon.colcon_core.environment:create_environment_scripts_only(urdf_tutorial)
[0.341s] Level 1:colcon.colcon_core.environment:checking '/home/bern/ws_snow/install/urdf_tutorial' for CMake module files
[0.342s] DEBUG:colcon.colcon_core.event_handler.log_command:Invoked command in '/home/bern/ws_snow/build/urdf_tutorial' returned '0': CMAKE_PREFIX_PATH=${CMAKE_PREFIX_PATH}:/opt/ros/humble /usr/bin/cmake --install /home/bern/ws_snow/build/urdf_tutorial
[0.342s] Level 1:colcon.colcon_core.environment:checking '/home/bern/ws_snow/install/urdf_tutorial' for CMake config files
[0.342s] Level 1:colcon.colcon_core.shell:create_environment_hook('urdf_tutorial', 'cmake_prefix_path')
[0.343s] INFO:colcon.colcon_core.shell:Creating environment hook '/home/bern/ws_snow/install/urdf_tutorial/share/urdf_tutorial/hook/cmake_prefix_path.ps1'
[0.343s] INFO:colcon.colcon_core.shell:Creating environment descriptor '/home/bern/ws_snow/install/urdf_tutorial/share/urdf_tutorial/hook/cmake_prefix_path.dsv'
[0.343s] INFO:colcon.colcon_core.shell:Creating environment hook '/home/bern/ws_snow/install/urdf_tutorial/share/urdf_tutorial/hook/cmake_prefix_path.sh'
[0.344s] Level 1:colcon.colcon_core.environment:checking '/home/bern/ws_snow/install/urdf_tutorial/bin'
[0.344s] Level 1:colcon.colcon_core.environment:checking '/home/bern/ws_snow/install/urdf_tutorial/lib/pkgconfig/urdf_tutorial.pc'
[0.344s] Level 1:colcon.colcon_core.environment:checking '/home/bern/ws_snow/install/urdf_tutorial/lib/python3.10/site-packages'
[0.344s] Level 1:colcon.colcon_core.environment:checking '/home/bern/ws_snow/install/urdf_tutorial/bin'
[0.344s] INFO:colcon.colcon_core.shell:Creating package script '/home/bern/ws_snow/install/urdf_tutorial/share/urdf_tutorial/package.ps1'
[0.345s] INFO:colcon.colcon_core.shell:Creating package descriptor '/home/bern/ws_snow/install/urdf_tutorial/share/urdf_tutorial/package.dsv'
[0.345s] INFO:colcon.colcon_core.shell:Creating package script '/home/bern/ws_snow/install/urdf_tutorial/share/urdf_tutorial/package.sh'
[0.345s] INFO:colcon.colcon_core.shell:Creating package script '/home/bern/ws_snow/install/urdf_tutorial/share/urdf_tutorial/package.bash'
[0.345s] INFO:colcon.colcon_core.shell:Creating package script '/home/bern/ws_snow/install/urdf_tutorial/share/urdf_tutorial/package.zsh'
[0.345s] Level 1:colcon.colcon_core.environment:create_file_with_runtime_dependencies(/home/bern/ws_snow/install/urdf_tutorial/share/colcon-core/packages/urdf_tutorial)
[0.347s] Level 1:colcon.colcon_core.environment:create_environment_scripts_only(hard_con)
[0.347s] Level 1:colcon.colcon_core.environment:checking '/home/bern/ws_snow/install/hard_con' for CMake module files
[0.347s] Level 1:colcon.colcon_core.environment:checking '/home/bern/ws_snow/install/hard_con' for CMake config files
[0.347s] Level 1:colcon.colcon_core.shell:create_environment_hook('hard_con', 'cmake_prefix_path')
[0.348s] INFO:colcon.colcon_core.shell:Creating environment hook '/home/bern/ws_snow/install/hard_con/share/hard_con/hook/cmake_prefix_path.ps1'
[0.348s] INFO:colcon.colcon_core.shell:Creating environment descriptor '/home/bern/ws_snow/install/hard_con/share/hard_con/hook/cmake_prefix_path.dsv'
[0.349s] INFO:colcon.colcon_core.shell:Creating environment hook '/home/bern/ws_snow/install/hard_con/share/hard_con/hook/cmake_prefix_path.sh'
[0.349s] Level 1:colcon.colcon_core.environment:checking '/home/bern/ws_snow/install/hard_con/lib'
[0.349s] Level 1:colcon.colcon_core.environment:checking '/home/bern/ws_snow/install/hard_con/bin'
[0.349s] Level 1:colcon.colcon_core.environment:checking '/home/bern/ws_snow/install/hard_con/lib/pkgconfig/hard_con.pc'
[0.350s] Level 1:colcon.colcon_core.environment:checking '/home/bern/ws_snow/install/hard_con/lib/python3.10/site-packages'
[0.350s] Level 1:colcon.colcon_core.environment:checking '/home/bern/ws_snow/install/hard_con/bin'
[0.350s] INFO:colcon.colcon_core.shell:Creating package script '/home/bern/ws_snow/install/hard_con/share/hard_con/package.ps1'
[0.351s] INFO:colcon.colcon_core.shell:Creating package descriptor '/home/bern/ws_snow/install/hard_con/share/hard_con/package.dsv'
[0.351s] INFO:colcon.colcon_core.shell:Creating package script '/home/bern/ws_snow/install/hard_con/share/hard_con/package.sh'
[0.352s] INFO:colcon.colcon_core.shell:Creating package script '/home/bern/ws_snow/install/hard_con/share/hard_con/package.bash'
[0.352s] INFO:colcon.colcon_core.shell:Creating package script '/home/bern/ws_snow/install/hard_con/share/hard_con/package.zsh'
[0.352s] Level 1:colcon.colcon_core.environment:create_file_with_runtime_dependencies(/home/bern/ws_snow/install/hard_con/share/colcon-core/packages/hard_con)
[0.354s] Level 1:colcon.colcon_core.environment:create_environment_scripts_only(snow_sim)
[0.354s] Level 1:colcon.colcon_core.environment:checking '/home/bern/ws_snow/install/snow_sim' for CMake module files
[0.355s] Level 1:colcon.colcon_core.environment:checking '/home/bern/ws_snow/install/snow_sim' for CMake config files
[0.355s] Level 1:colcon.colcon_core.shell:create_environment_hook('snow_sim', 'cmake_prefix_path')
[0.355s] INFO:colcon.colcon_core.shell:Creating environment hook '/home/bern/ws_snow/install/snow_sim/share/snow_sim/hook/cmake_prefix_path.ps1'
[0.356s] INFO:colcon.colcon_core.shell:Creating environment descriptor '/home/bern/ws_snow/install/snow_sim/share/snow_sim/hook/cmake_prefix_path.dsv'
[0.356s] INFO:colcon.colcon_core.shell:Creating environment hook '/home/bern/ws_snow/install/snow_sim/share/snow_sim/hook/cmake_prefix_path.sh'
[0.356s] Level 1:colcon.colcon_core.environment:checking '/home/bern/ws_snow/install/snow_sim/lib'
[0.357s] Level 1:colcon.colcon_core.environment:checking '/home/bern/ws_snow/install/snow_sim/bin'
[0.357s] Level 1:colcon.colcon_core.environment:checking '/home/bern/ws_snow/install/snow_sim/lib/pkgconfig/snow_sim.pc'
[0.357s] Level 1:colcon.colcon_core.environment:checking '/home/bern/ws_snow/install/snow_sim/lib/python3.10/site-packages'
[0.357s] Level 1:colcon.colcon_core.environment:checking '/home/bern/ws_snow/install/snow_sim/bin'
[0.357s] INFO:colcon.colcon_core.shell:Creating package script '/home/bern/ws_snow/install/snow_sim/share/snow_sim/package.ps1'
[0.357s] INFO:colcon.colcon_core.shell:Creating package descriptor '/home/bern/ws_snow/install/snow_sim/share/snow_sim/package.dsv'
[0.358s] INFO:colcon.colcon_core.shell:Creating package script '/home/bern/ws_snow/install/snow_sim/share/snow_sim/package.sh'
[0.358s] INFO:colcon.colcon_core.shell:Creating package script '/home/bern/ws_snow/install/snow_sim/share/snow_sim/package.bash'
[0.358s] INFO:colcon.colcon_core.shell:Creating package script '/home/bern/ws_snow/install/snow_sim/share/snow_sim/package.zsh'
[0.358s] Level 1:colcon.colcon_core.environment:create_file_with_runtime_dependencies(/home/bern/ws_snow/install/snow_sim/share/colcon-core/packages/snow_sim)
[0.359s] Level 1:colcon.colcon_core.environment:create_environment_scripts_only(snow_con_rt)
[0.359s] Level 1:colcon.colcon_core.environment:checking '/home/bern/ws_snow/install/snow_con_rt' for CMake module files
[0.360s] Level 1:colcon.colcon_core.environment:checking '/home/bern/ws_snow/install/snow_con_rt' for CMake config files
[0.360s] Level 1:colcon.colcon_core.shell:create_environment_hook('snow_con_rt', 'cmake_prefix_path')
[0.360s] INFO:colcon.colcon_core.shell:Creating environment hook '/home/bern/ws_snow/install/snow_con_rt/share/snow_con_rt/hook/cmake_prefix_path.ps1'
[0.360s] INFO:colcon.colcon_core.shell:Creating environment descriptor '/home/bern/ws_snow/install/snow_con_rt/share/snow_con_rt/hook/cmake_prefix_path.dsv'
[0.360s] INFO:colcon.colcon_core.shell:Creating environment hook '/home/bern/ws_snow/install/snow_con_rt/share/snow_con_rt/hook/cmake_prefix_path.sh'
[0.360s] Level 1:colcon.colcon_core.environment:checking '/home/bern/ws_snow/install/snow_con_rt/lib'
[0.361s] Level 1:colcon.colcon_core.environment:checking '/home/bern/ws_snow/install/snow_con_rt/bin'
[0.361s] Level 1:colcon.colcon_core.environment:checking '/home/bern/ws_snow/install/snow_con_rt/lib/pkgconfig/snow_con_rt.pc'
[0.361s] Level 1:colcon.colcon_core.environment:checking '/home/bern/ws_snow/install/snow_con_rt/lib/python3.10/site-packages'
[0.361s] Level 1:colcon.colcon_core.environment:checking '/home/bern/ws_snow/install/snow_con_rt/bin'
[0.361s] INFO:colcon.colcon_core.shell:Creating package script '/home/bern/ws_snow/install/snow_con_rt/share/snow_con_rt/package.ps1'
[0.361s] INFO:colcon.colcon_core.shell:Creating package descriptor '/home/bern/ws_snow/install/snow_con_rt/share/snow_con_rt/package.dsv'
[0.361s] INFO:colcon.colcon_core.shell:Creating package script '/home/bern/ws_snow/install/snow_con_rt/share/snow_con_rt/package.sh'
[0.362s] INFO:colcon.colcon_core.shell:Creating package script '/home/bern/ws_snow/install/snow_con_rt/share/snow_con_rt/package.bash'
[0.362s] INFO:colcon.colcon_core.shell:Creating package script '/home/bern/ws_snow/install/snow_con_rt/share/snow_con_rt/package.zsh'
[0.362s] Level 1:colcon.colcon_core.environment:create_file_with_runtime_dependencies(/home/bern/ws_snow/install/snow_con_rt/share/colcon-core/packages/snow_con_rt)
[0.362s] Level 1:colcon.colcon_core.environment:create_environment_scripts_only(urdf_tutorial)
[0.362s] Level 1:colcon.colcon_core.environment:checking '/home/bern/ws_snow/install/urdf_tutorial' for CMake module files
[0.363s] Level 1:colcon.colcon_core.environment:checking '/home/bern/ws_snow/install/urdf_tutorial' for CMake config files
[0.363s] Level 1:colcon.colcon_core.shell:create_environment_hook('urdf_tutorial', 'cmake_prefix_path')
[0.363s] INFO:colcon.colcon_core.shell:Creating environment hook '/home/bern/ws_snow/install/urdf_tutorial/share/urdf_tutorial/hook/cmake_prefix_path.ps1'
[0.364s] INFO:colcon.colcon_core.shell:Creating environment descriptor '/home/bern/ws_snow/install/urdf_tutorial/share/urdf_tutorial/hook/cmake_prefix_path.dsv'
[0.364s] INFO:colcon.colcon_core.shell:Creating environment hook '/home/bern/ws_snow/install/urdf_tutorial/share/urdf_tutorial/hook/cmake_prefix_path.sh'
[0.364s] Level 1:colcon.colcon_core.environment:checking '/home/bern/ws_snow/install/urdf_tutorial/bin'
[0.364s] Level 1:colcon.colcon_core.environment:checking '/home/bern/ws_snow/install/urdf_tutorial/lib/pkgconfig/urdf_tutorial.pc'
[0.364s] Level 1:colcon.colcon_core.environment:checking '/home/bern/ws_snow/install/urdf_tutorial/lib/python3.10/site-packages'
[0.364s] Level 1:colcon.colcon_core.environment:checking '/home/bern/ws_snow/install/urdf_tutorial/bin'
[0.364s] INFO:colcon.colcon_core.shell:Creating package script '/home/bern/ws_snow/install/urdf_tutorial/share/urdf_tutorial/package.ps1'
[0.365s] INFO:colcon.colcon_core.shell:Creating package descriptor '/home/bern/ws_snow/install/urdf_tutorial/share/urdf_tutorial/package.dsv'
[0.365s] INFO:colcon.colcon_core.shell:Creating package script '/home/bern/ws_snow/install/urdf_tutorial/share/urdf_tutorial/package.sh'
[0.365s] INFO:colcon.colcon_core.shell:Creating package script '/home/bern/ws_snow/install/urdf_tutorial/share/urdf_tutorial/package.bash'
[0.365s] INFO:colcon.colcon_core.shell:Creating package script '/home/bern/ws_snow/install/urdf_tutorial/share/urdf_tutorial/package.zsh'
[0.366s] Level 1:colcon.colcon_core.environment:create_file_with_runtime_dependencies(/home/bern/ws_snow/install/urdf_tutorial/share/colcon-core/packages/urdf_tutorial)
[5.786s] DEBUG:colcon.colcon_core.event_handler.log_command:Invoked command in '/home/bern/ws_snow/build/snow_con' returned '0': CMAKE_PREFIX_PATH=${CMAKE_PREFIX_PATH}:/opt/ros/humble /usr/bin/cmake --build /home/bern/ws_snow/build/snow_con -- -j12 -l12
[5.805s] DEBUG:colcon.colcon_core.event_handler.log_command:Invoking command in '/home/bern/ws_snow/build/snow_con': CMAKE_PREFIX_PATH=${CMAKE_PREFIX_PATH}:/opt/ros/humble /usr/bin/cmake --install /home/bern/ws_snow/build/snow_con
[5.816s] Level 1:colcon.colcon_core.environment:create_environment_scripts_only(snow_con)
[5.816s] Level 1:colcon.colcon_core.environment:checking '/home/bern/ws_snow/install/snow_con' for CMake module files
[5.817s] DEBUG:colcon.colcon_core.event_handler.log_command:Invoked command in '/home/bern/ws_snow/build/snow_con' returned '0': CMAKE_PREFIX_PATH=${CMAKE_PREFIX_PATH}:/opt/ros/humble /usr/bin/cmake --install /home/bern/ws_snow/build/snow_con
[5.817s] Level 1:colcon.colcon_core.environment:checking '/home/bern/ws_snow/install/snow_con' for CMake config files
[5.817s] Level 1:colcon.colcon_core.shell:create_environment_hook('snow_con', 'cmake_prefix_path')
[5.817s] INFO:colcon.colcon_core.shell:Creating environment hook '/home/bern/ws_snow/install/snow_con/share/snow_con/hook/cmake_prefix_path.ps1'
[5.818s] INFO:colcon.colcon_core.shell:Creating environment descriptor '/home/bern/ws_snow/install/snow_con/share/snow_con/hook/cmake_prefix_path.dsv'
[5.818s] INFO:colcon.colcon_core.shell:Creating environment hook '/home/bern/ws_snow/install/snow_con/share/snow_con/hook/cmake_prefix_path.sh'
[5.818s] Level 1:colcon.colcon_core.environment:checking '/home/bern/ws_snow/install/snow_con/lib'
[5.818s] Level 1:colcon.colcon_core.environment:checking '/home/bern/ws_snow/install/snow_con/bin'
[5.818s] Level 1:colcon.colcon_core.environment:checking '/home/bern/ws_snow/install/snow_con/lib/pkgconfig/snow_con.pc'
[5.818s] Level 1:colcon.colcon_core.environment:checking '/home/bern/ws_snow/install/snow_con/lib/python3.10/site-packages'
[5.819s] Level 1:colcon.colcon_core.environment:checking '/home/bern/ws_snow/install/snow_con/bin'
[5.819s] INFO:colcon.colcon_core.shell:Creating package script '/home/bern/ws_snow/install/snow_con/share/snow_con/package.ps1'
[5.819s] INFO:colcon.colcon_core.shell:Creating package descriptor '/home/bern/ws_snow/install/snow_con/share/snow_con/package.dsv'
[5.819s] INFO:colcon.colcon_core.shell:Creating package script '/home/bern/ws_snow/install/snow_con/share/snow_con/package.sh'
[5.819s] INFO:colcon.colcon_core.shell:Creating package script '/home/bern/ws_snow/install/snow_con/share/snow_con/package.bash'
[5.820s] INFO:colcon.colcon_core.shell:Creating package script '/home/bern/ws_snow/install/snow_con/share/snow_con/package.zsh'
[5.820s] Level 1:colcon.colcon_core.environment:create_file_with_runtime_dependencies(/home/bern/ws_snow/install/snow_con/share/colcon-core/packages/snow_con)
[5.839s] Level 1:colcon.colcon_core.environment:create_environment_scripts_only(snow_con)
[5.839s] Level 1:colcon.colcon_core.environment:checking '/home/bern/ws_snow/install/snow_con' for CMake module files
[5.839s] Level 1:colcon.colcon_core.environment:checking '/home/bern/ws_snow/install/snow_con' for CMake config files
[5.840s] Level 1:colcon.colcon_core.shell:create_environment_hook('snow_con', 'cmake_prefix_path')
[5.840s] INFO:colcon.colcon_core.shell:Creating environment hook '/home/bern/ws_snow/install/snow_con/share/snow_con/hook/cmake_prefix_path.ps1'
[5.840s] INFO:colcon.colcon_core.shell:Creating environment descriptor '/home/bern/ws_snow/install/snow_con/share/snow_con/hook/cmake_prefix_path.dsv'
[5.841s] INFO:colcon.colcon_core.shell:Creating environment hook '/home/bern/ws_snow/install/snow_con/share/snow_con/hook/cmake_prefix_path.sh'
[5.841s] Level 1:colcon.colcon_core.environment:checking '/home/bern/ws_snow/install/snow_con/lib'
[5.842s] Level 1:colcon.colcon_core.environment:checking '/home/bern/ws_snow/install/snow_con/bin'
[5.842s] Level 1:colcon.colcon_core.environment:checking '/home/bern/ws_snow/install/snow_con/lib/pkgconfig/snow_con.pc'
[5.842s] Level 1:colcon.colcon_core.environment:checking '/home/bern/ws_snow/install/snow_con/lib/python3.10/site-packages'
[5.842s] Level 1:colcon.colcon_core.environment:checking '/home/bern/ws_snow/install/snow_con/bin'
[5.842s] INFO:colcon.colcon_core.shell:Creating package script '/home/bern/ws_snow/install/snow_con/share/snow_con/package.ps1'
[5.843s] INFO:colcon.colcon_core.shell:Creating package descriptor '/home/bern/ws_snow/install/snow_con/share/snow_con/package.dsv'
[5.843s] INFO:colcon.colcon_core.shell:Creating package script '/home/bern/ws_snow/install/snow_con/share/snow_con/package.sh'
[5.844s] INFO:colcon.colcon_core.shell:Creating package script '/home/bern/ws_snow/install/snow_con/share/snow_con/package.bash'
[5.844s] INFO:colcon.colcon_core.shell:Creating package script '/home/bern/ws_snow/install/snow_con/share/snow_con/package.zsh'
[5.844s] Level 1:colcon.colcon_core.environment:create_file_with_runtime_dependencies(/home/bern/ws_snow/install/snow_con/share/colcon-core/packages/snow_con)
[5.845s] DEBUG:colcon.colcon_parallel_executor.executor.parallel:closing loop
[5.845s] DEBUG:colcon.colcon_parallel_executor.executor.parallel:loop closed
[5.845s] DEBUG:colcon.colcon_parallel_executor.executor.parallel:run_until_complete finished with '0'
[5.845s] DEBUG:colcon.colcon_core.event_reactor:joining thread
[5.850s] INFO:colcon.colcon_core.plugin_system:Skipping extension 'colcon_notification.desktop_notification.terminal_notifier': Not used on non-Darwin systems
[5.850s] INFO:colcon.colcon_core.plugin_system:Skipping extension 'colcon_notification.desktop_notification.win32': Not used on non-Windows systems
[5.850s] INFO:colcon.colcon_notification.desktop_notification:Sending desktop notification using 'notify2'
[5.867s] DEBUG:colcon.colcon_core.event_reactor:joined thread
[5.867s] INFO:colcon.colcon_core.shell:Creating prefix script '/home/bern/ws_snow/install/local_setup.ps1'
[5.868s] INFO:colcon.colcon_core.shell:Creating prefix util module '/home/bern/ws_snow/install/_local_setup_util_ps1.py'
[5.870s] INFO:colcon.colcon_core.shell:Creating prefix chain script '/home/bern/ws_snow/install/setup.ps1'
[5.871s] INFO:colcon.colcon_core.shell:Creating prefix script '/home/bern/ws_snow/install/local_setup.sh'
[5.872s] INFO:colcon.colcon_core.shell:Creating prefix util module '/home/bern/ws_snow/install/_local_setup_util_sh.py'
[5.872s] INFO:colcon.colcon_core.shell:Creating prefix chain script '/home/bern/ws_snow/install/setup.sh'
[5.873s] INFO:colcon.colcon_core.shell:Creating prefix script '/home/bern/ws_snow/install/local_setup.bash'
[5.874s] INFO:colcon.colcon_core.shell:Creating prefix chain script '/home/bern/ws_snow/install/setup.bash'
[5.875s] INFO:colcon.colcon_core.shell:Creating prefix script '/home/bern/ws_snow/install/local_setup.zsh'
[5.875s] INFO:colcon.colcon_core.shell:Creating prefix chain script '/home/bern/ws_snow/install/setup.zsh'
