-- Found ament_cmake: 1.3.4 (/opt/ros/humble/share/ament_cmake/cmake)
-- Found rclcpp: 16.0.4 (/opt/ros/humble/share/rclcpp/cmake)
-- Found rosidl_generator_c: 3.1.4 (/opt/ros/humble/share/rosidl_generator_c/cmake)
-- Found rosidl_adapter: 3.1.4 (/opt/ros/humble/share/rosidl_adapter/cmake)
-- Found rosidl_generator_cpp: 3.1.4 (/opt/ros/humble/share/rosidl_generator_cpp/cmake)
-- Using all available rosidl_typesupport_c: rosidl_typesupport_fastrtps_c;rosidl_typesupport_introspection_c
-- Using all available rosidl_typesupport_cpp: rosidl_typesupport_fastrtps_cpp;rosidl_typesupport_introspection_cpp
-- Found rmw_implementation_cmake: 6.1.1 (/opt/ros/humble/share/rmw_implementation_cmake/cmake)
-- Found rmw_fastrtps_cpp: 6.2.2 (/opt/ros/humble/share/rmw_fastrtps_cpp/cmake)
-- Using RMW implementation 'rmw_fastrtps_cpp' as default
-- Found sensor_msgs: 4.2.3 (/opt/ros/humble/share/sensor_msgs/cmake)
-- Found ament_lint_auto: 0.12.6 (/opt/ros/humble/share/ament_lint_auto/cmake)
-- Added test 'cppcheck' to perform static code analysis on C / C++ code
-- Configured cppcheck include dirs: 
-- Configured cppcheck exclude dirs and/or files: 
-- Added test 'lint_cmake' to check CMake code style
-- Added test 'uncrustify' to check C / C++ code style
-- Configured uncrustify additional arguments: 
-- Added test 'xmllint' to check XML markup files
-- Configuring done
-- Generating done
-- Build files have been written to: /home/rhys/ws_snow/build/hard_con
[35m[1mConsolidate compiler generated dependencies of target talker[0m
[ 50%] [32mBuilding CXX object CMakeFiles/talker.dir/src/main.cpp.o[0m
[100%] [32m[1mLinking CXX executable talker[0m
[100%] Built target talker
-- Install configuration: ""
-- Installing: /home/rhys/ws_snow/install/hard_con/lib/hard_con/talker
-- Set runtime path of "/home/rhys/ws_snow/install/hard_con/lib/hard_con/talker" to ""
-- Up-to-date: /home/rhys/ws_snow/install/hard_con/share/ament_index/resource_index/package_run_dependencies/hard_con
-- Installing: /home/rhys/ws_snow/install/hard_con/share/ament_index/resource_index/parent_prefix_path/hard_con
-- Installing: /home/rhys/ws_snow/install/hard_con/share/hard_con/environment/ament_prefix_path.sh
-- Installing: /home/rhys/ws_snow/install/hard_con/share/hard_con/environment/ament_prefix_path.dsv
-- Installing: /home/rhys/ws_snow/install/hard_con/share/hard_con/environment/path.sh
-- Installing: /home/rhys/ws_snow/install/hard_con/share/hard_con/environment/path.dsv
-- Up-to-date: /home/rhys/ws_snow/install/hard_con/share/hard_con/local_setup.bash
-- Up-to-date: /home/rhys/ws_snow/install/hard_con/share/hard_con/local_setup.sh
-- Up-to-date: /home/rhys/ws_snow/install/hard_con/share/hard_con/local_setup.zsh
-- Installing: /home/rhys/ws_snow/install/hard_con/share/hard_con/local_setup.dsv
-- Installing: /home/rhys/ws_snow/install/hard_con/share/hard_con/package.dsv
-- Up-to-date: /home/rhys/ws_snow/install/hard_con/share/ament_index/resource_index/packages/hard_con
-- Up-to-date: /home/rhys/ws_snow/install/hard_con/share/hard_con/cmake/hard_conConfig.cmake
-- Up-to-date: /home/rhys/ws_snow/install/hard_con/share/hard_con/cmake/hard_conConfig-version.cmake
-- Up-to-date: /home/rhys/ws_snow/install/hard_con/share/hard_con/package.xml
