[0.049s] Invoking command in '/home/rhys/ws_snow/build/hard_con': CMAKE_PREFIX_PATH=/opt/ros/humble /usr/bin/cmake --build /home/rhys/ws_snow/build/hard_con -- -j12 -l12
[0.111s] -- Found ament_cmake: 1.3.4 (/opt/ros/humble/share/ament_cmake/cmake)
[0.320s] -- Found rclcpp: 16.0.4 (/opt/ros/humble/share/rclcpp/cmake)
[0.380s] -- Found rosidl_generator_c: 3.1.4 (/opt/ros/humble/share/rosidl_generator_c/cmake)
[0.385s] -- Found rosidl_adapter: 3.1.4 (/opt/ros/humble/share/rosidl_adapter/cmake)
[0.397s] -- Found rosidl_generator_cpp: 3.1.4 (/opt/ros/humble/share/rosidl_generator_cpp/cmake)
[0.413s] -- Using all available rosidl_typesupport_c: rosidl_typesupport_fastrtps_c;rosidl_typesupport_introspection_c
[0.434s] -- Using all available rosidl_typesupport_cpp: rosidl_typesupport_fastrtps_cpp;rosidl_typesupport_introspection_cpp
[0.518s] -- Found rmw_implementation_cmake: 6.1.1 (/opt/ros/humble/share/rmw_implementation_cmake/cmake)
[0.519s] -- Found rmw_fastrtps_cpp: 6.2.2 (/opt/ros/humble/share/rmw_fastrtps_cpp/cmake)
[0.685s] -- Using RMW implementation 'rmw_fastrtps_cpp' as default
[0.912s] -- Found sensor_msgs: 4.2.3 (/opt/ros/humble/share/sensor_msgs/cmake)
[1.095s] -- Found ament_lint_auto: 0.12.6 (/opt/ros/humble/share/ament_lint_auto/cmake)
[1.199s] -- Added test 'cppcheck' to perform static code analysis on C / C++ code
[1.199s] -- Configured cppcheck include dirs: 
[1.199s] -- Configured cppcheck exclude dirs and/or files: 
[1.200s] -- Added test 'lint_cmake' to check CMake code style
[1.201s] -- Added test 'uncrustify' to check C / C++ code style
[1.201s] -- Configured uncrustify additional arguments: 
[1.201s] -- Added test 'xmllint' to check XML markup files
[1.202s] -- Configuring done
[1.216s] -- Generating done
[1.218s] -- Build files have been written to: /home/rhys/ws_snow/build/hard_con
[1.247s] [35m[1mConsolidate compiler generated dependencies of target talker[0m
[1.267s] [ 50%] [32mBuilding CXX object CMakeFiles/talker.dir/src/main.cpp.o[0m
[4.062s] [01m[K/home/rhys/ws_snow/src/hard_con/src/main.cpp:[m[K In member function ‘[01m[Kvoid MinimalPublisher::print_latency(double)[m[K’:
[4.062s] [01m[K/home/rhys/ws_snow/src/hard_con/src/main.cpp:56:11:[m[K [01;35m[Kwarning: [m[Kunused variable ‘[01m[Ki[m[K’ [[01;35m[K]8;;https://gcc.gnu.org/onlinedocs/gcc/Warning-Options.html#index-Wunused-variable-Wunused-variable]8;;[m[K]
[4.063s]    56 |       int [01;35m[Ki[m[K, j;
[4.063s]       |           [01;35m[K^[m[K
[4.063s] [01m[K/home/rhys/ws_snow/src/hard_con/src/main.cpp:56:14:[m[K [01;35m[Kwarning: [m[Kunused variable ‘[01m[Kj[m[K’ [[01;35m[K]8;;https://gcc.gnu.org/onlinedocs/gcc/Warning-Options.html#index-Wunused-variable-Wunused-variable]8;;[m[K]
[4.063s]    56 |       int i, [01;35m[Kj[m[K;
[4.063s]       |              [01;35m[K^[m[K
[10.110s] [100%] [32m[1mLinking CXX executable talker[0m
[10.629s] [100%] Built target talker
[10.647s] Invoked command in '/home/rhys/ws_snow/build/hard_con' returned '0': CMAKE_PREFIX_PATH=/opt/ros/humble /usr/bin/cmake --build /home/rhys/ws_snow/build/hard_con -- -j12 -l12
[10.680s] Invoking command in '/home/rhys/ws_snow/build/hard_con': CMAKE_PREFIX_PATH=/opt/ros/humble /usr/bin/cmake --install /home/rhys/ws_snow/build/hard_con
[10.685s] -- Install configuration: ""
[10.685s] -- Installing: /home/rhys/ws_snow/install/hard_con/lib/hard_con/talker
[10.689s] -- Set runtime path of "/home/rhys/ws_snow/install/hard_con/lib/hard_con/talker" to ""
[10.689s] -- Up-to-date: /home/rhys/ws_snow/install/hard_con/share/ament_index/resource_index/package_run_dependencies/hard_con
[10.689s] -- Installing: /home/rhys/ws_snow/install/hard_con/share/ament_index/resource_index/parent_prefix_path/hard_con
[10.689s] -- Installing: /home/rhys/ws_snow/install/hard_con/share/hard_con/environment/ament_prefix_path.sh
[10.689s] -- Installing: /home/rhys/ws_snow/install/hard_con/share/hard_con/environment/ament_prefix_path.dsv
[10.689s] -- Installing: /home/rhys/ws_snow/install/hard_con/share/hard_con/environment/path.sh
[10.689s] -- Installing: /home/rhys/ws_snow/install/hard_con/share/hard_con/environment/path.dsv
[10.690s] -- Up-to-date: /home/rhys/ws_snow/install/hard_con/share/hard_con/local_setup.bash
[10.690s] -- Up-to-date: /home/rhys/ws_snow/install/hard_con/share/hard_con/local_setup.sh
[10.690s] -- Up-to-date: /home/rhys/ws_snow/install/hard_con/share/hard_con/local_setup.zsh
[10.690s] -- Installing: /home/rhys/ws_snow/install/hard_con/share/hard_con/local_setup.dsv
[10.690s] -- Installing: /home/rhys/ws_snow/install/hard_con/share/hard_con/package.dsv
[10.690s] -- Up-to-date: /home/rhys/ws_snow/install/hard_con/share/ament_index/resource_index/packages/hard_con
[10.690s] -- Up-to-date: /home/rhys/ws_snow/install/hard_con/share/hard_con/cmake/hard_conConfig.cmake
[10.690s] -- Up-to-date: /home/rhys/ws_snow/install/hard_con/share/hard_con/cmake/hard_conConfig-version.cmake
[10.690s] -- Up-to-date: /home/rhys/ws_snow/install/hard_con/share/hard_con/package.xml
[10.694s] Invoked command in '/home/rhys/ws_snow/build/hard_con' returned '0': CMAKE_PREFIX_PATH=/opt/ros/humble /usr/bin/cmake --install /home/rhys/ws_snow/build/hard_con
