[0.015s] Invoking command in '/home/bern/ws_snow/build/snow_con_rt': CMAKE_PREFIX_PATH=/opt/ros/humble /usr/bin/cmake --build /home/bern/ws_snow/build/snow_con_rt -- -j12 -l12
[0.080s] [100%] Built target listener
[0.105s] Invoked command in '/home/bern/ws_snow/build/snow_con_rt' returned '0': CMAKE_PREFIX_PATH=/opt/ros/humble /usr/bin/cmake --build /home/bern/ws_snow/build/snow_con_rt -- -j12 -l12
[0.116s] Invoking command in '/home/bern/ws_snow/build/snow_con_rt': CMAKE_PREFIX_PATH=/opt/ros/humble /usr/bin/cmake --install /home/bern/ws_snow/build/snow_con_rt
[0.122s] -- Install configuration: ""
[0.123s] -- Up-to-date: /home/bern/ws_snow/install/snow_con_rt/lib/snow_con_rt/listener
[0.124s] -- Up-to-date: /home/bern/ws_snow/install/snow_con_rt/share/ament_index/resource_index/package_run_dependencies/snow_con_rt
[0.124s] -- Up-to-date: /home/bern/ws_snow/install/snow_con_rt/share/ament_index/resource_index/parent_prefix_path/snow_con_rt
[0.124s] -- Up-to-date: /home/bern/ws_snow/install/snow_con_rt/share/snow_con_rt/environment/ament_prefix_path.sh
[0.124s] -- Up-to-date: /home/bern/ws_snow/install/snow_con_rt/share/snow_con_rt/environment/ament_prefix_path.dsv
[0.124s] -- Up-to-date: /home/bern/ws_snow/install/snow_con_rt/share/snow_con_rt/environment/path.sh
[0.124s] -- Up-to-date: /home/bern/ws_snow/install/snow_con_rt/share/snow_con_rt/environment/path.dsv
[0.124s] -- Up-to-date: /home/bern/ws_snow/install/snow_con_rt/share/snow_con_rt/local_setup.bash
[0.124s] -- Up-to-date: /home/bern/ws_snow/install/snow_con_rt/share/snow_con_rt/local_setup.sh
[0.124s] -- Up-to-date: /home/bern/ws_snow/install/snow_con_rt/share/snow_con_rt/local_setup.zsh
[0.124s] -- Up-to-date: /home/bern/ws_snow/install/snow_con_rt/share/snow_con_rt/local_setup.dsv
[0.124s] -- Installing: /home/bern/ws_snow/install/snow_con_rt/share/snow_con_rt/package.dsv
[0.125s] -- Up-to-date: /home/bern/ws_snow/install/snow_con_rt/share/ament_index/resource_index/packages/snow_con_rt
[0.126s] -- Up-to-date: /home/bern/ws_snow/install/snow_con_rt/share/snow_con_rt/cmake/snow_con_rtConfig.cmake
[0.126s] -- Up-to-date: /home/bern/ws_snow/install/snow_con_rt/share/snow_con_rt/cmake/snow_con_rtConfig-version.cmake
[0.126s] -- Up-to-date: /home/bern/ws_snow/install/snow_con_rt/share/snow_con_rt/package.xml
[0.133s] Invoked command in '/home/bern/ws_snow/build/snow_con_rt' returned '0': CMAKE_PREFIX_PATH=/opt/ros/humble /usr/bin/cmake --install /home/bern/ws_snow/build/snow_con_rt
