[0.033s] Invoking command in '/home/rhys/ws_snow/build/hard_con': CMAKE_PREFIX_PATH=/opt/ros/humble /usr/bin/cmake --build /home/rhys/ws_snow/build/hard_con -- -j12 -l12
[0.128s] [100%] Built target talker
[0.154s] Invoked command in '/home/rhys/ws_snow/build/hard_con' returned '0': CMAKE_PREFIX_PATH=/opt/ros/humble /usr/bin/cmake --build /home/rhys/ws_snow/build/hard_con -- -j12 -l12
[0.187s] Invoking command in '/home/rhys/ws_snow/build/hard_con': CMAKE_PREFIX_PATH=/opt/ros/humble /usr/bin/cmake --install /home/rhys/ws_snow/build/hard_con
[0.194s] -- Install configuration: ""
[0.201s] -- Up-to-date: /home/rhys/ws_snow/install/hard_con/lib/hard_con/talker
[0.207s] -- Up-to-date: /home/rhys/ws_snow/install/hard_con/share/ament_index/resource_index/package_run_dependencies/hard_con
[0.207s] -- Up-to-date: /home/rhys/ws_snow/install/hard_con/share/ament_index/resource_index/parent_prefix_path/hard_con
[0.207s] -- Up-to-date: /home/rhys/ws_snow/install/hard_con/share/hard_con/environment/ament_prefix_path.sh
[0.207s] -- Up-to-date: /home/rhys/ws_snow/install/hard_con/share/hard_con/environment/ament_prefix_path.dsv
[0.207s] -- Up-to-date: /home/rhys/ws_snow/install/hard_con/share/hard_con/environment/path.sh
[0.207s] -- Up-to-date: /home/rhys/ws_snow/install/hard_con/share/hard_con/environment/path.dsv
[0.207s] -- Up-to-date: /home/rhys/ws_snow/install/hard_con/share/hard_con/local_setup.bash
[0.208s] -- Up-to-date: /home/rhys/ws_snow/install/hard_con/share/hard_con/local_setup.sh
[0.208s] -- Up-to-date: /home/rhys/ws_snow/install/hard_con/share/hard_con/local_setup.zsh
[0.208s] -- Up-to-date: /home/rhys/ws_snow/install/hard_con/share/hard_con/local_setup.dsv
[0.208s] -- Installing: /home/rhys/ws_snow/install/hard_con/share/hard_con/package.dsv
[0.208s] -- Up-to-date: /home/rhys/ws_snow/install/hard_con/share/ament_index/resource_index/packages/hard_con
[0.208s] -- Up-to-date: /home/rhys/ws_snow/install/hard_con/share/hard_con/cmake/hard_conConfig.cmake
[0.208s] -- Up-to-date: /home/rhys/ws_snow/install/hard_con/share/hard_con/cmake/hard_conConfig-version.cmake
[0.208s] -- Up-to-date: /home/rhys/ws_snow/install/hard_con/share/hard_con/package.xml
[0.233s] Invoked command in '/home/rhys/ws_snow/build/hard_con' returned '0': CMAKE_PREFIX_PATH=/opt/ros/humble /usr/bin/cmake --install /home/rhys/ws_snow/build/hard_con
