[0.071s] DEBUG:colcon:Command line arguments: ['/usr/bin/colcon', 'build']
[0.071s] DEBUG:colcon:Parsed command line arguments: Namespace(log_base=None, log_level=None, verb_name='build', build_base='build', install_base='install', merge_install=False, symlink_install=False, test_result_base=None, continue_on_error=False, executor='parallel', parallel_workers=12, event_handlers=None, ignore_user_meta=False, metas=['./colcon.meta'], base_paths=['.'], packages_ignore=None, packages_ignore_regex=None, paths=None, packages_up_to=None, packages_up_to_regex=None, packages_above=None, packages_above_and_dependencies=None, packages_above_depth=None, packages_select_by_dep=None, packages_skip_by_dep=None, packages_skip_up_to=None, packages_select_build_failed=False, packages_skip_build_finished=False, packages_select_test_failures=False, packages_skip_test_passed=False, packages_select=None, packages_skip=None, packages_select_regex=None, packages_skip_regex=None, packages_start=None, packages_end=None, allow_overriding=[], cmake_args=None, cmake_target=None, cmake_target_skip_unavailable=False, cmake_clean_cache=False, cmake_clean_first=False, cmake_force_configure=False, ament_cmake_args=None, catkin_cmake_args=None, catkin_skip_building_tests=False, mixin_files=None, mixin=None, verb_parser=<colcon_mixin.mixin.mixin_argument.MixinArgumentDecorator object at 0x735a159ba3e0>, verb_extension=<colcon_core.verb.build.BuildVerb object at 0x735a15b4ea40>, main=<bound method BuildVerb.main of <colcon_core.verb.build.BuildVerb object at 0x735a15b4ea40>>, mixin_verb=('build',))
[0.177s] Level 1:colcon.colcon_core.package_discovery:discover_packages(colcon_meta) check parameters
[0.177s] Level 1:colcon.colcon_core.package_discovery:discover_packages(recursive) check parameters
[0.177s] Level 1:colcon.colcon_core.package_discovery:discover_packages(ignore) check parameters
[0.177s] Level 1:colcon.colcon_core.package_discovery:discover_packages(path) check parameters
[0.177s] Level 1:colcon.colcon_core.package_discovery:discover_packages(colcon_meta) discover
[0.177s] Level 1:colcon.colcon_core.package_discovery:discover_packages(recursive) discover
[0.177s] INFO:colcon.colcon_core.package_discovery:Crawling recursively for packages in '/home/bern/ws_snow'
[0.177s] Level 1:colcon.colcon_core.package_identification:_identify(.) by extensions ['ignore', 'ignore_ament_install']
[0.177s] Level 1:colcon.colcon_core.package_identification:_identify(.) by extension 'ignore'
[0.177s] Level 1:colcon.colcon_core.package_identification:_identify(.) by extension 'ignore_ament_install'
[0.177s] Level 1:colcon.colcon_core.package_identification:_identify(.) by extensions ['colcon_pkg']
[0.177s] Level 1:colcon.colcon_core.package_identification:_identify(.) by extension 'colcon_pkg'
[0.177s] Level 1:colcon.colcon_core.package_identification:_identify(.) by extensions ['colcon_meta']
[0.177s] Level 1:colcon.colcon_core.package_identification:_identify(.) by extension 'colcon_meta'
[0.177s] Level 1:colcon.colcon_core.package_identification:_identify(.) by extensions ['ros']
[0.177s] Level 1:colcon.colcon_core.package_identification:_identify(.) by extension 'ros'
[0.185s] Level 1:colcon.colcon_core.package_identification:_identify(.) by extensions ['cmake', 'python']
[0.185s] Level 1:colcon.colcon_core.package_identification:_identify(.) by extension 'cmake'
[0.185s] Level 1:colcon.colcon_core.package_identification:_identify(.) by extension 'python'
[0.185s] Level 1:colcon.colcon_core.package_identification:_identify(.) by extensions ['python_setup_py']
[0.185s] Level 1:colcon.colcon_core.package_identification:_identify(.) by extension 'python_setup_py'
[0.186s] Level 1:colcon.colcon_core.package_identification:_identify(Data_1) by extensions ['ignore', 'ignore_ament_install']
[0.186s] Level 1:colcon.colcon_core.package_identification:_identify(Data_1) by extension 'ignore'
[0.186s] Level 1:colcon.colcon_core.package_identification:_identify(Data_1) by extension 'ignore_ament_install'
[0.186s] Level 1:colcon.colcon_core.package_identification:_identify(Data_1) by extensions ['colcon_pkg']
[0.186s] Level 1:colcon.colcon_core.package_identification:_identify(Data_1) by extension 'colcon_pkg'
[0.186s] Level 1:colcon.colcon_core.package_identification:_identify(Data_1) by extensions ['colcon_meta']
[0.186s] Level 1:colcon.colcon_core.package_identification:_identify(Data_1) by extension 'colcon_meta'
[0.186s] Level 1:colcon.colcon_core.package_identification:_identify(Data_1) by extensions ['ros']
[0.186s] Level 1:colcon.colcon_core.package_identification:_identify(Data_1) by extension 'ros'
[0.186s] Level 1:colcon.colcon_core.package_identification:_identify(Data_1) by extensions ['cmake', 'python']
[0.186s] Level 1:colcon.colcon_core.package_identification:_identify(Data_1) by extension 'cmake'
[0.186s] Level 1:colcon.colcon_core.package_identification:_identify(Data_1) by extension 'python'
[0.186s] Level 1:colcon.colcon_core.package_identification:_identify(Data_1) by extensions ['python_setup_py']
[0.186s] Level 1:colcon.colcon_core.package_identification:_identify(Data_1) by extension 'python_setup_py'
[0.186s] Level 1:colcon.colcon_core.package_identification:_identify(Data_1/Data_STEP1-orig) by extensions ['ignore', 'ignore_ament_install']
[0.186s] Level 1:colcon.colcon_core.package_identification:_identify(Data_1/Data_STEP1-orig) by extension 'ignore'
[0.186s] Level 1:colcon.colcon_core.package_identification:_identify(Data_1/Data_STEP1-orig) by extension 'ignore_ament_install'
[0.186s] Level 1:colcon.colcon_core.package_identification:_identify(Data_1/Data_STEP1-orig) by extensions ['colcon_pkg']
[0.186s] Level 1:colcon.colcon_core.package_identification:_identify(Data_1/Data_STEP1-orig) by extension 'colcon_pkg'
[0.186s] Level 1:colcon.colcon_core.package_identification:_identify(Data_1/Data_STEP1-orig) by extensions ['colcon_meta']
[0.186s] Level 1:colcon.colcon_core.package_identification:_identify(Data_1/Data_STEP1-orig) by extension 'colcon_meta'
[0.186s] Level 1:colcon.colcon_core.package_identification:_identify(Data_1/Data_STEP1-orig) by extensions ['ros']
[0.186s] Level 1:colcon.colcon_core.package_identification:_identify(Data_1/Data_STEP1-orig) by extension 'ros'
[0.186s] Level 1:colcon.colcon_core.package_identification:_identify(Data_1/Data_STEP1-orig) by extensions ['cmake', 'python']
[0.186s] Level 1:colcon.colcon_core.package_identification:_identify(Data_1/Data_STEP1-orig) by extension 'cmake'
[0.186s] Level 1:colcon.colcon_core.package_identification:_identify(Data_1/Data_STEP1-orig) by extension 'python'
[0.186s] Level 1:colcon.colcon_core.package_identification:_identify(Data_1/Data_STEP1-orig) by extensions ['python_setup_py']
[0.186s] Level 1:colcon.colcon_core.package_identification:_identify(Data_1/Data_STEP1-orig) by extension 'python_setup_py'
[0.186s] Level 1:colcon.colcon_core.package_identification:_identify(Data_1/Data_STEP1-torque) by extensions ['ignore', 'ignore_ament_install']
[0.186s] Level 1:colcon.colcon_core.package_identification:_identify(Data_1/Data_STEP1-torque) by extension 'ignore'
[0.186s] Level 1:colcon.colcon_core.package_identification:_identify(Data_1/Data_STEP1-torque) by extension 'ignore_ament_install'
[0.186s] Level 1:colcon.colcon_core.package_identification:_identify(Data_1/Data_STEP1-torque) by extensions ['colcon_pkg']
[0.186s] Level 1:colcon.colcon_core.package_identification:_identify(Data_1/Data_STEP1-torque) by extension 'colcon_pkg'
[0.186s] Level 1:colcon.colcon_core.package_identification:_identify(Data_1/Data_STEP1-torque) by extensions ['colcon_meta']
[0.186s] Level 1:colcon.colcon_core.package_identification:_identify(Data_1/Data_STEP1-torque) by extension 'colcon_meta'
[0.187s] Level 1:colcon.colcon_core.package_identification:_identify(Data_1/Data_STEP1-torque) by extensions ['ros']
[0.187s] Level 1:colcon.colcon_core.package_identification:_identify(Data_1/Data_STEP1-torque) by extension 'ros'
[0.187s] Level 1:colcon.colcon_core.package_identification:_identify(Data_1/Data_STEP1-torque) by extensions ['cmake', 'python']
[0.187s] Level 1:colcon.colcon_core.package_identification:_identify(Data_1/Data_STEP1-torque) by extension 'cmake'
[0.187s] Level 1:colcon.colcon_core.package_identification:_identify(Data_1/Data_STEP1-torque) by extension 'python'
[0.187s] Level 1:colcon.colcon_core.package_identification:_identify(Data_1/Data_STEP1-torque) by extensions ['python_setup_py']
[0.187s] Level 1:colcon.colcon_core.package_identification:_identify(Data_1/Data_STEP1-torque) by extension 'python_setup_py'
[0.187s] Level 1:colcon.colcon_core.package_identification:_identify(Data_1/Data_STEP2-orig) by extensions ['ignore', 'ignore_ament_install']
[0.187s] Level 1:colcon.colcon_core.package_identification:_identify(Data_1/Data_STEP2-orig) by extension 'ignore'
[0.187s] Level 1:colcon.colcon_core.package_identification:_identify(Data_1/Data_STEP2-orig) by extension 'ignore_ament_install'
[0.187s] Level 1:colcon.colcon_core.package_identification:_identify(Data_1/Data_STEP2-orig) by extensions ['colcon_pkg']
[0.187s] Level 1:colcon.colcon_core.package_identification:_identify(Data_1/Data_STEP2-orig) by extension 'colcon_pkg'
[0.187s] Level 1:colcon.colcon_core.package_identification:_identify(Data_1/Data_STEP2-orig) by extensions ['colcon_meta']
[0.187s] Level 1:colcon.colcon_core.package_identification:_identify(Data_1/Data_STEP2-orig) by extension 'colcon_meta'
[0.187s] Level 1:colcon.colcon_core.package_identification:_identify(Data_1/Data_STEP2-orig) by extensions ['ros']
[0.187s] Level 1:colcon.colcon_core.package_identification:_identify(Data_1/Data_STEP2-orig) by extension 'ros'
[0.187s] Level 1:colcon.colcon_core.package_identification:_identify(Data_1/Data_STEP2-orig) by extensions ['cmake', 'python']
[0.187s] Level 1:colcon.colcon_core.package_identification:_identify(Data_1/Data_STEP2-orig) by extension 'cmake'
[0.187s] Level 1:colcon.colcon_core.package_identification:_identify(Data_1/Data_STEP2-orig) by extension 'python'
[0.187s] Level 1:colcon.colcon_core.package_identification:_identify(Data_1/Data_STEP2-orig) by extensions ['python_setup_py']
[0.187s] Level 1:colcon.colcon_core.package_identification:_identify(Data_1/Data_STEP2-orig) by extension 'python_setup_py'
[0.187s] Level 1:colcon.colcon_core.package_identification:_identify(Data_1/Data_STEP2-torq) by extensions ['ignore', 'ignore_ament_install']
[0.187s] Level 1:colcon.colcon_core.package_identification:_identify(Data_1/Data_STEP2-torq) by extension 'ignore'
[0.187s] Level 1:colcon.colcon_core.package_identification:_identify(Data_1/Data_STEP2-torq) by extension 'ignore_ament_install'
[0.187s] Level 1:colcon.colcon_core.package_identification:_identify(Data_1/Data_STEP2-torq) by extensions ['colcon_pkg']
[0.187s] Level 1:colcon.colcon_core.package_identification:_identify(Data_1/Data_STEP2-torq) by extension 'colcon_pkg'
[0.187s] Level 1:colcon.colcon_core.package_identification:_identify(Data_1/Data_STEP2-torq) by extensions ['colcon_meta']
[0.187s] Level 1:colcon.colcon_core.package_identification:_identify(Data_1/Data_STEP2-torq) by extension 'colcon_meta'
[0.187s] Level 1:colcon.colcon_core.package_identification:_identify(Data_1/Data_STEP2-torq) by extensions ['ros']
[0.187s] Level 1:colcon.colcon_core.package_identification:_identify(Data_1/Data_STEP2-torq) by extension 'ros'
[0.187s] Level 1:colcon.colcon_core.package_identification:_identify(Data_1/Data_STEP2-torq) by extensions ['cmake', 'python']
[0.187s] Level 1:colcon.colcon_core.package_identification:_identify(Data_1/Data_STEP2-torq) by extension 'cmake'
[0.187s] Level 1:colcon.colcon_core.package_identification:_identify(Data_1/Data_STEP2-torq) by extension 'python'
[0.187s] Level 1:colcon.colcon_core.package_identification:_identify(Data_1/Data_STEP2-torq) by extensions ['python_setup_py']
[0.187s] Level 1:colcon.colcon_core.package_identification:_identify(Data_1/Data_STEP2-torq) by extension 'python_setup_py'
[0.187s] Level 1:colcon.colcon_core.package_identification:_identify(build) by extensions ['ignore', 'ignore_ament_install']
[0.187s] Level 1:colcon.colcon_core.package_identification:_identify(build) by extension 'ignore'
[0.187s] Level 1:colcon.colcon_core.package_identification:_identify(build) ignored
[0.188s] Level 1:colcon.colcon_core.package_identification:_identify(install) by extensions ['ignore', 'ignore_ament_install']
[0.188s] Level 1:colcon.colcon_core.package_identification:_identify(install) by extension 'ignore'
[0.188s] Level 1:colcon.colcon_core.package_identification:_identify(install) ignored
[0.188s] Level 1:colcon.colcon_core.package_identification:_identify(log) by extensions ['ignore', 'ignore_ament_install']
[0.188s] Level 1:colcon.colcon_core.package_identification:_identify(log) by extension 'ignore'
[0.188s] Level 1:colcon.colcon_core.package_identification:_identify(log) ignored
[0.188s] Level 1:colcon.colcon_core.package_identification:_identify(src) by extensions ['ignore', 'ignore_ament_install']
[0.188s] Level 1:colcon.colcon_core.package_identification:_identify(src) by extension 'ignore'
[0.188s] Level 1:colcon.colcon_core.package_identification:_identify(src) by extension 'ignore_ament_install'
[0.188s] Level 1:colcon.colcon_core.package_identification:_identify(src) by extensions ['colcon_pkg']
[0.188s] Level 1:colcon.colcon_core.package_identification:_identify(src) by extension 'colcon_pkg'
[0.188s] Level 1:colcon.colcon_core.package_identification:_identify(src) by extensions ['colcon_meta']
[0.188s] Level 1:colcon.colcon_core.package_identification:_identify(src) by extension 'colcon_meta'
[0.188s] Level 1:colcon.colcon_core.package_identification:_identify(src) by extensions ['ros']
[0.188s] Level 1:colcon.colcon_core.package_identification:_identify(src) by extension 'ros'
[0.188s] Level 1:colcon.colcon_core.package_identification:_identify(src) by extensions ['cmake', 'python']
[0.188s] Level 1:colcon.colcon_core.package_identification:_identify(src) by extension 'cmake'
[0.188s] Level 1:colcon.colcon_core.package_identification:_identify(src) by extension 'python'
[0.188s] Level 1:colcon.colcon_core.package_identification:_identify(src) by extensions ['python_setup_py']
[0.188s] Level 1:colcon.colcon_core.package_identification:_identify(src) by extension 'python_setup_py'
[0.188s] Level 1:colcon.colcon_core.package_identification:_identify(src/hard_con) by extensions ['ignore', 'ignore_ament_install']
[0.188s] Level 1:colcon.colcon_core.package_identification:_identify(src/hard_con) by extension 'ignore'
[0.188s] Level 1:colcon.colcon_core.package_identification:_identify(src/hard_con) by extension 'ignore_ament_install'
[0.189s] Level 1:colcon.colcon_core.package_identification:_identify(src/hard_con) by extensions ['colcon_pkg']
[0.189s] Level 1:colcon.colcon_core.package_identification:_identify(src/hard_con) by extension 'colcon_pkg'
[0.189s] Level 1:colcon.colcon_core.package_identification:_identify(src/hard_con) by extensions ['colcon_meta']
[0.189s] Level 1:colcon.colcon_core.package_identification:_identify(src/hard_con) by extension 'colcon_meta'
[0.189s] Level 1:colcon.colcon_core.package_identification:_identify(src/hard_con) by extensions ['ros']
[0.189s] Level 1:colcon.colcon_core.package_identification:_identify(src/hard_con) by extension 'ros'
[0.190s] DEBUG:colcon.colcon_core.package_identification:Package 'src/hard_con' with type 'ros.ament_cmake' and name 'hard_con'
[0.190s] Level 1:colcon.colcon_core.package_identification:_identify(src/snow_con) by extensions ['ignore', 'ignore_ament_install']
[0.190s] Level 1:colcon.colcon_core.package_identification:_identify(src/snow_con) by extension 'ignore'
[0.191s] Level 1:colcon.colcon_core.package_identification:_identify(src/snow_con) by extension 'ignore_ament_install'
[0.191s] Level 1:colcon.colcon_core.package_identification:_identify(src/snow_con) by extensions ['colcon_pkg']
[0.191s] Level 1:colcon.colcon_core.package_identification:_identify(src/snow_con) by extension 'colcon_pkg'
[0.191s] Level 1:colcon.colcon_core.package_identification:_identify(src/snow_con) by extensions ['colcon_meta']
[0.191s] Level 1:colcon.colcon_core.package_identification:_identify(src/snow_con) by extension 'colcon_meta'
[0.191s] Level 1:colcon.colcon_core.package_identification:_identify(src/snow_con) by extensions ['ros']
[0.191s] Level 1:colcon.colcon_core.package_identification:_identify(src/snow_con) by extension 'ros'
[0.191s] DEBUG:colcon.colcon_core.package_identification:Package 'src/snow_con' with type 'ros.ament_cmake' and name 'snow_con'
[0.191s] Level 1:colcon.colcon_core.package_identification:_identify(src/snow_con_rt) by extensions ['ignore', 'ignore_ament_install']
[0.191s] Level 1:colcon.colcon_core.package_identification:_identify(src/snow_con_rt) by extension 'ignore'
[0.191s] Level 1:colcon.colcon_core.package_identification:_identify(src/snow_con_rt) by extension 'ignore_ament_install'
[0.191s] Level 1:colcon.colcon_core.package_identification:_identify(src/snow_con_rt) by extensions ['colcon_pkg']
[0.191s] Level 1:colcon.colcon_core.package_identification:_identify(src/snow_con_rt) by extension 'colcon_pkg'
[0.191s] Level 1:colcon.colcon_core.package_identification:_identify(src/snow_con_rt) by extensions ['colcon_meta']
[0.191s] Level 1:colcon.colcon_core.package_identification:_identify(src/snow_con_rt) by extension 'colcon_meta'
[0.191s] Level 1:colcon.colcon_core.package_identification:_identify(src/snow_con_rt) by extensions ['ros']
[0.191s] Level 1:colcon.colcon_core.package_identification:_identify(src/snow_con_rt) by extension 'ros'
[0.192s] DEBUG:colcon.colcon_core.package_identification:Package 'src/snow_con_rt' with type 'ros.ament_cmake' and name 'snow_con_rt'
[0.192s] Level 1:colcon.colcon_core.package_identification:_identify(src/snow_sim) by extensions ['ignore', 'ignore_ament_install']
[0.192s] Level 1:colcon.colcon_core.package_identification:_identify(src/snow_sim) by extension 'ignore'
[0.192s] Level 1:colcon.colcon_core.package_identification:_identify(src/snow_sim) by extension 'ignore_ament_install'
[0.192s] Level 1:colcon.colcon_core.package_identification:_identify(src/snow_sim) by extensions ['colcon_pkg']
[0.192s] Level 1:colcon.colcon_core.package_identification:_identify(src/snow_sim) by extension 'colcon_pkg'
[0.192s] Level 1:colcon.colcon_core.package_identification:_identify(src/snow_sim) by extensions ['colcon_meta']
[0.192s] Level 1:colcon.colcon_core.package_identification:_identify(src/snow_sim) by extension 'colcon_meta'
[0.192s] Level 1:colcon.colcon_core.package_identification:_identify(src/snow_sim) by extensions ['ros']
[0.192s] Level 1:colcon.colcon_core.package_identification:_identify(src/snow_sim) by extension 'ros'
[0.193s] DEBUG:colcon.colcon_core.package_identification:Package 'src/snow_sim' with type 'ros.ament_cmake' and name 'snow_sim'
[0.193s] Level 1:colcon.colcon_core.package_identification:_identify(src/urdf_tutorial) by extensions ['ignore', 'ignore_ament_install']
[0.193s] Level 1:colcon.colcon_core.package_identification:_identify(src/urdf_tutorial) by extension 'ignore'
[0.193s] Level 1:colcon.colcon_core.package_identification:_identify(src/urdf_tutorial) by extension 'ignore_ament_install'
[0.193s] Level 1:colcon.colcon_core.package_identification:_identify(src/urdf_tutorial) by extensions ['colcon_pkg']
[0.193s] Level 1:colcon.colcon_core.package_identification:_identify(src/urdf_tutorial) by extension 'colcon_pkg'
[0.193s] Level 1:colcon.colcon_core.package_identification:_identify(src/urdf_tutorial) by extensions ['colcon_meta']
[0.193s] Level 1:colcon.colcon_core.package_identification:_identify(src/urdf_tutorial) by extension 'colcon_meta'
[0.193s] Level 1:colcon.colcon_core.package_identification:_identify(src/urdf_tutorial) by extensions ['ros']
[0.193s] Level 1:colcon.colcon_core.package_identification:_identify(src/urdf_tutorial) by extension 'ros'
[0.194s] DEBUG:colcon.colcon_core.package_identification:Package 'src/urdf_tutorial' with type 'ros.ament_cmake' and name 'urdf_tutorial'
[0.194s] Level 1:colcon.colcon_core.package_discovery:discover_packages(recursive) using defaults
[0.194s] Level 1:colcon.colcon_core.package_discovery:discover_packages(ignore) discover
[0.194s] Level 1:colcon.colcon_core.package_discovery:discover_packages(ignore) using defaults
[0.194s] Level 1:colcon.colcon_core.package_discovery:discover_packages(path) discover
[0.194s] Level 1:colcon.colcon_core.package_discovery:discover_packages(path) using defaults
[0.211s] Level 1:colcon.colcon_core.package_discovery:discover_packages(prefix_path) check parameters
[0.211s] Level 1:colcon.colcon_core.package_discovery:discover_packages(prefix_path) discover
[0.212s] DEBUG:colcon.colcon_installed_package_information.package_discovery:Found 5 installed packages in /home/bern/ws_snow/install
[0.221s] DEBUG:colcon.colcon_installed_package_information.package_discovery:Found 340 installed packages in /opt/ros/humble
[0.223s] Level 1:colcon.colcon_core.package_discovery:discover_packages(prefix_path) using defaults
[0.253s] Level 5:colcon.colcon_core.verb:set package 'hard_con' build argument 'cmake_args' from command line to 'None'
[0.253s] Level 5:colcon.colcon_core.verb:set package 'hard_con' build argument 'cmake_target' from command line to 'None'
[0.253s] Level 5:colcon.colcon_core.verb:set package 'hard_con' build argument 'cmake_target_skip_unavailable' from command line to 'False'
[0.253s] Level 5:colcon.colcon_core.verb:set package 'hard_con' build argument 'cmake_clean_cache' from command line to 'False'
[0.253s] Level 5:colcon.colcon_core.verb:set package 'hard_con' build argument 'cmake_clean_first' from command line to 'False'
[0.253s] Level 5:colcon.colcon_core.verb:set package 'hard_con' build argument 'cmake_force_configure' from command line to 'False'
[0.253s] Level 5:colcon.colcon_core.verb:set package 'hard_con' build argument 'ament_cmake_args' from command line to 'None'
[0.253s] Level 5:colcon.colcon_core.verb:set package 'hard_con' build argument 'catkin_cmake_args' from command line to 'None'
[0.253s] Level 5:colcon.colcon_core.verb:set package 'hard_con' build argument 'catkin_skip_building_tests' from command line to 'False'
[0.253s] DEBUG:colcon.colcon_core.verb:Building package 'hard_con' with the following arguments: {'ament_cmake_args': None, 'build_base': '/home/bern/ws_snow/build/hard_con', 'catkin_cmake_args': None, 'catkin_skip_building_tests': False, 'cmake_args': None, 'cmake_clean_cache': False, 'cmake_clean_first': False, 'cmake_force_configure': False, 'cmake_target': None, 'cmake_target_skip_unavailable': False, 'install_base': '/home/bern/ws_snow/install/hard_con', 'merge_install': False, 'path': '/home/bern/ws_snow/src/hard_con', 'symlink_install': False, 'test_result_base': None}
[0.253s] Level 5:colcon.colcon_core.verb:set package 'snow_con' build argument 'cmake_args' from command line to 'None'
[0.254s] Level 5:colcon.colcon_core.verb:set package 'snow_con' build argument 'cmake_target' from command line to 'None'
[0.254s] Level 5:colcon.colcon_core.verb:set package 'snow_con' build argument 'cmake_target_skip_unavailable' from command line to 'False'
[0.254s] Level 5:colcon.colcon_core.verb:set package 'snow_con' build argument 'cmake_clean_cache' from command line to 'False'
[0.254s] Level 5:colcon.colcon_core.verb:set package 'snow_con' build argument 'cmake_clean_first' from command line to 'False'
[0.254s] Level 5:colcon.colcon_core.verb:set package 'snow_con' build argument 'cmake_force_configure' from command line to 'False'
[0.254s] Level 5:colcon.colcon_core.verb:set package 'snow_con' build argument 'ament_cmake_args' from command line to 'None'
[0.254s] Level 5:colcon.colcon_core.verb:set package 'snow_con' build argument 'catkin_cmake_args' from command line to 'None'
[0.254s] Level 5:colcon.colcon_core.verb:set package 'snow_con' build argument 'catkin_skip_building_tests' from command line to 'False'
[0.254s] DEBUG:colcon.colcon_core.verb:Building package 'snow_con' with the following arguments: {'ament_cmake_args': None, 'build_base': '/home/bern/ws_snow/build/snow_con', 'catkin_cmake_args': None, 'catkin_skip_building_tests': False, 'cmake_args': None, 'cmake_clean_cache': False, 'cmake_clean_first': False, 'cmake_force_configure': False, 'cmake_target': None, 'cmake_target_skip_unavailable': False, 'install_base': '/home/bern/ws_snow/install/snow_con', 'merge_install': False, 'path': '/home/bern/ws_snow/src/snow_con', 'symlink_install': False, 'test_result_base': None}
[0.254s] Level 5:colcon.colcon_core.verb:set package 'snow_con_rt' build argument 'cmake_args' from command line to 'None'
[0.254s] Level 5:colcon.colcon_core.verb:set package 'snow_con_rt' build argument 'cmake_target' from command line to 'None'
[0.254s] Level 5:colcon.colcon_core.verb:set package 'snow_con_rt' build argument 'cmake_target_skip_unavailable' from command line to 'False'
[0.254s] Level 5:colcon.colcon_core.verb:set package 'snow_con_rt' build argument 'cmake_clean_cache' from command line to 'False'
[0.254s] Level 5:colcon.colcon_core.verb:set package 'snow_con_rt' build argument 'cmake_clean_first' from command line to 'False'
[0.254s] Level 5:colcon.colcon_core.verb:set package 'snow_con_rt' build argument 'cmake_force_configure' from command line to 'False'
[0.254s] Level 5:colcon.colcon_core.verb:set package 'snow_con_rt' build argument 'ament_cmake_args' from command line to 'None'
[0.254s] Level 5:colcon.colcon_core.verb:set package 'snow_con_rt' build argument 'catkin_cmake_args' from command line to 'None'
[0.254s] Level 5:colcon.colcon_core.verb:set package 'snow_con_rt' build argument 'catkin_skip_building_tests' from command line to 'False'
[0.254s] DEBUG:colcon.colcon_core.verb:Building package 'snow_con_rt' with the following arguments: {'ament_cmake_args': None, 'build_base': '/home/bern/ws_snow/build/snow_con_rt', 'catkin_cmake_args': None, 'catkin_skip_building_tests': False, 'cmake_args': None, 'cmake_clean_cache': False, 'cmake_clean_first': False, 'cmake_force_configure': False, 'cmake_target': None, 'cmake_target_skip_unavailable': False, 'install_base': '/home/bern/ws_snow/install/snow_con_rt', 'merge_install': False, 'path': '/home/bern/ws_snow/src/snow_con_rt', 'symlink_install': False, 'test_result_base': None}
[0.254s] Level 5:colcon.colcon_core.verb:set package 'snow_sim' build argument 'cmake_args' from command line to 'None'
[0.254s] Level 5:colcon.colcon_core.verb:set package 'snow_sim' build argument 'cmake_target' from command line to 'None'
[0.254s] Level 5:colcon.colcon_core.verb:set package 'snow_sim' build argument 'cmake_target_skip_unavailable' from command line to 'False'
[0.254s] Level 5:colcon.colcon_core.verb:set package 'snow_sim' build argument 'cmake_clean_cache' from command line to 'False'
[0.254s] Level 5:colcon.colcon_core.verb:set package 'snow_sim' build argument 'cmake_clean_first' from command line to 'False'
[0.254s] Level 5:colcon.colcon_core.verb:set package 'snow_sim' build argument 'cmake_force_configure' from command line to 'False'
[0.254s] Level 5:colcon.colcon_core.verb:set package 'snow_sim' build argument 'ament_cmake_args' from command line to 'None'
[0.254s] Level 5:colcon.colcon_core.verb:set package 'snow_sim' build argument 'catkin_cmake_args' from command line to 'None'
[0.254s] Level 5:colcon.colcon_core.verb:set package 'snow_sim' build argument 'catkin_skip_building_tests' from command line to 'False'
[0.254s] DEBUG:colcon.colcon_core.verb:Building package 'snow_sim' with the following arguments: {'ament_cmake_args': None, 'build_base': '/home/bern/ws_snow/build/snow_sim', 'catkin_cmake_args': None, 'catkin_skip_building_tests': False, 'cmake_args': None, 'cmake_clean_cache': False, 'cmake_clean_first': False, 'cmake_force_configure': False, 'cmake_target': None, 'cmake_target_skip_unavailable': False, 'install_base': '/home/bern/ws_snow/install/snow_sim', 'merge_install': False, 'path': '/home/bern/ws_snow/src/snow_sim', 'symlink_install': False, 'test_result_base': None}
[0.255s] Level 5:colcon.colcon_core.verb:set package 'urdf_tutorial' build argument 'cmake_args' from command line to 'None'
[0.255s] Level 5:colcon.colcon_core.verb:set package 'urdf_tutorial' build argument 'cmake_target' from command line to 'None'
[0.255s] Level 5:colcon.colcon_core.verb:set package 'urdf_tutorial' build argument 'cmake_target_skip_unavailable' from command line to 'False'
[0.255s] Level 5:colcon.colcon_core.verb:set package 'urdf_tutorial' build argument 'cmake_clean_cache' from command line to 'False'
[0.255s] Level 5:colcon.colcon_core.verb:set package 'urdf_tutorial' build argument 'cmake_clean_first' from command line to 'False'
[0.255s] Level 5:colcon.colcon_core.verb:set package 'urdf_tutorial' build argument 'cmake_force_configure' from command line to 'False'
[0.255s] Level 5:colcon.colcon_core.verb:set package 'urdf_tutorial' build argument 'ament_cmake_args' from command line to 'None'
[0.255s] Level 5:colcon.colcon_core.verb:set package 'urdf_tutorial' build argument 'catkin_cmake_args' from command line to 'None'
[0.255s] Level 5:colcon.colcon_core.verb:set package 'urdf_tutorial' build argument 'catkin_skip_building_tests' from command line to 'False'
[0.255s] DEBUG:colcon.colcon_core.verb:Building package 'urdf_tutorial' with the following arguments: {'ament_cmake_args': None, 'build_base': '/home/bern/ws_snow/build/urdf_tutorial', 'catkin_cmake_args': None, 'catkin_skip_building_tests': False, 'cmake_args': None, 'cmake_clean_cache': False, 'cmake_clean_first': False, 'cmake_force_configure': False, 'cmake_target': None, 'cmake_target_skip_unavailable': False, 'install_base': '/home/bern/ws_snow/install/urdf_tutorial', 'merge_install': False, 'path': '/home/bern/ws_snow/src/urdf_tutorial', 'symlink_install': False, 'test_result_base': None}
[0.255s] INFO:colcon.colcon_core.executor:Executing jobs using 'parallel' executor
[0.256s] DEBUG:colcon.colcon_parallel_executor.executor.parallel:run_until_complete
[0.256s] INFO:colcon.colcon_ros.task.ament_cmake.build:Building ROS package in '/home/bern/ws_snow/src/hard_con' with build type 'ament_cmake'
[0.256s] INFO:colcon.colcon_cmake.task.cmake.build:Building CMake package in '/home/bern/ws_snow/src/hard_con'
[0.258s] INFO:colcon.colcon_core.plugin_system:Skipping extension 'colcon_core.shell.bat': Not used on non-Windows systems
[0.258s] INFO:colcon.colcon_core.shell:Skip shell extension 'powershell' for command environment: Not usable outside of PowerShell
[0.258s] DEBUG:colcon.colcon_core.shell:Skip shell extension 'dsv' for command environment
[0.260s] INFO:colcon.colcon_ros.task.ament_cmake.build:Building ROS package in '/home/bern/ws_snow/src/snow_con' with build type 'ament_cmake'
[0.260s] INFO:colcon.colcon_cmake.task.cmake.build:Building CMake package in '/home/bern/ws_snow/src/snow_con'
[0.260s] INFO:colcon.colcon_core.shell:Skip shell extension 'powershell' for command environment: Not usable outside of PowerShell
[0.260s] DEBUG:colcon.colcon_core.shell:Skip shell extension 'dsv' for command environment
[0.263s] INFO:colcon.colcon_ros.task.ament_cmake.build:Building ROS package in '/home/bern/ws_snow/src/snow_con_rt' with build type 'ament_cmake'
[0.263s] INFO:colcon.colcon_cmake.task.cmake.build:Building CMake package in '/home/bern/ws_snow/src/snow_con_rt'
[0.264s] INFO:colcon.colcon_core.shell:Skip shell extension 'powershell' for command environment: Not usable outside of PowerShell
[0.264s] DEBUG:colcon.colcon_core.shell:Skip shell extension 'dsv' for command environment
[0.268s] INFO:colcon.colcon_ros.task.ament_cmake.build:Building ROS package in '/home/bern/ws_snow/src/snow_sim' with build type 'ament_cmake'
[0.268s] INFO:colcon.colcon_cmake.task.cmake.build:Building CMake package in '/home/bern/ws_snow/src/snow_sim'
[0.268s] INFO:colcon.colcon_core.shell:Skip shell extension 'powershell' for command environment: Not usable outside of PowerShell
[0.268s] DEBUG:colcon.colcon_core.shell:Skip shell extension 'dsv' for command environment
[0.271s] INFO:colcon.colcon_ros.task.ament_cmake.build:Building ROS package in '/home/bern/ws_snow/src/urdf_tutorial' with build type 'ament_cmake'
[0.271s] INFO:colcon.colcon_cmake.task.cmake.build:Building CMake package in '/home/bern/ws_snow/src/urdf_tutorial'
[0.271s] INFO:colcon.colcon_core.shell:Skip shell extension 'powershell' for command environment: Not usable outside of PowerShell
[0.271s] DEBUG:colcon.colcon_core.shell:Skip shell extension 'dsv' for command environment
[0.277s] DEBUG:colcon.colcon_core.event_handler.log_command:Invoking command in '/home/bern/ws_snow/build/hard_con': CMAKE_PREFIX_PATH=${CMAKE_PREFIX_PATH}:/opt/ros/humble /usr/bin/cmake --build /home/bern/ws_snow/build/hard_con -- -j12 -l12
[0.280s] DEBUG:colcon.colcon_core.event_handler.log_command:Invoking command in '/home/bern/ws_snow/build/snow_con': CMAKE_PREFIX_PATH=${CMAKE_PREFIX_PATH}:/opt/ros/humble /usr/bin/cmake --build /home/bern/ws_snow/build/snow_con -- -j12 -l12
[0.282s] DEBUG:colcon.colcon_core.event_handler.log_command:Invoking command in '/home/bern/ws_snow/build/snow_con_rt': CMAKE_PREFIX_PATH=${CMAKE_PREFIX_PATH}:/opt/ros/humble /usr/bin/cmake --build /home/bern/ws_snow/build/snow_con_rt -- -j12 -l12
[0.286s] DEBUG:colcon.colcon_core.event_handler.log_command:Invoking command in '/home/bern/ws_snow/build/snow_sim': CMAKE_PREFIX_PATH=${CMAKE_PREFIX_PATH}:/opt/ros/humble /usr/bin/cmake --build /home/bern/ws_snow/build/snow_sim -- -j12 -l12
[0.294s] DEBUG:colcon.colcon_core.event_handler.log_command:Invoking command in '/home/bern/ws_snow/build/urdf_tutorial': CMAKE_PREFIX_PATH=${CMAKE_PREFIX_PATH}:/opt/ros/humble /usr/bin/cmake --build /home/bern/ws_snow/build/urdf_tutorial -- -j12 -l12
[0.325s] DEBUG:colcon.colcon_core.event_handler.log_command:Invoked command in '/home/bern/ws_snow/build/urdf_tutorial' returned '0': CMAKE_PREFIX_PATH=${CMAKE_PREFIX_PATH}:/opt/ros/humble /usr/bin/cmake --build /home/bern/ws_snow/build/urdf_tutorial -- -j12 -l12
[0.337s] DEBUG:colcon.colcon_core.event_handler.log_command:Invoked command in '/home/bern/ws_snow/build/hard_con' returned '0': CMAKE_PREFIX_PATH=${CMAKE_PREFIX_PATH}:/opt/ros/humble /usr/bin/cmake --build /home/bern/ws_snow/build/hard_con -- -j12 -l12
[0.339s] DEBUG:colcon.colcon_core.event_handler.log_command:Invoked command in '/home/bern/ws_snow/build/snow_con_rt' returned '0': CMAKE_PREFIX_PATH=${CMAKE_PREFIX_PATH}:/opt/ros/humble /usr/bin/cmake --build /home/bern/ws_snow/build/snow_con_rt -- -j12 -l12
[0.350s] DEBUG:colcon.colcon_core.event_handler.log_command:Invoking command in '/home/bern/ws_snow/build/urdf_tutorial': CMAKE_PREFIX_PATH=${CMAKE_PREFIX_PATH}:/opt/ros/humble /usr/bin/cmake --install /home/bern/ws_snow/build/urdf_tutorial
[0.352s] DEBUG:colcon.colcon_core.event_handler.log_command:Invoked command in '/home/bern/ws_snow/build/snow_sim' returned '0': CMAKE_PREFIX_PATH=${CMAKE_PREFIX_PATH}:/opt/ros/humble /usr/bin/cmake --build /home/bern/ws_snow/build/snow_sim -- -j12 -l12
[0.354s] DEBUG:colcon.colcon_core.event_handler.log_command:Invoking command in '/home/bern/ws_snow/build/hard_con': CMAKE_PREFIX_PATH=${CMAKE_PREFIX_PATH}:/opt/ros/humble /usr/bin/cmake --install /home/bern/ws_snow/build/hard_con
[0.364s] Level 1:colcon.colcon_core.environment:create_environment_scripts_only(hard_con)
[0.372s] Level 1:colcon.colcon_core.environment:checking '/home/bern/ws_snow/install/hard_con' for CMake module files
[0.374s] DEBUG:colcon.colcon_core.event_handler.log_command:Invoked command in '/home/bern/ws_snow/build/hard_con' returned '0': CMAKE_PREFIX_PATH=${CMAKE_PREFIX_PATH}:/opt/ros/humble /usr/bin/cmake --install /home/bern/ws_snow/build/hard_con
[0.374s] Level 1:colcon.colcon_core.environment:checking '/home/bern/ws_snow/install/hard_con' for CMake config files
[0.374s] Level 1:colcon.colcon_core.shell:create_environment_hook('hard_con', 'cmake_prefix_path')
[0.374s] INFO:colcon.colcon_core.shell:Creating environment hook '/home/bern/ws_snow/install/hard_con/share/hard_con/hook/cmake_prefix_path.ps1'
[0.374s] INFO:colcon.colcon_core.shell:Creating environment descriptor '/home/bern/ws_snow/install/hard_con/share/hard_con/hook/cmake_prefix_path.dsv'
[0.375s] INFO:colcon.colcon_core.shell:Creating environment hook '/home/bern/ws_snow/install/hard_con/share/hard_con/hook/cmake_prefix_path.sh'
[0.375s] Level 1:colcon.colcon_core.environment:checking '/home/bern/ws_snow/install/hard_con/lib'
[0.375s] Level 1:colcon.colcon_core.environment:checking '/home/bern/ws_snow/install/hard_con/bin'
[0.375s] Level 1:colcon.colcon_core.environment:checking '/home/bern/ws_snow/install/hard_con/lib/pkgconfig/hard_con.pc'
[0.376s] Level 1:colcon.colcon_core.environment:checking '/home/bern/ws_snow/install/hard_con/lib/python3.10/site-packages'
[0.376s] Level 1:colcon.colcon_core.environment:checking '/home/bern/ws_snow/install/hard_con/bin'
[0.376s] INFO:colcon.colcon_core.shell:Creating package script '/home/bern/ws_snow/install/hard_con/share/hard_con/package.ps1'
[0.376s] INFO:colcon.colcon_core.shell:Creating package descriptor '/home/bern/ws_snow/install/hard_con/share/hard_con/package.dsv'
[0.377s] INFO:colcon.colcon_core.shell:Creating package script '/home/bern/ws_snow/install/hard_con/share/hard_con/package.sh'
[0.377s] INFO:colcon.colcon_core.shell:Creating package script '/home/bern/ws_snow/install/hard_con/share/hard_con/package.bash'
[0.377s] INFO:colcon.colcon_core.shell:Creating package script '/home/bern/ws_snow/install/hard_con/share/hard_con/package.zsh'
[0.378s] Level 1:colcon.colcon_core.environment:create_file_with_runtime_dependencies(/home/bern/ws_snow/install/hard_con/share/colcon-core/packages/hard_con)
[0.379s] Level 1:colcon.colcon_core.environment:create_environment_scripts_only(urdf_tutorial)
[0.379s] Level 1:colcon.colcon_core.environment:checking '/home/bern/ws_snow/install/urdf_tutorial' for CMake module files
[0.379s] DEBUG:colcon.colcon_core.event_handler.log_command:Invoked command in '/home/bern/ws_snow/build/urdf_tutorial' returned '0': CMAKE_PREFIX_PATH=${CMAKE_PREFIX_PATH}:/opt/ros/humble /usr/bin/cmake --install /home/bern/ws_snow/build/urdf_tutorial
[0.379s] Level 1:colcon.colcon_core.environment:checking '/home/bern/ws_snow/install/urdf_tutorial' for CMake config files
[0.380s] Level 1:colcon.colcon_core.shell:create_environment_hook('urdf_tutorial', 'cmake_prefix_path')
[0.380s] INFO:colcon.colcon_core.shell:Creating environment hook '/home/bern/ws_snow/install/urdf_tutorial/share/urdf_tutorial/hook/cmake_prefix_path.ps1'
[0.380s] INFO:colcon.colcon_core.shell:Creating environment descriptor '/home/bern/ws_snow/install/urdf_tutorial/share/urdf_tutorial/hook/cmake_prefix_path.dsv'
[0.380s] INFO:colcon.colcon_core.shell:Creating environment hook '/home/bern/ws_snow/install/urdf_tutorial/share/urdf_tutorial/hook/cmake_prefix_path.sh'
[0.381s] Level 1:colcon.colcon_core.environment:checking '/home/bern/ws_snow/install/urdf_tutorial/bin'
[0.381s] Level 1:colcon.colcon_core.environment:checking '/home/bern/ws_snow/install/urdf_tutorial/lib/pkgconfig/urdf_tutorial.pc'
[0.381s] Level 1:colcon.colcon_core.environment:checking '/home/bern/ws_snow/install/urdf_tutorial/lib/python3.10/site-packages'
[0.381s] Level 1:colcon.colcon_core.environment:checking '/home/bern/ws_snow/install/urdf_tutorial/bin'
[0.381s] INFO:colcon.colcon_core.shell:Creating package script '/home/bern/ws_snow/install/urdf_tutorial/share/urdf_tutorial/package.ps1'
[0.382s] INFO:colcon.colcon_core.shell:Creating package descriptor '/home/bern/ws_snow/install/urdf_tutorial/share/urdf_tutorial/package.dsv'
[0.382s] INFO:colcon.colcon_core.shell:Creating package script '/home/bern/ws_snow/install/urdf_tutorial/share/urdf_tutorial/package.sh'
[0.382s] INFO:colcon.colcon_core.shell:Creating package script '/home/bern/ws_snow/install/urdf_tutorial/share/urdf_tutorial/package.bash'
[0.382s] INFO:colcon.colcon_core.shell:Creating package script '/home/bern/ws_snow/install/urdf_tutorial/share/urdf_tutorial/package.zsh'
[0.383s] Level 1:colcon.colcon_core.environment:create_file_with_runtime_dependencies(/home/bern/ws_snow/install/urdf_tutorial/share/colcon-core/packages/urdf_tutorial)
[0.385s] DEBUG:colcon.colcon_core.event_handler.log_command:Invoking command in '/home/bern/ws_snow/build/snow_con_rt': CMAKE_PREFIX_PATH=${CMAKE_PREFIX_PATH}:/opt/ros/humble /usr/bin/cmake --install /home/bern/ws_snow/build/snow_con_rt
[0.387s] DEBUG:colcon.colcon_core.event_handler.log_command:Invoking command in '/home/bern/ws_snow/build/snow_sim': CMAKE_PREFIX_PATH=${CMAKE_PREFIX_PATH}:/opt/ros/humble /usr/bin/cmake --install /home/bern/ws_snow/build/snow_sim
[0.392s] Level 1:colcon.colcon_core.environment:create_environment_scripts_only(snow_con_rt)
[0.393s] Level 1:colcon.colcon_core.environment:checking '/home/bern/ws_snow/install/snow_con_rt' for CMake module files
[0.393s] DEBUG:colcon.colcon_core.event_handler.log_command:Invoked command in '/home/bern/ws_snow/build/snow_con_rt' returned '0': CMAKE_PREFIX_PATH=${CMAKE_PREFIX_PATH}:/opt/ros/humble /usr/bin/cmake --install /home/bern/ws_snow/build/snow_con_rt
[0.393s] Level 1:colcon.colcon_core.environment:checking '/home/bern/ws_snow/install/snow_con_rt' for CMake config files
[0.394s] Level 1:colcon.colcon_core.shell:create_environment_hook('snow_con_rt', 'cmake_prefix_path')
[0.394s] INFO:colcon.colcon_core.shell:Creating environment hook '/home/bern/ws_snow/install/snow_con_rt/share/snow_con_rt/hook/cmake_prefix_path.ps1'
[0.395s] INFO:colcon.colcon_core.shell:Creating environment descriptor '/home/bern/ws_snow/install/snow_con_rt/share/snow_con_rt/hook/cmake_prefix_path.dsv'
[0.395s] INFO:colcon.colcon_core.shell:Creating environment hook '/home/bern/ws_snow/install/snow_con_rt/share/snow_con_rt/hook/cmake_prefix_path.sh'
[0.396s] Level 1:colcon.colcon_core.environment:checking '/home/bern/ws_snow/install/snow_con_rt/lib'
[0.396s] Level 1:colcon.colcon_core.environment:checking '/home/bern/ws_snow/install/snow_con_rt/bin'
[0.396s] Level 1:colcon.colcon_core.environment:checking '/home/bern/ws_snow/install/snow_con_rt/lib/pkgconfig/snow_con_rt.pc'
[0.396s] Level 1:colcon.colcon_core.environment:checking '/home/bern/ws_snow/install/snow_con_rt/lib/python3.10/site-packages'
[0.396s] Level 1:colcon.colcon_core.environment:checking '/home/bern/ws_snow/install/snow_con_rt/bin'
[0.396s] INFO:colcon.colcon_core.shell:Creating package script '/home/bern/ws_snow/install/snow_con_rt/share/snow_con_rt/package.ps1'
[0.397s] INFO:colcon.colcon_core.shell:Creating package descriptor '/home/bern/ws_snow/install/snow_con_rt/share/snow_con_rt/package.dsv'
[0.397s] INFO:colcon.colcon_core.shell:Creating package script '/home/bern/ws_snow/install/snow_con_rt/share/snow_con_rt/package.sh'
[0.398s] INFO:colcon.colcon_core.shell:Creating package script '/home/bern/ws_snow/install/snow_con_rt/share/snow_con_rt/package.bash'
[0.398s] INFO:colcon.colcon_core.shell:Creating package script '/home/bern/ws_snow/install/snow_con_rt/share/snow_con_rt/package.zsh'
[0.398s] Level 1:colcon.colcon_core.environment:create_file_with_runtime_dependencies(/home/bern/ws_snow/install/snow_con_rt/share/colcon-core/packages/snow_con_rt)
[0.400s] Level 1:colcon.colcon_core.environment:create_environment_scripts_only(urdf_tutorial)
[0.400s] Level 1:colcon.colcon_core.environment:checking '/home/bern/ws_snow/install/urdf_tutorial' for CMake module files
[0.407s] Level 1:colcon.colcon_core.environment:checking '/home/bern/ws_snow/install/urdf_tutorial' for CMake config files
[0.407s] Level 1:colcon.colcon_core.shell:create_environment_hook('urdf_tutorial', 'cmake_prefix_path')
[0.408s] INFO:colcon.colcon_core.shell:Creating environment hook '/home/bern/ws_snow/install/urdf_tutorial/share/urdf_tutorial/hook/cmake_prefix_path.ps1'
[0.408s] INFO:colcon.colcon_core.shell:Creating environment descriptor '/home/bern/ws_snow/install/urdf_tutorial/share/urdf_tutorial/hook/cmake_prefix_path.dsv'
[0.409s] INFO:colcon.colcon_core.shell:Creating environment hook '/home/bern/ws_snow/install/urdf_tutorial/share/urdf_tutorial/hook/cmake_prefix_path.sh'
[0.409s] Level 1:colcon.colcon_core.environment:checking '/home/bern/ws_snow/install/urdf_tutorial/bin'
[0.409s] Level 1:colcon.colcon_core.environment:checking '/home/bern/ws_snow/install/urdf_tutorial/lib/pkgconfig/urdf_tutorial.pc'
[0.409s] Level 1:colcon.colcon_core.environment:checking '/home/bern/ws_snow/install/urdf_tutorial/lib/python3.10/site-packages'
[0.409s] Level 1:colcon.colcon_core.environment:checking '/home/bern/ws_snow/install/urdf_tutorial/bin'
[0.409s] INFO:colcon.colcon_core.shell:Creating package script '/home/bern/ws_snow/install/urdf_tutorial/share/urdf_tutorial/package.ps1'
[0.410s] INFO:colcon.colcon_core.shell:Creating package descriptor '/home/bern/ws_snow/install/urdf_tutorial/share/urdf_tutorial/package.dsv'
[0.410s] INFO:colcon.colcon_core.shell:Creating package script '/home/bern/ws_snow/install/urdf_tutorial/share/urdf_tutorial/package.sh'
[0.410s] INFO:colcon.colcon_core.shell:Creating package script '/home/bern/ws_snow/install/urdf_tutorial/share/urdf_tutorial/package.bash'
[0.410s] INFO:colcon.colcon_core.shell:Creating package script '/home/bern/ws_snow/install/urdf_tutorial/share/urdf_tutorial/package.zsh'
[0.411s] Level 1:colcon.colcon_core.environment:create_file_with_runtime_dependencies(/home/bern/ws_snow/install/urdf_tutorial/share/colcon-core/packages/urdf_tutorial)
[0.411s] Level 1:colcon.colcon_core.environment:create_environment_scripts_only(hard_con)
[0.411s] Level 1:colcon.colcon_core.environment:checking '/home/bern/ws_snow/install/hard_con' for CMake module files
[0.412s] Level 1:colcon.colcon_core.environment:checking '/home/bern/ws_snow/install/hard_con' for CMake config files
[0.412s] Level 1:colcon.colcon_core.shell:create_environment_hook('hard_con', 'cmake_prefix_path')
[0.412s] INFO:colcon.colcon_core.shell:Creating environment hook '/home/bern/ws_snow/install/hard_con/share/hard_con/hook/cmake_prefix_path.ps1'
[0.412s] INFO:colcon.colcon_core.shell:Creating environment descriptor '/home/bern/ws_snow/install/hard_con/share/hard_con/hook/cmake_prefix_path.dsv'
[0.412s] INFO:colcon.colcon_core.shell:Creating environment hook '/home/bern/ws_snow/install/hard_con/share/hard_con/hook/cmake_prefix_path.sh'
[0.413s] Level 1:colcon.colcon_core.environment:checking '/home/bern/ws_snow/install/hard_con/lib'
[0.413s] Level 1:colcon.colcon_core.environment:checking '/home/bern/ws_snow/install/hard_con/bin'
[0.413s] Level 1:colcon.colcon_core.environment:checking '/home/bern/ws_snow/install/hard_con/lib/pkgconfig/hard_con.pc'
[0.413s] Level 1:colcon.colcon_core.environment:checking '/home/bern/ws_snow/install/hard_con/lib/python3.10/site-packages'
[0.413s] Level 1:colcon.colcon_core.environment:checking '/home/bern/ws_snow/install/hard_con/bin'
[0.413s] INFO:colcon.colcon_core.shell:Creating package script '/home/bern/ws_snow/install/hard_con/share/hard_con/package.ps1'
[0.413s] INFO:colcon.colcon_core.shell:Creating package descriptor '/home/bern/ws_snow/install/hard_con/share/hard_con/package.dsv'
[0.414s] INFO:colcon.colcon_core.shell:Creating package script '/home/bern/ws_snow/install/hard_con/share/hard_con/package.sh'
[0.414s] INFO:colcon.colcon_core.shell:Creating package script '/home/bern/ws_snow/install/hard_con/share/hard_con/package.bash'
[0.414s] INFO:colcon.colcon_core.shell:Creating package script '/home/bern/ws_snow/install/hard_con/share/hard_con/package.zsh'
[0.414s] Level 1:colcon.colcon_core.environment:create_file_with_runtime_dependencies(/home/bern/ws_snow/install/hard_con/share/colcon-core/packages/hard_con)
[0.415s] Level 1:colcon.colcon_core.environment:create_environment_scripts_only(snow_sim)
[0.415s] Level 1:colcon.colcon_core.environment:checking '/home/bern/ws_snow/install/snow_sim' for CMake module files
[0.416s] DEBUG:colcon.colcon_core.event_handler.log_command:Invoked command in '/home/bern/ws_snow/build/snow_sim' returned '0': CMAKE_PREFIX_PATH=${CMAKE_PREFIX_PATH}:/opt/ros/humble /usr/bin/cmake --install /home/bern/ws_snow/build/snow_sim
[0.416s] Level 1:colcon.colcon_core.environment:checking '/home/bern/ws_snow/install/snow_sim' for CMake config files
[0.416s] Level 1:colcon.colcon_core.shell:create_environment_hook('snow_sim', 'cmake_prefix_path')
[0.416s] INFO:colcon.colcon_core.shell:Creating environment hook '/home/bern/ws_snow/install/snow_sim/share/snow_sim/hook/cmake_prefix_path.ps1'
[0.417s] INFO:colcon.colcon_core.shell:Creating environment descriptor '/home/bern/ws_snow/install/snow_sim/share/snow_sim/hook/cmake_prefix_path.dsv'
[0.417s] INFO:colcon.colcon_core.shell:Creating environment hook '/home/bern/ws_snow/install/snow_sim/share/snow_sim/hook/cmake_prefix_path.sh'
[0.417s] Level 1:colcon.colcon_core.environment:checking '/home/bern/ws_snow/install/snow_sim/lib'
[0.417s] Level 1:colcon.colcon_core.environment:checking '/home/bern/ws_snow/install/snow_sim/bin'
[0.417s] Level 1:colcon.colcon_core.environment:checking '/home/bern/ws_snow/install/snow_sim/lib/pkgconfig/snow_sim.pc'
[0.417s] Level 1:colcon.colcon_core.environment:checking '/home/bern/ws_snow/install/snow_sim/lib/python3.10/site-packages'
[0.417s] Level 1:colcon.colcon_core.environment:checking '/home/bern/ws_snow/install/snow_sim/bin'
[0.418s] INFO:colcon.colcon_core.shell:Creating package script '/home/bern/ws_snow/install/snow_sim/share/snow_sim/package.ps1'
[0.418s] INFO:colcon.colcon_core.shell:Creating package descriptor '/home/bern/ws_snow/install/snow_sim/share/snow_sim/package.dsv'
[0.418s] INFO:colcon.colcon_core.shell:Creating package script '/home/bern/ws_snow/install/snow_sim/share/snow_sim/package.sh'
[0.418s] INFO:colcon.colcon_core.shell:Creating package script '/home/bern/ws_snow/install/snow_sim/share/snow_sim/package.bash'
[0.418s] INFO:colcon.colcon_core.shell:Creating package script '/home/bern/ws_snow/install/snow_sim/share/snow_sim/package.zsh'
[0.418s] Level 1:colcon.colcon_core.environment:create_file_with_runtime_dependencies(/home/bern/ws_snow/install/snow_sim/share/colcon-core/packages/snow_sim)
[0.419s] Level 1:colcon.colcon_core.environment:create_environment_scripts_only(snow_con_rt)
[0.420s] Level 1:colcon.colcon_core.environment:checking '/home/bern/ws_snow/install/snow_con_rt' for CMake module files
[0.420s] Level 1:colcon.colcon_core.environment:checking '/home/bern/ws_snow/install/snow_con_rt' for CMake config files
[0.420s] Level 1:colcon.colcon_core.shell:create_environment_hook('snow_con_rt', 'cmake_prefix_path')
[0.420s] INFO:colcon.colcon_core.shell:Creating environment hook '/home/bern/ws_snow/install/snow_con_rt/share/snow_con_rt/hook/cmake_prefix_path.ps1'
[0.420s] INFO:colcon.colcon_core.shell:Creating environment descriptor '/home/bern/ws_snow/install/snow_con_rt/share/snow_con_rt/hook/cmake_prefix_path.dsv'
[0.420s] INFO:colcon.colcon_core.shell:Creating environment hook '/home/bern/ws_snow/install/snow_con_rt/share/snow_con_rt/hook/cmake_prefix_path.sh'
[0.421s] Level 1:colcon.colcon_core.environment:checking '/home/bern/ws_snow/install/snow_con_rt/lib'
[0.421s] Level 1:colcon.colcon_core.environment:checking '/home/bern/ws_snow/install/snow_con_rt/bin'
[0.421s] Level 1:colcon.colcon_core.environment:checking '/home/bern/ws_snow/install/snow_con_rt/lib/pkgconfig/snow_con_rt.pc'
[0.421s] Level 1:colcon.colcon_core.environment:checking '/home/bern/ws_snow/install/snow_con_rt/lib/python3.10/site-packages'
[0.421s] Level 1:colcon.colcon_core.environment:checking '/home/bern/ws_snow/install/snow_con_rt/bin'
[0.421s] INFO:colcon.colcon_core.shell:Creating package script '/home/bern/ws_snow/install/snow_con_rt/share/snow_con_rt/package.ps1'
[0.422s] INFO:colcon.colcon_core.shell:Creating package descriptor '/home/bern/ws_snow/install/snow_con_rt/share/snow_con_rt/package.dsv'
[0.422s] INFO:colcon.colcon_core.shell:Creating package script '/home/bern/ws_snow/install/snow_con_rt/share/snow_con_rt/package.sh'
[0.422s] INFO:colcon.colcon_core.shell:Creating package script '/home/bern/ws_snow/install/snow_con_rt/share/snow_con_rt/package.bash'
[0.422s] INFO:colcon.colcon_core.shell:Creating package script '/home/bern/ws_snow/install/snow_con_rt/share/snow_con_rt/package.zsh'
[0.422s] Level 1:colcon.colcon_core.environment:create_file_with_runtime_dependencies(/home/bern/ws_snow/install/snow_con_rt/share/colcon-core/packages/snow_con_rt)
[0.435s] Level 1:colcon.colcon_core.environment:create_environment_scripts_only(snow_sim)
[0.435s] Level 1:colcon.colcon_core.environment:checking '/home/bern/ws_snow/install/snow_sim' for CMake module files
[0.435s] Level 1:colcon.colcon_core.environment:checking '/home/bern/ws_snow/install/snow_sim' for CMake config files
[0.436s] Level 1:colcon.colcon_core.shell:create_environment_hook('snow_sim', 'cmake_prefix_path')
[0.436s] INFO:colcon.colcon_core.shell:Creating environment hook '/home/bern/ws_snow/install/snow_sim/share/snow_sim/hook/cmake_prefix_path.ps1'
[0.437s] INFO:colcon.colcon_core.shell:Creating environment descriptor '/home/bern/ws_snow/install/snow_sim/share/snow_sim/hook/cmake_prefix_path.dsv'
[0.437s] INFO:colcon.colcon_core.shell:Creating environment hook '/home/bern/ws_snow/install/snow_sim/share/snow_sim/hook/cmake_prefix_path.sh'
[0.438s] Level 1:colcon.colcon_core.environment:checking '/home/bern/ws_snow/install/snow_sim/lib'
[0.438s] Level 1:colcon.colcon_core.environment:checking '/home/bern/ws_snow/install/snow_sim/bin'
[0.438s] Level 1:colcon.colcon_core.environment:checking '/home/bern/ws_snow/install/snow_sim/lib/pkgconfig/snow_sim.pc'
[0.438s] Level 1:colcon.colcon_core.environment:checking '/home/bern/ws_snow/install/snow_sim/lib/python3.10/site-packages'
[0.438s] Level 1:colcon.colcon_core.environment:checking '/home/bern/ws_snow/install/snow_sim/bin'
[0.439s] INFO:colcon.colcon_core.shell:Creating package script '/home/bern/ws_snow/install/snow_sim/share/snow_sim/package.ps1'
[0.439s] INFO:colcon.colcon_core.shell:Creating package descriptor '/home/bern/ws_snow/install/snow_sim/share/snow_sim/package.dsv'
[0.439s] INFO:colcon.colcon_core.shell:Creating package script '/home/bern/ws_snow/install/snow_sim/share/snow_sim/package.sh'
[0.440s] INFO:colcon.colcon_core.shell:Creating package script '/home/bern/ws_snow/install/snow_sim/share/snow_sim/package.bash'
[0.440s] INFO:colcon.colcon_core.shell:Creating package script '/home/bern/ws_snow/install/snow_sim/share/snow_sim/package.zsh'
[0.440s] Level 1:colcon.colcon_core.environment:create_file_with_runtime_dependencies(/home/bern/ws_snow/install/snow_sim/share/colcon-core/packages/snow_sim)
[5.991s] DEBUG:colcon.colcon_core.event_handler.log_command:Invoked command in '/home/bern/ws_snow/build/snow_con' returned '0': CMAKE_PREFIX_PATH=${CMAKE_PREFIX_PATH}:/opt/ros/humble /usr/bin/cmake --build /home/bern/ws_snow/build/snow_con -- -j12 -l12
[6.011s] DEBUG:colcon.colcon_core.event_handler.log_command:Invoking command in '/home/bern/ws_snow/build/snow_con': CMAKE_PREFIX_PATH=${CMAKE_PREFIX_PATH}:/opt/ros/humble /usr/bin/cmake --install /home/bern/ws_snow/build/snow_con
[6.023s] Level 1:colcon.colcon_core.environment:create_environment_scripts_only(snow_con)
[6.023s] Level 1:colcon.colcon_core.environment:checking '/home/bern/ws_snow/install/snow_con' for CMake module files
[6.024s] DEBUG:colcon.colcon_core.event_handler.log_command:Invoked command in '/home/bern/ws_snow/build/snow_con' returned '0': CMAKE_PREFIX_PATH=${CMAKE_PREFIX_PATH}:/opt/ros/humble /usr/bin/cmake --install /home/bern/ws_snow/build/snow_con
[6.024s] Level 1:colcon.colcon_core.environment:checking '/home/bern/ws_snow/install/snow_con' for CMake config files
[6.024s] Level 1:colcon.colcon_core.shell:create_environment_hook('snow_con', 'cmake_prefix_path')
[6.024s] INFO:colcon.colcon_core.shell:Creating environment hook '/home/bern/ws_snow/install/snow_con/share/snow_con/hook/cmake_prefix_path.ps1'
[6.025s] INFO:colcon.colcon_core.shell:Creating environment descriptor '/home/bern/ws_snow/install/snow_con/share/snow_con/hook/cmake_prefix_path.dsv'
[6.025s] INFO:colcon.colcon_core.shell:Creating environment hook '/home/bern/ws_snow/install/snow_con/share/snow_con/hook/cmake_prefix_path.sh'
[6.025s] Level 1:colcon.colcon_core.environment:checking '/home/bern/ws_snow/install/snow_con/lib'
[6.025s] Level 1:colcon.colcon_core.environment:checking '/home/bern/ws_snow/install/snow_con/bin'
[6.025s] Level 1:colcon.colcon_core.environment:checking '/home/bern/ws_snow/install/snow_con/lib/pkgconfig/snow_con.pc'
[6.026s] Level 1:colcon.colcon_core.environment:checking '/home/bern/ws_snow/install/snow_con/lib/python3.10/site-packages'
[6.026s] Level 1:colcon.colcon_core.environment:checking '/home/bern/ws_snow/install/snow_con/bin'
[6.026s] INFO:colcon.colcon_core.shell:Creating package script '/home/bern/ws_snow/install/snow_con/share/snow_con/package.ps1'
[6.026s] INFO:colcon.colcon_core.shell:Creating package descriptor '/home/bern/ws_snow/install/snow_con/share/snow_con/package.dsv'
[6.026s] INFO:colcon.colcon_core.shell:Creating package script '/home/bern/ws_snow/install/snow_con/share/snow_con/package.sh'
[6.027s] INFO:colcon.colcon_core.shell:Creating package script '/home/bern/ws_snow/install/snow_con/share/snow_con/package.bash'
[6.027s] INFO:colcon.colcon_core.shell:Creating package script '/home/bern/ws_snow/install/snow_con/share/snow_con/package.zsh'
[6.027s] Level 1:colcon.colcon_core.environment:create_file_with_runtime_dependencies(/home/bern/ws_snow/install/snow_con/share/colcon-core/packages/snow_con)
[6.056s] Level 1:colcon.colcon_core.environment:create_environment_scripts_only(snow_con)
[6.056s] Level 1:colcon.colcon_core.environment:checking '/home/bern/ws_snow/install/snow_con' for CMake module files
[6.057s] Level 1:colcon.colcon_core.environment:checking '/home/bern/ws_snow/install/snow_con' for CMake config files
[6.057s] Level 1:colcon.colcon_core.shell:create_environment_hook('snow_con', 'cmake_prefix_path')
[6.057s] INFO:colcon.colcon_core.shell:Creating environment hook '/home/bern/ws_snow/install/snow_con/share/snow_con/hook/cmake_prefix_path.ps1'
[6.058s] INFO:colcon.colcon_core.shell:Creating environment descriptor '/home/bern/ws_snow/install/snow_con/share/snow_con/hook/cmake_prefix_path.dsv'
[6.058s] INFO:colcon.colcon_core.shell:Creating environment hook '/home/bern/ws_snow/install/snow_con/share/snow_con/hook/cmake_prefix_path.sh'
[6.059s] Level 1:colcon.colcon_core.environment:checking '/home/bern/ws_snow/install/snow_con/lib'
[6.059s] Level 1:colcon.colcon_core.environment:checking '/home/bern/ws_snow/install/snow_con/bin'
[6.059s] Level 1:colcon.colcon_core.environment:checking '/home/bern/ws_snow/install/snow_con/lib/pkgconfig/snow_con.pc'
[6.059s] Level 1:colcon.colcon_core.environment:checking '/home/bern/ws_snow/install/snow_con/lib/python3.10/site-packages'
[6.059s] Level 1:colcon.colcon_core.environment:checking '/home/bern/ws_snow/install/snow_con/bin'
[6.060s] INFO:colcon.colcon_core.shell:Creating package script '/home/bern/ws_snow/install/snow_con/share/snow_con/package.ps1'
[6.060s] INFO:colcon.colcon_core.shell:Creating package descriptor '/home/bern/ws_snow/install/snow_con/share/snow_con/package.dsv'
[6.061s] INFO:colcon.colcon_core.shell:Creating package script '/home/bern/ws_snow/install/snow_con/share/snow_con/package.sh'
[6.061s] INFO:colcon.colcon_core.shell:Creating package script '/home/bern/ws_snow/install/snow_con/share/snow_con/package.bash'
[6.062s] INFO:colcon.colcon_core.shell:Creating package script '/home/bern/ws_snow/install/snow_con/share/snow_con/package.zsh'
[6.062s] Level 1:colcon.colcon_core.environment:create_file_with_runtime_dependencies(/home/bern/ws_snow/install/snow_con/share/colcon-core/packages/snow_con)
[6.062s] DEBUG:colcon.colcon_parallel_executor.executor.parallel:closing loop
[6.062s] DEBUG:colcon.colcon_parallel_executor.executor.parallel:loop closed
[6.062s] DEBUG:colcon.colcon_parallel_executor.executor.parallel:run_until_complete finished with '0'
[6.062s] DEBUG:colcon.colcon_core.event_reactor:joining thread
[6.069s] INFO:colcon.colcon_core.plugin_system:Skipping extension 'colcon_notification.desktop_notification.terminal_notifier': Not used on non-Darwin systems
[6.069s] INFO:colcon.colcon_core.plugin_system:Skipping extension 'colcon_notification.desktop_notification.win32': Not used on non-Windows systems
[6.070s] INFO:colcon.colcon_notification.desktop_notification:Sending desktop notification using 'notify2'
[6.082s] DEBUG:colcon.colcon_core.event_reactor:joined thread
[6.083s] INFO:colcon.colcon_core.shell:Creating prefix script '/home/bern/ws_snow/install/local_setup.ps1'
[6.084s] INFO:colcon.colcon_core.shell:Creating prefix util module '/home/bern/ws_snow/install/_local_setup_util_ps1.py'
[6.086s] INFO:colcon.colcon_core.shell:Creating prefix chain script '/home/bern/ws_snow/install/setup.ps1'
[6.089s] INFO:colcon.colcon_core.shell:Creating prefix script '/home/bern/ws_snow/install/local_setup.sh'
[6.090s] INFO:colcon.colcon_core.shell:Creating prefix util module '/home/bern/ws_snow/install/_local_setup_util_sh.py'
[6.091s] INFO:colcon.colcon_core.shell:Creating prefix chain script '/home/bern/ws_snow/install/setup.sh'
[6.093s] INFO:colcon.colcon_core.shell:Creating prefix script '/home/bern/ws_snow/install/local_setup.bash'
[6.094s] INFO:colcon.colcon_core.shell:Creating prefix chain script '/home/bern/ws_snow/install/setup.bash'
[6.096s] INFO:colcon.colcon_core.shell:Creating prefix script '/home/bern/ws_snow/install/local_setup.zsh'
[6.097s] INFO:colcon.colcon_core.shell:Creating prefix chain script '/home/bern/ws_snow/install/setup.zsh'
