[0.081s] DEBUG:colcon:Command line arguments: ['/usr/bin/colcon', 'build']
[0.081s] DEBUG:colcon:Parsed command line arguments: Namespace(log_base=None, log_level=None, verb_name='build', build_base='build', install_base='install', merge_install=False, symlink_install=False, test_result_base=None, continue_on_error=False, executor='parallel', parallel_workers=12, event_handlers=None, ignore_user_meta=False, metas=['./colcon.meta'], base_paths=['.'], packages_ignore=None, packages_ignore_regex=None, paths=None, packages_up_to=None, packages_up_to_regex=None, packages_above=None, packages_above_and_dependencies=None, packages_above_depth=None, packages_select_by_dep=None, packages_skip_by_dep=None, packages_skip_up_to=None, packages_select_build_failed=False, packages_skip_build_finished=False, packages_select_test_failures=False, packages_skip_test_passed=False, packages_select=None, packages_skip=None, packages_select_regex=None, packages_skip_regex=None, packages_start=None, packages_end=None, allow_overriding=[], cmake_args=None, cmake_target=None, cmake_target_skip_unavailable=False, cmake_clean_cache=False, cmake_clean_first=False, cmake_force_configure=False, ament_cmake_args=None, catkin_cmake_args=None, catkin_skip_building_tests=False, mixin_files=None, mixin=None, verb_parser=<colcon_mixin.mixin.mixin_argument.MixinArgumentDecorator object at 0x7fc0e7c463e0>, verb_extension=<colcon_core.verb.build.BuildVerb object at 0x7fc0e7d4ea40>, main=<bound method BuildVerb.main of <colcon_core.verb.build.BuildVerb object at 0x7fc0e7d4ea40>>, mixin_verb=('build',))
[0.194s] Level 1:colcon.colcon_core.package_discovery:discover_packages(colcon_meta) check parameters
[0.194s] Level 1:colcon.colcon_core.package_discovery:discover_packages(recursive) check parameters
[0.194s] Level 1:colcon.colcon_core.package_discovery:discover_packages(ignore) check parameters
[0.194s] Level 1:colcon.colcon_core.package_discovery:discover_packages(path) check parameters
[0.194s] Level 1:colcon.colcon_core.package_discovery:discover_packages(colcon_meta) discover
[0.194s] Level 1:colcon.colcon_core.package_discovery:discover_packages(recursive) discover
[0.194s] INFO:colcon.colcon_core.package_discovery:Crawling recursively for packages in '/home/bern/ws_snow'
[0.194s] Level 1:colcon.colcon_core.package_identification:_identify(.) by extensions ['ignore', 'ignore_ament_install']
[0.194s] Level 1:colcon.colcon_core.package_identification:_identify(.) by extension 'ignore'
[0.194s] Level 1:colcon.colcon_core.package_identification:_identify(.) by extension 'ignore_ament_install'
[0.194s] Level 1:colcon.colcon_core.package_identification:_identify(.) by extensions ['colcon_pkg']
[0.194s] Level 1:colcon.colcon_core.package_identification:_identify(.) by extension 'colcon_pkg'
[0.194s] Level 1:colcon.colcon_core.package_identification:_identify(.) by extensions ['colcon_meta']
[0.195s] Level 1:colcon.colcon_core.package_identification:_identify(.) by extension 'colcon_meta'
[0.195s] Level 1:colcon.colcon_core.package_identification:_identify(.) by extensions ['ros']
[0.195s] Level 1:colcon.colcon_core.package_identification:_identify(.) by extension 'ros'
[0.203s] Level 1:colcon.colcon_core.package_identification:_identify(.) by extensions ['cmake', 'python']
[0.203s] Level 1:colcon.colcon_core.package_identification:_identify(.) by extension 'cmake'
[0.203s] Level 1:colcon.colcon_core.package_identification:_identify(.) by extension 'python'
[0.203s] Level 1:colcon.colcon_core.package_identification:_identify(.) by extensions ['python_setup_py']
[0.204s] Level 1:colcon.colcon_core.package_identification:_identify(.) by extension 'python_setup_py'
[0.204s] Level 1:colcon.colcon_core.package_identification:_identify(Data_1) by extensions ['ignore', 'ignore_ament_install']
[0.204s] Level 1:colcon.colcon_core.package_identification:_identify(Data_1) by extension 'ignore'
[0.204s] Level 1:colcon.colcon_core.package_identification:_identify(Data_1) by extension 'ignore_ament_install'
[0.204s] Level 1:colcon.colcon_core.package_identification:_identify(Data_1) by extensions ['colcon_pkg']
[0.204s] Level 1:colcon.colcon_core.package_identification:_identify(Data_1) by extension 'colcon_pkg'
[0.204s] Level 1:colcon.colcon_core.package_identification:_identify(Data_1) by extensions ['colcon_meta']
[0.204s] Level 1:colcon.colcon_core.package_identification:_identify(Data_1) by extension 'colcon_meta'
[0.204s] Level 1:colcon.colcon_core.package_identification:_identify(Data_1) by extensions ['ros']
[0.204s] Level 1:colcon.colcon_core.package_identification:_identify(Data_1) by extension 'ros'
[0.204s] Level 1:colcon.colcon_core.package_identification:_identify(Data_1) by extensions ['cmake', 'python']
[0.204s] Level 1:colcon.colcon_core.package_identification:_identify(Data_1) by extension 'cmake'
[0.204s] Level 1:colcon.colcon_core.package_identification:_identify(Data_1) by extension 'python'
[0.204s] Level 1:colcon.colcon_core.package_identification:_identify(Data_1) by extensions ['python_setup_py']
[0.204s] Level 1:colcon.colcon_core.package_identification:_identify(Data_1) by extension 'python_setup_py'
[0.204s] Level 1:colcon.colcon_core.package_identification:_identify(Data_1/Data_STEP1-orig) by extensions ['ignore', 'ignore_ament_install']
[0.204s] Level 1:colcon.colcon_core.package_identification:_identify(Data_1/Data_STEP1-orig) by extension 'ignore'
[0.204s] Level 1:colcon.colcon_core.package_identification:_identify(Data_1/Data_STEP1-orig) by extension 'ignore_ament_install'
[0.204s] Level 1:colcon.colcon_core.package_identification:_identify(Data_1/Data_STEP1-orig) by extensions ['colcon_pkg']
[0.204s] Level 1:colcon.colcon_core.package_identification:_identify(Data_1/Data_STEP1-orig) by extension 'colcon_pkg'
[0.204s] Level 1:colcon.colcon_core.package_identification:_identify(Data_1/Data_STEP1-orig) by extensions ['colcon_meta']
[0.204s] Level 1:colcon.colcon_core.package_identification:_identify(Data_1/Data_STEP1-orig) by extension 'colcon_meta'
[0.204s] Level 1:colcon.colcon_core.package_identification:_identify(Data_1/Data_STEP1-orig) by extensions ['ros']
[0.204s] Level 1:colcon.colcon_core.package_identification:_identify(Data_1/Data_STEP1-orig) by extension 'ros'
[0.204s] Level 1:colcon.colcon_core.package_identification:_identify(Data_1/Data_STEP1-orig) by extensions ['cmake', 'python']
[0.204s] Level 1:colcon.colcon_core.package_identification:_identify(Data_1/Data_STEP1-orig) by extension 'cmake'
[0.204s] Level 1:colcon.colcon_core.package_identification:_identify(Data_1/Data_STEP1-orig) by extension 'python'
[0.204s] Level 1:colcon.colcon_core.package_identification:_identify(Data_1/Data_STEP1-orig) by extensions ['python_setup_py']
[0.204s] Level 1:colcon.colcon_core.package_identification:_identify(Data_1/Data_STEP1-orig) by extension 'python_setup_py'
[0.204s] Level 1:colcon.colcon_core.package_identification:_identify(Data_1/Data_STEP1-torque) by extensions ['ignore', 'ignore_ament_install']
[0.205s] Level 1:colcon.colcon_core.package_identification:_identify(Data_1/Data_STEP1-torque) by extension 'ignore'
[0.205s] Level 1:colcon.colcon_core.package_identification:_identify(Data_1/Data_STEP1-torque) by extension 'ignore_ament_install'
[0.205s] Level 1:colcon.colcon_core.package_identification:_identify(Data_1/Data_STEP1-torque) by extensions ['colcon_pkg']
[0.205s] Level 1:colcon.colcon_core.package_identification:_identify(Data_1/Data_STEP1-torque) by extension 'colcon_pkg'
[0.205s] Level 1:colcon.colcon_core.package_identification:_identify(Data_1/Data_STEP1-torque) by extensions ['colcon_meta']
[0.205s] Level 1:colcon.colcon_core.package_identification:_identify(Data_1/Data_STEP1-torque) by extension 'colcon_meta'
[0.205s] Level 1:colcon.colcon_core.package_identification:_identify(Data_1/Data_STEP1-torque) by extensions ['ros']
[0.205s] Level 1:colcon.colcon_core.package_identification:_identify(Data_1/Data_STEP1-torque) by extension 'ros'
[0.205s] Level 1:colcon.colcon_core.package_identification:_identify(Data_1/Data_STEP1-torque) by extensions ['cmake', 'python']
[0.205s] Level 1:colcon.colcon_core.package_identification:_identify(Data_1/Data_STEP1-torque) by extension 'cmake'
[0.205s] Level 1:colcon.colcon_core.package_identification:_identify(Data_1/Data_STEP1-torque) by extension 'python'
[0.205s] Level 1:colcon.colcon_core.package_identification:_identify(Data_1/Data_STEP1-torque) by extensions ['python_setup_py']
[0.205s] Level 1:colcon.colcon_core.package_identification:_identify(Data_1/Data_STEP1-torque) by extension 'python_setup_py'
[0.205s] Level 1:colcon.colcon_core.package_identification:_identify(Data_1/Data_STEP2-orig) by extensions ['ignore', 'ignore_ament_install']
[0.205s] Level 1:colcon.colcon_core.package_identification:_identify(Data_1/Data_STEP2-orig) by extension 'ignore'
[0.205s] Level 1:colcon.colcon_core.package_identification:_identify(Data_1/Data_STEP2-orig) by extension 'ignore_ament_install'
[0.205s] Level 1:colcon.colcon_core.package_identification:_identify(Data_1/Data_STEP2-orig) by extensions ['colcon_pkg']
[0.205s] Level 1:colcon.colcon_core.package_identification:_identify(Data_1/Data_STEP2-orig) by extension 'colcon_pkg'
[0.205s] Level 1:colcon.colcon_core.package_identification:_identify(Data_1/Data_STEP2-orig) by extensions ['colcon_meta']
[0.205s] Level 1:colcon.colcon_core.package_identification:_identify(Data_1/Data_STEP2-orig) by extension 'colcon_meta'
[0.205s] Level 1:colcon.colcon_core.package_identification:_identify(Data_1/Data_STEP2-orig) by extensions ['ros']
[0.205s] Level 1:colcon.colcon_core.package_identification:_identify(Data_1/Data_STEP2-orig) by extension 'ros'
[0.205s] Level 1:colcon.colcon_core.package_identification:_identify(Data_1/Data_STEP2-orig) by extensions ['cmake', 'python']
[0.205s] Level 1:colcon.colcon_core.package_identification:_identify(Data_1/Data_STEP2-orig) by extension 'cmake'
[0.205s] Level 1:colcon.colcon_core.package_identification:_identify(Data_1/Data_STEP2-orig) by extension 'python'
[0.205s] Level 1:colcon.colcon_core.package_identification:_identify(Data_1/Data_STEP2-orig) by extensions ['python_setup_py']
[0.205s] Level 1:colcon.colcon_core.package_identification:_identify(Data_1/Data_STEP2-orig) by extension 'python_setup_py'
[0.205s] Level 1:colcon.colcon_core.package_identification:_identify(Data_1/Data_STEP2-torq) by extensions ['ignore', 'ignore_ament_install']
[0.205s] Level 1:colcon.colcon_core.package_identification:_identify(Data_1/Data_STEP2-torq) by extension 'ignore'
[0.205s] Level 1:colcon.colcon_core.package_identification:_identify(Data_1/Data_STEP2-torq) by extension 'ignore_ament_install'
[0.205s] Level 1:colcon.colcon_core.package_identification:_identify(Data_1/Data_STEP2-torq) by extensions ['colcon_pkg']
[0.205s] Level 1:colcon.colcon_core.package_identification:_identify(Data_1/Data_STEP2-torq) by extension 'colcon_pkg'
[0.205s] Level 1:colcon.colcon_core.package_identification:_identify(Data_1/Data_STEP2-torq) by extensions ['colcon_meta']
[0.205s] Level 1:colcon.colcon_core.package_identification:_identify(Data_1/Data_STEP2-torq) by extension 'colcon_meta'
[0.205s] Level 1:colcon.colcon_core.package_identification:_identify(Data_1/Data_STEP2-torq) by extensions ['ros']
[0.205s] Level 1:colcon.colcon_core.package_identification:_identify(Data_1/Data_STEP2-torq) by extension 'ros'
[0.206s] Level 1:colcon.colcon_core.package_identification:_identify(Data_1/Data_STEP2-torq) by extensions ['cmake', 'python']
[0.206s] Level 1:colcon.colcon_core.package_identification:_identify(Data_1/Data_STEP2-torq) by extension 'cmake'
[0.206s] Level 1:colcon.colcon_core.package_identification:_identify(Data_1/Data_STEP2-torq) by extension 'python'
[0.206s] Level 1:colcon.colcon_core.package_identification:_identify(Data_1/Data_STEP2-torq) by extensions ['python_setup_py']
[0.206s] Level 1:colcon.colcon_core.package_identification:_identify(Data_1/Data_STEP2-torq) by extension 'python_setup_py'
[0.206s] Level 1:colcon.colcon_core.package_identification:_identify(build) by extensions ['ignore', 'ignore_ament_install']
[0.206s] Level 1:colcon.colcon_core.package_identification:_identify(build) by extension 'ignore'
[0.206s] Level 1:colcon.colcon_core.package_identification:_identify(build) ignored
[0.206s] Level 1:colcon.colcon_core.package_identification:_identify(install) by extensions ['ignore', 'ignore_ament_install']
[0.206s] Level 1:colcon.colcon_core.package_identification:_identify(install) by extension 'ignore'
[0.206s] Level 1:colcon.colcon_core.package_identification:_identify(install) ignored
[0.206s] Level 1:colcon.colcon_core.package_identification:_identify(log) by extensions ['ignore', 'ignore_ament_install']
[0.206s] Level 1:colcon.colcon_core.package_identification:_identify(log) by extension 'ignore'
[0.206s] Level 1:colcon.colcon_core.package_identification:_identify(log) ignored
[0.206s] Level 1:colcon.colcon_core.package_identification:_identify(src) by extensions ['ignore', 'ignore_ament_install']
[0.207s] Level 1:colcon.colcon_core.package_identification:_identify(src) by extension 'ignore'
[0.207s] Level 1:colcon.colcon_core.package_identification:_identify(src) by extension 'ignore_ament_install'
[0.207s] Level 1:colcon.colcon_core.package_identification:_identify(src) by extensions ['colcon_pkg']
[0.207s] Level 1:colcon.colcon_core.package_identification:_identify(src) by extension 'colcon_pkg'
[0.207s] Level 1:colcon.colcon_core.package_identification:_identify(src) by extensions ['colcon_meta']
[0.207s] Level 1:colcon.colcon_core.package_identification:_identify(src) by extension 'colcon_meta'
[0.207s] Level 1:colcon.colcon_core.package_identification:_identify(src) by extensions ['ros']
[0.207s] Level 1:colcon.colcon_core.package_identification:_identify(src) by extension 'ros'
[0.207s] Level 1:colcon.colcon_core.package_identification:_identify(src) by extensions ['cmake', 'python']
[0.207s] Level 1:colcon.colcon_core.package_identification:_identify(src) by extension 'cmake'
[0.207s] Level 1:colcon.colcon_core.package_identification:_identify(src) by extension 'python'
[0.207s] Level 1:colcon.colcon_core.package_identification:_identify(src) by extensions ['python_setup_py']
[0.207s] Level 1:colcon.colcon_core.package_identification:_identify(src) by extension 'python_setup_py'
[0.207s] Level 1:colcon.colcon_core.package_identification:_identify(src/hard_con) by extensions ['ignore', 'ignore_ament_install']
[0.207s] Level 1:colcon.colcon_core.package_identification:_identify(src/hard_con) by extension 'ignore'
[0.207s] Level 1:colcon.colcon_core.package_identification:_identify(src/hard_con) by extension 'ignore_ament_install'
[0.207s] Level 1:colcon.colcon_core.package_identification:_identify(src/hard_con) by extensions ['colcon_pkg']
[0.207s] Level 1:colcon.colcon_core.package_identification:_identify(src/hard_con) by extension 'colcon_pkg'
[0.207s] Level 1:colcon.colcon_core.package_identification:_identify(src/hard_con) by extensions ['colcon_meta']
[0.207s] Level 1:colcon.colcon_core.package_identification:_identify(src/hard_con) by extension 'colcon_meta'
[0.207s] Level 1:colcon.colcon_core.package_identification:_identify(src/hard_con) by extensions ['ros']
[0.207s] Level 1:colcon.colcon_core.package_identification:_identify(src/hard_con) by extension 'ros'
[0.209s] DEBUG:colcon.colcon_core.package_identification:Package 'src/hard_con' with type 'ros.ament_cmake' and name 'hard_con'
[0.209s] Level 1:colcon.colcon_core.package_identification:_identify(src/snow_con) by extensions ['ignore', 'ignore_ament_install']
[0.209s] Level 1:colcon.colcon_core.package_identification:_identify(src/snow_con) by extension 'ignore'
[0.209s] Level 1:colcon.colcon_core.package_identification:_identify(src/snow_con) by extension 'ignore_ament_install'
[0.209s] Level 1:colcon.colcon_core.package_identification:_identify(src/snow_con) by extensions ['colcon_pkg']
[0.209s] Level 1:colcon.colcon_core.package_identification:_identify(src/snow_con) by extension 'colcon_pkg'
[0.209s] Level 1:colcon.colcon_core.package_identification:_identify(src/snow_con) by extensions ['colcon_meta']
[0.209s] Level 1:colcon.colcon_core.package_identification:_identify(src/snow_con) by extension 'colcon_meta'
[0.209s] Level 1:colcon.colcon_core.package_identification:_identify(src/snow_con) by extensions ['ros']
[0.209s] Level 1:colcon.colcon_core.package_identification:_identify(src/snow_con) by extension 'ros'
[0.210s] DEBUG:colcon.colcon_core.package_identification:Package 'src/snow_con' with type 'ros.ament_cmake' and name 'snow_con'
[0.210s] Level 1:colcon.colcon_core.package_identification:_identify(src/snow_con_rt) by extensions ['ignore', 'ignore_ament_install']
[0.210s] Level 1:colcon.colcon_core.package_identification:_identify(src/snow_con_rt) by extension 'ignore'
[0.210s] Level 1:colcon.colcon_core.package_identification:_identify(src/snow_con_rt) by extension 'ignore_ament_install'
[0.210s] Level 1:colcon.colcon_core.package_identification:_identify(src/snow_con_rt) by extensions ['colcon_pkg']
[0.210s] Level 1:colcon.colcon_core.package_identification:_identify(src/snow_con_rt) by extension 'colcon_pkg'
[0.210s] Level 1:colcon.colcon_core.package_identification:_identify(src/snow_con_rt) by extensions ['colcon_meta']
[0.210s] Level 1:colcon.colcon_core.package_identification:_identify(src/snow_con_rt) by extension 'colcon_meta'
[0.210s] Level 1:colcon.colcon_core.package_identification:_identify(src/snow_con_rt) by extensions ['ros']
[0.210s] Level 1:colcon.colcon_core.package_identification:_identify(src/snow_con_rt) by extension 'ros'
[0.211s] DEBUG:colcon.colcon_core.package_identification:Package 'src/snow_con_rt' with type 'ros.ament_cmake' and name 'snow_con_rt'
[0.211s] Level 1:colcon.colcon_core.package_identification:_identify(src/snow_sim) by extensions ['ignore', 'ignore_ament_install']
[0.211s] Level 1:colcon.colcon_core.package_identification:_identify(src/snow_sim) by extension 'ignore'
[0.211s] Level 1:colcon.colcon_core.package_identification:_identify(src/snow_sim) by extension 'ignore_ament_install'
[0.211s] Level 1:colcon.colcon_core.package_identification:_identify(src/snow_sim) by extensions ['colcon_pkg']
[0.211s] Level 1:colcon.colcon_core.package_identification:_identify(src/snow_sim) by extension 'colcon_pkg'
[0.211s] Level 1:colcon.colcon_core.package_identification:_identify(src/snow_sim) by extensions ['colcon_meta']
[0.211s] Level 1:colcon.colcon_core.package_identification:_identify(src/snow_sim) by extension 'colcon_meta'
[0.211s] Level 1:colcon.colcon_core.package_identification:_identify(src/snow_sim) by extensions ['ros']
[0.211s] Level 1:colcon.colcon_core.package_identification:_identify(src/snow_sim) by extension 'ros'
[0.211s] DEBUG:colcon.colcon_core.package_identification:Package 'src/snow_sim' with type 'ros.ament_cmake' and name 'snow_sim'
[0.212s] Level 1:colcon.colcon_core.package_identification:_identify(src/urdf_tutorial) by extensions ['ignore', 'ignore_ament_install']
[0.212s] Level 1:colcon.colcon_core.package_identification:_identify(src/urdf_tutorial) by extension 'ignore'
[0.212s] Level 1:colcon.colcon_core.package_identification:_identify(src/urdf_tutorial) by extension 'ignore_ament_install'
[0.212s] Level 1:colcon.colcon_core.package_identification:_identify(src/urdf_tutorial) by extensions ['colcon_pkg']
[0.212s] Level 1:colcon.colcon_core.package_identification:_identify(src/urdf_tutorial) by extension 'colcon_pkg'
[0.212s] Level 1:colcon.colcon_core.package_identification:_identify(src/urdf_tutorial) by extensions ['colcon_meta']
[0.212s] Level 1:colcon.colcon_core.package_identification:_identify(src/urdf_tutorial) by extension 'colcon_meta'
[0.212s] Level 1:colcon.colcon_core.package_identification:_identify(src/urdf_tutorial) by extensions ['ros']
[0.212s] Level 1:colcon.colcon_core.package_identification:_identify(src/urdf_tutorial) by extension 'ros'
[0.212s] DEBUG:colcon.colcon_core.package_identification:Package 'src/urdf_tutorial' with type 'ros.ament_cmake' and name 'urdf_tutorial'
[0.212s] Level 1:colcon.colcon_core.package_discovery:discover_packages(recursive) using defaults
[0.212s] Level 1:colcon.colcon_core.package_discovery:discover_packages(ignore) discover
[0.212s] Level 1:colcon.colcon_core.package_discovery:discover_packages(ignore) using defaults
[0.212s] Level 1:colcon.colcon_core.package_discovery:discover_packages(path) discover
[0.212s] Level 1:colcon.colcon_core.package_discovery:discover_packages(path) using defaults
[0.228s] Level 1:colcon.colcon_core.package_discovery:discover_packages(prefix_path) check parameters
[0.228s] Level 1:colcon.colcon_core.package_discovery:discover_packages(prefix_path) discover
[0.229s] DEBUG:colcon.colcon_installed_package_information.package_discovery:Found 5 installed packages in /home/bern/ws_snow/install
[0.237s] DEBUG:colcon.colcon_installed_package_information.package_discovery:Found 340 installed packages in /opt/ros/humble
[0.238s] Level 1:colcon.colcon_core.package_discovery:discover_packages(prefix_path) using defaults
[0.269s] Level 5:colcon.colcon_core.verb:set package 'hard_con' build argument 'cmake_args' from command line to 'None'
[0.269s] Level 5:colcon.colcon_core.verb:set package 'hard_con' build argument 'cmake_target' from command line to 'None'
[0.269s] Level 5:colcon.colcon_core.verb:set package 'hard_con' build argument 'cmake_target_skip_unavailable' from command line to 'False'
[0.269s] Level 5:colcon.colcon_core.verb:set package 'hard_con' build argument 'cmake_clean_cache' from command line to 'False'
[0.269s] Level 5:colcon.colcon_core.verb:set package 'hard_con' build argument 'cmake_clean_first' from command line to 'False'
[0.269s] Level 5:colcon.colcon_core.verb:set package 'hard_con' build argument 'cmake_force_configure' from command line to 'False'
[0.269s] Level 5:colcon.colcon_core.verb:set package 'hard_con' build argument 'ament_cmake_args' from command line to 'None'
[0.269s] Level 5:colcon.colcon_core.verb:set package 'hard_con' build argument 'catkin_cmake_args' from command line to 'None'
[0.269s] Level 5:colcon.colcon_core.verb:set package 'hard_con' build argument 'catkin_skip_building_tests' from command line to 'False'
[0.269s] DEBUG:colcon.colcon_core.verb:Building package 'hard_con' with the following arguments: {'ament_cmake_args': None, 'build_base': '/home/bern/ws_snow/build/hard_con', 'catkin_cmake_args': None, 'catkin_skip_building_tests': False, 'cmake_args': None, 'cmake_clean_cache': False, 'cmake_clean_first': False, 'cmake_force_configure': False, 'cmake_target': None, 'cmake_target_skip_unavailable': False, 'install_base': '/home/bern/ws_snow/install/hard_con', 'merge_install': False, 'path': '/home/bern/ws_snow/src/hard_con', 'symlink_install': False, 'test_result_base': None}
[0.270s] Level 5:colcon.colcon_core.verb:set package 'snow_con' build argument 'cmake_args' from command line to 'None'
[0.270s] Level 5:colcon.colcon_core.verb:set package 'snow_con' build argument 'cmake_target' from command line to 'None'
[0.270s] Level 5:colcon.colcon_core.verb:set package 'snow_con' build argument 'cmake_target_skip_unavailable' from command line to 'False'
[0.270s] Level 5:colcon.colcon_core.verb:set package 'snow_con' build argument 'cmake_clean_cache' from command line to 'False'
[0.270s] Level 5:colcon.colcon_core.verb:set package 'snow_con' build argument 'cmake_clean_first' from command line to 'False'
[0.270s] Level 5:colcon.colcon_core.verb:set package 'snow_con' build argument 'cmake_force_configure' from command line to 'False'
[0.270s] Level 5:colcon.colcon_core.verb:set package 'snow_con' build argument 'ament_cmake_args' from command line to 'None'
[0.270s] Level 5:colcon.colcon_core.verb:set package 'snow_con' build argument 'catkin_cmake_args' from command line to 'None'
[0.270s] Level 5:colcon.colcon_core.verb:set package 'snow_con' build argument 'catkin_skip_building_tests' from command line to 'False'
[0.270s] DEBUG:colcon.colcon_core.verb:Building package 'snow_con' with the following arguments: {'ament_cmake_args': None, 'build_base': '/home/bern/ws_snow/build/snow_con', 'catkin_cmake_args': None, 'catkin_skip_building_tests': False, 'cmake_args': None, 'cmake_clean_cache': False, 'cmake_clean_first': False, 'cmake_force_configure': False, 'cmake_target': None, 'cmake_target_skip_unavailable': False, 'install_base': '/home/bern/ws_snow/install/snow_con', 'merge_install': False, 'path': '/home/bern/ws_snow/src/snow_con', 'symlink_install': False, 'test_result_base': None}
[0.270s] Level 5:colcon.colcon_core.verb:set package 'snow_con_rt' build argument 'cmake_args' from command line to 'None'
[0.270s] Level 5:colcon.colcon_core.verb:set package 'snow_con_rt' build argument 'cmake_target' from command line to 'None'
[0.270s] Level 5:colcon.colcon_core.verb:set package 'snow_con_rt' build argument 'cmake_target_skip_unavailable' from command line to 'False'
[0.270s] Level 5:colcon.colcon_core.verb:set package 'snow_con_rt' build argument 'cmake_clean_cache' from command line to 'False'
[0.270s] Level 5:colcon.colcon_core.verb:set package 'snow_con_rt' build argument 'cmake_clean_first' from command line to 'False'
[0.270s] Level 5:colcon.colcon_core.verb:set package 'snow_con_rt' build argument 'cmake_force_configure' from command line to 'False'
[0.270s] Level 5:colcon.colcon_core.verb:set package 'snow_con_rt' build argument 'ament_cmake_args' from command line to 'None'
[0.270s] Level 5:colcon.colcon_core.verb:set package 'snow_con_rt' build argument 'catkin_cmake_args' from command line to 'None'
[0.270s] Level 5:colcon.colcon_core.verb:set package 'snow_con_rt' build argument 'catkin_skip_building_tests' from command line to 'False'
[0.270s] DEBUG:colcon.colcon_core.verb:Building package 'snow_con_rt' with the following arguments: {'ament_cmake_args': None, 'build_base': '/home/bern/ws_snow/build/snow_con_rt', 'catkin_cmake_args': None, 'catkin_skip_building_tests': False, 'cmake_args': None, 'cmake_clean_cache': False, 'cmake_clean_first': False, 'cmake_force_configure': False, 'cmake_target': None, 'cmake_target_skip_unavailable': False, 'install_base': '/home/bern/ws_snow/install/snow_con_rt', 'merge_install': False, 'path': '/home/bern/ws_snow/src/snow_con_rt', 'symlink_install': False, 'test_result_base': None}
[0.270s] Level 5:colcon.colcon_core.verb:set package 'snow_sim' build argument 'cmake_args' from command line to 'None'
[0.270s] Level 5:colcon.colcon_core.verb:set package 'snow_sim' build argument 'cmake_target' from command line to 'None'
[0.270s] Level 5:colcon.colcon_core.verb:set package 'snow_sim' build argument 'cmake_target_skip_unavailable' from command line to 'False'
[0.270s] Level 5:colcon.colcon_core.verb:set package 'snow_sim' build argument 'cmake_clean_cache' from command line to 'False'
[0.270s] Level 5:colcon.colcon_core.verb:set package 'snow_sim' build argument 'cmake_clean_first' from command line to 'False'
[0.270s] Level 5:colcon.colcon_core.verb:set package 'snow_sim' build argument 'cmake_force_configure' from command line to 'False'
[0.270s] Level 5:colcon.colcon_core.verb:set package 'snow_sim' build argument 'ament_cmake_args' from command line to 'None'
[0.270s] Level 5:colcon.colcon_core.verb:set package 'snow_sim' build argument 'catkin_cmake_args' from command line to 'None'
[0.271s] Level 5:colcon.colcon_core.verb:set package 'snow_sim' build argument 'catkin_skip_building_tests' from command line to 'False'
[0.271s] DEBUG:colcon.colcon_core.verb:Building package 'snow_sim' with the following arguments: {'ament_cmake_args': None, 'build_base': '/home/bern/ws_snow/build/snow_sim', 'catkin_cmake_args': None, 'catkin_skip_building_tests': False, 'cmake_args': None, 'cmake_clean_cache': False, 'cmake_clean_first': False, 'cmake_force_configure': False, 'cmake_target': None, 'cmake_target_skip_unavailable': False, 'install_base': '/home/bern/ws_snow/install/snow_sim', 'merge_install': False, 'path': '/home/bern/ws_snow/src/snow_sim', 'symlink_install': False, 'test_result_base': None}
[0.271s] Level 5:colcon.colcon_core.verb:set package 'urdf_tutorial' build argument 'cmake_args' from command line to 'None'
[0.271s] Level 5:colcon.colcon_core.verb:set package 'urdf_tutorial' build argument 'cmake_target' from command line to 'None'
[0.271s] Level 5:colcon.colcon_core.verb:set package 'urdf_tutorial' build argument 'cmake_target_skip_unavailable' from command line to 'False'
[0.271s] Level 5:colcon.colcon_core.verb:set package 'urdf_tutorial' build argument 'cmake_clean_cache' from command line to 'False'
[0.271s] Level 5:colcon.colcon_core.verb:set package 'urdf_tutorial' build argument 'cmake_clean_first' from command line to 'False'
[0.271s] Level 5:colcon.colcon_core.verb:set package 'urdf_tutorial' build argument 'cmake_force_configure' from command line to 'False'
[0.271s] Level 5:colcon.colcon_core.verb:set package 'urdf_tutorial' build argument 'ament_cmake_args' from command line to 'None'
[0.271s] Level 5:colcon.colcon_core.verb:set package 'urdf_tutorial' build argument 'catkin_cmake_args' from command line to 'None'
[0.271s] Level 5:colcon.colcon_core.verb:set package 'urdf_tutorial' build argument 'catkin_skip_building_tests' from command line to 'False'
[0.271s] DEBUG:colcon.colcon_core.verb:Building package 'urdf_tutorial' with the following arguments: {'ament_cmake_args': None, 'build_base': '/home/bern/ws_snow/build/urdf_tutorial', 'catkin_cmake_args': None, 'catkin_skip_building_tests': False, 'cmake_args': None, 'cmake_clean_cache': False, 'cmake_clean_first': False, 'cmake_force_configure': False, 'cmake_target': None, 'cmake_target_skip_unavailable': False, 'install_base': '/home/bern/ws_snow/install/urdf_tutorial', 'merge_install': False, 'path': '/home/bern/ws_snow/src/urdf_tutorial', 'symlink_install': False, 'test_result_base': None}
[0.271s] INFO:colcon.colcon_core.executor:Executing jobs using 'parallel' executor
[0.272s] DEBUG:colcon.colcon_parallel_executor.executor.parallel:run_until_complete
[0.272s] INFO:colcon.colcon_ros.task.ament_cmake.build:Building ROS package in '/home/bern/ws_snow/src/hard_con' with build type 'ament_cmake'
[0.272s] INFO:colcon.colcon_cmake.task.cmake.build:Building CMake package in '/home/bern/ws_snow/src/hard_con'
[0.274s] INFO:colcon.colcon_core.plugin_system:Skipping extension 'colcon_core.shell.bat': Not used on non-Windows systems
[0.274s] INFO:colcon.colcon_core.shell:Skip shell extension 'powershell' for command environment: Not usable outside of PowerShell
[0.274s] DEBUG:colcon.colcon_core.shell:Skip shell extension 'dsv' for command environment
[0.281s] INFO:colcon.colcon_ros.task.ament_cmake.build:Building ROS package in '/home/bern/ws_snow/src/snow_con' with build type 'ament_cmake'
[0.281s] INFO:colcon.colcon_cmake.task.cmake.build:Building CMake package in '/home/bern/ws_snow/src/snow_con'
[0.281s] INFO:colcon.colcon_core.shell:Skip shell extension 'powershell' for command environment: Not usable outside of PowerShell
[0.281s] DEBUG:colcon.colcon_core.shell:Skip shell extension 'dsv' for command environment
[0.294s] INFO:colcon.colcon_ros.task.ament_cmake.build:Building ROS package in '/home/bern/ws_snow/src/snow_con_rt' with build type 'ament_cmake'
[0.294s] INFO:colcon.colcon_cmake.task.cmake.build:Building CMake package in '/home/bern/ws_snow/src/snow_con_rt'
[0.294s] INFO:colcon.colcon_core.shell:Skip shell extension 'powershell' for command environment: Not usable outside of PowerShell
[0.294s] DEBUG:colcon.colcon_core.shell:Skip shell extension 'dsv' for command environment
[0.297s] INFO:colcon.colcon_ros.task.ament_cmake.build:Building ROS package in '/home/bern/ws_snow/src/snow_sim' with build type 'ament_cmake'
[0.297s] INFO:colcon.colcon_cmake.task.cmake.build:Building CMake package in '/home/bern/ws_snow/src/snow_sim'
[0.298s] INFO:colcon.colcon_core.shell:Skip shell extension 'powershell' for command environment: Not usable outside of PowerShell
[0.298s] DEBUG:colcon.colcon_core.shell:Skip shell extension 'dsv' for command environment
[0.300s] INFO:colcon.colcon_ros.task.ament_cmake.build:Building ROS package in '/home/bern/ws_snow/src/urdf_tutorial' with build type 'ament_cmake'
[0.300s] INFO:colcon.colcon_cmake.task.cmake.build:Building CMake package in '/home/bern/ws_snow/src/urdf_tutorial'
[0.300s] INFO:colcon.colcon_core.shell:Skip shell extension 'powershell' for command environment: Not usable outside of PowerShell
[0.300s] DEBUG:colcon.colcon_core.shell:Skip shell extension 'dsv' for command environment
[0.310s] DEBUG:colcon.colcon_core.event_handler.log_command:Invoking command in '/home/bern/ws_snow/build/hard_con': CMAKE_PREFIX_PATH=${CMAKE_PREFIX_PATH}:/opt/ros/humble /usr/bin/cmake --build /home/bern/ws_snow/build/hard_con -- -j12 -l12
[0.312s] DEBUG:colcon.colcon_core.event_handler.log_command:Invoking command in '/home/bern/ws_snow/build/snow_con': CMAKE_PREFIX_PATH=${CMAKE_PREFIX_PATH}:/opt/ros/humble /usr/bin/cmake --build /home/bern/ws_snow/build/snow_con -- -j12 -l12
[0.313s] DEBUG:colcon.colcon_core.event_handler.log_command:Invoking command in '/home/bern/ws_snow/build/snow_con_rt': CMAKE_PREFIX_PATH=${CMAKE_PREFIX_PATH}:/opt/ros/humble /usr/bin/cmake --build /home/bern/ws_snow/build/snow_con_rt -- -j12 -l12
[0.315s] DEBUG:colcon.colcon_core.event_handler.log_command:Invoking command in '/home/bern/ws_snow/build/snow_sim': CMAKE_PREFIX_PATH=${CMAKE_PREFIX_PATH}:/opt/ros/humble /usr/bin/cmake --build /home/bern/ws_snow/build/snow_sim -- -j12 -l12
[0.319s] DEBUG:colcon.colcon_core.event_handler.log_command:Invoking command in '/home/bern/ws_snow/build/urdf_tutorial': CMAKE_PREFIX_PATH=${CMAKE_PREFIX_PATH}:/opt/ros/humble /usr/bin/cmake --build /home/bern/ws_snow/build/urdf_tutorial -- -j12 -l12
[0.357s] DEBUG:colcon.colcon_core.event_handler.log_command:Invoked command in '/home/bern/ws_snow/build/urdf_tutorial' returned '0': CMAKE_PREFIX_PATH=${CMAKE_PREFIX_PATH}:/opt/ros/humble /usr/bin/cmake --build /home/bern/ws_snow/build/urdf_tutorial -- -j12 -l12
[0.366s] DEBUG:colcon.colcon_core.event_handler.log_command:Invoked command in '/home/bern/ws_snow/build/hard_con' returned '0': CMAKE_PREFIX_PATH=${CMAKE_PREFIX_PATH}:/opt/ros/humble /usr/bin/cmake --build /home/bern/ws_snow/build/hard_con -- -j12 -l12
[0.409s] DEBUG:colcon.colcon_core.event_handler.log_command:Invoking command in '/home/bern/ws_snow/build/urdf_tutorial': CMAKE_PREFIX_PATH=${CMAKE_PREFIX_PATH}:/opt/ros/humble /usr/bin/cmake --install /home/bern/ws_snow/build/urdf_tutorial
[0.443s] DEBUG:colcon.colcon_core.event_handler.log_command:Invoked command in '/home/bern/ws_snow/build/snow_con_rt' returned '0': CMAKE_PREFIX_PATH=${CMAKE_PREFIX_PATH}:/opt/ros/humble /usr/bin/cmake --build /home/bern/ws_snow/build/snow_con_rt -- -j12 -l12
[0.460s] DEBUG:colcon.colcon_core.event_handler.log_command:Invoked command in '/home/bern/ws_snow/build/snow_sim' returned '0': CMAKE_PREFIX_PATH=${CMAKE_PREFIX_PATH}:/opt/ros/humble /usr/bin/cmake --build /home/bern/ws_snow/build/snow_sim -- -j12 -l12
[0.464s] Level 1:colcon.colcon_core.environment:create_environment_scripts_only(urdf_tutorial)
[0.467s] Level 1:colcon.colcon_core.environment:checking '/home/bern/ws_snow/install/urdf_tutorial' for CMake module files
[0.468s] Level 1:colcon.colcon_core.environment:checking '/home/bern/ws_snow/install/urdf_tutorial' for CMake config files
[0.469s] Level 1:colcon.colcon_core.shell:create_environment_hook('urdf_tutorial', 'cmake_prefix_path')
[0.469s] INFO:colcon.colcon_core.shell:Creating environment hook '/home/bern/ws_snow/install/urdf_tutorial/share/urdf_tutorial/hook/cmake_prefix_path.ps1'
[0.470s] INFO:colcon.colcon_core.shell:Creating environment descriptor '/home/bern/ws_snow/install/urdf_tutorial/share/urdf_tutorial/hook/cmake_prefix_path.dsv'
[0.470s] INFO:colcon.colcon_core.shell:Creating environment hook '/home/bern/ws_snow/install/urdf_tutorial/share/urdf_tutorial/hook/cmake_prefix_path.sh'
[0.471s] Level 1:colcon.colcon_core.environment:checking '/home/bern/ws_snow/install/urdf_tutorial/bin'
[0.471s] Level 1:colcon.colcon_core.environment:checking '/home/bern/ws_snow/install/urdf_tutorial/lib/pkgconfig/urdf_tutorial.pc'
[0.471s] Level 1:colcon.colcon_core.environment:checking '/home/bern/ws_snow/install/urdf_tutorial/lib/python3.10/site-packages'
[0.471s] Level 1:colcon.colcon_core.environment:checking '/home/bern/ws_snow/install/urdf_tutorial/bin'
[0.472s] INFO:colcon.colcon_core.shell:Creating package script '/home/bern/ws_snow/install/urdf_tutorial/share/urdf_tutorial/package.ps1'
[0.473s] INFO:colcon.colcon_core.shell:Creating package descriptor '/home/bern/ws_snow/install/urdf_tutorial/share/urdf_tutorial/package.dsv'
[0.473s] INFO:colcon.colcon_core.shell:Creating package script '/home/bern/ws_snow/install/urdf_tutorial/share/urdf_tutorial/package.sh'
[0.474s] INFO:colcon.colcon_core.shell:Creating package script '/home/bern/ws_snow/install/urdf_tutorial/share/urdf_tutorial/package.bash'
[0.474s] INFO:colcon.colcon_core.shell:Creating package script '/home/bern/ws_snow/install/urdf_tutorial/share/urdf_tutorial/package.zsh'
[0.475s] Level 1:colcon.colcon_core.environment:create_file_with_runtime_dependencies(/home/bern/ws_snow/install/urdf_tutorial/share/colcon-core/packages/urdf_tutorial)
[0.477s] DEBUG:colcon.colcon_core.event_handler.log_command:Invoked command in '/home/bern/ws_snow/build/urdf_tutorial' returned '0': CMAKE_PREFIX_PATH=${CMAKE_PREFIX_PATH}:/opt/ros/humble /usr/bin/cmake --install /home/bern/ws_snow/build/urdf_tutorial
[0.500s] DEBUG:colcon.colcon_core.event_handler.log_command:Invoking command in '/home/bern/ws_snow/build/hard_con': CMAKE_PREFIX_PATH=${CMAKE_PREFIX_PATH}:/opt/ros/humble /usr/bin/cmake --install /home/bern/ws_snow/build/hard_con
[0.540s] DEBUG:colcon.colcon_core.event_handler.log_command:Invoking command in '/home/bern/ws_snow/build/snow_con_rt': CMAKE_PREFIX_PATH=${CMAKE_PREFIX_PATH}:/opt/ros/humble /usr/bin/cmake --install /home/bern/ws_snow/build/snow_con_rt
[0.552s] Level 1:colcon.colcon_core.environment:create_environment_scripts_only(snow_con_rt)
[0.553s] Level 1:colcon.colcon_core.environment:checking '/home/bern/ws_snow/install/snow_con_rt' for CMake module files
[0.553s] Level 1:colcon.colcon_core.environment:checking '/home/bern/ws_snow/install/snow_con_rt' for CMake config files
[0.553s] Level 1:colcon.colcon_core.shell:create_environment_hook('snow_con_rt', 'cmake_prefix_path')
[0.553s] INFO:colcon.colcon_core.shell:Creating environment hook '/home/bern/ws_snow/install/snow_con_rt/share/snow_con_rt/hook/cmake_prefix_path.ps1'
[0.554s] INFO:colcon.colcon_core.shell:Creating environment descriptor '/home/bern/ws_snow/install/snow_con_rt/share/snow_con_rt/hook/cmake_prefix_path.dsv'
[0.554s] INFO:colcon.colcon_core.shell:Creating environment hook '/home/bern/ws_snow/install/snow_con_rt/share/snow_con_rt/hook/cmake_prefix_path.sh'
[0.554s] Level 1:colcon.colcon_core.environment:checking '/home/bern/ws_snow/install/snow_con_rt/lib'
[0.555s] Level 1:colcon.colcon_core.environment:checking '/home/bern/ws_snow/install/snow_con_rt/bin'
[0.555s] Level 1:colcon.colcon_core.environment:checking '/home/bern/ws_snow/install/snow_con_rt/lib/pkgconfig/snow_con_rt.pc'
[0.555s] Level 1:colcon.colcon_core.environment:checking '/home/bern/ws_snow/install/snow_con_rt/lib/python3.10/site-packages'
[0.555s] Level 1:colcon.colcon_core.environment:checking '/home/bern/ws_snow/install/snow_con_rt/bin'
[0.555s] INFO:colcon.colcon_core.shell:Creating package script '/home/bern/ws_snow/install/snow_con_rt/share/snow_con_rt/package.ps1'
[0.556s] INFO:colcon.colcon_core.shell:Creating package descriptor '/home/bern/ws_snow/install/snow_con_rt/share/snow_con_rt/package.dsv'
[0.556s] INFO:colcon.colcon_core.shell:Creating package script '/home/bern/ws_snow/install/snow_con_rt/share/snow_con_rt/package.sh'
[0.556s] INFO:colcon.colcon_core.shell:Creating package script '/home/bern/ws_snow/install/snow_con_rt/share/snow_con_rt/package.bash'
[0.557s] INFO:colcon.colcon_core.shell:Creating package script '/home/bern/ws_snow/install/snow_con_rt/share/snow_con_rt/package.zsh'
[0.557s] Level 1:colcon.colcon_core.environment:create_file_with_runtime_dependencies(/home/bern/ws_snow/install/snow_con_rt/share/colcon-core/packages/snow_con_rt)
[0.584s] DEBUG:colcon.colcon_core.event_handler.log_command:Invoked command in '/home/bern/ws_snow/build/snow_con_rt' returned '0': CMAKE_PREFIX_PATH=${CMAKE_PREFIX_PATH}:/opt/ros/humble /usr/bin/cmake --install /home/bern/ws_snow/build/snow_con_rt
[0.596s] Level 1:colcon.colcon_core.environment:create_environment_scripts_only(hard_con)
[0.596s] Level 1:colcon.colcon_core.environment:checking '/home/bern/ws_snow/install/hard_con' for CMake module files
[0.597s] Level 1:colcon.colcon_core.environment:checking '/home/bern/ws_snow/install/hard_con' for CMake config files
[0.597s] Level 1:colcon.colcon_core.shell:create_environment_hook('hard_con', 'cmake_prefix_path')
[0.597s] INFO:colcon.colcon_core.shell:Creating environment hook '/home/bern/ws_snow/install/hard_con/share/hard_con/hook/cmake_prefix_path.ps1'
[0.598s] INFO:colcon.colcon_core.shell:Creating environment descriptor '/home/bern/ws_snow/install/hard_con/share/hard_con/hook/cmake_prefix_path.dsv'
[0.598s] INFO:colcon.colcon_core.shell:Creating environment hook '/home/bern/ws_snow/install/hard_con/share/hard_con/hook/cmake_prefix_path.sh'
[0.598s] Level 1:colcon.colcon_core.environment:checking '/home/bern/ws_snow/install/hard_con/lib'
[0.598s] Level 1:colcon.colcon_core.environment:checking '/home/bern/ws_snow/install/hard_con/bin'
[0.598s] Level 1:colcon.colcon_core.environment:checking '/home/bern/ws_snow/install/hard_con/lib/pkgconfig/hard_con.pc'
[0.599s] Level 1:colcon.colcon_core.environment:checking '/home/bern/ws_snow/install/hard_con/lib/python3.10/site-packages'
[0.599s] Level 1:colcon.colcon_core.environment:checking '/home/bern/ws_snow/install/hard_con/bin'
[0.599s] INFO:colcon.colcon_core.shell:Creating package script '/home/bern/ws_snow/install/hard_con/share/hard_con/package.ps1'
[0.599s] INFO:colcon.colcon_core.shell:Creating package descriptor '/home/bern/ws_snow/install/hard_con/share/hard_con/package.dsv'
[0.600s] INFO:colcon.colcon_core.shell:Creating package script '/home/bern/ws_snow/install/hard_con/share/hard_con/package.sh'
[0.600s] INFO:colcon.colcon_core.shell:Creating package script '/home/bern/ws_snow/install/hard_con/share/hard_con/package.bash'
[0.600s] INFO:colcon.colcon_core.shell:Creating package script '/home/bern/ws_snow/install/hard_con/share/hard_con/package.zsh'
[0.600s] Level 1:colcon.colcon_core.environment:create_file_with_runtime_dependencies(/home/bern/ws_snow/install/hard_con/share/colcon-core/packages/hard_con)
[0.601s] DEBUG:colcon.colcon_core.event_handler.log_command:Invoked command in '/home/bern/ws_snow/build/hard_con' returned '0': CMAKE_PREFIX_PATH=${CMAKE_PREFIX_PATH}:/opt/ros/humble /usr/bin/cmake --install /home/bern/ws_snow/build/hard_con
[0.629s] Level 1:colcon.colcon_core.environment:create_environment_scripts_only(urdf_tutorial)
[0.629s] DEBUG:colcon.colcon_core.event_handler.log_command:Invoking command in '/home/bern/ws_snow/build/snow_sim': CMAKE_PREFIX_PATH=${CMAKE_PREFIX_PATH}:/opt/ros/humble /usr/bin/cmake --install /home/bern/ws_snow/build/snow_sim
[0.630s] Level 1:colcon.colcon_core.environment:checking '/home/bern/ws_snow/install/urdf_tutorial' for CMake module files
[0.630s] Level 1:colcon.colcon_core.environment:checking '/home/bern/ws_snow/install/urdf_tutorial' for CMake config files
[0.631s] Level 1:colcon.colcon_core.shell:create_environment_hook('urdf_tutorial', 'cmake_prefix_path')
[0.631s] INFO:colcon.colcon_core.shell:Creating environment hook '/home/bern/ws_snow/install/urdf_tutorial/share/urdf_tutorial/hook/cmake_prefix_path.ps1'
[0.632s] INFO:colcon.colcon_core.shell:Creating environment descriptor '/home/bern/ws_snow/install/urdf_tutorial/share/urdf_tutorial/hook/cmake_prefix_path.dsv'
[0.632s] INFO:colcon.colcon_core.shell:Creating environment hook '/home/bern/ws_snow/install/urdf_tutorial/share/urdf_tutorial/hook/cmake_prefix_path.sh'
[0.633s] Level 1:colcon.colcon_core.environment:checking '/home/bern/ws_snow/install/urdf_tutorial/bin'
[0.633s] Level 1:colcon.colcon_core.environment:checking '/home/bern/ws_snow/install/urdf_tutorial/lib/pkgconfig/urdf_tutorial.pc'
[0.633s] Level 1:colcon.colcon_core.environment:checking '/home/bern/ws_snow/install/urdf_tutorial/lib/python3.10/site-packages'
[0.633s] Level 1:colcon.colcon_core.environment:checking '/home/bern/ws_snow/install/urdf_tutorial/bin'
[0.633s] INFO:colcon.colcon_core.shell:Creating package script '/home/bern/ws_snow/install/urdf_tutorial/share/urdf_tutorial/package.ps1'
[0.634s] INFO:colcon.colcon_core.shell:Creating package descriptor '/home/bern/ws_snow/install/urdf_tutorial/share/urdf_tutorial/package.dsv'
[0.634s] INFO:colcon.colcon_core.shell:Creating package script '/home/bern/ws_snow/install/urdf_tutorial/share/urdf_tutorial/package.sh'
[0.634s] INFO:colcon.colcon_core.shell:Creating package script '/home/bern/ws_snow/install/urdf_tutorial/share/urdf_tutorial/package.bash'
[0.635s] INFO:colcon.colcon_core.shell:Creating package script '/home/bern/ws_snow/install/urdf_tutorial/share/urdf_tutorial/package.zsh'
[0.635s] Level 1:colcon.colcon_core.environment:create_file_with_runtime_dependencies(/home/bern/ws_snow/install/urdf_tutorial/share/colcon-core/packages/urdf_tutorial)
[0.647s] Level 1:colcon.colcon_core.environment:create_environment_scripts_only(snow_sim)
[0.648s] Level 1:colcon.colcon_core.environment:checking '/home/bern/ws_snow/install/snow_sim' for CMake module files
[0.648s] Level 1:colcon.colcon_core.environment:checking '/home/bern/ws_snow/install/snow_sim' for CMake config files
[0.649s] Level 1:colcon.colcon_core.shell:create_environment_hook('snow_sim', 'cmake_prefix_path')
[0.649s] INFO:colcon.colcon_core.shell:Creating environment hook '/home/bern/ws_snow/install/snow_sim/share/snow_sim/hook/cmake_prefix_path.ps1'
[0.649s] INFO:colcon.colcon_core.shell:Creating environment descriptor '/home/bern/ws_snow/install/snow_sim/share/snow_sim/hook/cmake_prefix_path.dsv'
[0.650s] INFO:colcon.colcon_core.shell:Creating environment hook '/home/bern/ws_snow/install/snow_sim/share/snow_sim/hook/cmake_prefix_path.sh'
[0.650s] Level 1:colcon.colcon_core.environment:checking '/home/bern/ws_snow/install/snow_sim/lib'
[0.650s] Level 1:colcon.colcon_core.environment:checking '/home/bern/ws_snow/install/snow_sim/bin'
[0.650s] Level 1:colcon.colcon_core.environment:checking '/home/bern/ws_snow/install/snow_sim/lib/pkgconfig/snow_sim.pc'
[0.650s] Level 1:colcon.colcon_core.environment:checking '/home/bern/ws_snow/install/snow_sim/lib/python3.10/site-packages'
[0.651s] Level 1:colcon.colcon_core.environment:checking '/home/bern/ws_snow/install/snow_sim/bin'
[0.651s] INFO:colcon.colcon_core.shell:Creating package script '/home/bern/ws_snow/install/snow_sim/share/snow_sim/package.ps1'
[0.651s] INFO:colcon.colcon_core.shell:Creating package descriptor '/home/bern/ws_snow/install/snow_sim/share/snow_sim/package.dsv'
[0.652s] INFO:colcon.colcon_core.shell:Creating package script '/home/bern/ws_snow/install/snow_sim/share/snow_sim/package.sh'
[0.652s] INFO:colcon.colcon_core.shell:Creating package script '/home/bern/ws_snow/install/snow_sim/share/snow_sim/package.bash'
[0.652s] INFO:colcon.colcon_core.shell:Creating package script '/home/bern/ws_snow/install/snow_sim/share/snow_sim/package.zsh'
[0.652s] Level 1:colcon.colcon_core.environment:create_file_with_runtime_dependencies(/home/bern/ws_snow/install/snow_sim/share/colcon-core/packages/snow_sim)
[0.655s] DEBUG:colcon.colcon_core.event_handler.log_command:Invoked command in '/home/bern/ws_snow/build/snow_sim' returned '0': CMAKE_PREFIX_PATH=${CMAKE_PREFIX_PATH}:/opt/ros/humble /usr/bin/cmake --install /home/bern/ws_snow/build/snow_sim
[0.744s] Level 1:colcon.colcon_core.environment:create_environment_scripts_only(hard_con)
[0.745s] Level 1:colcon.colcon_core.environment:checking '/home/bern/ws_snow/install/hard_con' for CMake module files
[0.745s] Level 1:colcon.colcon_core.environment:checking '/home/bern/ws_snow/install/hard_con' for CMake config files
[0.745s] Level 1:colcon.colcon_core.shell:create_environment_hook('hard_con', 'cmake_prefix_path')
[0.746s] INFO:colcon.colcon_core.shell:Creating environment hook '/home/bern/ws_snow/install/hard_con/share/hard_con/hook/cmake_prefix_path.ps1'
[0.746s] INFO:colcon.colcon_core.shell:Creating environment descriptor '/home/bern/ws_snow/install/hard_con/share/hard_con/hook/cmake_prefix_path.dsv'
[0.746s] INFO:colcon.colcon_core.shell:Creating environment hook '/home/bern/ws_snow/install/hard_con/share/hard_con/hook/cmake_prefix_path.sh'
[0.747s] Level 1:colcon.colcon_core.environment:checking '/home/bern/ws_snow/install/hard_con/lib'
[0.747s] Level 1:colcon.colcon_core.environment:checking '/home/bern/ws_snow/install/hard_con/bin'
[0.747s] Level 1:colcon.colcon_core.environment:checking '/home/bern/ws_snow/install/hard_con/lib/pkgconfig/hard_con.pc'
[0.747s] Level 1:colcon.colcon_core.environment:checking '/home/bern/ws_snow/install/hard_con/lib/python3.10/site-packages'
[0.747s] Level 1:colcon.colcon_core.environment:checking '/home/bern/ws_snow/install/hard_con/bin'
[0.747s] INFO:colcon.colcon_core.shell:Creating package script '/home/bern/ws_snow/install/hard_con/share/hard_con/package.ps1'
[0.748s] INFO:colcon.colcon_core.shell:Creating package descriptor '/home/bern/ws_snow/install/hard_con/share/hard_con/package.dsv'
[0.748s] INFO:colcon.colcon_core.shell:Creating package script '/home/bern/ws_snow/install/hard_con/share/hard_con/package.sh'
[0.748s] INFO:colcon.colcon_core.shell:Creating package script '/home/bern/ws_snow/install/hard_con/share/hard_con/package.bash'
[0.749s] INFO:colcon.colcon_core.shell:Creating package script '/home/bern/ws_snow/install/hard_con/share/hard_con/package.zsh'
[0.749s] Level 1:colcon.colcon_core.environment:create_file_with_runtime_dependencies(/home/bern/ws_snow/install/hard_con/share/colcon-core/packages/hard_con)
[0.770s] Level 1:colcon.colcon_core.environment:create_environment_scripts_only(snow_sim)
[0.771s] Level 1:colcon.colcon_core.environment:checking '/home/bern/ws_snow/install/snow_sim' for CMake module files
[0.771s] Level 1:colcon.colcon_core.environment:checking '/home/bern/ws_snow/install/snow_sim' for CMake config files
[0.772s] Level 1:colcon.colcon_core.shell:create_environment_hook('snow_sim', 'cmake_prefix_path')
[0.772s] INFO:colcon.colcon_core.shell:Creating environment hook '/home/bern/ws_snow/install/snow_sim/share/snow_sim/hook/cmake_prefix_path.ps1'
[0.772s] INFO:colcon.colcon_core.shell:Creating environment descriptor '/home/bern/ws_snow/install/snow_sim/share/snow_sim/hook/cmake_prefix_path.dsv'
[0.776s] INFO:colcon.colcon_core.shell:Creating environment hook '/home/bern/ws_snow/install/snow_sim/share/snow_sim/hook/cmake_prefix_path.sh'
[0.777s] Level 1:colcon.colcon_core.environment:checking '/home/bern/ws_snow/install/snow_sim/lib'
[0.777s] Level 1:colcon.colcon_core.environment:checking '/home/bern/ws_snow/install/snow_sim/bin'
[0.777s] Level 1:colcon.colcon_core.environment:checking '/home/bern/ws_snow/install/snow_sim/lib/pkgconfig/snow_sim.pc'
[0.777s] Level 1:colcon.colcon_core.environment:checking '/home/bern/ws_snow/install/snow_sim/lib/python3.10/site-packages'
[0.777s] Level 1:colcon.colcon_core.environment:checking '/home/bern/ws_snow/install/snow_sim/bin'
[0.778s] INFO:colcon.colcon_core.shell:Creating package script '/home/bern/ws_snow/install/snow_sim/share/snow_sim/package.ps1'
[0.778s] INFO:colcon.colcon_core.shell:Creating package descriptor '/home/bern/ws_snow/install/snow_sim/share/snow_sim/package.dsv'
[0.778s] INFO:colcon.colcon_core.shell:Creating package script '/home/bern/ws_snow/install/snow_sim/share/snow_sim/package.sh'
[0.779s] INFO:colcon.colcon_core.shell:Creating package script '/home/bern/ws_snow/install/snow_sim/share/snow_sim/package.bash'
[0.779s] INFO:colcon.colcon_core.shell:Creating package script '/home/bern/ws_snow/install/snow_sim/share/snow_sim/package.zsh'
[0.779s] Level 1:colcon.colcon_core.environment:create_file_with_runtime_dependencies(/home/bern/ws_snow/install/snow_sim/share/colcon-core/packages/snow_sim)
[0.780s] Level 1:colcon.colcon_core.environment:create_environment_scripts_only(snow_con_rt)
[0.780s] Level 1:colcon.colcon_core.environment:checking '/home/bern/ws_snow/install/snow_con_rt' for CMake module files
[0.781s] Level 1:colcon.colcon_core.environment:checking '/home/bern/ws_snow/install/snow_con_rt' for CMake config files
[0.781s] Level 1:colcon.colcon_core.shell:create_environment_hook('snow_con_rt', 'cmake_prefix_path')
[0.781s] INFO:colcon.colcon_core.shell:Creating environment hook '/home/bern/ws_snow/install/snow_con_rt/share/snow_con_rt/hook/cmake_prefix_path.ps1'
[0.782s] INFO:colcon.colcon_core.shell:Creating environment descriptor '/home/bern/ws_snow/install/snow_con_rt/share/snow_con_rt/hook/cmake_prefix_path.dsv'
[0.782s] INFO:colcon.colcon_core.shell:Creating environment hook '/home/bern/ws_snow/install/snow_con_rt/share/snow_con_rt/hook/cmake_prefix_path.sh'
[0.782s] Level 1:colcon.colcon_core.environment:checking '/home/bern/ws_snow/install/snow_con_rt/lib'
[0.782s] Level 1:colcon.colcon_core.environment:checking '/home/bern/ws_snow/install/snow_con_rt/bin'
[0.782s] Level 1:colcon.colcon_core.environment:checking '/home/bern/ws_snow/install/snow_con_rt/lib/pkgconfig/snow_con_rt.pc'
[0.783s] Level 1:colcon.colcon_core.environment:checking '/home/bern/ws_snow/install/snow_con_rt/lib/python3.10/site-packages'
[0.783s] Level 1:colcon.colcon_core.environment:checking '/home/bern/ws_snow/install/snow_con_rt/bin'
[0.783s] INFO:colcon.colcon_core.shell:Creating package script '/home/bern/ws_snow/install/snow_con_rt/share/snow_con_rt/package.ps1'
[0.784s] INFO:colcon.colcon_core.shell:Creating package descriptor '/home/bern/ws_snow/install/snow_con_rt/share/snow_con_rt/package.dsv'
[0.784s] INFO:colcon.colcon_core.shell:Creating package script '/home/bern/ws_snow/install/snow_con_rt/share/snow_con_rt/package.sh'
[0.784s] INFO:colcon.colcon_core.shell:Creating package script '/home/bern/ws_snow/install/snow_con_rt/share/snow_con_rt/package.bash'
[0.785s] INFO:colcon.colcon_core.shell:Creating package script '/home/bern/ws_snow/install/snow_con_rt/share/snow_con_rt/package.zsh'
[0.785s] Level 1:colcon.colcon_core.environment:create_file_with_runtime_dependencies(/home/bern/ws_snow/install/snow_con_rt/share/colcon-core/packages/snow_con_rt)
[6.790s] DEBUG:colcon.colcon_core.event_handler.log_command:Invoked command in '/home/bern/ws_snow/build/snow_con' returned '0': CMAKE_PREFIX_PATH=${CMAKE_PREFIX_PATH}:/opt/ros/humble /usr/bin/cmake --build /home/bern/ws_snow/build/snow_con -- -j12 -l12
[6.849s] DEBUG:colcon.colcon_core.event_handler.log_command:Invoking command in '/home/bern/ws_snow/build/snow_con': CMAKE_PREFIX_PATH=${CMAKE_PREFIX_PATH}:/opt/ros/humble /usr/bin/cmake --install /home/bern/ws_snow/build/snow_con
[6.885s] Level 1:colcon.colcon_core.environment:create_environment_scripts_only(snow_con)
[6.885s] Level 1:colcon.colcon_core.environment:checking '/home/bern/ws_snow/install/snow_con' for CMake module files
[6.886s] Level 1:colcon.colcon_core.environment:checking '/home/bern/ws_snow/install/snow_con' for CMake config files
[6.886s] Level 1:colcon.colcon_core.shell:create_environment_hook('snow_con', 'cmake_prefix_path')
[6.886s] INFO:colcon.colcon_core.shell:Creating environment hook '/home/bern/ws_snow/install/snow_con/share/snow_con/hook/cmake_prefix_path.ps1'
[6.887s] INFO:colcon.colcon_core.shell:Creating environment descriptor '/home/bern/ws_snow/install/snow_con/share/snow_con/hook/cmake_prefix_path.dsv'
[6.887s] INFO:colcon.colcon_core.shell:Creating environment hook '/home/bern/ws_snow/install/snow_con/share/snow_con/hook/cmake_prefix_path.sh'
[6.887s] Level 1:colcon.colcon_core.environment:checking '/home/bern/ws_snow/install/snow_con/lib'
[6.887s] Level 1:colcon.colcon_core.environment:checking '/home/bern/ws_snow/install/snow_con/bin'
[6.887s] Level 1:colcon.colcon_core.environment:checking '/home/bern/ws_snow/install/snow_con/lib/pkgconfig/snow_con.pc'
[6.888s] Level 1:colcon.colcon_core.environment:checking '/home/bern/ws_snow/install/snow_con/lib/python3.10/site-packages'
[6.888s] Level 1:colcon.colcon_core.environment:checking '/home/bern/ws_snow/install/snow_con/bin'
[6.888s] INFO:colcon.colcon_core.shell:Creating package script '/home/bern/ws_snow/install/snow_con/share/snow_con/package.ps1'
[6.888s] INFO:colcon.colcon_core.shell:Creating package descriptor '/home/bern/ws_snow/install/snow_con/share/snow_con/package.dsv'
[6.889s] INFO:colcon.colcon_core.shell:Creating package script '/home/bern/ws_snow/install/snow_con/share/snow_con/package.sh'
[6.889s] INFO:colcon.colcon_core.shell:Creating package script '/home/bern/ws_snow/install/snow_con/share/snow_con/package.bash'
[6.889s] INFO:colcon.colcon_core.shell:Creating package script '/home/bern/ws_snow/install/snow_con/share/snow_con/package.zsh'
[6.889s] Level 1:colcon.colcon_core.environment:create_file_with_runtime_dependencies(/home/bern/ws_snow/install/snow_con/share/colcon-core/packages/snow_con)
[6.895s] DEBUG:colcon.colcon_core.event_handler.log_command:Invoked command in '/home/bern/ws_snow/build/snow_con' returned '0': CMAKE_PREFIX_PATH=${CMAKE_PREFIX_PATH}:/opt/ros/humble /usr/bin/cmake --install /home/bern/ws_snow/build/snow_con
[6.905s] Level 1:colcon.colcon_core.environment:create_environment_scripts_only(snow_con)
[6.905s] Level 1:colcon.colcon_core.environment:checking '/home/bern/ws_snow/install/snow_con' for CMake module files
[6.906s] Level 1:colcon.colcon_core.environment:checking '/home/bern/ws_snow/install/snow_con' for CMake config files
[6.906s] Level 1:colcon.colcon_core.shell:create_environment_hook('snow_con', 'cmake_prefix_path')
[6.906s] INFO:colcon.colcon_core.shell:Creating environment hook '/home/bern/ws_snow/install/snow_con/share/snow_con/hook/cmake_prefix_path.ps1'
[6.907s] INFO:colcon.colcon_core.shell:Creating environment descriptor '/home/bern/ws_snow/install/snow_con/share/snow_con/hook/cmake_prefix_path.dsv'
[6.907s] INFO:colcon.colcon_core.shell:Creating environment hook '/home/bern/ws_snow/install/snow_con/share/snow_con/hook/cmake_prefix_path.sh'
[6.907s] Level 1:colcon.colcon_core.environment:checking '/home/bern/ws_snow/install/snow_con/lib'
[6.907s] Level 1:colcon.colcon_core.environment:checking '/home/bern/ws_snow/install/snow_con/bin'
[6.907s] Level 1:colcon.colcon_core.environment:checking '/home/bern/ws_snow/install/snow_con/lib/pkgconfig/snow_con.pc'
[6.907s] Level 1:colcon.colcon_core.environment:checking '/home/bern/ws_snow/install/snow_con/lib/python3.10/site-packages'
[6.908s] Level 1:colcon.colcon_core.environment:checking '/home/bern/ws_snow/install/snow_con/bin'
[6.908s] INFO:colcon.colcon_core.shell:Creating package script '/home/bern/ws_snow/install/snow_con/share/snow_con/package.ps1'
[6.909s] INFO:colcon.colcon_core.shell:Creating package descriptor '/home/bern/ws_snow/install/snow_con/share/snow_con/package.dsv'
[6.909s] INFO:colcon.colcon_core.shell:Creating package script '/home/bern/ws_snow/install/snow_con/share/snow_con/package.sh'
[6.909s] INFO:colcon.colcon_core.shell:Creating package script '/home/bern/ws_snow/install/snow_con/share/snow_con/package.bash'
[6.909s] INFO:colcon.colcon_core.shell:Creating package script '/home/bern/ws_snow/install/snow_con/share/snow_con/package.zsh'
[6.910s] Level 1:colcon.colcon_core.environment:create_file_with_runtime_dependencies(/home/bern/ws_snow/install/snow_con/share/colcon-core/packages/snow_con)
[6.910s] DEBUG:colcon.colcon_parallel_executor.executor.parallel:closing loop
[6.910s] DEBUG:colcon.colcon_parallel_executor.executor.parallel:loop closed
[6.910s] DEBUG:colcon.colcon_parallel_executor.executor.parallel:run_until_complete finished with '0'
[6.910s] DEBUG:colcon.colcon_core.event_reactor:joining thread
[6.914s] INFO:colcon.colcon_core.plugin_system:Skipping extension 'colcon_notification.desktop_notification.terminal_notifier': Not used on non-Darwin systems
[6.914s] INFO:colcon.colcon_core.plugin_system:Skipping extension 'colcon_notification.desktop_notification.win32': Not used on non-Windows systems
[6.914s] INFO:colcon.colcon_notification.desktop_notification:Sending desktop notification using 'notify2'
[6.922s] DEBUG:colcon.colcon_core.event_reactor:joined thread
[6.923s] INFO:colcon.colcon_core.shell:Creating prefix script '/home/bern/ws_snow/install/local_setup.ps1'
[6.923s] INFO:colcon.colcon_core.shell:Creating prefix util module '/home/bern/ws_snow/install/_local_setup_util_ps1.py'
[6.928s] INFO:colcon.colcon_core.shell:Creating prefix chain script '/home/bern/ws_snow/install/setup.ps1'
[6.929s] INFO:colcon.colcon_core.shell:Creating prefix script '/home/bern/ws_snow/install/local_setup.sh'
[6.930s] INFO:colcon.colcon_core.shell:Creating prefix util module '/home/bern/ws_snow/install/_local_setup_util_sh.py'
[6.930s] INFO:colcon.colcon_core.shell:Creating prefix chain script '/home/bern/ws_snow/install/setup.sh'
[6.931s] INFO:colcon.colcon_core.shell:Creating prefix script '/home/bern/ws_snow/install/local_setup.bash'
[6.931s] INFO:colcon.colcon_core.shell:Creating prefix chain script '/home/bern/ws_snow/install/setup.bash'
[6.932s] INFO:colcon.colcon_core.shell:Creating prefix script '/home/bern/ws_snow/install/local_setup.zsh'
[6.933s] INFO:colcon.colcon_core.shell:Creating prefix chain script '/home/bern/ws_snow/install/setup.zsh'
