[0.017s] Invoking command in '/home/rhys/ws_snow/build/urdf_tutorial': CMAKE_PREFIX_PATH=${CMAKE_PREFIX_PATH}:/opt/ros/humble /usr/bin/cmake /home/rhys/ws_snow/src/urdf_tutorial -DCMAKE_INSTALL_PREFIX=/home/rhys/ws_snow/install/urdf_tutorial
[0.081s] -- The C compiler identification is GNU 11.3.0
[0.135s] -- The CXX compiler identification is GNU 11.3.0
[0.143s] -- Detecting C compiler ABI info
[0.201s] -- Detecting C compiler ABI info - done
[0.208s] -- Check for working C compiler: /usr/bin/cc - skipped
[0.208s] -- Detecting C compile features
[0.209s] -- Detecting C compile features - done
[0.212s] -- Detecting CXX compiler ABI info
[0.286s] -- Detecting CXX compiler ABI info - done
[0.294s] -- Check for working CXX compiler: /usr/bin/c++ - skipped
[0.294s] -- Detecting CXX compile features
[0.295s] -- Detecting CXX compile features - done
[0.297s] -- Found ament_cmake: 1.3.3 (/opt/ros/humble/share/ament_cmake/cmake)
[0.446s] -- Found Python3: /usr/bin/python3.10 (found version "3.10.6") found components: Interpreter 
[0.527s] -- Found ament_lint_auto: 0.12.5 (/opt/ros/humble/share/ament_lint_auto/cmake)
[0.588s] -- Configuring done
[0.591s] -- Generating done
[0.592s] -- Build files have been written to: /home/rhys/ws_snow/build/urdf_tutorial
[0.597s] Invoked command in '/home/rhys/ws_snow/build/urdf_tutorial' returned '0': CMAKE_PREFIX_PATH=${CMAKE_PREFIX_PATH}:/opt/ros/humble /usr/bin/cmake /home/rhys/ws_snow/src/urdf_tutorial -DCMAKE_INSTALL_PREFIX=/home/rhys/ws_snow/install/urdf_tutorial
[0.599s] Invoking command in '/home/rhys/ws_snow/build/urdf_tutorial': CMAKE_PREFIX_PATH=${CMAKE_PREFIX_PATH}:/opt/ros/humble /usr/bin/cmake --build /home/rhys/ws_snow/build/urdf_tutorial -- -j12 -l12
[0.630s] Invoked command in '/home/rhys/ws_snow/build/urdf_tutorial' returned '0': CMAKE_PREFIX_PATH=${CMAKE_PREFIX_PATH}:/opt/ros/humble /usr/bin/cmake --build /home/rhys/ws_snow/build/urdf_tutorial -- -j12 -l12
[0.655s] Invoking command in '/home/rhys/ws_snow/build/urdf_tutorial': CMAKE_PREFIX_PATH=${CMAKE_PREFIX_PATH}:/opt/ros/humble /usr/bin/cmake --install /home/rhys/ws_snow/build/urdf_tutorial
[0.660s] -- Install configuration: ""
[0.660s] -- Installing: /home/rhys/ws_snow/install/urdf_tutorial/share/urdf_tutorial/images
[0.660s] -- Installing: /home/rhys/ws_snow/install/urdf_tutorial/share/urdf_tutorial/images/myfirst.png
[0.660s] -- Installing: /home/rhys/ws_snow/install/urdf_tutorial/share/urdf_tutorial/images/visual.png
[0.661s] -- Installing: /home/rhys/ws_snow/install/urdf_tutorial/share/urdf_tutorial/images/flexible.png
[0.661s] -- Installing: /home/rhys/ws_snow/install/urdf_tutorial/share/urdf_tutorial/images/materials.png
[0.661s] -- Installing: /home/rhys/ws_snow/install/urdf_tutorial/share/urdf_tutorial/images/origins.png
[0.661s] -- Installing: /home/rhys/ws_snow/install/urdf_tutorial/share/urdf_tutorial/images/multipleshapes.png
[0.661s] -- Installing: /home/rhys/ws_snow/install/urdf_tutorial/share/urdf_tutorial/launch
[0.661s] -- Installing: /home/rhys/ws_snow/install/urdf_tutorial/share/urdf_tutorial/launch/display.launch.py
[0.662s] -- Installing: /home/rhys/ws_snow/install/urdf_tutorial/share/urdf_tutorial/meshes
[0.662s] -- Installing: /home/rhys/ws_snow/install/urdf_tutorial/share/urdf_tutorial/meshes/wm4_arm.STL
[0.662s] -- Installing: /home/rhys/ws_snow/install/urdf_tutorial/share/urdf_tutorial/meshes/wm2_wheel.STL
[0.662s] -- Installing: /home/rhys/ws_snow/install/urdf_tutorial/share/urdf_tutorial/meshes/wm4_steering_axis.STL
[0.662s] -- Installing: /home/rhys/ws_snow/install/urdf_tutorial/share/urdf_tutorial/meshes/wm2_base.STL
[0.662s] -- Installing: /home/rhys/ws_snow/install/urdf_tutorial/share/urdf_tutorial/meshes/wm1_arm.STL
[0.663s] -- Installing: /home/rhys/ws_snow/install/urdf_tutorial/share/urdf_tutorial/meshes/wm1_break_enc.STL
[0.663s] -- Installing: /home/rhys/ws_snow/install/urdf_tutorial/share/urdf_tutorial/meshes/wm3_break_enc.STL
[0.663s] -- Installing: /home/rhys/ws_snow/install/urdf_tutorial/share/urdf_tutorial/meshes/wm3_arm.STL
[0.663s] -- Installing: /home/rhys/ws_snow/install/urdf_tutorial/share/urdf_tutorial/meshes/wm2_steering_axis.STL
[0.663s] -- Installing: /home/rhys/ws_snow/install/urdf_tutorial/share/urdf_tutorial/meshes/wm4_base.STL
[0.663s] -- Installing: /home/rhys/ws_snow/install/urdf_tutorial/share/urdf_tutorial/meshes/old
[0.664s] -- Installing: /home/rhys/ws_snow/install/urdf_tutorial/share/urdf_tutorial/meshes/old/wm2_wheel.STL
[0.664s] -- Installing: /home/rhys/ws_snow/install/urdf_tutorial/share/urdf_tutorial/meshes/old/wm1.STL
[0.664s] -- Installing: /home/rhys/ws_snow/install/urdf_tutorial/share/urdf_tutorial/meshes/old/base_link.STL
[0.664s] -- Installing: /home/rhys/ws_snow/install/urdf_tutorial/share/urdf_tutorial/meshes/old/wm4_wheel.STL
[0.664s] -- Installing: /home/rhys/ws_snow/install/urdf_tutorial/share/urdf_tutorial/meshes/old/wm3_wheel.STL
[0.664s] -- Installing: /home/rhys/ws_snow/install/urdf_tutorial/share/urdf_tutorial/meshes/old/wm1_wheel.STL
[0.664s] -- Installing: /home/rhys/ws_snow/install/urdf_tutorial/share/urdf_tutorial/meshes/old/wm2.STL
[0.664s] -- Installing: /home/rhys/ws_snow/install/urdf_tutorial/share/urdf_tutorial/meshes/old/wm4.STL
[0.664s] -- Installing: /home/rhys/ws_snow/install/urdf_tutorial/share/urdf_tutorial/meshes/old/wm3.STL
[0.664s] -- Installing: /home/rhys/ws_snow/install/urdf_tutorial/share/urdf_tutorial/meshes/base_link.STL
[0.664s] -- Installing: /home/rhys/ws_snow/install/urdf_tutorial/share/urdf_tutorial/meshes/wm2_arm.STL
[0.665s] -- Installing: /home/rhys/ws_snow/install/urdf_tutorial/share/urdf_tutorial/meshes/wm3_steering_axis.STL
[0.665s] -- Installing: /home/rhys/ws_snow/install/urdf_tutorial/share/urdf_tutorial/meshes/wm1_steering_axis.STL
[0.665s] -- Installing: /home/rhys/ws_snow/install/urdf_tutorial/share/urdf_tutorial/meshes/wm3_base.STL
[0.665s] -- Installing: /home/rhys/ws_snow/install/urdf_tutorial/share/urdf_tutorial/meshes/wm4_wheel.STL
[0.665s] -- Installing: /home/rhys/ws_snow/install/urdf_tutorial/share/urdf_tutorial/meshes/wm1_base.STL
[0.665s] -- Installing: /home/rhys/ws_snow/install/urdf_tutorial/share/urdf_tutorial/meshes/wm2_break_enc.STL
[0.665s] -- Installing: /home/rhys/ws_snow/install/urdf_tutorial/share/urdf_tutorial/meshes/wm3_wheel.STL
[0.665s] -- Installing: /home/rhys/ws_snow/install/urdf_tutorial/share/urdf_tutorial/meshes/wm1_wheel.STL
[0.665s] -- Installing: /home/rhys/ws_snow/install/urdf_tutorial/share/urdf_tutorial/meshes/wm4_break_enc.STL
[0.666s] -- Installing: /home/rhys/ws_snow/install/urdf_tutorial/share/urdf_tutorial/rviz
[0.666s] -- Installing: /home/rhys/ws_snow/install/urdf_tutorial/share/urdf_tutorial/rviz/urdf.rviz
[0.666s] -- Installing: /home/rhys/ws_snow/install/urdf_tutorial/share/urdf_tutorial/urdf
[0.666s] -- Installing: /home/rhys/ws_snow/install/urdf_tutorial/share/urdf_tutorial/urdf/snow_complete_v1.urdf
[0.666s] -- Installing: /home/rhys/ws_snow/install/urdf_tutorial/share/urdf_tutorial/urdf/snow_complete_v2.urdf
[0.666s] -- Installing: /home/rhys/ws_snow/install/urdf_tutorial/share/urdf_tutorial/urdf/snow_complete_v3.urdf
[0.666s] -- Installing: /home/rhys/ws_snow/install/urdf_tutorial/share/urdf_tutorial/urdf/snowbot_simple_v3.urdf
[0.666s] -- Installing: /home/rhys/ws_snow/install/urdf_tutorial/share/urdf_tutorial/urdf/snow_v7.urdf
[0.666s] -- Installing: /home/rhys/ws_snow/install/urdf_tutorial/share/urdf_tutorial/urdf/test.urdf
[0.666s] -- Installing: /home/rhys/ws_snow/install/urdf_tutorial/share/urdf_tutorial/urdf/snow.urdf
[0.667s] -- Installing: /home/rhys/ws_snow/install/urdf_tutorial/share/urdf_tutorial/urdf/snowbot_simple.urdf
[0.667s] -- Installing: /home/rhys/ws_snow/install/urdf_tutorial/share/urdf_tutorial/urdf/snow_v4.urdf
[0.667s] -- Installing: /home/rhys/ws_snow/install/urdf_tutorial/share/urdf_tutorial/urdf/snow_v3.urdf
[0.667s] -- Installing: /home/rhys/ws_snow/install/urdf_tutorial/share/urdf_tutorial/urdf/snow_v5.urdf
[0.667s] -- Installing: /home/rhys/ws_snow/install/urdf_tutorial/share/urdf_tutorial/urdf/snow_collision_v1.urdf
[0.667s] -- Installing: /home/rhys/ws_snow/install/urdf_tutorial/share/urdf_tutorial/urdf/snowbot_simple_v4.urdf
[0.667s] -- Installing: /home/rhys/ws_snow/install/urdf_tutorial/share/urdf_tutorial/urdf/snow_v2.zip
[0.668s] -- Installing: /home/rhys/ws_snow/install/urdf_tutorial/share/urdf_tutorial/urdf/snow_v6.urdf
[0.668s] -- Installing: /home/rhys/ws_snow/install/urdf_tutorial/share/urdf_tutorial/urdf/snowbot_simple_v2.urdf
[0.668s] -- Installing: /home/rhys/ws_snow/install/urdf_tutorial/share/urdf_tutorial/meshes_v2
[0.668s] -- Installing: /home/rhys/ws_snow/install/urdf_tutorial/share/urdf_tutorial/meshes_v2/wm4_arm.STL
[0.669s] -- Installing: /home/rhys/ws_snow/install/urdf_tutorial/share/urdf_tutorial/meshes_v2/wm2_wheel.STL
[0.670s] -- Installing: /home/rhys/ws_snow/install/urdf_tutorial/share/urdf_tutorial/meshes_v2/wm4_steering_axis.STL
[0.670s] -- Installing: /home/rhys/ws_snow/install/urdf_tutorial/share/urdf_tutorial/meshes_v2/wm2_base.STL
[0.672s] -- Installing: /home/rhys/ws_snow/install/urdf_tutorial/share/urdf_tutorial/meshes_v2/wm1_arm.STL
[0.673s] -- Installing: /home/rhys/ws_snow/install/urdf_tutorial/share/urdf_tutorial/meshes_v2/wm4_brake_enc.STL
[0.676s] -- Installing: /home/rhys/ws_snow/install/urdf_tutorial/share/urdf_tutorial/meshes_v2/wm3_arm.STL
[0.677s] -- Installing: /home/rhys/ws_snow/install/urdf_tutorial/share/urdf_tutorial/meshes_v2/wm2_steering_axis.STL
[0.677s] -- Installing: /home/rhys/ws_snow/install/urdf_tutorial/share/urdf_tutorial/meshes_v2/wm4_base.STL
[0.678s] -- Installing: /home/rhys/ws_snow/install/urdf_tutorial/share/urdf_tutorial/meshes_v2/old
[0.679s] -- Installing: /home/rhys/ws_snow/install/urdf_tutorial/share/urdf_tutorial/meshes_v2/old/wm2_wheel.STL
[0.679s] -- Installing: /home/rhys/ws_snow/install/urdf_tutorial/share/urdf_tutorial/meshes_v2/old/wm1.STL
[0.679s] -- Installing: /home/rhys/ws_snow/install/urdf_tutorial/share/urdf_tutorial/meshes_v2/old/base_link.STL
[0.679s] -- Installing: /home/rhys/ws_snow/install/urdf_tutorial/share/urdf_tutorial/meshes_v2/old/wm4_wheel.STL
[0.679s] -- Installing: /home/rhys/ws_snow/install/urdf_tutorial/share/urdf_tutorial/meshes_v2/old/wm3_wheel.STL
[0.679s] -- Installing: /home/rhys/ws_snow/install/urdf_tutorial/share/urdf_tutorial/meshes_v2/old/wm1_wheel.STL
[0.679s] -- Installing: /home/rhys/ws_snow/install/urdf_tutorial/share/urdf_tutorial/meshes_v2/old/wm2.STL
[0.680s] -- Installing: /home/rhys/ws_snow/install/urdf_tutorial/share/urdf_tutorial/meshes_v2/old/wm4.STL
[0.680s] -- Installing: /home/rhys/ws_snow/install/urdf_tutorial/share/urdf_tutorial/meshes_v2/old/wm3.STL
[0.680s] -- Installing: /home/rhys/ws_snow/install/urdf_tutorial/share/urdf_tutorial/meshes_v2/old_2
[0.680s] -- Installing: /home/rhys/ws_snow/install/urdf_tutorial/share/urdf_tutorial/meshes_v2/old_2/wm4_arm.STL
[0.680s] -- Installing: /home/rhys/ws_snow/install/urdf_tutorial/share/urdf_tutorial/meshes_v2/old_2/wm2_wheel.STL
[0.680s] -- Installing: /home/rhys/ws_snow/install/urdf_tutorial/share/urdf_tutorial/meshes_v2/old_2/wm4_steering_axis.STL
[0.680s] -- Installing: /home/rhys/ws_snow/install/urdf_tutorial/share/urdf_tutorial/meshes_v2/old_2/wm2_base.STL
[0.680s] -- Installing: /home/rhys/ws_snow/install/urdf_tutorial/share/urdf_tutorial/meshes_v2/old_2/wm1_arm.STL
[0.680s] -- Installing: /home/rhys/ws_snow/install/urdf_tutorial/share/urdf_tutorial/meshes_v2/old_2/wm1_break_enc.STL
[0.680s] -- Installing: /home/rhys/ws_snow/install/urdf_tutorial/share/urdf_tutorial/meshes_v2/old_2/wm3_break_enc.STL
[0.680s] -- Installing: /home/rhys/ws_snow/install/urdf_tutorial/share/urdf_tutorial/meshes_v2/old_2/wm3_arm.STL
[0.681s] -- Installing: /home/rhys/ws_snow/install/urdf_tutorial/share/urdf_tutorial/meshes_v2/old_2/wm2_steering_axis.STL
[0.681s] -- Installing: /home/rhys/ws_snow/install/urdf_tutorial/share/urdf_tutorial/meshes_v2/old_2/wm4_base.STL
[0.681s] -- Installing: /home/rhys/ws_snow/install/urdf_tutorial/share/urdf_tutorial/meshes_v2/old_2/base_link.STL
[0.681s] -- Installing: /home/rhys/ws_snow/install/urdf_tutorial/share/urdf_tutorial/meshes_v2/old_2/wm2_arm.STL
[0.681s] -- Installing: /home/rhys/ws_snow/install/urdf_tutorial/share/urdf_tutorial/meshes_v2/old_2/wm3_steering_axis.STL
[0.681s] -- Installing: /home/rhys/ws_snow/install/urdf_tutorial/share/urdf_tutorial/meshes_v2/old_2/wm1_steering_axis.STL
[0.681s] -- Installing: /home/rhys/ws_snow/install/urdf_tutorial/share/urdf_tutorial/meshes_v2/old_2/wm3_base.STL
[0.681s] -- Installing: /home/rhys/ws_snow/install/urdf_tutorial/share/urdf_tutorial/meshes_v2/old_2/wm4_wheel.STL
[0.681s] -- Installing: /home/rhys/ws_snow/install/urdf_tutorial/share/urdf_tutorial/meshes_v2/old_2/wm1_base.STL
[0.682s] -- Installing: /home/rhys/ws_snow/install/urdf_tutorial/share/urdf_tutorial/meshes_v2/old_2/wm2_break_enc.STL
[0.682s] -- Installing: /home/rhys/ws_snow/install/urdf_tutorial/share/urdf_tutorial/meshes_v2/old_2/wm3_wheel.STL
[0.682s] -- Installing: /home/rhys/ws_snow/install/urdf_tutorial/share/urdf_tutorial/meshes_v2/old_2/wm1_wheel.STL
[0.682s] -- Installing: /home/rhys/ws_snow/install/urdf_tutorial/share/urdf_tutorial/meshes_v2/old_2/wm4_break_enc.STL
[0.682s] -- Installing: /home/rhys/ws_snow/install/urdf_tutorial/share/urdf_tutorial/meshes_v2/base_link.STL
[0.701s] -- Installing: /home/rhys/ws_snow/install/urdf_tutorial/share/urdf_tutorial/meshes_v2/wm2_arm.STL
[0.702s] -- Installing: /home/rhys/ws_snow/install/urdf_tutorial/share/urdf_tutorial/meshes_v2/wm1_brake_enc.STL
[0.705s] -- Installing: /home/rhys/ws_snow/install/urdf_tutorial/share/urdf_tutorial/meshes_v2/wm3_steering_axis.STL
[0.705s] -- Installing: /home/rhys/ws_snow/install/urdf_tutorial/share/urdf_tutorial/meshes_v2/wm3_brake_enc.STL
[0.707s] -- Installing: /home/rhys/ws_snow/install/urdf_tutorial/share/urdf_tutorial/meshes_v2/wm1_steering_axis.STL
[0.708s] -- Installing: /home/rhys/ws_snow/install/urdf_tutorial/share/urdf_tutorial/meshes_v2/wm3_base.STL
[0.709s] -- Installing: /home/rhys/ws_snow/install/urdf_tutorial/share/urdf_tutorial/meshes_v2/wm4_wheel.STL
[0.709s] -- Installing: /home/rhys/ws_snow/install/urdf_tutorial/share/urdf_tutorial/meshes_v2/snow_v5
[0.710s] -- Installing: /home/rhys/ws_snow/install/urdf_tutorial/share/urdf_tutorial/meshes_v2/snow_v5/wm4_arm.STL
[0.710s] -- Installing: /home/rhys/ws_snow/install/urdf_tutorial/share/urdf_tutorial/meshes_v2/snow_v5/wm2_wheel.STL
[0.710s] -- Installing: /home/rhys/ws_snow/install/urdf_tutorial/share/urdf_tutorial/meshes_v2/snow_v5/wm4_steering_axis.STL
[0.710s] -- Installing: /home/rhys/ws_snow/install/urdf_tutorial/share/urdf_tutorial/meshes_v2/snow_v5/wm2_base.STL
[0.710s] -- Installing: /home/rhys/ws_snow/install/urdf_tutorial/share/urdf_tutorial/meshes_v2/snow_v5/wm1_arm.STL
[0.710s] -- Installing: /home/rhys/ws_snow/install/urdf_tutorial/share/urdf_tutorial/meshes_v2/snow_v5/wm1_break_enc.STL
[0.711s] -- Installing: /home/rhys/ws_snow/install/urdf_tutorial/share/urdf_tutorial/meshes_v2/snow_v5/wm3_break_enc.STL
[0.711s] -- Installing: /home/rhys/ws_snow/install/urdf_tutorial/share/urdf_tutorial/meshes_v2/snow_v5/wm3_arm.STL
[0.711s] -- Installing: /home/rhys/ws_snow/install/urdf_tutorial/share/urdf_tutorial/meshes_v2/snow_v5/wm2_steering_axis.STL
[0.711s] -- Installing: /home/rhys/ws_snow/install/urdf_tutorial/share/urdf_tutorial/meshes_v2/snow_v5/wm4_base.STL
[0.711s] -- Installing: /home/rhys/ws_snow/install/urdf_tutorial/share/urdf_tutorial/meshes_v2/snow_v5/base_link.STL
[0.711s] -- Installing: /home/rhys/ws_snow/install/urdf_tutorial/share/urdf_tutorial/meshes_v2/snow_v5/wm2_arm.STL
[0.711s] -- Installing: /home/rhys/ws_snow/install/urdf_tutorial/share/urdf_tutorial/meshes_v2/snow_v5/wm3_steering_axis.STL
[0.712s] -- Installing: /home/rhys/ws_snow/install/urdf_tutorial/share/urdf_tutorial/meshes_v2/snow_v5/wm1_steering_axis.STL
[0.712s] -- Installing: /home/rhys/ws_snow/install/urdf_tutorial/share/urdf_tutorial/meshes_v2/snow_v5/wm3_base.STL
[0.712s] -- Installing: /home/rhys/ws_snow/install/urdf_tutorial/share/urdf_tutorial/meshes_v2/snow_v5/wm4_wheel.STL
[0.712s] -- Installing: /home/rhys/ws_snow/install/urdf_tutorial/share/urdf_tutorial/meshes_v2/snow_v5/wm1_base.STL
[0.712s] -- Installing: /home/rhys/ws_snow/install/urdf_tutorial/share/urdf_tutorial/meshes_v2/snow_v5/wm2_break_enc.STL
[0.712s] -- Installing: /home/rhys/ws_snow/install/urdf_tutorial/share/urdf_tutorial/meshes_v2/snow_v5/wm3_wheel.STL
[0.712s] -- Installing: /home/rhys/ws_snow/install/urdf_tutorial/share/urdf_tutorial/meshes_v2/snow_v5/wm1_wheel.STL
[0.712s] -- Installing: /home/rhys/ws_snow/install/urdf_tutorial/share/urdf_tutorial/meshes_v2/snow_v5/wm4_break_enc.STL
[0.713s] -- Installing: /home/rhys/ws_snow/install/urdf_tutorial/share/urdf_tutorial/meshes_v2/wm1_base.STL
[0.714s] -- Installing: /home/rhys/ws_snow/install/urdf_tutorial/share/urdf_tutorial/meshes_v2/wm3_wheel.STL
[0.714s] -- Installing: /home/rhys/ws_snow/install/urdf_tutorial/share/urdf_tutorial/meshes_v2/wm1_wheel.STL
[0.714s] -- Installing: /home/rhys/ws_snow/install/urdf_tutorial/share/urdf_tutorial/meshes_v2/wm2_brake_enc.STL
[0.717s] -- Installing: /home/rhys/ws_snow/install/urdf_tutorial/share/urdf_tutorial/meshes_visual
[0.717s] -- Installing: /home/rhys/ws_snow/install/urdf_tutorial/share/urdf_tutorial/meshes_visual/wm4_arm.STL
[0.752s] -- Installing: /home/rhys/ws_snow/install/urdf_tutorial/share/urdf_tutorial/meshes_visual/wm2_wheel.STL
[0.787s] -- Installing: /home/rhys/ws_snow/install/urdf_tutorial/share/urdf_tutorial/meshes_visual/wm4_steering_axis.STL
[0.820s] -- Installing: /home/rhys/ws_snow/install/urdf_tutorial/share/urdf_tutorial/meshes_visual/wm2_base.STL
[0.854s] -- Installing: /home/rhys/ws_snow/install/urdf_tutorial/share/urdf_tutorial/meshes_visual/wm1_arm.STL
[0.887s] -- Installing: /home/rhys/ws_snow/install/urdf_tutorial/share/urdf_tutorial/meshes_visual/wm4_brake_enc.STL
[0.921s] -- Installing: /home/rhys/ws_snow/install/urdf_tutorial/share/urdf_tutorial/meshes_visual/wm3_arm.STL
[0.955s] -- Installing: /home/rhys/ws_snow/install/urdf_tutorial/share/urdf_tutorial/meshes_visual/wm2_steering_axis.STL
[0.991s] -- Installing: /home/rhys/ws_snow/install/urdf_tutorial/share/urdf_tutorial/meshes_visual/wm4_base.STL
[1.033s] -- Installing: /home/rhys/ws_snow/install/urdf_tutorial/share/urdf_tutorial/meshes_visual/base_link.STL
[1.268s] -- Installing: /home/rhys/ws_snow/install/urdf_tutorial/share/urdf_tutorial/meshes_visual/wm2_arm.STL
[1.323s] -- Installing: /home/rhys/ws_snow/install/urdf_tutorial/share/urdf_tutorial/meshes_visual/wm1_brake_enc.STL
[1.356s] -- Installing: /home/rhys/ws_snow/install/urdf_tutorial/share/urdf_tutorial/meshes_visual/wm3_steering_axis.STL
[1.388s] -- Installing: /home/rhys/ws_snow/install/urdf_tutorial/share/urdf_tutorial/meshes_visual/wm3_brake_enc.STL
[1.422s] -- Installing: /home/rhys/ws_snow/install/urdf_tutorial/share/urdf_tutorial/meshes_visual/wm1_steering_axis.STL
[1.454s] -- Installing: /home/rhys/ws_snow/install/urdf_tutorial/share/urdf_tutorial/meshes_visual/wm3_base.STL
[1.488s] -- Installing: /home/rhys/ws_snow/install/urdf_tutorial/share/urdf_tutorial/meshes_visual/wm4_wheel.STL
[1.523s] -- Installing: /home/rhys/ws_snow/install/urdf_tutorial/share/urdf_tutorial/meshes_visual/wm1_base.STL
[1.557s] -- Installing: /home/rhys/ws_snow/install/urdf_tutorial/share/urdf_tutorial/meshes_visual/wm3_wheel.STL
[1.592s] -- Installing: /home/rhys/ws_snow/install/urdf_tutorial/share/urdf_tutorial/meshes_visual/wm1_wheel.STL
[1.627s] -- Installing: /home/rhys/ws_snow/install/urdf_tutorial/share/urdf_tutorial/meshes_visual/wm2_brake_enc.STL
[1.661s] -- Installing: /home/rhys/ws_snow/install/urdf_tutorial/share/ament_index/resource_index/package_run_dependencies/urdf_tutorial
[1.661s] -- Installing: /home/rhys/ws_snow/install/urdf_tutorial/share/ament_index/resource_index/parent_prefix_path/urdf_tutorial
[1.661s] -- Installing: /home/rhys/ws_snow/install/urdf_tutorial/share/urdf_tutorial/environment/ament_prefix_path.sh
[1.661s] -- Installing: /home/rhys/ws_snow/install/urdf_tutorial/share/urdf_tutorial/environment/ament_prefix_path.dsv
[1.662s] -- Installing: /home/rhys/ws_snow/install/urdf_tutorial/share/urdf_tutorial/environment/path.sh
[1.662s] -- Installing: /home/rhys/ws_snow/install/urdf_tutorial/share/urdf_tutorial/environment/path.dsv
[1.662s] -- Installing: /home/rhys/ws_snow/install/urdf_tutorial/share/urdf_tutorial/local_setup.bash
[1.662s] -- Installing: /home/rhys/ws_snow/install/urdf_tutorial/share/urdf_tutorial/local_setup.sh
[1.662s] -- Installing: /home/rhys/ws_snow/install/urdf_tutorial/share/urdf_tutorial/local_setup.zsh
[1.662s] -- Installing: /home/rhys/ws_snow/install/urdf_tutorial/share/urdf_tutorial/local_setup.dsv
[1.662s] -- Installing: /home/rhys/ws_snow/install/urdf_tutorial/share/urdf_tutorial/package.dsv
[1.662s] -- Installing: /home/rhys/ws_snow/install/urdf_tutorial/share/ament_index/resource_index/packages/urdf_tutorial
[1.663s] -- Installing: /home/rhys/ws_snow/install/urdf_tutorial/share/urdf_tutorial/cmake/urdf_tutorialConfig.cmake
[1.663s] -- Installing: /home/rhys/ws_snow/install/urdf_tutorial/share/urdf_tutorial/cmake/urdf_tutorialConfig-version.cmake
[1.663s] -- Installing: /home/rhys/ws_snow/install/urdf_tutorial/share/urdf_tutorial/package.xml
[1.664s] Invoked command in '/home/rhys/ws_snow/build/urdf_tutorial' returned '0': CMAKE_PREFIX_PATH=${CMAKE_PREFIX_PATH}:/opt/ros/humble /usr/bin/cmake --install /home/rhys/ws_snow/build/urdf_tutorial
