[0.013s] Invoking command in '/home/bern/ws_snow/build/urdf_tutorial': CMAKE_PREFIX_PATH=${CMAKE_PREFIX_PATH}:/opt/ros/humble /usr/bin/cmake /home/bern/ws_snow/src/urdf_tutorial -DCMAKE_INSTALL_PREFIX=/home/bern/ws_snow/install/urdf_tutorial
[0.056s] -- The C compiler identification is GNU 11.4.0
[0.102s] -- The CXX compiler identification is GNU 11.4.0
[0.110s] -- Detecting C compiler ABI info
[0.159s] -- Detecting C compiler ABI info - done
[0.168s] -- Check for working C compiler: /usr/bin/cc - skipped
[0.168s] -- Detecting C compile features
[0.169s] -- Detecting C compile features - done
[0.172s] -- Detecting CXX compiler ABI info
[0.233s] -- Detecting CXX compiler ABI info - done
[0.243s] -- Check for working CXX compiler: /usr/bin/c++ - skipped
[0.243s] -- Detecting CXX compile features
[0.243s] -- Detecting CXX compile features - done
[0.245s] -- Found ament_cmake: 1.3.9 (/opt/ros/humble/share/ament_cmake/cmake)
[0.346s] -- Found Python3: /usr/bin/python3 (found version "3.10.12") found components: Interpreter 
[0.402s] -- Found ament_lint_auto: 0.12.11 (/opt/ros/humble/share/ament_lint_auto/cmake)
[0.443s] -- Configuring done
[0.444s] -- Generating done
[0.445s] -- Build files have been written to: /home/bern/ws_snow/build/urdf_tutorial
[0.448s] Invoked command in '/home/bern/ws_snow/build/urdf_tutorial' returned '0': CMAKE_PREFIX_PATH=${CMAKE_PREFIX_PATH}:/opt/ros/humble /usr/bin/cmake /home/bern/ws_snow/src/urdf_tutorial -DCMAKE_INSTALL_PREFIX=/home/bern/ws_snow/install/urdf_tutorial
[0.449s] Invoking command in '/home/bern/ws_snow/build/urdf_tutorial': CMAKE_PREFIX_PATH=${CMAKE_PREFIX_PATH}:/opt/ros/humble /usr/bin/cmake --build /home/bern/ws_snow/build/urdf_tutorial -- -j12 -l12
[0.472s] Invoked command in '/home/bern/ws_snow/build/urdf_tutorial' returned '0': CMAKE_PREFIX_PATH=${CMAKE_PREFIX_PATH}:/opt/ros/humble /usr/bin/cmake --build /home/bern/ws_snow/build/urdf_tutorial -- -j12 -l12
[0.490s] Invoking command in '/home/bern/ws_snow/build/urdf_tutorial': CMAKE_PREFIX_PATH=${CMAKE_PREFIX_PATH}:/opt/ros/humble /usr/bin/cmake --install /home/bern/ws_snow/build/urdf_tutorial
[0.495s] -- Install configuration: ""
[0.495s] -- Installing: /home/bern/ws_snow/install/urdf_tutorial/share/urdf_tutorial/images
[0.495s] -- Installing: /home/bern/ws_snow/install/urdf_tutorial/share/urdf_tutorial/images/multipleshapes.png
[0.495s] -- Installing: /home/bern/ws_snow/install/urdf_tutorial/share/urdf_tutorial/images/origins.png
[0.495s] -- Installing: /home/bern/ws_snow/install/urdf_tutorial/share/urdf_tutorial/images/myfirst.png
[0.495s] -- Installing: /home/bern/ws_snow/install/urdf_tutorial/share/urdf_tutorial/images/materials.png
[0.495s] -- Installing: /home/bern/ws_snow/install/urdf_tutorial/share/urdf_tutorial/images/visual.png
[0.495s] -- Installing: /home/bern/ws_snow/install/urdf_tutorial/share/urdf_tutorial/images/flexible.png
[0.495s] -- Installing: /home/bern/ws_snow/install/urdf_tutorial/share/urdf_tutorial/launch
[0.495s] -- Installing: /home/bern/ws_snow/install/urdf_tutorial/share/urdf_tutorial/launch/display.launch.py
[0.496s] -- Installing: /home/bern/ws_snow/install/urdf_tutorial/share/urdf_tutorial/meshes
[0.496s] -- Installing: /home/bern/ws_snow/install/urdf_tutorial/share/urdf_tutorial/meshes/wm1_steering_axis.STL
[0.496s] -- Installing: /home/bern/ws_snow/install/urdf_tutorial/share/urdf_tutorial/meshes/wm4_base.STL
[0.496s] -- Installing: /home/bern/ws_snow/install/urdf_tutorial/share/urdf_tutorial/meshes/wm3_wheel.STL
[0.496s] -- Installing: /home/bern/ws_snow/install/urdf_tutorial/share/urdf_tutorial/meshes/wm3_steering_axis.STL
[0.496s] -- Installing: /home/bern/ws_snow/install/urdf_tutorial/share/urdf_tutorial/meshes/wm3_arm.STL
[0.496s] -- Installing: /home/bern/ws_snow/install/urdf_tutorial/share/urdf_tutorial/meshes/wm2_break_enc.STL
[0.496s] -- Installing: /home/bern/ws_snow/install/urdf_tutorial/share/urdf_tutorial/meshes/wm4_wheel.STL
[0.496s] -- Installing: /home/bern/ws_snow/install/urdf_tutorial/share/urdf_tutorial/meshes/wm1_break_enc.STL
[0.496s] -- Installing: /home/bern/ws_snow/install/urdf_tutorial/share/urdf_tutorial/meshes/old
[0.496s] -- Installing: /home/bern/ws_snow/install/urdf_tutorial/share/urdf_tutorial/meshes/old/wm3_wheel.STL
[0.496s] -- Installing: /home/bern/ws_snow/install/urdf_tutorial/share/urdf_tutorial/meshes/old/wm4_wheel.STL
[0.497s] -- Installing: /home/bern/ws_snow/install/urdf_tutorial/share/urdf_tutorial/meshes/old/wm3.STL
[0.497s] -- Installing: /home/bern/ws_snow/install/urdf_tutorial/share/urdf_tutorial/meshes/old/wm2.STL
[0.497s] -- Installing: /home/bern/ws_snow/install/urdf_tutorial/share/urdf_tutorial/meshes/old/wm1.STL
[0.497s] -- Installing: /home/bern/ws_snow/install/urdf_tutorial/share/urdf_tutorial/meshes/old/wm2_wheel.STL
[0.497s] -- Installing: /home/bern/ws_snow/install/urdf_tutorial/share/urdf_tutorial/meshes/old/base_link.STL
[0.497s] -- Installing: /home/bern/ws_snow/install/urdf_tutorial/share/urdf_tutorial/meshes/old/wm1_wheel.STL
[0.497s] -- Installing: /home/bern/ws_snow/install/urdf_tutorial/share/urdf_tutorial/meshes/old/wm4.STL
[0.497s] -- Installing: /home/bern/ws_snow/install/urdf_tutorial/share/urdf_tutorial/meshes/wm1_arm.STL
[0.497s] -- Installing: /home/bern/ws_snow/install/urdf_tutorial/share/urdf_tutorial/meshes/wm4_arm.STL
[0.497s] -- Installing: /home/bern/ws_snow/install/urdf_tutorial/share/urdf_tutorial/meshes/wm4_break_enc.STL
[0.497s] -- Installing: /home/bern/ws_snow/install/urdf_tutorial/share/urdf_tutorial/meshes/wm2_wheel.STL
[0.498s] -- Installing: /home/bern/ws_snow/install/urdf_tutorial/share/urdf_tutorial/meshes/wm2_arm.STL
[0.498s] -- Installing: /home/bern/ws_snow/install/urdf_tutorial/share/urdf_tutorial/meshes/base_link.STL
[0.498s] -- Installing: /home/bern/ws_snow/install/urdf_tutorial/share/urdf_tutorial/meshes/wm2_base.STL
[0.498s] -- Installing: /home/bern/ws_snow/install/urdf_tutorial/share/urdf_tutorial/meshes/wm2_steering_axis.STL
[0.498s] -- Installing: /home/bern/ws_snow/install/urdf_tutorial/share/urdf_tutorial/meshes/wm1_wheel.STL
[0.498s] -- Installing: /home/bern/ws_snow/install/urdf_tutorial/share/urdf_tutorial/meshes/wm3_break_enc.STL
[0.498s] -- Installing: /home/bern/ws_snow/install/urdf_tutorial/share/urdf_tutorial/meshes/wm1_base.STL
[0.498s] -- Installing: /home/bern/ws_snow/install/urdf_tutorial/share/urdf_tutorial/meshes/wm4_steering_axis.STL
[0.498s] -- Installing: /home/bern/ws_snow/install/urdf_tutorial/share/urdf_tutorial/meshes/wm3_base.STL
[0.498s] -- Installing: /home/bern/ws_snow/install/urdf_tutorial/share/urdf_tutorial/rviz
[0.498s] -- Installing: /home/bern/ws_snow/install/urdf_tutorial/share/urdf_tutorial/rviz/urdf.rviz
[0.498s] -- Installing: /home/bern/ws_snow/install/urdf_tutorial/share/urdf_tutorial/urdf
[0.499s] -- Installing: /home/bern/ws_snow/install/urdf_tutorial/share/urdf_tutorial/urdf/snow_v5.urdf
[0.499s] -- Installing: /home/bern/ws_snow/install/urdf_tutorial/share/urdf_tutorial/urdf/snowbot_simple.urdf
[0.499s] -- Installing: /home/bern/ws_snow/install/urdf_tutorial/share/urdf_tutorial/urdf/snowbot_simple_v3.urdf
[0.499s] -- Installing: /home/bern/ws_snow/install/urdf_tutorial/share/urdf_tutorial/urdf/snow_v7.urdf
[0.499s] -- Installing: /home/bern/ws_snow/install/urdf_tutorial/share/urdf_tutorial/urdf/snow_complete_v2.urdf
[0.499s] -- Installing: /home/bern/ws_snow/install/urdf_tutorial/share/urdf_tutorial/urdf/snow_collision_v1.urdf
[0.499s] -- Installing: /home/bern/ws_snow/install/urdf_tutorial/share/urdf_tutorial/urdf/snowbot_simple_v2.urdf
[0.499s] -- Installing: /home/bern/ws_snow/install/urdf_tutorial/share/urdf_tutorial/urdf/snow_v4.urdf
[0.499s] -- Installing: /home/bern/ws_snow/install/urdf_tutorial/share/urdf_tutorial/urdf/test.urdf
[0.499s] -- Installing: /home/bern/ws_snow/install/urdf_tutorial/share/urdf_tutorial/urdf/snow_v3.urdf
[0.499s] -- Installing: /home/bern/ws_snow/install/urdf_tutorial/share/urdf_tutorial/urdf/snow_v6.urdf
[0.500s] -- Installing: /home/bern/ws_snow/install/urdf_tutorial/share/urdf_tutorial/urdf/snow.urdf
[0.500s] -- Installing: /home/bern/ws_snow/install/urdf_tutorial/share/urdf_tutorial/urdf/snow_complete_v3.urdf
[0.500s] -- Installing: /home/bern/ws_snow/install/urdf_tutorial/share/urdf_tutorial/urdf/snow_complete_v1.urdf
[0.500s] -- Installing: /home/bern/ws_snow/install/urdf_tutorial/share/urdf_tutorial/urdf/snow_v2.zip
[0.500s] -- Installing: /home/bern/ws_snow/install/urdf_tutorial/share/urdf_tutorial/urdf/snowbot_simple_v4.urdf
[0.500s] -- Installing: /home/bern/ws_snow/install/urdf_tutorial/share/urdf_tutorial/meshes_v2
[0.500s] -- Installing: /home/bern/ws_snow/install/urdf_tutorial/share/urdf_tutorial/meshes_v2/wm1_steering_axis.STL
[0.500s] -- Installing: /home/bern/ws_snow/install/urdf_tutorial/share/urdf_tutorial/meshes_v2/wm4_base.STL
[0.500s] -- Installing: /home/bern/ws_snow/install/urdf_tutorial/share/urdf_tutorial/meshes_v2/snow_v5
[0.500s] -- Installing: /home/bern/ws_snow/install/urdf_tutorial/share/urdf_tutorial/meshes_v2/snow_v5/wm1_steering_axis.STL
[0.500s] -- Installing: /home/bern/ws_snow/install/urdf_tutorial/share/urdf_tutorial/meshes_v2/snow_v5/wm4_base.STL
[0.500s] -- Installing: /home/bern/ws_snow/install/urdf_tutorial/share/urdf_tutorial/meshes_v2/snow_v5/wm3_wheel.STL
[0.501s] -- Installing: /home/bern/ws_snow/install/urdf_tutorial/share/urdf_tutorial/meshes_v2/snow_v5/wm3_steering_axis.STL
[0.501s] -- Installing: /home/bern/ws_snow/install/urdf_tutorial/share/urdf_tutorial/meshes_v2/snow_v5/wm3_arm.STL
[0.501s] -- Installing: /home/bern/ws_snow/install/urdf_tutorial/share/urdf_tutorial/meshes_v2/snow_v5/wm2_break_enc.STL
[0.501s] -- Installing: /home/bern/ws_snow/install/urdf_tutorial/share/urdf_tutorial/meshes_v2/snow_v5/wm4_wheel.STL
[0.501s] -- Installing: /home/bern/ws_snow/install/urdf_tutorial/share/urdf_tutorial/meshes_v2/snow_v5/wm1_break_enc.STL
[0.501s] -- Installing: /home/bern/ws_snow/install/urdf_tutorial/share/urdf_tutorial/meshes_v2/snow_v5/wm1_arm.STL
[0.501s] -- Installing: /home/bern/ws_snow/install/urdf_tutorial/share/urdf_tutorial/meshes_v2/snow_v5/wm4_arm.STL
[0.501s] -- Installing: /home/bern/ws_snow/install/urdf_tutorial/share/urdf_tutorial/meshes_v2/snow_v5/wm4_break_enc.STL
[0.501s] -- Installing: /home/bern/ws_snow/install/urdf_tutorial/share/urdf_tutorial/meshes_v2/snow_v5/wm2_wheel.STL
[0.501s] -- Installing: /home/bern/ws_snow/install/urdf_tutorial/share/urdf_tutorial/meshes_v2/snow_v5/wm2_arm.STL
[0.501s] -- Installing: /home/bern/ws_snow/install/urdf_tutorial/share/urdf_tutorial/meshes_v2/snow_v5/base_link.STL
[0.501s] -- Installing: /home/bern/ws_snow/install/urdf_tutorial/share/urdf_tutorial/meshes_v2/snow_v5/wm2_base.STL
[0.501s] -- Installing: /home/bern/ws_snow/install/urdf_tutorial/share/urdf_tutorial/meshes_v2/snow_v5/wm2_steering_axis.STL
[0.502s] -- Installing: /home/bern/ws_snow/install/urdf_tutorial/share/urdf_tutorial/meshes_v2/snow_v5/wm1_wheel.STL
[0.502s] -- Installing: /home/bern/ws_snow/install/urdf_tutorial/share/urdf_tutorial/meshes_v2/snow_v5/wm3_break_enc.STL
[0.502s] -- Installing: /home/bern/ws_snow/install/urdf_tutorial/share/urdf_tutorial/meshes_v2/snow_v5/wm1_base.STL
[0.502s] -- Installing: /home/bern/ws_snow/install/urdf_tutorial/share/urdf_tutorial/meshes_v2/snow_v5/wm4_steering_axis.STL
[0.502s] -- Installing: /home/bern/ws_snow/install/urdf_tutorial/share/urdf_tutorial/meshes_v2/snow_v5/wm3_base.STL
[0.502s] -- Installing: /home/bern/ws_snow/install/urdf_tutorial/share/urdf_tutorial/meshes_v2/wm3_wheel.STL
[0.502s] -- Installing: /home/bern/ws_snow/install/urdf_tutorial/share/urdf_tutorial/meshes_v2/old_2
[0.502s] -- Installing: /home/bern/ws_snow/install/urdf_tutorial/share/urdf_tutorial/meshes_v2/old_2/wm1_steering_axis.STL
[0.502s] -- Installing: /home/bern/ws_snow/install/urdf_tutorial/share/urdf_tutorial/meshes_v2/old_2/wm4_base.STL
[0.502s] -- Installing: /home/bern/ws_snow/install/urdf_tutorial/share/urdf_tutorial/meshes_v2/old_2/wm3_wheel.STL
[0.502s] -- Installing: /home/bern/ws_snow/install/urdf_tutorial/share/urdf_tutorial/meshes_v2/old_2/wm3_steering_axis.STL
[0.502s] -- Installing: /home/bern/ws_snow/install/urdf_tutorial/share/urdf_tutorial/meshes_v2/old_2/wm3_arm.STL
[0.502s] -- Installing: /home/bern/ws_snow/install/urdf_tutorial/share/urdf_tutorial/meshes_v2/old_2/wm2_break_enc.STL
[0.503s] -- Installing: /home/bern/ws_snow/install/urdf_tutorial/share/urdf_tutorial/meshes_v2/old_2/wm4_wheel.STL
[0.503s] -- Installing: /home/bern/ws_snow/install/urdf_tutorial/share/urdf_tutorial/meshes_v2/old_2/wm1_break_enc.STL
[0.503s] -- Installing: /home/bern/ws_snow/install/urdf_tutorial/share/urdf_tutorial/meshes_v2/old_2/wm1_arm.STL
[0.503s] -- Installing: /home/bern/ws_snow/install/urdf_tutorial/share/urdf_tutorial/meshes_v2/old_2/wm4_arm.STL
[0.503s] -- Installing: /home/bern/ws_snow/install/urdf_tutorial/share/urdf_tutorial/meshes_v2/old_2/wm4_break_enc.STL
[0.503s] -- Installing: /home/bern/ws_snow/install/urdf_tutorial/share/urdf_tutorial/meshes_v2/old_2/wm2_wheel.STL
[0.503s] -- Installing: /home/bern/ws_snow/install/urdf_tutorial/share/urdf_tutorial/meshes_v2/old_2/wm2_arm.STL
[0.503s] -- Installing: /home/bern/ws_snow/install/urdf_tutorial/share/urdf_tutorial/meshes_v2/old_2/base_link.STL
[0.503s] -- Installing: /home/bern/ws_snow/install/urdf_tutorial/share/urdf_tutorial/meshes_v2/old_2/wm2_base.STL
[0.503s] -- Installing: /home/bern/ws_snow/install/urdf_tutorial/share/urdf_tutorial/meshes_v2/old_2/wm2_steering_axis.STL
[0.503s] -- Installing: /home/bern/ws_snow/install/urdf_tutorial/share/urdf_tutorial/meshes_v2/old_2/wm1_wheel.STL
[0.503s] -- Installing: /home/bern/ws_snow/install/urdf_tutorial/share/urdf_tutorial/meshes_v2/old_2/wm3_break_enc.STL
[0.503s] -- Installing: /home/bern/ws_snow/install/urdf_tutorial/share/urdf_tutorial/meshes_v2/old_2/wm1_base.STL
[0.503s] -- Installing: /home/bern/ws_snow/install/urdf_tutorial/share/urdf_tutorial/meshes_v2/old_2/wm4_steering_axis.STL
[0.503s] -- Installing: /home/bern/ws_snow/install/urdf_tutorial/share/urdf_tutorial/meshes_v2/old_2/wm3_base.STL
[0.504s] -- Installing: /home/bern/ws_snow/install/urdf_tutorial/share/urdf_tutorial/meshes_v2/wm1_brake_enc.STL
[0.504s] -- Installing: /home/bern/ws_snow/install/urdf_tutorial/share/urdf_tutorial/meshes_v2/wm3_steering_axis.STL
[0.504s] -- Installing: /home/bern/ws_snow/install/urdf_tutorial/share/urdf_tutorial/meshes_v2/wm3_arm.STL
[0.504s] -- Installing: /home/bern/ws_snow/install/urdf_tutorial/share/urdf_tutorial/meshes_v2/wm4_wheel.STL
[0.504s] -- Installing: /home/bern/ws_snow/install/urdf_tutorial/share/urdf_tutorial/meshes_v2/old
[0.504s] -- Installing: /home/bern/ws_snow/install/urdf_tutorial/share/urdf_tutorial/meshes_v2/old/wm3_wheel.STL
[0.504s] -- Installing: /home/bern/ws_snow/install/urdf_tutorial/share/urdf_tutorial/meshes_v2/old/wm4_wheel.STL
[0.504s] -- Installing: /home/bern/ws_snow/install/urdf_tutorial/share/urdf_tutorial/meshes_v2/old/wm3.STL
[0.504s] -- Installing: /home/bern/ws_snow/install/urdf_tutorial/share/urdf_tutorial/meshes_v2/old/wm2.STL
[0.504s] -- Installing: /home/bern/ws_snow/install/urdf_tutorial/share/urdf_tutorial/meshes_v2/old/wm1.STL
[0.504s] -- Installing: /home/bern/ws_snow/install/urdf_tutorial/share/urdf_tutorial/meshes_v2/old/wm2_wheel.STL
[0.504s] -- Installing: /home/bern/ws_snow/install/urdf_tutorial/share/urdf_tutorial/meshes_v2/old/base_link.STL
[0.504s] -- Installing: /home/bern/ws_snow/install/urdf_tutorial/share/urdf_tutorial/meshes_v2/old/wm1_wheel.STL
[0.504s] -- Installing: /home/bern/ws_snow/install/urdf_tutorial/share/urdf_tutorial/meshes_v2/old/wm4.STL
[0.505s] -- Installing: /home/bern/ws_snow/install/urdf_tutorial/share/urdf_tutorial/meshes_v2/wm1_arm.STL
[0.505s] -- Installing: /home/bern/ws_snow/install/urdf_tutorial/share/urdf_tutorial/meshes_v2/wm4_brake_enc.STL
[0.505s] -- Installing: /home/bern/ws_snow/install/urdf_tutorial/share/urdf_tutorial/meshes_v2/wm3_brake_enc.STL
[0.505s] -- Installing: /home/bern/ws_snow/install/urdf_tutorial/share/urdf_tutorial/meshes_v2/wm4_arm.STL
[0.505s] -- Installing: /home/bern/ws_snow/install/urdf_tutorial/share/urdf_tutorial/meshes_v2/wm2_wheel.STL
[0.506s] -- Installing: /home/bern/ws_snow/install/urdf_tutorial/share/urdf_tutorial/meshes_v2/wm2_arm.STL
[0.506s] -- Installing: /home/bern/ws_snow/install/urdf_tutorial/share/urdf_tutorial/meshes_v2/base_link.STL
[0.515s] -- Installing: /home/bern/ws_snow/install/urdf_tutorial/share/urdf_tutorial/meshes_v2/wm2_base.STL
[0.515s] -- Installing: /home/bern/ws_snow/install/urdf_tutorial/share/urdf_tutorial/meshes_v2/wm2_steering_axis.STL
[0.515s] -- Installing: /home/bern/ws_snow/install/urdf_tutorial/share/urdf_tutorial/meshes_v2/wm1_wheel.STL
[0.516s] -- Installing: /home/bern/ws_snow/install/urdf_tutorial/share/urdf_tutorial/meshes_v2/wm1_base.STL
[0.516s] -- Installing: /home/bern/ws_snow/install/urdf_tutorial/share/urdf_tutorial/meshes_v2/wm2_brake_enc.STL
[0.517s] -- Installing: /home/bern/ws_snow/install/urdf_tutorial/share/urdf_tutorial/meshes_v2/wm4_steering_axis.STL
[0.517s] -- Installing: /home/bern/ws_snow/install/urdf_tutorial/share/urdf_tutorial/meshes_v2/wm3_base.STL
[0.518s] -- Installing: /home/bern/ws_snow/install/urdf_tutorial/share/urdf_tutorial/meshes_visual
[0.518s] -- Installing: /home/bern/ws_snow/install/urdf_tutorial/share/urdf_tutorial/meshes_visual/wm1_steering_axis.STL
[0.535s] -- Installing: /home/bern/ws_snow/install/urdf_tutorial/share/urdf_tutorial/meshes_visual/wm4_base.STL
[0.553s] -- Installing: /home/bern/ws_snow/install/urdf_tutorial/share/urdf_tutorial/meshes_visual/wm3_wheel.STL
[0.569s] -- Installing: /home/bern/ws_snow/install/urdf_tutorial/share/urdf_tutorial/meshes_visual/wm1_brake_enc.STL
[0.586s] -- Installing: /home/bern/ws_snow/install/urdf_tutorial/share/urdf_tutorial/meshes_visual/wm3_steering_axis.STL
[0.603s] -- Installing: /home/bern/ws_snow/install/urdf_tutorial/share/urdf_tutorial/meshes_visual/wm3_arm.STL
[0.621s] -- Installing: /home/bern/ws_snow/install/urdf_tutorial/share/urdf_tutorial/meshes_visual/wm4_wheel.STL
[0.645s] -- Installing: /home/bern/ws_snow/install/urdf_tutorial/share/urdf_tutorial/meshes_visual/wm1_arm.STL
[0.662s] -- Installing: /home/bern/ws_snow/install/urdf_tutorial/share/urdf_tutorial/meshes_visual/wm4_brake_enc.STL
[0.679s] -- Installing: /home/bern/ws_snow/install/urdf_tutorial/share/urdf_tutorial/meshes_visual/wm3_brake_enc.STL
[0.696s] -- Installing: /home/bern/ws_snow/install/urdf_tutorial/share/urdf_tutorial/meshes_visual/wm4_arm.STL
[0.712s] -- Installing: /home/bern/ws_snow/install/urdf_tutorial/share/urdf_tutorial/meshes_visual/wm2_wheel.STL
[0.728s] -- Installing: /home/bern/ws_snow/install/urdf_tutorial/share/urdf_tutorial/meshes_visual/wm2_arm.STL
[0.745s] -- Installing: /home/bern/ws_snow/install/urdf_tutorial/share/urdf_tutorial/meshes_visual/base_link.STL
[0.761s] -- Installing: /home/bern/ws_snow/install/urdf_tutorial/share/urdf_tutorial/meshes_visual/wm2_base.STL
[0.778s] -- Installing: /home/bern/ws_snow/install/urdf_tutorial/share/urdf_tutorial/meshes_visual/wm2_steering_axis.STL
[0.794s] -- Installing: /home/bern/ws_snow/install/urdf_tutorial/share/urdf_tutorial/meshes_visual/wm1_wheel.STL
[0.812s] -- Installing: /home/bern/ws_snow/install/urdf_tutorial/share/urdf_tutorial/meshes_visual/wm1_base.STL
[0.829s] -- Installing: /home/bern/ws_snow/install/urdf_tutorial/share/urdf_tutorial/meshes_visual/wm2_brake_enc.STL
[0.845s] -- Installing: /home/bern/ws_snow/install/urdf_tutorial/share/urdf_tutorial/meshes_visual/wm4_steering_axis.STL
[0.862s] -- Installing: /home/bern/ws_snow/install/urdf_tutorial/share/urdf_tutorial/meshes_visual/wm3_base.STL
[0.878s] -- Installing: /home/bern/ws_snow/install/urdf_tutorial/share/ament_index/resource_index/package_run_dependencies/urdf_tutorial
[0.878s] -- Installing: /home/bern/ws_snow/install/urdf_tutorial/share/ament_index/resource_index/parent_prefix_path/urdf_tutorial
[0.878s] -- Installing: /home/bern/ws_snow/install/urdf_tutorial/share/urdf_tutorial/environment/ament_prefix_path.sh
[0.879s] -- Installing: /home/bern/ws_snow/install/urdf_tutorial/share/urdf_tutorial/environment/ament_prefix_path.dsv
[0.879s] -- Installing: /home/bern/ws_snow/install/urdf_tutorial/share/urdf_tutorial/environment/path.sh
[0.879s] -- Installing: /home/bern/ws_snow/install/urdf_tutorial/share/urdf_tutorial/environment/path.dsv
[0.879s] -- Installing: /home/bern/ws_snow/install/urdf_tutorial/share/urdf_tutorial/local_setup.bash
[0.879s] -- Installing: /home/bern/ws_snow/install/urdf_tutorial/share/urdf_tutorial/local_setup.sh
[0.879s] -- Installing: /home/bern/ws_snow/install/urdf_tutorial/share/urdf_tutorial/local_setup.zsh
[0.879s] -- Installing: /home/bern/ws_snow/install/urdf_tutorial/share/urdf_tutorial/local_setup.dsv
[0.879s] -- Installing: /home/bern/ws_snow/install/urdf_tutorial/share/urdf_tutorial/package.dsv
[0.879s] -- Installing: /home/bern/ws_snow/install/urdf_tutorial/share/ament_index/resource_index/packages/urdf_tutorial
[0.879s] -- Installing: /home/bern/ws_snow/install/urdf_tutorial/share/urdf_tutorial/cmake/urdf_tutorialConfig.cmake
[0.879s] -- Installing: /home/bern/ws_snow/install/urdf_tutorial/share/urdf_tutorial/cmake/urdf_tutorialConfig-version.cmake
[0.880s] -- Installing: /home/bern/ws_snow/install/urdf_tutorial/share/urdf_tutorial/package.xml
[0.881s] Invoked command in '/home/bern/ws_snow/build/urdf_tutorial' returned '0': CMAKE_PREFIX_PATH=${CMAKE_PREFIX_PATH}:/opt/ros/humble /usr/bin/cmake --install /home/bern/ws_snow/build/urdf_tutorial
