[0.013s] Invoking command in '/home/bern/ws_snow/build/snow_con_rt': CMAKE_PREFIX_PATH=${CMAKE_PREFIX_PATH}:/opt/ros/humble /usr/bin/cmake /home/bern/ws_snow/src/snow_con_rt -DCMAKE_INSTALL_PREFIX=/home/bern/ws_snow/install/snow_con_rt
[0.071s] -- The C compiler identification is GNU 11.4.0
[0.110s] -- The CXX compiler identification is GNU 11.4.0
[0.114s] -- Detecting C compiler ABI info
[0.156s] -- Detecting C compiler ABI info - done
[0.165s] -- Check for working C compiler: /usr/bin/cc - skipped
[0.166s] -- Detecting C compile features
[0.166s] -- Detecting C compile features - done
[0.169s] -- Detecting CXX compiler ABI info
[0.220s] -- Detecting CXX compiler ABI info - done
[0.229s] -- Check for working CXX compiler: /usr/bin/c++ - skipped
[0.229s] -- Detecting CXX compile features
[0.230s] -- Detecting CXX compile features - done
[0.232s] -- Found ament_cmake: 1.3.9 (/opt/ros/humble/share/ament_cmake/cmake)
[0.343s] -- Found Python3: /usr/bin/python3 (found version "3.10.12") found components: Interpreter 
[0.413s] -- Found rclcpp: 16.0.9 (/opt/ros/humble/share/rclcpp/cmake)
[0.444s] -- Found rosidl_generator_c: 3.1.5 (/opt/ros/humble/share/rosidl_generator_c/cmake)
[0.447s] -- Found rosidl_adapter: 3.1.5 (/opt/ros/humble/share/rosidl_adapter/cmake)
[0.454s] -- Found rosidl_generator_cpp: 3.1.5 (/opt/ros/humble/share/rosidl_generator_cpp/cmake)
[0.466s] -- Using all available rosidl_typesupport_c: rosidl_typesupport_fastrtps_c;rosidl_typesupport_introspection_c
[0.488s] -- Using all available rosidl_typesupport_cpp: rosidl_typesupport_fastrtps_cpp;rosidl_typesupport_introspection_cpp
[0.555s] -- Found rmw_implementation_cmake: 6.1.2 (/opt/ros/humble/share/rmw_implementation_cmake/cmake)
[0.557s] -- Found rmw_fastrtps_cpp: 6.2.6 (/opt/ros/humble/share/rmw_fastrtps_cpp/cmake)
[0.620s] -- Found OpenSSL: /usr/lib/x86_64-linux-gnu/libcrypto.so (found version "3.0.2")  
[0.639s] -- Found FastRTPS: /opt/ros/humble/include  
[0.671s] -- Using RMW implementation 'rmw_fastrtps_cpp' as default
[0.679s] -- Looking for pthread.h
[0.724s] -- Looking for pthread.h - found
[0.724s] -- Performing Test CMAKE_HAVE_LIBC_PTHREAD
[0.770s] -- Performing Test CMAKE_HAVE_LIBC_PTHREAD - Success
[0.772s] -- Found Threads: TRUE  
[0.893s] -- Found sensor_msgs: 4.2.4 (/opt/ros/humble/share/sensor_msgs/cmake)
[0.979s] -- Found ament_lint_auto: 0.12.11 (/opt/ros/humble/share/ament_lint_auto/cmake)
[1.031s] -- Added test 'cppcheck' to perform static code analysis on C / C++ code
[1.031s] -- Configured cppcheck include dirs: 
[1.031s] -- Configured cppcheck exclude dirs and/or files: 
[1.032s] -- Added test 'lint_cmake' to check CMake code style
[1.034s] -- Added test 'uncrustify' to check C / C++ code style
[1.034s] -- Configured uncrustify additional arguments: 
[1.035s] -- Added test 'xmllint' to check XML markup files
[1.036s] -- Configuring done
[1.044s] -- Generating done
[1.045s] -- Build files have been written to: /home/bern/ws_snow/build/snow_con_rt
[1.052s] Invoked command in '/home/bern/ws_snow/build/snow_con_rt' returned '0': CMAKE_PREFIX_PATH=${CMAKE_PREFIX_PATH}:/opt/ros/humble /usr/bin/cmake /home/bern/ws_snow/src/snow_con_rt -DCMAKE_INSTALL_PREFIX=/home/bern/ws_snow/install/snow_con_rt
[1.053s] Invoking command in '/home/bern/ws_snow/build/snow_con_rt': CMAKE_PREFIX_PATH=${CMAKE_PREFIX_PATH}:/opt/ros/humble /usr/bin/cmake --build /home/bern/ws_snow/build/snow_con_rt -- -j12 -l12
[1.083s] [ 20%] [32mBuilding CXX object CMakeFiles/listener.dir/src/main.cpp.o[0m
[1.085s] [ 60%] [32mBuilding CXX object CMakeFiles/listener.dir/src/utility.cpp.o[0m
[1.085s] [ 60%] [32mBuilding CXX object CMakeFiles/listener.dir/src/eso.cpp.o[0m
[1.087s] [ 80%] [32mBuilding CXX object CMakeFiles/listener.dir/src/kbhit.cpp.o[0m
[2.623s] [01m[K/home/bern/ws_snow/src/snow_con_rt/src/main.cpp:[m[K In member function ‘[01m[Kvoid MinimalSubscriber::topic_callback(sensor_msgs::msg::JointState_<std::allocator<void> >::SharedPtr)[m[K’:
[2.623s] [01m[K/home/bern/ws_snow/src/snow_con_rt/src/main.cpp:1003:19:[m[K [01;35m[Kwarning: [m[Kvariable ‘[01m[Ktstartmove[m[K’ set but not used [[01;35m[K]8;;https://gcc.gnu.org/onlinedocs/gcc/Warning-Options.html#index-Wunused-but-set-variable-Wunused-but-set-variable]8;;[m[K]
[2.623s]  1003 |     static double [01;35m[Ktstartmove[m[K;
[2.623s]       |                   [01;35m[K^~~~~~~~~~[m[K
[6.654s] [100%] [32m[1mLinking CXX executable listener[0m
[6.945s] [100%] Built target listener
[6.953s] Invoked command in '/home/bern/ws_snow/build/snow_con_rt' returned '0': CMAKE_PREFIX_PATH=${CMAKE_PREFIX_PATH}:/opt/ros/humble /usr/bin/cmake --build /home/bern/ws_snow/build/snow_con_rt -- -j12 -l12
[6.973s] Invoking command in '/home/bern/ws_snow/build/snow_con_rt': CMAKE_PREFIX_PATH=${CMAKE_PREFIX_PATH}:/opt/ros/humble /usr/bin/cmake --install /home/bern/ws_snow/build/snow_con_rt
[6.977s] -- Install configuration: ""
[6.977s] -- Installing: /home/bern/ws_snow/install/snow_con_rt/lib/snow_con_rt/listener
[6.979s] -- Set runtime path of "/home/bern/ws_snow/install/snow_con_rt/lib/snow_con_rt/listener" to ""
[6.979s] -- Installing: /home/bern/ws_snow/install/snow_con_rt/share/ament_index/resource_index/package_run_dependencies/snow_con_rt
[6.979s] -- Installing: /home/bern/ws_snow/install/snow_con_rt/share/ament_index/resource_index/parent_prefix_path/snow_con_rt
[6.980s] -- Installing: /home/bern/ws_snow/install/snow_con_rt/share/snow_con_rt/environment/ament_prefix_path.sh
[6.980s] -- Installing: /home/bern/ws_snow/install/snow_con_rt/share/snow_con_rt/environment/ament_prefix_path.dsv
[6.980s] -- Installing: /home/bern/ws_snow/install/snow_con_rt/share/snow_con_rt/environment/path.sh
[6.980s] -- Installing: /home/bern/ws_snow/install/snow_con_rt/share/snow_con_rt/environment/path.dsv
[6.980s] -- Installing: /home/bern/ws_snow/install/snow_con_rt/share/snow_con_rt/local_setup.bash
[6.980s] -- Installing: /home/bern/ws_snow/install/snow_con_rt/share/snow_con_rt/local_setup.sh
[6.980s] -- Installing: /home/bern/ws_snow/install/snow_con_rt/share/snow_con_rt/local_setup.zsh
[6.980s] -- Installing: /home/bern/ws_snow/install/snow_con_rt/share/snow_con_rt/local_setup.dsv
[6.981s] -- Installing: /home/bern/ws_snow/install/snow_con_rt/share/snow_con_rt/package.dsv
[6.981s] -- Installing: /home/bern/ws_snow/install/snow_con_rt/share/ament_index/resource_index/packages/snow_con_rt
[6.981s] -- Installing: /home/bern/ws_snow/install/snow_con_rt/share/snow_con_rt/cmake/snow_con_rtConfig.cmake
[6.982s] -- Installing: /home/bern/ws_snow/install/snow_con_rt/share/snow_con_rt/cmake/snow_con_rtConfig-version.cmake
[6.982s] -- Installing: /home/bern/ws_snow/install/snow_con_rt/share/snow_con_rt/package.xml
[6.982s] Invoked command in '/home/bern/ws_snow/build/snow_con_rt' returned '0': CMAKE_PREFIX_PATH=${CMAKE_PREFIX_PATH}:/opt/ros/humble /usr/bin/cmake --install /home/bern/ws_snow/build/snow_con_rt
