[0.030s] Invoking command in '/home/rhys/ws_snow/build/hard_con': CMAKE_PREFIX_PATH=/opt/ros/humble /usr/bin/cmake --build /home/rhys/ws_snow/build/hard_con -- -j12 -l12
[0.074s] [35m[1mConsolidate compiler generated dependencies of target talker[0m
[0.090s] [100%] Built target talker
[0.107s] Invoked command in '/home/rhys/ws_snow/build/hard_con' returned '0': CMAKE_PREFIX_PATH=/opt/ros/humble /usr/bin/cmake --build /home/rhys/ws_snow/build/hard_con -- -j12 -l12
[0.147s] Invoking command in '/home/rhys/ws_snow/build/hard_con': CMAKE_PREFIX_PATH=/opt/ros/humble /usr/bin/cmake --install /home/rhys/ws_snow/build/hard_con
[0.158s] -- Install configuration: ""
[0.161s] -- Installing: /home/rhys/ws_snow/install/hard_con/lib/hard_con/talker
[0.173s] -- Set runtime path of "/home/rhys/ws_snow/install/hard_con/lib/hard_con/talker" to ""
[0.173s] -- Up-to-date: /home/rhys/ws_snow/install/hard_con/share/ament_index/resource_index/package_run_dependencies/hard_con
[0.173s] -- Up-to-date: /home/rhys/ws_snow/install/hard_con/share/ament_index/resource_index/parent_prefix_path/hard_con
[0.174s] -- Up-to-date: /home/rhys/ws_snow/install/hard_con/share/hard_con/environment/ament_prefix_path.sh
[0.174s] -- Up-to-date: /home/rhys/ws_snow/install/hard_con/share/hard_con/environment/ament_prefix_path.dsv
[0.174s] -- Up-to-date: /home/rhys/ws_snow/install/hard_con/share/hard_con/environment/path.sh
[0.174s] -- Up-to-date: /home/rhys/ws_snow/install/hard_con/share/hard_con/environment/path.dsv
[0.174s] -- Up-to-date: /home/rhys/ws_snow/install/hard_con/share/hard_con/local_setup.bash
[0.174s] -- Up-to-date: /home/rhys/ws_snow/install/hard_con/share/hard_con/local_setup.sh
[0.174s] -- Up-to-date: /home/rhys/ws_snow/install/hard_con/share/hard_con/local_setup.zsh
[0.174s] -- Up-to-date: /home/rhys/ws_snow/install/hard_con/share/hard_con/local_setup.dsv
[0.174s] -- Installing: /home/rhys/ws_snow/install/hard_con/share/hard_con/package.dsv
[0.174s] -- Up-to-date: /home/rhys/ws_snow/install/hard_con/share/ament_index/resource_index/packages/hard_con
[0.174s] -- Up-to-date: /home/rhys/ws_snow/install/hard_con/share/hard_con/cmake/hard_conConfig.cmake
[0.174s] -- Up-to-date: /home/rhys/ws_snow/install/hard_con/share/hard_con/cmake/hard_conConfig-version.cmake
[0.174s] -- Up-to-date: /home/rhys/ws_snow/install/hard_con/share/hard_con/package.xml
[0.186s] Invoked command in '/home/rhys/ws_snow/build/hard_con' returned '0': CMAKE_PREFIX_PATH=/opt/ros/humble /usr/bin/cmake --install /home/rhys/ws_snow/build/hard_con
