[0.023s] Invoking command in '/home/rhys/ws_snow/build/urdf_tutorial': CMAKE_PREFIX_PATH=${CMAKE_PREFIX_PATH}:/opt/ros/humble /usr/bin/cmake --build /home/rhys/ws_snow/build/urdf_tutorial -- -j12 -l12
[0.050s] Invoked command in '/home/rhys/ws_snow/build/urdf_tutorial' returned '0': CMAKE_PREFIX_PATH=${CMAKE_PREFIX_PATH}:/opt/ros/humble /usr/bin/cmake --build /home/rhys/ws_snow/build/urdf_tutorial -- -j12 -l12
[0.075s] Invoking command in '/home/rhys/ws_snow/build/urdf_tutorial': CMAKE_PREFIX_PATH=${CMAKE_PREFIX_PATH}:/opt/ros/humble /usr/bin/cmake --install /home/rhys/ws_snow/build/urdf_tutorial
[0.081s] -- Install configuration: ""
[0.081s] -- Up-to-date: /home/rhys/ws_snow/install/urdf_tutorial/share/urdf_tutorial/images
[0.081s] -- Up-to-date: /home/rhys/ws_snow/install/urdf_tutorial/share/urdf_tutorial/images/myfirst.png
[0.081s] -- Up-to-date: /home/rhys/ws_snow/install/urdf_tutorial/share/urdf_tutorial/images/visual.png
[0.081s] -- Up-to-date: /home/rhys/ws_snow/install/urdf_tutorial/share/urdf_tutorial/images/flexible.png
[0.081s] -- Up-to-date: /home/rhys/ws_snow/install/urdf_tutorial/share/urdf_tutorial/images/materials.png
[0.082s] -- Up-to-date: /home/rhys/ws_snow/install/urdf_tutorial/share/urdf_tutorial/images/origins.png
[0.082s] -- Up-to-date: /home/rhys/ws_snow/install/urdf_tutorial/share/urdf_tutorial/images/multipleshapes.png
[0.082s] -- Up-to-date: /home/rhys/ws_snow/install/urdf_tutorial/share/urdf_tutorial/launch
[0.082s] -- Up-to-date: /home/rhys/ws_snow/install/urdf_tutorial/share/urdf_tutorial/launch/display.launch.py
[0.082s] -- Up-to-date: /home/rhys/ws_snow/install/urdf_tutorial/share/urdf_tutorial/meshes
[0.082s] -- Up-to-date: /home/rhys/ws_snow/install/urdf_tutorial/share/urdf_tutorial/meshes/wm4_arm.STL
[0.082s] -- Up-to-date: /home/rhys/ws_snow/install/urdf_tutorial/share/urdf_tutorial/meshes/wm2_wheel.STL
[0.082s] -- Up-to-date: /home/rhys/ws_snow/install/urdf_tutorial/share/urdf_tutorial/meshes/wm4_steering_axis.STL
[0.082s] -- Up-to-date: /home/rhys/ws_snow/install/urdf_tutorial/share/urdf_tutorial/meshes/wm2_base.STL
[0.083s] -- Up-to-date: /home/rhys/ws_snow/install/urdf_tutorial/share/urdf_tutorial/meshes/wm1_arm.STL
[0.083s] -- Up-to-date: /home/rhys/ws_snow/install/urdf_tutorial/share/urdf_tutorial/meshes/wm1_break_enc.STL
[0.083s] -- Up-to-date: /home/rhys/ws_snow/install/urdf_tutorial/share/urdf_tutorial/meshes/wm3_break_enc.STL
[0.083s] -- Up-to-date: /home/rhys/ws_snow/install/urdf_tutorial/share/urdf_tutorial/meshes/wm3_arm.STL
[0.083s] -- Up-to-date: /home/rhys/ws_snow/install/urdf_tutorial/share/urdf_tutorial/meshes/wm2_steering_axis.STL
[0.083s] -- Up-to-date: /home/rhys/ws_snow/install/urdf_tutorial/share/urdf_tutorial/meshes/wm4_base.STL
[0.083s] -- Up-to-date: /home/rhys/ws_snow/install/urdf_tutorial/share/urdf_tutorial/meshes/old
[0.084s] -- Up-to-date: /home/rhys/ws_snow/install/urdf_tutorial/share/urdf_tutorial/meshes/old/wm2_wheel.STL
[0.084s] -- Up-to-date: /home/rhys/ws_snow/install/urdf_tutorial/share/urdf_tutorial/meshes/old/wm1.STL
[0.084s] -- Up-to-date: /home/rhys/ws_snow/install/urdf_tutorial/share/urdf_tutorial/meshes/old/base_link.STL
[0.084s] -- Up-to-date: /home/rhys/ws_snow/install/urdf_tutorial/share/urdf_tutorial/meshes/old/wm4_wheel.STL
[0.084s] -- Up-to-date: /home/rhys/ws_snow/install/urdf_tutorial/share/urdf_tutorial/meshes/old/wm3_wheel.STL
[0.084s] -- Up-to-date: /home/rhys/ws_snow/install/urdf_tutorial/share/urdf_tutorial/meshes/old/wm1_wheel.STL
[0.084s] -- Up-to-date: /home/rhys/ws_snow/install/urdf_tutorial/share/urdf_tutorial/meshes/old/wm2.STL
[0.084s] -- Up-to-date: /home/rhys/ws_snow/install/urdf_tutorial/share/urdf_tutorial/meshes/old/wm4.STL
[0.084s] -- Up-to-date: /home/rhys/ws_snow/install/urdf_tutorial/share/urdf_tutorial/meshes/old/wm3.STL
[0.084s] -- Up-to-date: /home/rhys/ws_snow/install/urdf_tutorial/share/urdf_tutorial/meshes/base_link.STL
[0.084s] -- Up-to-date: /home/rhys/ws_snow/install/urdf_tutorial/share/urdf_tutorial/meshes/wm2_arm.STL
[0.084s] -- Up-to-date: /home/rhys/ws_snow/install/urdf_tutorial/share/urdf_tutorial/meshes/wm3_steering_axis.STL
[0.085s] -- Up-to-date: /home/rhys/ws_snow/install/urdf_tutorial/share/urdf_tutorial/meshes/wm1_steering_axis.STL
[0.085s] -- Up-to-date: /home/rhys/ws_snow/install/urdf_tutorial/share/urdf_tutorial/meshes/wm3_base.STL
[0.085s] -- Up-to-date: /home/rhys/ws_snow/install/urdf_tutorial/share/urdf_tutorial/meshes/wm4_wheel.STL
[0.085s] -- Up-to-date: /home/rhys/ws_snow/install/urdf_tutorial/share/urdf_tutorial/meshes/wm1_base.STL
[0.085s] -- Up-to-date: /home/rhys/ws_snow/install/urdf_tutorial/share/urdf_tutorial/meshes/wm2_break_enc.STL
[0.085s] -- Up-to-date: /home/rhys/ws_snow/install/urdf_tutorial/share/urdf_tutorial/meshes/wm3_wheel.STL
[0.085s] -- Up-to-date: /home/rhys/ws_snow/install/urdf_tutorial/share/urdf_tutorial/meshes/wm1_wheel.STL
[0.085s] -- Up-to-date: /home/rhys/ws_snow/install/urdf_tutorial/share/urdf_tutorial/meshes/wm4_break_enc.STL
[0.085s] -- Up-to-date: /home/rhys/ws_snow/install/urdf_tutorial/share/urdf_tutorial/rviz
[0.086s] -- Up-to-date: /home/rhys/ws_snow/install/urdf_tutorial/share/urdf_tutorial/rviz/urdf.rviz
[0.086s] -- Up-to-date: /home/rhys/ws_snow/install/urdf_tutorial/share/urdf_tutorial/urdf
[0.086s] -- Up-to-date: /home/rhys/ws_snow/install/urdf_tutorial/share/urdf_tutorial/urdf/snow_complete_v1.urdf
[0.086s] -- Up-to-date: /home/rhys/ws_snow/install/urdf_tutorial/share/urdf_tutorial/urdf/snow_complete_v2.urdf
[0.086s] -- Up-to-date: /home/rhys/ws_snow/install/urdf_tutorial/share/urdf_tutorial/urdf/snow_complete_v3.urdf
[0.086s] -- Up-to-date: /home/rhys/ws_snow/install/urdf_tutorial/share/urdf_tutorial/urdf/snowbot_simple_v3.urdf
[0.086s] -- Up-to-date: /home/rhys/ws_snow/install/urdf_tutorial/share/urdf_tutorial/urdf/snow_v7.urdf
[0.086s] -- Up-to-date: /home/rhys/ws_snow/install/urdf_tutorial/share/urdf_tutorial/urdf/test.urdf
[0.087s] -- Up-to-date: /home/rhys/ws_snow/install/urdf_tutorial/share/urdf_tutorial/urdf/snow.urdf
[0.087s] -- Up-to-date: /home/rhys/ws_snow/install/urdf_tutorial/share/urdf_tutorial/urdf/snowbot_simple.urdf
[0.087s] -- Up-to-date: /home/rhys/ws_snow/install/urdf_tutorial/share/urdf_tutorial/urdf/snow_v4.urdf
[0.087s] -- Up-to-date: /home/rhys/ws_snow/install/urdf_tutorial/share/urdf_tutorial/urdf/snow_v3.urdf
[0.087s] -- Up-to-date: /home/rhys/ws_snow/install/urdf_tutorial/share/urdf_tutorial/urdf/snow_v5.urdf
[0.087s] -- Up-to-date: /home/rhys/ws_snow/install/urdf_tutorial/share/urdf_tutorial/urdf/snow_collision_v1.urdf
[0.087s] -- Up-to-date: /home/rhys/ws_snow/install/urdf_tutorial/share/urdf_tutorial/urdf/snowbot_simple_v4.urdf
[0.087s] -- Up-to-date: /home/rhys/ws_snow/install/urdf_tutorial/share/urdf_tutorial/urdf/snow_v2.zip
[0.090s] -- Up-to-date: /home/rhys/ws_snow/install/urdf_tutorial/share/urdf_tutorial/urdf/snow_v6.urdf
[0.090s] -- Up-to-date: /home/rhys/ws_snow/install/urdf_tutorial/share/urdf_tutorial/urdf/snowbot_simple_v2.urdf
[0.090s] -- Up-to-date: /home/rhys/ws_snow/install/urdf_tutorial/share/urdf_tutorial/meshes_v2
[0.091s] -- Up-to-date: /home/rhys/ws_snow/install/urdf_tutorial/share/urdf_tutorial/meshes_v2/wm4_arm.STL
[0.091s] -- Up-to-date: /home/rhys/ws_snow/install/urdf_tutorial/share/urdf_tutorial/meshes_v2/wm2_wheel.STL
[0.091s] -- Up-to-date: /home/rhys/ws_snow/install/urdf_tutorial/share/urdf_tutorial/meshes_v2/wm4_steering_axis.STL
[0.091s] -- Up-to-date: /home/rhys/ws_snow/install/urdf_tutorial/share/urdf_tutorial/meshes_v2/wm2_base.STL
[0.091s] -- Up-to-date: /home/rhys/ws_snow/install/urdf_tutorial/share/urdf_tutorial/meshes_v2/wm1_arm.STL
[0.091s] -- Up-to-date: /home/rhys/ws_snow/install/urdf_tutorial/share/urdf_tutorial/meshes_v2/wm4_brake_enc.STL
[0.091s] -- Up-to-date: /home/rhys/ws_snow/install/urdf_tutorial/share/urdf_tutorial/meshes_v2/wm3_arm.STL
[0.091s] -- Up-to-date: /home/rhys/ws_snow/install/urdf_tutorial/share/urdf_tutorial/meshes_v2/wm2_steering_axis.STL
[0.091s] -- Up-to-date: /home/rhys/ws_snow/install/urdf_tutorial/share/urdf_tutorial/meshes_v2/wm4_base.STL
[0.091s] -- Up-to-date: /home/rhys/ws_snow/install/urdf_tutorial/share/urdf_tutorial/meshes_v2/old
[0.091s] -- Up-to-date: /home/rhys/ws_snow/install/urdf_tutorial/share/urdf_tutorial/meshes_v2/old/wm2_wheel.STL
[0.091s] -- Up-to-date: /home/rhys/ws_snow/install/urdf_tutorial/share/urdf_tutorial/meshes_v2/old/wm1.STL
[0.091s] -- Up-to-date: /home/rhys/ws_snow/install/urdf_tutorial/share/urdf_tutorial/meshes_v2/old/base_link.STL
[0.092s] -- Up-to-date: /home/rhys/ws_snow/install/urdf_tutorial/share/urdf_tutorial/meshes_v2/old/wm4_wheel.STL
[0.092s] -- Up-to-date: /home/rhys/ws_snow/install/urdf_tutorial/share/urdf_tutorial/meshes_v2/old/wm3_wheel.STL
[0.092s] -- Up-to-date: /home/rhys/ws_snow/install/urdf_tutorial/share/urdf_tutorial/meshes_v2/old/wm1_wheel.STL
[0.092s] -- Up-to-date: /home/rhys/ws_snow/install/urdf_tutorial/share/urdf_tutorial/meshes_v2/old/wm2.STL
[0.092s] -- Up-to-date: /home/rhys/ws_snow/install/urdf_tutorial/share/urdf_tutorial/meshes_v2/old/wm4.STL
[0.092s] -- Up-to-date: /home/rhys/ws_snow/install/urdf_tutorial/share/urdf_tutorial/meshes_v2/old/wm3.STL
[0.092s] -- Up-to-date: /home/rhys/ws_snow/install/urdf_tutorial/share/urdf_tutorial/meshes_v2/old_2
[0.092s] -- Up-to-date: /home/rhys/ws_snow/install/urdf_tutorial/share/urdf_tutorial/meshes_v2/old_2/wm4_arm.STL
[0.092s] -- Up-to-date: /home/rhys/ws_snow/install/urdf_tutorial/share/urdf_tutorial/meshes_v2/old_2/wm2_wheel.STL
[0.093s] -- Up-to-date: /home/rhys/ws_snow/install/urdf_tutorial/share/urdf_tutorial/meshes_v2/old_2/wm4_steering_axis.STL
[0.093s] -- Up-to-date: /home/rhys/ws_snow/install/urdf_tutorial/share/urdf_tutorial/meshes_v2/old_2/wm2_base.STL
[0.093s] -- Up-to-date: /home/rhys/ws_snow/install/urdf_tutorial/share/urdf_tutorial/meshes_v2/old_2/wm1_arm.STL
[0.093s] -- Up-to-date: /home/rhys/ws_snow/install/urdf_tutorial/share/urdf_tutorial/meshes_v2/old_2/wm1_break_enc.STL
[0.093s] -- Up-to-date: /home/rhys/ws_snow/install/urdf_tutorial/share/urdf_tutorial/meshes_v2/old_2/wm3_break_enc.STL
[0.093s] -- Up-to-date: /home/rhys/ws_snow/install/urdf_tutorial/share/urdf_tutorial/meshes_v2/old_2/wm3_arm.STL
[0.093s] -- Up-to-date: /home/rhys/ws_snow/install/urdf_tutorial/share/urdf_tutorial/meshes_v2/old_2/wm2_steering_axis.STL
[0.093s] -- Up-to-date: /home/rhys/ws_snow/install/urdf_tutorial/share/urdf_tutorial/meshes_v2/old_2/wm4_base.STL
[0.093s] -- Up-to-date: /home/rhys/ws_snow/install/urdf_tutorial/share/urdf_tutorial/meshes_v2/old_2/base_link.STL
[0.093s] -- Up-to-date: /home/rhys/ws_snow/install/urdf_tutorial/share/urdf_tutorial/meshes_v2/old_2/wm2_arm.STL
[0.093s] -- Up-to-date: /home/rhys/ws_snow/install/urdf_tutorial/share/urdf_tutorial/meshes_v2/old_2/wm3_steering_axis.STL
[0.094s] -- Up-to-date: /home/rhys/ws_snow/install/urdf_tutorial/share/urdf_tutorial/meshes_v2/old_2/wm1_steering_axis.STL
[0.094s] -- Up-to-date: /home/rhys/ws_snow/install/urdf_tutorial/share/urdf_tutorial/meshes_v2/old_2/wm3_base.STL
[0.094s] -- Up-to-date: /home/rhys/ws_snow/install/urdf_tutorial/share/urdf_tutorial/meshes_v2/old_2/wm4_wheel.STL
[0.095s] -- Up-to-date: /home/rhys/ws_snow/install/urdf_tutorial/share/urdf_tutorial/meshes_v2/old_2/wm1_base.STL
[0.095s] -- Up-to-date: /home/rhys/ws_snow/install/urdf_tutorial/share/urdf_tutorial/meshes_v2/old_2/wm2_break_enc.STL
[0.095s] -- Up-to-date: /home/rhys/ws_snow/install/urdf_tutorial/share/urdf_tutorial/meshes_v2/old_2/wm3_wheel.STL
[0.095s] -- Up-to-date: /home/rhys/ws_snow/install/urdf_tutorial/share/urdf_tutorial/meshes_v2/old_2/wm1_wheel.STL
[0.095s] -- Up-to-date: /home/rhys/ws_snow/install/urdf_tutorial/share/urdf_tutorial/meshes_v2/old_2/wm4_break_enc.STL
[0.095s] -- Up-to-date: /home/rhys/ws_snow/install/urdf_tutorial/share/urdf_tutorial/meshes_v2/base_link.STL
[0.095s] -- Up-to-date: /home/rhys/ws_snow/install/urdf_tutorial/share/urdf_tutorial/meshes_v2/wm2_arm.STL
[0.095s] -- Up-to-date: /home/rhys/ws_snow/install/urdf_tutorial/share/urdf_tutorial/meshes_v2/wm1_brake_enc.STL
[0.095s] -- Up-to-date: /home/rhys/ws_snow/install/urdf_tutorial/share/urdf_tutorial/meshes_v2/wm3_steering_axis.STL
[0.095s] -- Up-to-date: /home/rhys/ws_snow/install/urdf_tutorial/share/urdf_tutorial/meshes_v2/wm3_brake_enc.STL
[0.095s] -- Up-to-date: /home/rhys/ws_snow/install/urdf_tutorial/share/urdf_tutorial/meshes_v2/wm1_steering_axis.STL
[0.096s] -- Up-to-date: /home/rhys/ws_snow/install/urdf_tutorial/share/urdf_tutorial/meshes_v2/wm3_base.STL
[0.096s] -- Up-to-date: /home/rhys/ws_snow/install/urdf_tutorial/share/urdf_tutorial/meshes_v2/wm4_wheel.STL
[0.096s] -- Up-to-date: /home/rhys/ws_snow/install/urdf_tutorial/share/urdf_tutorial/meshes_v2/snow_v5
[0.096s] -- Up-to-date: /home/rhys/ws_snow/install/urdf_tutorial/share/urdf_tutorial/meshes_v2/snow_v5/wm4_arm.STL
[0.096s] -- Up-to-date: /home/rhys/ws_snow/install/urdf_tutorial/share/urdf_tutorial/meshes_v2/snow_v5/wm2_wheel.STL
[0.096s] -- Up-to-date: /home/rhys/ws_snow/install/urdf_tutorial/share/urdf_tutorial/meshes_v2/snow_v5/wm4_steering_axis.STL
[0.096s] -- Up-to-date: /home/rhys/ws_snow/install/urdf_tutorial/share/urdf_tutorial/meshes_v2/snow_v5/wm2_base.STL
[0.096s] -- Up-to-date: /home/rhys/ws_snow/install/urdf_tutorial/share/urdf_tutorial/meshes_v2/snow_v5/wm1_arm.STL
[0.096s] -- Up-to-date: /home/rhys/ws_snow/install/urdf_tutorial/share/urdf_tutorial/meshes_v2/snow_v5/wm1_break_enc.STL
[0.096s] -- Up-to-date: /home/rhys/ws_snow/install/urdf_tutorial/share/urdf_tutorial/meshes_v2/snow_v5/wm3_break_enc.STL
[0.096s] -- Up-to-date: /home/rhys/ws_snow/install/urdf_tutorial/share/urdf_tutorial/meshes_v2/snow_v5/wm3_arm.STL
[0.097s] -- Up-to-date: /home/rhys/ws_snow/install/urdf_tutorial/share/urdf_tutorial/meshes_v2/snow_v5/wm2_steering_axis.STL
[0.097s] -- Up-to-date: /home/rhys/ws_snow/install/urdf_tutorial/share/urdf_tutorial/meshes_v2/snow_v5/wm4_base.STL
[0.098s] -- Up-to-date: /home/rhys/ws_snow/install/urdf_tutorial/share/urdf_tutorial/meshes_v2/snow_v5/base_link.STL
[0.098s] -- Up-to-date: /home/rhys/ws_snow/install/urdf_tutorial/share/urdf_tutorial/meshes_v2/snow_v5/wm2_arm.STL
[0.098s] -- Up-to-date: /home/rhys/ws_snow/install/urdf_tutorial/share/urdf_tutorial/meshes_v2/snow_v5/wm3_steering_axis.STL
[0.098s] -- Up-to-date: /home/rhys/ws_snow/install/urdf_tutorial/share/urdf_tutorial/meshes_v2/snow_v5/wm1_steering_axis.STL
[0.098s] -- Up-to-date: /home/rhys/ws_snow/install/urdf_tutorial/share/urdf_tutorial/meshes_v2/snow_v5/wm3_base.STL
[0.098s] -- Up-to-date: /home/rhys/ws_snow/install/urdf_tutorial/share/urdf_tutorial/meshes_v2/snow_v5/wm4_wheel.STL
[0.098s] -- Up-to-date: /home/rhys/ws_snow/install/urdf_tutorial/share/urdf_tutorial/meshes_v2/snow_v5/wm1_base.STL
[0.098s] -- Up-to-date: /home/rhys/ws_snow/install/urdf_tutorial/share/urdf_tutorial/meshes_v2/snow_v5/wm2_break_enc.STL
[0.098s] -- Up-to-date: /home/rhys/ws_snow/install/urdf_tutorial/share/urdf_tutorial/meshes_v2/snow_v5/wm3_wheel.STL
[0.098s] -- Up-to-date: /home/rhys/ws_snow/install/urdf_tutorial/share/urdf_tutorial/meshes_v2/snow_v5/wm1_wheel.STL
[0.098s] -- Up-to-date: /home/rhys/ws_snow/install/urdf_tutorial/share/urdf_tutorial/meshes_v2/snow_v5/wm4_break_enc.STL
[0.098s] -- Up-to-date: /home/rhys/ws_snow/install/urdf_tutorial/share/urdf_tutorial/meshes_v2/wm1_base.STL
[0.099s] -- Up-to-date: /home/rhys/ws_snow/install/urdf_tutorial/share/urdf_tutorial/meshes_v2/wm3_wheel.STL
[0.099s] -- Up-to-date: /home/rhys/ws_snow/install/urdf_tutorial/share/urdf_tutorial/meshes_v2/wm1_wheel.STL
[0.099s] -- Up-to-date: /home/rhys/ws_snow/install/urdf_tutorial/share/urdf_tutorial/meshes_v2/wm2_brake_enc.STL
[0.099s] -- Up-to-date: /home/rhys/ws_snow/install/urdf_tutorial/share/urdf_tutorial/meshes_visual
[0.099s] -- Up-to-date: /home/rhys/ws_snow/install/urdf_tutorial/share/urdf_tutorial/meshes_visual/wm4_arm.STL
[0.099s] -- Up-to-date: /home/rhys/ws_snow/install/urdf_tutorial/share/urdf_tutorial/meshes_visual/wm2_wheel.STL
[0.099s] -- Up-to-date: /home/rhys/ws_snow/install/urdf_tutorial/share/urdf_tutorial/meshes_visual/wm4_steering_axis.STL
[0.099s] -- Up-to-date: /home/rhys/ws_snow/install/urdf_tutorial/share/urdf_tutorial/meshes_visual/wm2_base.STL
[0.099s] -- Up-to-date: /home/rhys/ws_snow/install/urdf_tutorial/share/urdf_tutorial/meshes_visual/wm1_arm.STL
[0.099s] -- Up-to-date: /home/rhys/ws_snow/install/urdf_tutorial/share/urdf_tutorial/meshes_visual/wm4_brake_enc.STL
[0.099s] -- Up-to-date: /home/rhys/ws_snow/install/urdf_tutorial/share/urdf_tutorial/meshes_visual/wm3_arm.STL
[0.099s] -- Up-to-date: /home/rhys/ws_snow/install/urdf_tutorial/share/urdf_tutorial/meshes_visual/wm2_steering_axis.STL
[0.099s] -- Up-to-date: /home/rhys/ws_snow/install/urdf_tutorial/share/urdf_tutorial/meshes_visual/wm4_base.STL
[0.099s] -- Up-to-date: /home/rhys/ws_snow/install/urdf_tutorial/share/urdf_tutorial/meshes_visual/base_link.STL
[0.099s] -- Up-to-date: /home/rhys/ws_snow/install/urdf_tutorial/share/urdf_tutorial/meshes_visual/wm2_arm.STL
[0.100s] -- Up-to-date: /home/rhys/ws_snow/install/urdf_tutorial/share/urdf_tutorial/meshes_visual/wm1_brake_enc.STL
[0.100s] -- Up-to-date: /home/rhys/ws_snow/install/urdf_tutorial/share/urdf_tutorial/meshes_visual/wm3_steering_axis.STL
[0.100s] -- Up-to-date: /home/rhys/ws_snow/install/urdf_tutorial/share/urdf_tutorial/meshes_visual/wm3_brake_enc.STL
[0.100s] -- Up-to-date: /home/rhys/ws_snow/install/urdf_tutorial/share/urdf_tutorial/meshes_visual/wm1_steering_axis.STL
[0.100s] -- Up-to-date: /home/rhys/ws_snow/install/urdf_tutorial/share/urdf_tutorial/meshes_visual/wm3_base.STL
[0.100s] -- Up-to-date: /home/rhys/ws_snow/install/urdf_tutorial/share/urdf_tutorial/meshes_visual/wm4_wheel.STL
[0.100s] -- Up-to-date: /home/rhys/ws_snow/install/urdf_tutorial/share/urdf_tutorial/meshes_visual/wm1_base.STL
[0.100s] -- Up-to-date: /home/rhys/ws_snow/install/urdf_tutorial/share/urdf_tutorial/meshes_visual/wm3_wheel.STL
[0.100s] -- Up-to-date: /home/rhys/ws_snow/install/urdf_tutorial/share/urdf_tutorial/meshes_visual/wm1_wheel.STL
[0.100s] -- Up-to-date: /home/rhys/ws_snow/install/urdf_tutorial/share/urdf_tutorial/meshes_visual/wm2_brake_enc.STL
[0.100s] -- Up-to-date: /home/rhys/ws_snow/install/urdf_tutorial/share/ament_index/resource_index/package_run_dependencies/urdf_tutorial
[0.100s] -- Up-to-date: /home/rhys/ws_snow/install/urdf_tutorial/share/ament_index/resource_index/parent_prefix_path/urdf_tutorial
[0.101s] -- Up-to-date: /home/rhys/ws_snow/install/urdf_tutorial/share/urdf_tutorial/environment/ament_prefix_path.sh
[0.101s] -- Up-to-date: /home/rhys/ws_snow/install/urdf_tutorial/share/urdf_tutorial/environment/ament_prefix_path.dsv
[0.101s] -- Up-to-date: /home/rhys/ws_snow/install/urdf_tutorial/share/urdf_tutorial/environment/path.sh
[0.101s] -- Up-to-date: /home/rhys/ws_snow/install/urdf_tutorial/share/urdf_tutorial/environment/path.dsv
[0.101s] -- Up-to-date: /home/rhys/ws_snow/install/urdf_tutorial/share/urdf_tutorial/local_setup.bash
[0.101s] -- Up-to-date: /home/rhys/ws_snow/install/urdf_tutorial/share/urdf_tutorial/local_setup.sh
[0.101s] -- Up-to-date: /home/rhys/ws_snow/install/urdf_tutorial/share/urdf_tutorial/local_setup.zsh
[0.101s] -- Up-to-date: /home/rhys/ws_snow/install/urdf_tutorial/share/urdf_tutorial/local_setup.dsv
[0.101s] -- Installing: /home/rhys/ws_snow/install/urdf_tutorial/share/urdf_tutorial/package.dsv
[0.101s] -- Up-to-date: /home/rhys/ws_snow/install/urdf_tutorial/share/ament_index/resource_index/packages/urdf_tutorial
[0.101s] -- Up-to-date: /home/rhys/ws_snow/install/urdf_tutorial/share/urdf_tutorial/cmake/urdf_tutorialConfig.cmake
[0.101s] -- Up-to-date: /home/rhys/ws_snow/install/urdf_tutorial/share/urdf_tutorial/cmake/urdf_tutorialConfig-version.cmake
[0.102s] -- Up-to-date: /home/rhys/ws_snow/install/urdf_tutorial/share/urdf_tutorial/package.xml
[0.102s] Invoked command in '/home/rhys/ws_snow/build/urdf_tutorial' returned '0': CMAKE_PREFIX_PATH=${CMAKE_PREFIX_PATH}:/opt/ros/humble /usr/bin/cmake --install /home/rhys/ws_snow/build/urdf_tutorial
