-- Install configuration: ""
-- Up-to-date: /home/bern/ws_snow/install/urdf_tutorial/share/urdf_tutorial/images
-- Up-to-date: /home/bern/ws_snow/install/urdf_tutorial/share/urdf_tutorial/images/multipleshapes.png
-- Up-to-date: /home/bern/ws_snow/install/urdf_tutorial/share/urdf_tutorial/images/origins.png
-- Up-to-date: /home/bern/ws_snow/install/urdf_tutorial/share/urdf_tutorial/images/myfirst.png
-- Up-to-date: /home/bern/ws_snow/install/urdf_tutorial/share/urdf_tutorial/images/materials.png
-- Up-to-date: /home/bern/ws_snow/install/urdf_tutorial/share/urdf_tutorial/images/visual.png
-- Up-to-date: /home/bern/ws_snow/install/urdf_tutorial/share/urdf_tutorial/images/flexible.png
-- Up-to-date: /home/bern/ws_snow/install/urdf_tutorial/share/urdf_tutorial/launch
-- Up-to-date: /home/bern/ws_snow/install/urdf_tutorial/share/urdf_tutorial/launch/display.launch.py
-- Up-to-date: /home/bern/ws_snow/install/urdf_tutorial/share/urdf_tutorial/meshes
-- Up-to-date: /home/bern/ws_snow/install/urdf_tutorial/share/urdf_tutorial/meshes/wm1_steering_axis.STL
-- Up-to-date: /home/bern/ws_snow/install/urdf_tutorial/share/urdf_tutorial/meshes/wm4_base.STL
-- Up-to-date: /home/bern/ws_snow/install/urdf_tutorial/share/urdf_tutorial/meshes/wm3_wheel.STL
-- Up-to-date: /home/bern/ws_snow/install/urdf_tutorial/share/urdf_tutorial/meshes/wm3_steering_axis.STL
-- Up-to-date: /home/bern/ws_snow/install/urdf_tutorial/share/urdf_tutorial/meshes/wm3_arm.STL
-- Up-to-date: /home/bern/ws_snow/install/urdf_tutorial/share/urdf_tutorial/meshes/wm2_break_enc.STL
-- Up-to-date: /home/bern/ws_snow/install/urdf_tutorial/share/urdf_tutorial/meshes/wm4_wheel.STL
-- Up-to-date: /home/bern/ws_snow/install/urdf_tutorial/share/urdf_tutorial/meshes/wm1_break_enc.STL
-- Up-to-date: /home/bern/ws_snow/install/urdf_tutorial/share/urdf_tutorial/meshes/old
-- Up-to-date: /home/bern/ws_snow/install/urdf_tutorial/share/urdf_tutorial/meshes/old/wm3_wheel.STL
-- Up-to-date: /home/bern/ws_snow/install/urdf_tutorial/share/urdf_tutorial/meshes/old/wm4_wheel.STL
-- Up-to-date: /home/bern/ws_snow/install/urdf_tutorial/share/urdf_tutorial/meshes/old/wm3.STL
-- Up-to-date: /home/bern/ws_snow/install/urdf_tutorial/share/urdf_tutorial/meshes/old/wm2.STL
-- Up-to-date: /home/bern/ws_snow/install/urdf_tutorial/share/urdf_tutorial/meshes/old/wm1.STL
-- Up-to-date: /home/bern/ws_snow/install/urdf_tutorial/share/urdf_tutorial/meshes/old/wm2_wheel.STL
-- Up-to-date: /home/bern/ws_snow/install/urdf_tutorial/share/urdf_tutorial/meshes/old/base_link.STL
-- Up-to-date: /home/bern/ws_snow/install/urdf_tutorial/share/urdf_tutorial/meshes/old/wm1_wheel.STL
-- Up-to-date: /home/bern/ws_snow/install/urdf_tutorial/share/urdf_tutorial/meshes/old/wm4.STL
-- Up-to-date: /home/bern/ws_snow/install/urdf_tutorial/share/urdf_tutorial/meshes/wm1_arm.STL
-- Up-to-date: /home/bern/ws_snow/install/urdf_tutorial/share/urdf_tutorial/meshes/wm4_arm.STL
-- Up-to-date: /home/bern/ws_snow/install/urdf_tutorial/share/urdf_tutorial/meshes/wm4_break_enc.STL
-- Up-to-date: /home/bern/ws_snow/install/urdf_tutorial/share/urdf_tutorial/meshes/wm2_wheel.STL
-- Up-to-date: /home/bern/ws_snow/install/urdf_tutorial/share/urdf_tutorial/meshes/wm2_arm.STL
-- Up-to-date: /home/bern/ws_snow/install/urdf_tutorial/share/urdf_tutorial/meshes/base_link.STL
-- Up-to-date: /home/bern/ws_snow/install/urdf_tutorial/share/urdf_tutorial/meshes/wm2_base.STL
-- Up-to-date: /home/bern/ws_snow/install/urdf_tutorial/share/urdf_tutorial/meshes/wm2_steering_axis.STL
-- Up-to-date: /home/bern/ws_snow/install/urdf_tutorial/share/urdf_tutorial/meshes/wm1_wheel.STL
-- Up-to-date: /home/bern/ws_snow/install/urdf_tutorial/share/urdf_tutorial/meshes/wm3_break_enc.STL
-- Up-to-date: /home/bern/ws_snow/install/urdf_tutorial/share/urdf_tutorial/meshes/wm1_base.STL
-- Up-to-date: /home/bern/ws_snow/install/urdf_tutorial/share/urdf_tutorial/meshes/wm4_steering_axis.STL
-- Up-to-date: /home/bern/ws_snow/install/urdf_tutorial/share/urdf_tutorial/meshes/wm3_base.STL
-- Up-to-date: /home/bern/ws_snow/install/urdf_tutorial/share/urdf_tutorial/rviz
-- Up-to-date: /home/bern/ws_snow/install/urdf_tutorial/share/urdf_tutorial/rviz/urdf.rviz
-- Up-to-date: /home/bern/ws_snow/install/urdf_tutorial/share/urdf_tutorial/urdf
-- Up-to-date: /home/bern/ws_snow/install/urdf_tutorial/share/urdf_tutorial/urdf/snow_v5.urdf
-- Up-to-date: /home/bern/ws_snow/install/urdf_tutorial/share/urdf_tutorial/urdf/snowbot_simple.urdf
-- Up-to-date: /home/bern/ws_snow/install/urdf_tutorial/share/urdf_tutorial/urdf/snowbot_simple_v3.urdf
-- Up-to-date: /home/bern/ws_snow/install/urdf_tutorial/share/urdf_tutorial/urdf/snow_v7.urdf
-- Up-to-date: /home/bern/ws_snow/install/urdf_tutorial/share/urdf_tutorial/urdf/snow_complete_v2.urdf
-- Up-to-date: /home/bern/ws_snow/install/urdf_tutorial/share/urdf_tutorial/urdf/snow_collision_v1.urdf
-- Up-to-date: /home/bern/ws_snow/install/urdf_tutorial/share/urdf_tutorial/urdf/snowbot_simple_v2.urdf
-- Up-to-date: /home/bern/ws_snow/install/urdf_tutorial/share/urdf_tutorial/urdf/snow_v4.urdf
-- Up-to-date: /home/bern/ws_snow/install/urdf_tutorial/share/urdf_tutorial/urdf/test.urdf
-- Up-to-date: /home/bern/ws_snow/install/urdf_tutorial/share/urdf_tutorial/urdf/snow_v3.urdf
-- Up-to-date: /home/bern/ws_snow/install/urdf_tutorial/share/urdf_tutorial/urdf/snow_v6.urdf
-- Up-to-date: /home/bern/ws_snow/install/urdf_tutorial/share/urdf_tutorial/urdf/snow.urdf
-- Installing: /home/bern/ws_snow/install/urdf_tutorial/share/urdf_tutorial/urdf/snow_complete_v3.urdf
-- Up-to-date: /home/bern/ws_snow/install/urdf_tutorial/share/urdf_tutorial/urdf/snow_complete_v1.urdf
-- Up-to-date: /home/bern/ws_snow/install/urdf_tutorial/share/urdf_tutorial/urdf/snow_v2.zip
-- Up-to-date: /home/bern/ws_snow/install/urdf_tutorial/share/urdf_tutorial/urdf/snowbot_simple_v4.urdf
-- Up-to-date: /home/bern/ws_snow/install/urdf_tutorial/share/urdf_tutorial/meshes_v2
-- Up-to-date: /home/bern/ws_snow/install/urdf_tutorial/share/urdf_tutorial/meshes_v2/wm1_steering_axis.STL
-- Up-to-date: /home/bern/ws_snow/install/urdf_tutorial/share/urdf_tutorial/meshes_v2/wm4_base.STL
-- Up-to-date: /home/bern/ws_snow/install/urdf_tutorial/share/urdf_tutorial/meshes_v2/snow_v5
-- Up-to-date: /home/bern/ws_snow/install/urdf_tutorial/share/urdf_tutorial/meshes_v2/snow_v5/wm1_steering_axis.STL
-- Up-to-date: /home/bern/ws_snow/install/urdf_tutorial/share/urdf_tutorial/meshes_v2/snow_v5/wm4_base.STL
-- Up-to-date: /home/bern/ws_snow/install/urdf_tutorial/share/urdf_tutorial/meshes_v2/snow_v5/wm3_wheel.STL
-- Up-to-date: /home/bern/ws_snow/install/urdf_tutorial/share/urdf_tutorial/meshes_v2/snow_v5/wm3_steering_axis.STL
-- Up-to-date: /home/bern/ws_snow/install/urdf_tutorial/share/urdf_tutorial/meshes_v2/snow_v5/wm3_arm.STL
-- Up-to-date: /home/bern/ws_snow/install/urdf_tutorial/share/urdf_tutorial/meshes_v2/snow_v5/wm2_break_enc.STL
-- Up-to-date: /home/bern/ws_snow/install/urdf_tutorial/share/urdf_tutorial/meshes_v2/snow_v5/wm4_wheel.STL
-- Up-to-date: /home/bern/ws_snow/install/urdf_tutorial/share/urdf_tutorial/meshes_v2/snow_v5/wm1_break_enc.STL
-- Up-to-date: /home/bern/ws_snow/install/urdf_tutorial/share/urdf_tutorial/meshes_v2/snow_v5/wm1_arm.STL
-- Up-to-date: /home/bern/ws_snow/install/urdf_tutorial/share/urdf_tutorial/meshes_v2/snow_v5/wm4_arm.STL
-- Up-to-date: /home/bern/ws_snow/install/urdf_tutorial/share/urdf_tutorial/meshes_v2/snow_v5/wm4_break_enc.STL
-- Up-to-date: /home/bern/ws_snow/install/urdf_tutorial/share/urdf_tutorial/meshes_v2/snow_v5/wm2_wheel.STL
-- Up-to-date: /home/bern/ws_snow/install/urdf_tutorial/share/urdf_tutorial/meshes_v2/snow_v5/wm2_arm.STL
-- Up-to-date: /home/bern/ws_snow/install/urdf_tutorial/share/urdf_tutorial/meshes_v2/snow_v5/base_link.STL
-- Up-to-date: /home/bern/ws_snow/install/urdf_tutorial/share/urdf_tutorial/meshes_v2/snow_v5/wm2_base.STL
-- Up-to-date: /home/bern/ws_snow/install/urdf_tutorial/share/urdf_tutorial/meshes_v2/snow_v5/wm2_steering_axis.STL
-- Up-to-date: /home/bern/ws_snow/install/urdf_tutorial/share/urdf_tutorial/meshes_v2/snow_v5/wm1_wheel.STL
-- Up-to-date: /home/bern/ws_snow/install/urdf_tutorial/share/urdf_tutorial/meshes_v2/snow_v5/wm3_break_enc.STL
-- Up-to-date: /home/bern/ws_snow/install/urdf_tutorial/share/urdf_tutorial/meshes_v2/snow_v5/wm1_base.STL
-- Up-to-date: /home/bern/ws_snow/install/urdf_tutorial/share/urdf_tutorial/meshes_v2/snow_v5/wm4_steering_axis.STL
-- Up-to-date: /home/bern/ws_snow/install/urdf_tutorial/share/urdf_tutorial/meshes_v2/snow_v5/wm3_base.STL
-- Up-to-date: /home/bern/ws_snow/install/urdf_tutorial/share/urdf_tutorial/meshes_v2/wm3_wheel.STL
-- Up-to-date: /home/bern/ws_snow/install/urdf_tutorial/share/urdf_tutorial/meshes_v2/old_2
-- Up-to-date: /home/bern/ws_snow/install/urdf_tutorial/share/urdf_tutorial/meshes_v2/old_2/wm1_steering_axis.STL
-- Up-to-date: /home/bern/ws_snow/install/urdf_tutorial/share/urdf_tutorial/meshes_v2/old_2/wm4_base.STL
-- Up-to-date: /home/bern/ws_snow/install/urdf_tutorial/share/urdf_tutorial/meshes_v2/old_2/wm3_wheel.STL
-- Up-to-date: /home/bern/ws_snow/install/urdf_tutorial/share/urdf_tutorial/meshes_v2/old_2/wm3_steering_axis.STL
-- Up-to-date: /home/bern/ws_snow/install/urdf_tutorial/share/urdf_tutorial/meshes_v2/old_2/wm3_arm.STL
-- Up-to-date: /home/bern/ws_snow/install/urdf_tutorial/share/urdf_tutorial/meshes_v2/old_2/wm2_break_enc.STL
-- Up-to-date: /home/bern/ws_snow/install/urdf_tutorial/share/urdf_tutorial/meshes_v2/old_2/wm4_wheel.STL
-- Up-to-date: /home/bern/ws_snow/install/urdf_tutorial/share/urdf_tutorial/meshes_v2/old_2/wm1_break_enc.STL
-- Up-to-date: /home/bern/ws_snow/install/urdf_tutorial/share/urdf_tutorial/meshes_v2/old_2/wm1_arm.STL
-- Up-to-date: /home/bern/ws_snow/install/urdf_tutorial/share/urdf_tutorial/meshes_v2/old_2/wm4_arm.STL
-- Up-to-date: /home/bern/ws_snow/install/urdf_tutorial/share/urdf_tutorial/meshes_v2/old_2/wm4_break_enc.STL
-- Up-to-date: /home/bern/ws_snow/install/urdf_tutorial/share/urdf_tutorial/meshes_v2/old_2/wm2_wheel.STL
-- Up-to-date: /home/bern/ws_snow/install/urdf_tutorial/share/urdf_tutorial/meshes_v2/old_2/wm2_arm.STL
-- Up-to-date: /home/bern/ws_snow/install/urdf_tutorial/share/urdf_tutorial/meshes_v2/old_2/base_link.STL
-- Up-to-date: /home/bern/ws_snow/install/urdf_tutorial/share/urdf_tutorial/meshes_v2/old_2/wm2_base.STL
-- Up-to-date: /home/bern/ws_snow/install/urdf_tutorial/share/urdf_tutorial/meshes_v2/old_2/wm2_steering_axis.STL
-- Up-to-date: /home/bern/ws_snow/install/urdf_tutorial/share/urdf_tutorial/meshes_v2/old_2/wm1_wheel.STL
-- Up-to-date: /home/bern/ws_snow/install/urdf_tutorial/share/urdf_tutorial/meshes_v2/old_2/wm3_break_enc.STL
-- Up-to-date: /home/bern/ws_snow/install/urdf_tutorial/share/urdf_tutorial/meshes_v2/old_2/wm1_base.STL
-- Up-to-date: /home/bern/ws_snow/install/urdf_tutorial/share/urdf_tutorial/meshes_v2/old_2/wm4_steering_axis.STL
-- Up-to-date: /home/bern/ws_snow/install/urdf_tutorial/share/urdf_tutorial/meshes_v2/old_2/wm3_base.STL
-- Up-to-date: /home/bern/ws_snow/install/urdf_tutorial/share/urdf_tutorial/meshes_v2/wm1_brake_enc.STL
-- Up-to-date: /home/bern/ws_snow/install/urdf_tutorial/share/urdf_tutorial/meshes_v2/wm3_steering_axis.STL
-- Up-to-date: /home/bern/ws_snow/install/urdf_tutorial/share/urdf_tutorial/meshes_v2/wm3_arm.STL
-- Up-to-date: /home/bern/ws_snow/install/urdf_tutorial/share/urdf_tutorial/meshes_v2/wm4_wheel.STL
-- Up-to-date: /home/bern/ws_snow/install/urdf_tutorial/share/urdf_tutorial/meshes_v2/old
-- Up-to-date: /home/bern/ws_snow/install/urdf_tutorial/share/urdf_tutorial/meshes_v2/old/wm3_wheel.STL
-- Up-to-date: /home/bern/ws_snow/install/urdf_tutorial/share/urdf_tutorial/meshes_v2/old/wm4_wheel.STL
-- Up-to-date: /home/bern/ws_snow/install/urdf_tutorial/share/urdf_tutorial/meshes_v2/old/wm3.STL
-- Up-to-date: /home/bern/ws_snow/install/urdf_tutorial/share/urdf_tutorial/meshes_v2/old/wm2.STL
-- Up-to-date: /home/bern/ws_snow/install/urdf_tutorial/share/urdf_tutorial/meshes_v2/old/wm1.STL
-- Up-to-date: /home/bern/ws_snow/install/urdf_tutorial/share/urdf_tutorial/meshes_v2/old/wm2_wheel.STL
-- Up-to-date: /home/bern/ws_snow/install/urdf_tutorial/share/urdf_tutorial/meshes_v2/old/base_link.STL
-- Up-to-date: /home/bern/ws_snow/install/urdf_tutorial/share/urdf_tutorial/meshes_v2/old/wm1_wheel.STL
-- Up-to-date: /home/bern/ws_snow/install/urdf_tutorial/share/urdf_tutorial/meshes_v2/old/wm4.STL
-- Up-to-date: /home/bern/ws_snow/install/urdf_tutorial/share/urdf_tutorial/meshes_v2/wm1_arm.STL
-- Up-to-date: /home/bern/ws_snow/install/urdf_tutorial/share/urdf_tutorial/meshes_v2/wm4_brake_enc.STL
-- Up-to-date: /home/bern/ws_snow/install/urdf_tutorial/share/urdf_tutorial/meshes_v2/wm3_brake_enc.STL
-- Up-to-date: /home/bern/ws_snow/install/urdf_tutorial/share/urdf_tutorial/meshes_v2/wm4_arm.STL
-- Up-to-date: /home/bern/ws_snow/install/urdf_tutorial/share/urdf_tutorial/meshes_v2/wm2_wheel.STL
-- Up-to-date: /home/bern/ws_snow/install/urdf_tutorial/share/urdf_tutorial/meshes_v2/wm2_arm.STL
-- Up-to-date: /home/bern/ws_snow/install/urdf_tutorial/share/urdf_tutorial/meshes_v2/base_link.STL
-- Up-to-date: /home/bern/ws_snow/install/urdf_tutorial/share/urdf_tutorial/meshes_v2/wm2_base.STL
-- Up-to-date: /home/bern/ws_snow/install/urdf_tutorial/share/urdf_tutorial/meshes_v2/wm2_steering_axis.STL
-- Up-to-date: /home/bern/ws_snow/install/urdf_tutorial/share/urdf_tutorial/meshes_v2/wm1_wheel.STL
-- Up-to-date: /home/bern/ws_snow/install/urdf_tutorial/share/urdf_tutorial/meshes_v2/wm1_base.STL
-- Up-to-date: /home/bern/ws_snow/install/urdf_tutorial/share/urdf_tutorial/meshes_v2/wm2_brake_enc.STL
-- Up-to-date: /home/bern/ws_snow/install/urdf_tutorial/share/urdf_tutorial/meshes_v2/wm4_steering_axis.STL
-- Up-to-date: /home/bern/ws_snow/install/urdf_tutorial/share/urdf_tutorial/meshes_v2/wm3_base.STL
-- Up-to-date: /home/bern/ws_snow/install/urdf_tutorial/share/urdf_tutorial/meshes_visual
-- Up-to-date: /home/bern/ws_snow/install/urdf_tutorial/share/urdf_tutorial/meshes_visual/wm1_steering_axis.STL
-- Up-to-date: /home/bern/ws_snow/install/urdf_tutorial/share/urdf_tutorial/meshes_visual/wm4_base.STL
-- Up-to-date: /home/bern/ws_snow/install/urdf_tutorial/share/urdf_tutorial/meshes_visual/wm3_wheel.STL
-- Up-to-date: /home/bern/ws_snow/install/urdf_tutorial/share/urdf_tutorial/meshes_visual/wm1_brake_enc.STL
-- Up-to-date: /home/bern/ws_snow/install/urdf_tutorial/share/urdf_tutorial/meshes_visual/wm3_steering_axis.STL
-- Up-to-date: /home/bern/ws_snow/install/urdf_tutorial/share/urdf_tutorial/meshes_visual/wm3_arm.STL
-- Up-to-date: /home/bern/ws_snow/install/urdf_tutorial/share/urdf_tutorial/meshes_visual/wm4_wheel.STL
-- Up-to-date: /home/bern/ws_snow/install/urdf_tutorial/share/urdf_tutorial/meshes_visual/wm1_arm.STL
-- Up-to-date: /home/bern/ws_snow/install/urdf_tutorial/share/urdf_tutorial/meshes_visual/wm4_brake_enc.STL
-- Up-to-date: /home/bern/ws_snow/install/urdf_tutorial/share/urdf_tutorial/meshes_visual/wm3_brake_enc.STL
-- Up-to-date: /home/bern/ws_snow/install/urdf_tutorial/share/urdf_tutorial/meshes_visual/wm4_arm.STL
-- Up-to-date: /home/bern/ws_snow/install/urdf_tutorial/share/urdf_tutorial/meshes_visual/wm2_wheel.STL
-- Up-to-date: /home/bern/ws_snow/install/urdf_tutorial/share/urdf_tutorial/meshes_visual/wm2_arm.STL
-- Up-to-date: /home/bern/ws_snow/install/urdf_tutorial/share/urdf_tutorial/meshes_visual/base_link.STL
-- Up-to-date: /home/bern/ws_snow/install/urdf_tutorial/share/urdf_tutorial/meshes_visual/wm2_base.STL
-- Up-to-date: /home/bern/ws_snow/install/urdf_tutorial/share/urdf_tutorial/meshes_visual/wm2_steering_axis.STL
-- Up-to-date: /home/bern/ws_snow/install/urdf_tutorial/share/urdf_tutorial/meshes_visual/wm1_wheel.STL
-- Up-to-date: /home/bern/ws_snow/install/urdf_tutorial/share/urdf_tutorial/meshes_visual/wm1_base.STL
-- Up-to-date: /home/bern/ws_snow/install/urdf_tutorial/share/urdf_tutorial/meshes_visual/wm2_brake_enc.STL
-- Up-to-date: /home/bern/ws_snow/install/urdf_tutorial/share/urdf_tutorial/meshes_visual/wm4_steering_axis.STL
-- Up-to-date: /home/bern/ws_snow/install/urdf_tutorial/share/urdf_tutorial/meshes_visual/wm3_base.STL
-- Up-to-date: /home/bern/ws_snow/install/urdf_tutorial/share/ament_index/resource_index/package_run_dependencies/urdf_tutorial
-- Up-to-date: /home/bern/ws_snow/install/urdf_tutorial/share/ament_index/resource_index/parent_prefix_path/urdf_tutorial
-- Up-to-date: /home/bern/ws_snow/install/urdf_tutorial/share/urdf_tutorial/environment/ament_prefix_path.sh
-- Up-to-date: /home/bern/ws_snow/install/urdf_tutorial/share/urdf_tutorial/environment/ament_prefix_path.dsv
-- Up-to-date: /home/bern/ws_snow/install/urdf_tutorial/share/urdf_tutorial/environment/path.sh
-- Up-to-date: /home/bern/ws_snow/install/urdf_tutorial/share/urdf_tutorial/environment/path.dsv
-- Up-to-date: /home/bern/ws_snow/install/urdf_tutorial/share/urdf_tutorial/local_setup.bash
-- Up-to-date: /home/bern/ws_snow/install/urdf_tutorial/share/urdf_tutorial/local_setup.sh
-- Up-to-date: /home/bern/ws_snow/install/urdf_tutorial/share/urdf_tutorial/local_setup.zsh
-- Up-to-date: /home/bern/ws_snow/install/urdf_tutorial/share/urdf_tutorial/local_setup.dsv
-- Installing: /home/bern/ws_snow/install/urdf_tutorial/share/urdf_tutorial/package.dsv
-- Up-to-date: /home/bern/ws_snow/install/urdf_tutorial/share/ament_index/resource_index/packages/urdf_tutorial
-- Up-to-date: /home/bern/ws_snow/install/urdf_tutorial/share/urdf_tutorial/cmake/urdf_tutorialConfig.cmake
-- Up-to-date: /home/bern/ws_snow/install/urdf_tutorial/share/urdf_tutorial/cmake/urdf_tutorialConfig-version.cmake
-- Up-to-date: /home/bern/ws_snow/install/urdf_tutorial/share/urdf_tutorial/package.xml
