[0.014s] Invoking command in '/home/bern/ws_snow/build/snow_sim': CMAKE_PREFIX_PATH=${CMAKE_PREFIX_PATH}:/opt/ros/humble /usr/bin/cmake /home/bern/ws_snow/src/snow_sim -DCMAKE_INSTALL_PREFIX=/home/bern/ws_snow/install/snow_sim
[0.062s] -- The C compiler identification is GNU 11.4.0
[0.114s] -- The CXX compiler identification is GNU 11.4.0
[0.121s] -- Detecting C compiler ABI info
[0.166s] -- Detecting C compiler ABI info - done
[0.171s] -- Check for working C compiler: /usr/bin/cc - skipped
[0.171s] -- Detecting C compile features
[0.171s] -- Detecting C compile features - done
[0.173s] -- Detecting CXX compiler ABI info
[0.240s] -- Detecting CXX compiler ABI info - done
[0.248s] -- Check for working CXX compiler: /usr/bin/c++ - skipped
[0.248s] -- Detecting CXX compile features
[0.249s] -- Detecting CXX compile features - done
[0.251s] -- Found ament_cmake: 1.3.9 (/opt/ros/humble/share/ament_cmake/cmake)
[0.353s] -- Found Python3: /usr/bin/python3 (found version "3.10.12") found components: Interpreter 
[0.410s] -- Found control_msgs: 4.6.0 (/opt/ros/humble/share/control_msgs/cmake)
[0.448s] -- Found rosidl_generator_c: 3.1.5 (/opt/ros/humble/share/rosidl_generator_c/cmake)
[0.451s] -- Found rosidl_adapter: 3.1.5 (/opt/ros/humble/share/rosidl_adapter/cmake)
[0.456s] -- Found rosidl_generator_cpp: 3.1.5 (/opt/ros/humble/share/rosidl_generator_cpp/cmake)
[0.465s] -- Using all available rosidl_typesupport_c: rosidl_typesupport_fastrtps_c;rosidl_typesupport_introspection_c
[0.479s] -- Using all available rosidl_typesupport_cpp: rosidl_typesupport_fastrtps_cpp;rosidl_typesupport_introspection_cpp
[0.972s] -- Found rclcpp: 16.0.9 (/opt/ros/humble/share/rclcpp/cmake)
[1.029s] -- Found rmw_implementation_cmake: 6.1.2 (/opt/ros/humble/share/rmw_implementation_cmake/cmake)
[1.030s] -- Found rmw_fastrtps_cpp: 6.2.6 (/opt/ros/humble/share/rmw_fastrtps_cpp/cmake)
[1.103s] -- Found OpenSSL: /usr/lib/x86_64-linux-gnu/libcrypto.so (found version "3.0.2")  
[1.123s] -- Found FastRTPS: /opt/ros/humble/include  
[1.157s] -- Using RMW implementation 'rmw_fastrtps_cpp' as default
[1.163s] -- Looking for pthread.h
[1.209s] -- Looking for pthread.h - found
[1.209s] -- Performing Test CMAKE_HAVE_LIBC_PTHREAD
[1.267s] -- Performing Test CMAKE_HAVE_LIBC_PTHREAD - Success
[1.268s] -- Found Threads: TRUE  
[1.356s] -- Found rclcpp_action: 16.0.9 (/opt/ros/humble/share/rclcpp_action/cmake)
[1.379s] -- Found ament_lint_auto: 0.12.11 (/opt/ros/humble/share/ament_lint_auto/cmake)
[1.436s] -- Added test 'cppcheck' to perform static code analysis on C / C++ code
[1.436s] -- Configured cppcheck include dirs: 
[1.436s] -- Configured cppcheck exclude dirs and/or files: 
[1.437s] -- Added test 'flake8' to check Python code syntax and style conventions
[1.438s] -- Added test 'lint_cmake' to check CMake code style
[1.439s] -- Added test 'pep257' to check Python code against some of the docstring style conventions in PEP 257
[1.443s] -- Added test 'uncrustify' to check C / C++ code style
[1.443s] -- Configured uncrustify additional arguments: 
[1.443s] -- Added test 'xmllint' to check XML markup files
[1.444s] -- Configuring done
[1.451s] -- Generating done
[1.451s] -- Build files have been written to: /home/bern/ws_snow/build/snow_sim
[1.459s] Invoked command in '/home/bern/ws_snow/build/snow_sim' returned '0': CMAKE_PREFIX_PATH=${CMAKE_PREFIX_PATH}:/opt/ros/humble /usr/bin/cmake /home/bern/ws_snow/src/snow_sim -DCMAKE_INSTALL_PREFIX=/home/bern/ws_snow/install/snow_sim
[1.460s] Invoking command in '/home/bern/ws_snow/build/snow_sim': CMAKE_PREFIX_PATH=${CMAKE_PREFIX_PATH}:/opt/ros/humble /usr/bin/cmake --build /home/bern/ws_snow/build/snow_sim -- -j12 -l12
[1.494s] [ 50%] [32mBuilding CXX object CMakeFiles/example_effort.dir/examples/example_effort.cpp.o[0m
[4.203s] [100%] [32m[1mLinking CXX executable example_effort[0m
[4.351s] [100%] Built target example_effort
[4.358s] Invoked command in '/home/bern/ws_snow/build/snow_sim' returned '0': CMAKE_PREFIX_PATH=${CMAKE_PREFIX_PATH}:/opt/ros/humble /usr/bin/cmake --build /home/bern/ws_snow/build/snow_sim -- -j12 -l12
[4.375s] Invoking command in '/home/bern/ws_snow/build/snow_sim': CMAKE_PREFIX_PATH=${CMAKE_PREFIX_PATH}:/opt/ros/humble /usr/bin/cmake --install /home/bern/ws_snow/build/snow_sim
[4.380s] -- Install configuration: ""
[4.380s] -- Installing: /home/bern/ws_snow/install/snow_sim/share/snow_sim//launch
[4.380s] -- Installing: /home/bern/ws_snow/install/snow_sim/share/snow_sim//launch/build
[4.380s] -- Installing: /home/bern/ws_snow/install/snow_sim/share/snow_sim//launch/build/.built_by
[4.380s] -- Installing: /home/bern/ws_snow/install/snow_sim/share/snow_sim//launch/build/COLCON_IGNORE
[4.380s] -- Installing: /home/bern/ws_snow/install/snow_sim/share/snow_sim//launch/log
[4.380s] -- Installing: /home/bern/ws_snow/install/snow_sim/share/snow_sim//launch/log/latest
[4.380s] -- Installing: /home/bern/ws_snow/install/snow_sim/share/snow_sim//launch/log/latest/events.log
[4.381s] -- Installing: /home/bern/ws_snow/install/snow_sim/share/snow_sim//launch/log/latest/logger_all.log
[4.381s] -- Installing: /home/bern/ws_snow/install/snow_sim/share/snow_sim//launch/log/build_2022-11-16_12-55-58
[4.381s] -- Installing: /home/bern/ws_snow/install/snow_sim/share/snow_sim//launch/log/build_2022-11-16_12-55-58/events.log
[4.381s] -- Installing: /home/bern/ws_snow/install/snow_sim/share/snow_sim//launch/log/build_2022-11-16_12-55-58/logger_all.log
[4.381s] -- Installing: /home/bern/ws_snow/install/snow_sim/share/snow_sim//launch/log/COLCON_IGNORE
[4.381s] -- Installing: /home/bern/ws_snow/install/snow_sim/share/snow_sim//launch/log/latest_build
[4.381s] -- Installing: /home/bern/ws_snow/install/snow_sim/share/snow_sim//launch/log/latest_build/events.log
[4.381s] -- Installing: /home/bern/ws_snow/install/snow_sim/share/snow_sim//launch/log/latest_build/logger_all.log
[4.381s] -- Installing: /home/bern/ws_snow/install/snow_sim/share/snow_sim//launch/snow_v2-pi.launch.py
[4.381s] -- Installing: /home/bern/ws_snow/install/snow_sim/share/snow_sim//launch/snow_v3.launch.py
[4.382s] -- Installing: /home/bern/ws_snow/install/snow_sim/share/snow_sim//launch/snow.launch.py
[4.382s] -- Installing: /home/bern/ws_snow/install/snow_sim/share/snow_sim//launch/snow_v2.launch.py
[4.382s] -- Installing: /home/bern/ws_snow/install/snow_sim/share/snow_sim//launch/sbsimple_ign.launch.py
[4.382s] -- Installing: /home/bern/ws_snow/install/snow_sim/share/snow_sim//launch/install
[4.382s] -- Installing: /home/bern/ws_snow/install/snow_sim/share/snow_sim//launch/install/_local_setup_util_sh.py
[4.382s] -- Installing: /home/bern/ws_snow/install/snow_sim/share/snow_sim//launch/install/local_setup.zsh
[4.382s] -- Installing: /home/bern/ws_snow/install/snow_sim/share/snow_sim//launch/install/_local_setup_util_ps1.py
[4.382s] -- Installing: /home/bern/ws_snow/install/snow_sim/share/snow_sim//launch/install/setup.bash
[4.382s] -- Installing: /home/bern/ws_snow/install/snow_sim/share/snow_sim//launch/install/setup.sh
[4.382s] -- Installing: /home/bern/ws_snow/install/snow_sim/share/snow_sim//launch/install/local_setup.bash
[4.382s] -- Installing: /home/bern/ws_snow/install/snow_sim/share/snow_sim//launch/install/setup.ps1
[4.383s] -- Installing: /home/bern/ws_snow/install/snow_sim/share/snow_sim//launch/install/local_setup.ps1
[4.383s] -- Installing: /home/bern/ws_snow/install/snow_sim/share/snow_sim//launch/install/COLCON_IGNORE
[4.383s] -- Installing: /home/bern/ws_snow/install/snow_sim/share/snow_sim//launch/install/.colcon_install_layout
[4.383s] -- Installing: /home/bern/ws_snow/install/snow_sim/share/snow_sim//launch/install/setup.zsh
[4.383s] -- Installing: /home/bern/ws_snow/install/snow_sim/share/snow_sim//launch/install/local_setup.sh
[4.383s] -- Installing: /home/bern/ws_snow/install/snow_sim/share/snow_sim//launch/temp
[4.383s] -- Installing: /home/bern/ws_snow/install/snow_sim/share/snow_sim//config
[4.383s] -- Installing: /home/bern/ws_snow/install/snow_sim/share/snow_sim//config/snow_v3.yaml
[4.383s] -- Installing: /home/bern/ws_snow/install/snow_sim/share/snow_sim//config/sbsimple.yaml
[4.383s] -- Installing: /home/bern/ws_snow/install/snow_sim/share/snow_sim//config/snow.yaml
[4.383s] -- Installing: /home/bern/ws_snow/install/snow_sim/share/snow_sim//config/temp
[4.384s] -- Installing: /home/bern/ws_snow/install/snow_sim/share/snow_sim//urdf
[4.384s] -- Installing: /home/bern/ws_snow/install/snow_sim/share/snow_sim//urdf/snow_v5.urdf
[4.384s] -- Installing: /home/bern/ws_snow/install/snow_sim/share/snow_sim//urdf/snowbot_simple.urdf
[4.384s] -- Installing: /home/bern/ws_snow/install/snow_sim/share/snow_sim//urdf/snow_complete_v2-1_stl wheel.urdf
[4.384s] -- Installing: /home/bern/ws_snow/install/snow_sim/share/snow_sim//urdf/snow_v5.sdf
[4.384s] -- Installing: /home/bern/ws_snow/install/snow_sim/share/snow_sim//urdf/snowbot_simple_ign.urdf
[4.384s] -- Installing: /home/bern/ws_snow/install/snow_sim/share/snow_sim//urdf/snow_orig.urdf
[4.385s] -- Installing: /home/bern/ws_snow/install/snow_sim/share/snow_sim//urdf/snow_complete_v2.urdf
[4.385s] -- Installing: /home/bern/ws_snow/install/snow_sim/share/snow_sim//urdf/snow_collision_v1.urdf
[4.385s] -- Installing: /home/bern/ws_snow/install/snow_sim/share/snow_sim//urdf/snow_complete_v2-1_hard code wheel.urdf
[4.385s] -- Installing: /home/bern/ws_snow/install/snow_sim/share/snow_sim//urdf/snow_v4.urdf
[4.385s] -- Installing: /home/bern/ws_snow/install/snow_sim/share/snow_sim//urdf/snow_v3.urdf
[4.385s] -- Installing: /home/bern/ws_snow/install/snow_sim/share/snow_sim//urdf/snow_v2.urdf
[4.386s] -- Installing: /home/bern/ws_snow/install/snow_sim/share/snow_sim//urdf/snow.urdf
[4.386s] -- Installing: /home/bern/ws_snow/install/snow_sim/share/snow_sim//urdf/snow_complete_v3.urdf
[4.386s] -- Installing: /home/bern/ws_snow/install/snow_sim/share/snow_sim//urdf/snow_complete_v2-stl only.urdf
[4.386s] -- Installing: /home/bern/ws_snow/install/snow_sim/share/snow_sim//urdf/snow_collision_v1-1.urdf
[4.386s] -- Installing: /home/bern/ws_snow/install/snow_sim/share/snow_sim//urdf/snow_complete_v1.urdf
[4.387s] -- Installing: /home/bern/ws_snow/install/snow_sim/share/snow_sim//urdf/temp
[4.387s] -- Installing: /home/bern/ws_snow/install/snow_sim/share/snow_sim//meshes
[4.387s] -- Installing: /home/bern/ws_snow/install/snow_sim/share/snow_sim//meshes/wm3_wheel.STL
[4.387s] -- Installing: /home/bern/ws_snow/install/snow_sim/share/snow_sim//meshes/wm4_wheel.STL
[4.387s] -- Installing: /home/bern/ws_snow/install/snow_sim/share/snow_sim//meshes/wm3.STL
[4.387s] -- Installing: /home/bern/ws_snow/install/snow_sim/share/snow_sim//meshes/wm2.STL
[4.387s] -- Installing: /home/bern/ws_snow/install/snow_sim/share/snow_sim//meshes/wm1.STL
[4.387s] -- Installing: /home/bern/ws_snow/install/snow_sim/share/snow_sim//meshes/wm2_wheel.STL
[4.388s] -- Installing: /home/bern/ws_snow/install/snow_sim/share/snow_sim//meshes/base_link.STL
[4.388s] -- Installing: /home/bern/ws_snow/install/snow_sim/share/snow_sim//meshes/wm1_wheel.STL
[4.388s] -- Installing: /home/bern/ws_snow/install/snow_sim/share/snow_sim//meshes/wm4.STL
[4.388s] -- Installing: /home/bern/ws_snow/install/snow_sim/share/snow_sim//meshes_v2
[4.388s] -- Installing: /home/bern/ws_snow/install/snow_sim/share/snow_sim//meshes_v2/wm1_steering_axis.STL
[4.388s] -- Installing: /home/bern/ws_snow/install/snow_sim/share/snow_sim//meshes_v2/wm4_base.STL
[4.388s] -- Installing: /home/bern/ws_snow/install/snow_sim/share/snow_sim//meshes_v2/wm3_wheel.STL
[4.388s] -- Installing: /home/bern/ws_snow/install/snow_sim/share/snow_sim//meshes_v2/wm1_brake_enc.STL
[4.388s] -- Installing: /home/bern/ws_snow/install/snow_sim/share/snow_sim//meshes_v2/wm3_steering_axis.STL
[4.389s] -- Installing: /home/bern/ws_snow/install/snow_sim/share/snow_sim//meshes_v2/wm3_arm.STL
[4.389s] -- Installing: /home/bern/ws_snow/install/snow_sim/share/snow_sim//meshes_v2/wm4_wheel.STL
[4.389s] -- Installing: /home/bern/ws_snow/install/snow_sim/share/snow_sim//meshes_v2/wm1_arm.STL
[4.389s] -- Installing: /home/bern/ws_snow/install/snow_sim/share/snow_sim//meshes_v2/wm4_brake_enc.STL
[4.389s] -- Installing: /home/bern/ws_snow/install/snow_sim/share/snow_sim//meshes_v2/wm3_brake_enc.STL
[4.389s] -- Installing: /home/bern/ws_snow/install/snow_sim/share/snow_sim//meshes_v2/wm4_arm.STL
[4.389s] -- Installing: /home/bern/ws_snow/install/snow_sim/share/snow_sim//meshes_v2/wm2_wheel.STL
[4.389s] -- Installing: /home/bern/ws_snow/install/snow_sim/share/snow_sim//meshes_v2/wm2_arm.STL
[4.390s] -- Installing: /home/bern/ws_snow/install/snow_sim/share/snow_sim//meshes_v2/base_link.STL
[4.390s] -- Installing: /home/bern/ws_snow/install/snow_sim/share/snow_sim//meshes_v2/wm2_base.STL
[4.390s] -- Installing: /home/bern/ws_snow/install/snow_sim/share/snow_sim//meshes_v2/wm2_steering_axis.STL
[4.390s] -- Installing: /home/bern/ws_snow/install/snow_sim/share/snow_sim//meshes_v2/wm1_wheel.STL
[4.390s] -- Installing: /home/bern/ws_snow/install/snow_sim/share/snow_sim//meshes_v2/wm1_base.STL
[4.390s] -- Installing: /home/bern/ws_snow/install/snow_sim/share/snow_sim//meshes_v2/wm2_brake_enc.STL
[4.390s] -- Installing: /home/bern/ws_snow/install/snow_sim/share/snow_sim//meshes_v2/wm4_steering_axis.STL
[4.390s] -- Installing: /home/bern/ws_snow/install/snow_sim/share/snow_sim//meshes_v2/wm3_base.STL
[4.391s] -- Installing: /home/bern/ws_snow/install/snow_sim/share/snow_sim//meshes_visual
[4.391s] -- Installing: /home/bern/ws_snow/install/snow_sim/share/snow_sim//meshes_visual/wm1_steering_axis.STL
[4.391s] -- Installing: /home/bern/ws_snow/install/snow_sim/share/snow_sim//meshes_visual/visual_v2
[4.391s] -- Installing: /home/bern/ws_snow/install/snow_sim/share/snow_sim//meshes_visual/visual_v2/wm1_steering_axis.STL
[4.391s] -- Installing: /home/bern/ws_snow/install/snow_sim/share/snow_sim//meshes_visual/visual_v2/wm4_base.STL
[4.392s] -- Installing: /home/bern/ws_snow/install/snow_sim/share/snow_sim//meshes_visual/visual_v2/wm3_wheel.STL
[4.392s] -- Installing: /home/bern/ws_snow/install/snow_sim/share/snow_sim//meshes_visual/visual_v2/wm1_brake_enc.STL
[4.395s] -- Installing: /home/bern/ws_snow/install/snow_sim/share/snow_sim//meshes_visual/visual_v2/wm3_steering_axis.STL
[4.395s] -- Installing: /home/bern/ws_snow/install/snow_sim/share/snow_sim//meshes_visual/visual_v2/wm3_arm.STL
[4.396s] -- Installing: /home/bern/ws_snow/install/snow_sim/share/snow_sim//meshes_visual/visual_v2/wm4_wheel.STL
[4.397s] -- Installing: /home/bern/ws_snow/install/snow_sim/share/snow_sim//meshes_visual/visual_v2/wm1_arm.STL
[4.398s] -- Installing: /home/bern/ws_snow/install/snow_sim/share/snow_sim//meshes_visual/visual_v2/wm4_brake_enc.STL
[4.401s] -- Installing: /home/bern/ws_snow/install/snow_sim/share/snow_sim//meshes_visual/visual_v2/wm3_brake_enc.STL
[4.403s] -- Installing: /home/bern/ws_snow/install/snow_sim/share/snow_sim//meshes_visual/visual_v2/wm4_arm.STL
[4.405s] -- Installing: /home/bern/ws_snow/install/snow_sim/share/snow_sim//meshes_visual/visual_v2/wm2_wheel.STL
[4.405s] -- Installing: /home/bern/ws_snow/install/snow_sim/share/snow_sim//meshes_visual/visual_v2/wm2_arm.STL
[4.406s] -- Installing: /home/bern/ws_snow/install/snow_sim/share/snow_sim//meshes_visual/visual_v2/base_link.STL
[4.419s] -- Installing: /home/bern/ws_snow/install/snow_sim/share/snow_sim//meshes_visual/visual_v2/wm2_base.STL
[4.420s] -- Installing: /home/bern/ws_snow/install/snow_sim/share/snow_sim//meshes_visual/visual_v2/wm2_steering_axis.STL
[4.420s] -- Installing: /home/bern/ws_snow/install/snow_sim/share/snow_sim//meshes_visual/visual_v2/wm1_wheel.STL
[4.421s] -- Installing: /home/bern/ws_snow/install/snow_sim/share/snow_sim//meshes_visual/visual_v2/wm1_base.STL
[4.422s] -- Installing: /home/bern/ws_snow/install/snow_sim/share/snow_sim//meshes_visual/visual_v2/wm2_brake_enc.STL
[4.425s] -- Installing: /home/bern/ws_snow/install/snow_sim/share/snow_sim//meshes_visual/visual_v2/wm4_steering_axis.STL
[4.425s] -- Installing: /home/bern/ws_snow/install/snow_sim/share/snow_sim//meshes_visual/visual_v2/wm3_base.STL
[4.426s] -- Installing: /home/bern/ws_snow/install/snow_sim/share/snow_sim//meshes_visual/wm4_base.STL
[4.427s] -- Installing: /home/bern/ws_snow/install/snow_sim/share/snow_sim//meshes_visual/wm3_wheel.STL
[4.427s] -- Installing: /home/bern/ws_snow/install/snow_sim/share/snow_sim//meshes_visual/wm1_brake_enc.STL
[4.430s] -- Installing: /home/bern/ws_snow/install/snow_sim/share/snow_sim//meshes_visual/wm3_steering_axis.STL
[4.430s] -- Installing: /home/bern/ws_snow/install/snow_sim/share/snow_sim//meshes_visual/wm3_arm.STL
[4.431s] -- Installing: /home/bern/ws_snow/install/snow_sim/share/snow_sim//meshes_visual/wm4_wheel.STL
[4.432s] -- Installing: /home/bern/ws_snow/install/snow_sim/share/snow_sim//meshes_visual/wm1_arm.STL
[4.433s] -- Installing: /home/bern/ws_snow/install/snow_sim/share/snow_sim//meshes_visual/wm4_brake_enc.STL
[4.436s] -- Installing: /home/bern/ws_snow/install/snow_sim/share/snow_sim//meshes_visual/wm3_brake_enc.STL
[4.439s] -- Installing: /home/bern/ws_snow/install/snow_sim/share/snow_sim//meshes_visual/wm4_arm.STL
[4.440s] -- Installing: /home/bern/ws_snow/install/snow_sim/share/snow_sim//meshes_visual/wm2_wheel.STL
[4.441s] -- Installing: /home/bern/ws_snow/install/snow_sim/share/snow_sim//meshes_visual/wm2_arm.STL
[4.442s] -- Installing: /home/bern/ws_snow/install/snow_sim/share/snow_sim//meshes_visual/base_link.STL
[4.455s] -- Installing: /home/bern/ws_snow/install/snow_sim/share/snow_sim//meshes_visual/wm2_base.STL
[4.456s] -- Installing: /home/bern/ws_snow/install/snow_sim/share/snow_sim//meshes_visual/wm2_steering_axis.STL
[4.456s] -- Installing: /home/bern/ws_snow/install/snow_sim/share/snow_sim//meshes_visual/wm1_wheel.STL
[4.457s] -- Installing: /home/bern/ws_snow/install/snow_sim/share/snow_sim//meshes_visual/wm1_base.STL
[4.459s] -- Installing: /home/bern/ws_snow/install/snow_sim/share/snow_sim//meshes_visual/wm2_brake_enc.STL
[4.461s] -- Installing: /home/bern/ws_snow/install/snow_sim/share/snow_sim//meshes_visual/wm4_steering_axis.STL
[4.462s] -- Installing: /home/bern/ws_snow/install/snow_sim/share/snow_sim//meshes_visual/wm3_base.STL
[4.463s] -- Installing: /home/bern/ws_snow/install/snow_sim/share/snow_sim//meshes_collision
[4.463s] -- Installing: /home/bern/ws_snow/install/snow_sim/share/snow_sim//meshes_collision/wm1_steering_axis.STL
[4.463s] -- Installing: /home/bern/ws_snow/install/snow_sim/share/snow_sim//meshes_collision/wm4_base.STL
[4.464s] -- Installing: /home/bern/ws_snow/install/snow_sim/share/snow_sim//meshes_collision/wm3_wheel.STL
[4.464s] -- Installing: /home/bern/ws_snow/install/snow_sim/share/snow_sim//meshes_collision/wm1_brake_enc.STL
[4.467s] -- Installing: /home/bern/ws_snow/install/snow_sim/share/snow_sim//meshes_collision/wm3_steering_axis.STL
[4.467s] -- Installing: /home/bern/ws_snow/install/snow_sim/share/snow_sim//meshes_collision/wm3_arm.STL
[4.468s] -- Installing: /home/bern/ws_snow/install/snow_sim/share/snow_sim//meshes_collision/wm4_wheel.STL
[4.469s] -- Installing: /home/bern/ws_snow/install/snow_sim/share/snow_sim//meshes_collision/wm1_arm.STL
[4.470s] -- Installing: /home/bern/ws_snow/install/snow_sim/share/snow_sim//meshes_collision/wm4_brake_enc.STL
[4.473s] -- Installing: /home/bern/ws_snow/install/snow_sim/share/snow_sim//meshes_collision/collision_v2
[4.473s] -- Installing: /home/bern/ws_snow/install/snow_sim/share/snow_sim//meshes_collision/collision_v2/wm1_steering_axis.STL
[4.473s] -- Installing: /home/bern/ws_snow/install/snow_sim/share/snow_sim//meshes_collision/collision_v2/wm4_base.STL
[4.473s] -- Installing: /home/bern/ws_snow/install/snow_sim/share/snow_sim//meshes_collision/collision_v2/wm3_wheel.STL
[4.473s] -- Installing: /home/bern/ws_snow/install/snow_sim/share/snow_sim//meshes_collision/collision_v2/wm3_steering_axis.STL
[4.473s] -- Installing: /home/bern/ws_snow/install/snow_sim/share/snow_sim//meshes_collision/collision_v2/wm3_arm.STL
[4.473s] -- Installing: /home/bern/ws_snow/install/snow_sim/share/snow_sim//meshes_collision/collision_v2/wm2_break_enc.STL
[4.474s] -- Installing: /home/bern/ws_snow/install/snow_sim/share/snow_sim//meshes_collision/collision_v2/wm4_wheel.STL
[4.474s] -- Installing: /home/bern/ws_snow/install/snow_sim/share/snow_sim//meshes_collision/collision_v2/wm1_break_enc.STL
[4.474s] -- Installing: /home/bern/ws_snow/install/snow_sim/share/snow_sim//meshes_collision/collision_v2/wm1_arm.STL
[4.474s] -- Installing: /home/bern/ws_snow/install/snow_sim/share/snow_sim//meshes_collision/collision_v2/wm4_arm.STL
[4.474s] -- Installing: /home/bern/ws_snow/install/snow_sim/share/snow_sim//meshes_collision/collision_v2/wm4_break_enc.STL
[4.474s] -- Installing: /home/bern/ws_snow/install/snow_sim/share/snow_sim//meshes_collision/collision_v2/wm2_wheel.STL
[4.474s] -- Installing: /home/bern/ws_snow/install/snow_sim/share/snow_sim//meshes_collision/collision_v2/wm2_arm.STL
[4.475s] -- Installing: /home/bern/ws_snow/install/snow_sim/share/snow_sim//meshes_collision/collision_v2/base_link.STL
[4.475s] -- Installing: /home/bern/ws_snow/install/snow_sim/share/snow_sim//meshes_collision/collision_v2/wm2_base.STL
[4.475s] -- Installing: /home/bern/ws_snow/install/snow_sim/share/snow_sim//meshes_collision/collision_v2/wm2_steering_axis.STL
[4.475s] -- Installing: /home/bern/ws_snow/install/snow_sim/share/snow_sim//meshes_collision/collision_v2/wm1_wheel.STL
[4.475s] -- Installing: /home/bern/ws_snow/install/snow_sim/share/snow_sim//meshes_collision/collision_v2/wm3_break_enc.STL
[4.475s] -- Installing: /home/bern/ws_snow/install/snow_sim/share/snow_sim//meshes_collision/collision_v2/wm1_base.STL
[4.475s] -- Installing: /home/bern/ws_snow/install/snow_sim/share/snow_sim//meshes_collision/collision_v2/wm4_steering_axis.STL
[4.476s] -- Installing: /home/bern/ws_snow/install/snow_sim/share/snow_sim//meshes_collision/collision_v2/wm3_base.STL
[4.476s] -- Installing: /home/bern/ws_snow/install/snow_sim/share/snow_sim//meshes_collision/wm3_brake_enc.STL
[4.478s] -- Installing: /home/bern/ws_snow/install/snow_sim/share/snow_sim//meshes_collision/wm4_arm.STL
[4.479s] -- Installing: /home/bern/ws_snow/install/snow_sim/share/snow_sim//meshes_collision/wm2_wheel.STL
[4.480s] -- Installing: /home/bern/ws_snow/install/snow_sim/share/snow_sim//meshes_collision/wm2_arm.STL
[4.481s] -- Installing: /home/bern/ws_snow/install/snow_sim/share/snow_sim//meshes_collision/base_link.STL
[4.494s] -- Installing: /home/bern/ws_snow/install/snow_sim/share/snow_sim//meshes_collision/wm2_base.STL
[4.495s] -- Installing: /home/bern/ws_snow/install/snow_sim/share/snow_sim//meshes_collision/wm2_steering_axis.STL
[4.495s] -- Installing: /home/bern/ws_snow/install/snow_sim/share/snow_sim//meshes_collision/wm1_wheel.STL
[4.496s] -- Installing: /home/bern/ws_snow/install/snow_sim/share/snow_sim//meshes_collision/wm1_base.STL
[4.496s] -- Installing: /home/bern/ws_snow/install/snow_sim/share/snow_sim//meshes_collision/wm2_brake_enc.STL
[4.499s] -- Installing: /home/bern/ws_snow/install/snow_sim/share/snow_sim//meshes_collision/wm4_steering_axis.STL
[4.499s] -- Installing: /home/bern/ws_snow/install/snow_sim/share/snow_sim//meshes_collision/wm3_base.STL
[4.500s] -- Installing: /home/bern/ws_snow/install/snow_sim/share/snow_sim//worlds
[4.500s] -- Installing: /home/bern/ws_snow/install/snow_sim/share/snow_sim//worlds/warehouse.world
[4.501s] -- Installing: /home/bern/ws_snow/install/snow_sim/lib/snow_sim/example_effort
[4.502s] -- Set runtime path of "/home/bern/ws_snow/install/snow_sim/lib/snow_sim/example_effort" to ""
[4.502s] -- Installing: /home/bern/ws_snow/install/snow_sim/share/ament_index/resource_index/package_run_dependencies/snow_sim
[4.502s] -- Installing: /home/bern/ws_snow/install/snow_sim/share/ament_index/resource_index/parent_prefix_path/snow_sim
[4.502s] -- Installing: /home/bern/ws_snow/install/snow_sim/share/snow_sim/environment/ament_prefix_path.sh
[4.502s] -- Installing: /home/bern/ws_snow/install/snow_sim/share/snow_sim/environment/ament_prefix_path.dsv
[4.502s] -- Installing: /home/bern/ws_snow/install/snow_sim/share/snow_sim/environment/path.sh
[4.502s] -- Installing: /home/bern/ws_snow/install/snow_sim/share/snow_sim/environment/path.dsv
[4.502s] -- Installing: /home/bern/ws_snow/install/snow_sim/share/snow_sim/local_setup.bash
[4.502s] -- Installing: /home/bern/ws_snow/install/snow_sim/share/snow_sim/local_setup.sh
[4.502s] -- Installing: /home/bern/ws_snow/install/snow_sim/share/snow_sim/local_setup.zsh
[4.502s] -- Installing: /home/bern/ws_snow/install/snow_sim/share/snow_sim/local_setup.dsv
[4.502s] -- Installing: /home/bern/ws_snow/install/snow_sim/share/snow_sim/package.dsv
[4.503s] -- Installing: /home/bern/ws_snow/install/snow_sim/share/ament_index/resource_index/packages/snow_sim
[4.503s] -- Installing: /home/bern/ws_snow/install/snow_sim/share/snow_sim/cmake/snow_simConfig.cmake
[4.503s] -- Installing: /home/bern/ws_snow/install/snow_sim/share/snow_sim/cmake/snow_simConfig-version.cmake
[4.503s] -- Installing: /home/bern/ws_snow/install/snow_sim/share/snow_sim/package.xml
[4.504s] Invoked command in '/home/bern/ws_snow/build/snow_sim' returned '0': CMAKE_PREFIX_PATH=${CMAKE_PREFIX_PATH}:/opt/ros/humble /usr/bin/cmake --install /home/bern/ws_snow/build/snow_sim
