[0.013s] Invoking command in '/home/bern/ws_snow/build/hard_con': CMAKE_PREFIX_PATH=${CMAKE_PREFIX_PATH}:/opt/ros/humble /usr/bin/cmake /home/bern/ws_snow/src/hard_con -DCMAKE_INSTALL_PREFIX=/home/bern/ws_snow/install/hard_con
[0.049s] -- The C compiler identification is GNU 11.4.0
[0.085s] -- The CXX compiler identification is GNU 11.4.0
[0.090s] -- Detecting C compiler ABI info
[0.137s] -- Detecting C compiler ABI info - done
[0.144s] -- Check for working C compiler: /usr/bin/cc - skipped
[0.144s] -- Detecting C compile features
[0.144s] -- Detecting C compile features - done
[0.147s] -- Detecting CXX compiler ABI info
[0.197s] -- Detecting CXX compiler ABI info - done
[0.205s] -- Check for working CXX compiler: /usr/bin/c++ - skipped
[0.205s] -- Detecting CXX compile features
[0.206s] -- Detecting CXX compile features - done
[0.207s] -- Found ament_cmake: 1.3.9 (/opt/ros/humble/share/ament_cmake/cmake)
[0.308s] -- Found Python3: /usr/bin/python3 (found version "3.10.12") found components: Interpreter 
[0.364s] -- Found rclcpp: 16.0.9 (/opt/ros/humble/share/rclcpp/cmake)
[0.390s] -- Found rosidl_generator_c: 3.1.5 (/opt/ros/humble/share/rosidl_generator_c/cmake)
[0.393s] -- Found rosidl_adapter: 3.1.5 (/opt/ros/humble/share/rosidl_adapter/cmake)
[0.398s] -- Found rosidl_generator_cpp: 3.1.5 (/opt/ros/humble/share/rosidl_generator_cpp/cmake)
[0.407s] -- Using all available rosidl_typesupport_c: rosidl_typesupport_fastrtps_c;rosidl_typesupport_introspection_c
[0.419s] -- Using all available rosidl_typesupport_cpp: rosidl_typesupport_fastrtps_cpp;rosidl_typesupport_introspection_cpp
[0.464s] -- Found rmw_implementation_cmake: 6.1.2 (/opt/ros/humble/share/rmw_implementation_cmake/cmake)
[0.466s] -- Found rmw_fastrtps_cpp: 6.2.6 (/opt/ros/humble/share/rmw_fastrtps_cpp/cmake)
[0.525s] -- Found OpenSSL: /usr/lib/x86_64-linux-gnu/libcrypto.so (found version "3.0.2")  
[0.544s] -- Found FastRTPS: /opt/ros/humble/include  
[0.576s] -- Using RMW implementation 'rmw_fastrtps_cpp' as default
[0.582s] -- Looking for pthread.h
[0.627s] -- Looking for pthread.h - found
[0.627s] -- Performing Test CMAKE_HAVE_LIBC_PTHREAD
[0.679s] -- Performing Test CMAKE_HAVE_LIBC_PTHREAD - Success
[0.680s] -- Found Threads: TRUE  
[0.787s] -- Found sensor_msgs: 4.2.4 (/opt/ros/humble/share/sensor_msgs/cmake)
[0.874s] -- Found ament_lint_auto: 0.12.11 (/opt/ros/humble/share/ament_lint_auto/cmake)
[0.925s] -- Added test 'cppcheck' to perform static code analysis on C / C++ code
[0.925s] -- Configured cppcheck include dirs: 
[0.925s] -- Configured cppcheck exclude dirs and/or files: 
[0.925s] -- Added test 'lint_cmake' to check CMake code style
[0.926s] -- Added test 'uncrustify' to check C / C++ code style
[0.926s] -- Configured uncrustify additional arguments: 
[0.926s] -- Added test 'xmllint' to check XML markup files
[0.927s] -- Configuring done
[0.932s] -- Generating done
[0.933s] -- Build files have been written to: /home/bern/ws_snow/build/hard_con
[0.940s] Invoked command in '/home/bern/ws_snow/build/hard_con' returned '0': CMAKE_PREFIX_PATH=${CMAKE_PREFIX_PATH}:/opt/ros/humble /usr/bin/cmake /home/bern/ws_snow/src/hard_con -DCMAKE_INSTALL_PREFIX=/home/bern/ws_snow/install/hard_con
[0.941s] Invoking command in '/home/bern/ws_snow/build/hard_con': CMAKE_PREFIX_PATH=${CMAKE_PREFIX_PATH}:/opt/ros/humble /usr/bin/cmake --build /home/bern/ws_snow/build/hard_con -- -j12 -l12
[0.972s] [ 50%] [32mBuilding CXX object CMakeFiles/talker.dir/src/main.cpp.o[0m
[2.476s] [01m[K/home/bern/ws_snow/src/hard_con/src/main.cpp:[m[K In member function ‘[01m[Kvoid MinimalPublisher::print_latency(double)[m[K’:
[2.476s] [01m[K/home/bern/ws_snow/src/hard_con/src/main.cpp:56:11:[m[K [01;35m[Kwarning: [m[Kunused variable ‘[01m[Ki[m[K’ [[01;35m[K]8;;https://gcc.gnu.org/onlinedocs/gcc/Warning-Options.html#index-Wunused-variable-Wunused-variable]8;;[m[K]
[2.477s]    56 |       int [01;35m[Ki[m[K, j;
[2.477s]       |           [01;35m[K^[m[K
[2.477s] [01m[K/home/bern/ws_snow/src/hard_con/src/main.cpp:56:14:[m[K [01;35m[Kwarning: [m[Kunused variable ‘[01m[Kj[m[K’ [[01;35m[K]8;;https://gcc.gnu.org/onlinedocs/gcc/Warning-Options.html#index-Wunused-variable-Wunused-variable]8;;[m[K]
[2.477s]    56 |       int i, [01;35m[Kj[m[K;
[2.477s]       |              [01;35m[K^[m[K
[6.522s] [100%] [32m[1mLinking CXX executable talker[0m
[6.815s] [100%] Built target talker
[6.823s] Invoked command in '/home/bern/ws_snow/build/hard_con' returned '0': CMAKE_PREFIX_PATH=${CMAKE_PREFIX_PATH}:/opt/ros/humble /usr/bin/cmake --build /home/bern/ws_snow/build/hard_con -- -j12 -l12
[6.842s] Invoking command in '/home/bern/ws_snow/build/hard_con': CMAKE_PREFIX_PATH=${CMAKE_PREFIX_PATH}:/opt/ros/humble /usr/bin/cmake --install /home/bern/ws_snow/build/hard_con
[6.847s] -- Install configuration: ""
[6.847s] -- Installing: /home/bern/ws_snow/install/hard_con/lib/hard_con/talker
[6.851s] -- Set runtime path of "/home/bern/ws_snow/install/hard_con/lib/hard_con/talker" to ""
[6.851s] -- Installing: /home/bern/ws_snow/install/hard_con/share/ament_index/resource_index/package_run_dependencies/hard_con
[6.851s] -- Installing: /home/bern/ws_snow/install/hard_con/share/ament_index/resource_index/parent_prefix_path/hard_con
[6.851s] -- Installing: /home/bern/ws_snow/install/hard_con/share/hard_con/environment/ament_prefix_path.sh
[6.851s] -- Installing: /home/bern/ws_snow/install/hard_con/share/hard_con/environment/ament_prefix_path.dsv
[6.851s] -- Installing: /home/bern/ws_snow/install/hard_con/share/hard_con/environment/path.sh
[6.851s] -- Installing: /home/bern/ws_snow/install/hard_con/share/hard_con/environment/path.dsv
[6.851s] -- Installing: /home/bern/ws_snow/install/hard_con/share/hard_con/local_setup.bash
[6.851s] -- Installing: /home/bern/ws_snow/install/hard_con/share/hard_con/local_setup.sh
[6.851s] -- Installing: /home/bern/ws_snow/install/hard_con/share/hard_con/local_setup.zsh
[6.851s] -- Installing: /home/bern/ws_snow/install/hard_con/share/hard_con/local_setup.dsv
[6.851s] -- Installing: /home/bern/ws_snow/install/hard_con/share/hard_con/package.dsv
[6.851s] -- Installing: /home/bern/ws_snow/install/hard_con/share/ament_index/resource_index/packages/hard_con
[6.852s] -- Installing: /home/bern/ws_snow/install/hard_con/share/hard_con/cmake/hard_conConfig.cmake
[6.852s] -- Installing: /home/bern/ws_snow/install/hard_con/share/hard_con/cmake/hard_conConfig-version.cmake
[6.852s] -- Installing: /home/bern/ws_snow/install/hard_con/share/hard_con/package.xml
[6.853s] Invoked command in '/home/bern/ws_snow/build/hard_con' returned '0': CMAKE_PREFIX_PATH=${CMAKE_PREFIX_PATH}:/opt/ros/humble /usr/bin/cmake --install /home/bern/ws_snow/build/hard_con
