[0.260s] DEBUG:colcon:Command line arguments: ['/usr/bin/colcon', 'build']
[0.260s] DEBUG:colcon:Parsed command line arguments: Namespace(log_base=None, log_level=None, verb_name='build', build_base='build', install_base='install', merge_install=False, symlink_install=False, test_result_base=None, continue_on_error=False, executor='parallel', parallel_workers=12, event_handlers=None, ignore_user_meta=False, metas=['./colcon.meta'], base_paths=['.'], packages_ignore=None, packages_ignore_regex=None, paths=None, packages_up_to=None, packages_up_to_regex=None, packages_above=None, packages_above_and_dependencies=None, packages_above_depth=None, packages_select_by_dep=None, packages_skip_by_dep=None, packages_skip_up_to=None, packages_select_build_failed=False, packages_skip_build_finished=False, packages_select_test_failures=False, packages_skip_test_passed=False, packages_select=None, packages_skip=None, packages_select_regex=None, packages_skip_regex=None, packages_start=None, packages_end=None, allow_overriding=[], cmake_args=None, cmake_target=None, cmake_target_skip_unavailable=False, cmake_clean_cache=False, cmake_clean_first=False, cmake_force_configure=False, ament_cmake_args=None, catkin_cmake_args=None, catkin_skip_building_tests=False, verb_parser=<colcon_defaults.argument_parser.defaults.DefaultArgumentsDecorator object at 0x7fb5f13e6140>, verb_extension=<colcon_core.verb.build.BuildVerb object at 0x7fb5f1b8ebf0>, main=<bound method BuildVerb.main of <colcon_core.verb.build.BuildVerb object at 0x7fb5f1b8ebf0>>)
[0.294s] Level 1:colcon.colcon_core.package_discovery:discover_packages(colcon_meta) check parameters
[0.294s] Level 1:colcon.colcon_core.package_discovery:discover_packages(recursive) check parameters
[0.294s] Level 1:colcon.colcon_core.package_discovery:discover_packages(ignore) check parameters
[0.294s] Level 1:colcon.colcon_core.package_discovery:discover_packages(path) check parameters
[0.294s] Level 1:colcon.colcon_core.package_discovery:discover_packages(colcon_meta) discover
[0.294s] Level 1:colcon.colcon_core.package_discovery:discover_packages(recursive) discover
[0.294s] INFO:colcon.colcon_core.package_discovery:Crawling recursively for packages in '/home/rhys/ws_snow'
[0.294s] Level 1:colcon.colcon_core.package_identification:_identify(.) by extensions ['ignore', 'ignore_ament_install']
[0.295s] Level 1:colcon.colcon_core.package_identification:_identify(.) by extension 'ignore'
[0.295s] Level 1:colcon.colcon_core.package_identification:_identify(.) by extension 'ignore_ament_install'
[0.295s] Level 1:colcon.colcon_core.package_identification:_identify(.) by extensions ['colcon_pkg']
[0.295s] Level 1:colcon.colcon_core.package_identification:_identify(.) by extension 'colcon_pkg'
[0.295s] Level 1:colcon.colcon_core.package_identification:_identify(.) by extensions ['colcon_meta']
[0.295s] Level 1:colcon.colcon_core.package_identification:_identify(.) by extension 'colcon_meta'
[0.295s] Level 1:colcon.colcon_core.package_identification:_identify(.) by extensions ['ros']
[0.295s] Level 1:colcon.colcon_core.package_identification:_identify(.) by extension 'ros'
[0.306s] Level 1:colcon.colcon_core.package_identification:_identify(.) by extensions ['cmake', 'python']
[0.306s] Level 1:colcon.colcon_core.package_identification:_identify(.) by extension 'cmake'
[0.306s] Level 1:colcon.colcon_core.package_identification:_identify(.) by extension 'python'
[0.306s] Level 1:colcon.colcon_core.package_identification:_identify(.) by extensions ['python_setup_py']
[0.306s] Level 1:colcon.colcon_core.package_identification:_identify(.) by extension 'python_setup_py'
[0.306s] Level 1:colcon.colcon_core.package_identification:_identify(Data_1) by extensions ['ignore', 'ignore_ament_install']
[0.306s] Level 1:colcon.colcon_core.package_identification:_identify(Data_1) by extension 'ignore'
[0.306s] Level 1:colcon.colcon_core.package_identification:_identify(Data_1) by extension 'ignore_ament_install'
[0.306s] Level 1:colcon.colcon_core.package_identification:_identify(Data_1) by extensions ['colcon_pkg']
[0.306s] Level 1:colcon.colcon_core.package_identification:_identify(Data_1) by extension 'colcon_pkg'
[0.306s] Level 1:colcon.colcon_core.package_identification:_identify(Data_1) by extensions ['colcon_meta']
[0.306s] Level 1:colcon.colcon_core.package_identification:_identify(Data_1) by extension 'colcon_meta'
[0.306s] Level 1:colcon.colcon_core.package_identification:_identify(Data_1) by extensions ['ros']
[0.306s] Level 1:colcon.colcon_core.package_identification:_identify(Data_1) by extension 'ros'
[0.306s] Level 1:colcon.colcon_core.package_identification:_identify(Data_1) by extensions ['cmake', 'python']
[0.306s] Level 1:colcon.colcon_core.package_identification:_identify(Data_1) by extension 'cmake'
[0.306s] Level 1:colcon.colcon_core.package_identification:_identify(Data_1) by extension 'python'
[0.306s] Level 1:colcon.colcon_core.package_identification:_identify(Data_1) by extensions ['python_setup_py']
[0.306s] Level 1:colcon.colcon_core.package_identification:_identify(Data_1) by extension 'python_setup_py'
[0.306s] Level 1:colcon.colcon_core.package_identification:_identify(Data_1/Data_STEP1-orig) by extensions ['ignore', 'ignore_ament_install']
[0.306s] Level 1:colcon.colcon_core.package_identification:_identify(Data_1/Data_STEP1-orig) by extension 'ignore'
[0.306s] Level 1:colcon.colcon_core.package_identification:_identify(Data_1/Data_STEP1-orig) by extension 'ignore_ament_install'
[0.307s] Level 1:colcon.colcon_core.package_identification:_identify(Data_1/Data_STEP1-orig) by extensions ['colcon_pkg']
[0.307s] Level 1:colcon.colcon_core.package_identification:_identify(Data_1/Data_STEP1-orig) by extension 'colcon_pkg'
[0.307s] Level 1:colcon.colcon_core.package_identification:_identify(Data_1/Data_STEP1-orig) by extensions ['colcon_meta']
[0.307s] Level 1:colcon.colcon_core.package_identification:_identify(Data_1/Data_STEP1-orig) by extension 'colcon_meta'
[0.307s] Level 1:colcon.colcon_core.package_identification:_identify(Data_1/Data_STEP1-orig) by extensions ['ros']
[0.307s] Level 1:colcon.colcon_core.package_identification:_identify(Data_1/Data_STEP1-orig) by extension 'ros'
[0.307s] Level 1:colcon.colcon_core.package_identification:_identify(Data_1/Data_STEP1-orig) by extensions ['cmake', 'python']
[0.307s] Level 1:colcon.colcon_core.package_identification:_identify(Data_1/Data_STEP1-orig) by extension 'cmake'
[0.307s] Level 1:colcon.colcon_core.package_identification:_identify(Data_1/Data_STEP1-orig) by extension 'python'
[0.307s] Level 1:colcon.colcon_core.package_identification:_identify(Data_1/Data_STEP1-orig) by extensions ['python_setup_py']
[0.307s] Level 1:colcon.colcon_core.package_identification:_identify(Data_1/Data_STEP1-orig) by extension 'python_setup_py'
[0.307s] Level 1:colcon.colcon_core.package_identification:_identify(Data_1/Data_STEP1-torque) by extensions ['ignore', 'ignore_ament_install']
[0.307s] Level 1:colcon.colcon_core.package_identification:_identify(Data_1/Data_STEP1-torque) by extension 'ignore'
[0.307s] Level 1:colcon.colcon_core.package_identification:_identify(Data_1/Data_STEP1-torque) by extension 'ignore_ament_install'
[0.307s] Level 1:colcon.colcon_core.package_identification:_identify(Data_1/Data_STEP1-torque) by extensions ['colcon_pkg']
[0.307s] Level 1:colcon.colcon_core.package_identification:_identify(Data_1/Data_STEP1-torque) by extension 'colcon_pkg'
[0.307s] Level 1:colcon.colcon_core.package_identification:_identify(Data_1/Data_STEP1-torque) by extensions ['colcon_meta']
[0.307s] Level 1:colcon.colcon_core.package_identification:_identify(Data_1/Data_STEP1-torque) by extension 'colcon_meta'
[0.307s] Level 1:colcon.colcon_core.package_identification:_identify(Data_1/Data_STEP1-torque) by extensions ['ros']
[0.307s] Level 1:colcon.colcon_core.package_identification:_identify(Data_1/Data_STEP1-torque) by extension 'ros'
[0.307s] Level 1:colcon.colcon_core.package_identification:_identify(Data_1/Data_STEP1-torque) by extensions ['cmake', 'python']
[0.307s] Level 1:colcon.colcon_core.package_identification:_identify(Data_1/Data_STEP1-torque) by extension 'cmake'
[0.307s] Level 1:colcon.colcon_core.package_identification:_identify(Data_1/Data_STEP1-torque) by extension 'python'
[0.307s] Level 1:colcon.colcon_core.package_identification:_identify(Data_1/Data_STEP1-torque) by extensions ['python_setup_py']
[0.307s] Level 1:colcon.colcon_core.package_identification:_identify(Data_1/Data_STEP1-torque) by extension 'python_setup_py'
[0.307s] Level 1:colcon.colcon_core.package_identification:_identify(Data_1/Data_STEP2-orig) by extensions ['ignore', 'ignore_ament_install']
[0.308s] Level 1:colcon.colcon_core.package_identification:_identify(Data_1/Data_STEP2-orig) by extension 'ignore'
[0.308s] Level 1:colcon.colcon_core.package_identification:_identify(Data_1/Data_STEP2-orig) by extension 'ignore_ament_install'
[0.308s] Level 1:colcon.colcon_core.package_identification:_identify(Data_1/Data_STEP2-orig) by extensions ['colcon_pkg']
[0.308s] Level 1:colcon.colcon_core.package_identification:_identify(Data_1/Data_STEP2-orig) by extension 'colcon_pkg'
[0.308s] Level 1:colcon.colcon_core.package_identification:_identify(Data_1/Data_STEP2-orig) by extensions ['colcon_meta']
[0.308s] Level 1:colcon.colcon_core.package_identification:_identify(Data_1/Data_STEP2-orig) by extension 'colcon_meta'
[0.308s] Level 1:colcon.colcon_core.package_identification:_identify(Data_1/Data_STEP2-orig) by extensions ['ros']
[0.308s] Level 1:colcon.colcon_core.package_identification:_identify(Data_1/Data_STEP2-orig) by extension 'ros'
[0.308s] Level 1:colcon.colcon_core.package_identification:_identify(Data_1/Data_STEP2-orig) by extensions ['cmake', 'python']
[0.308s] Level 1:colcon.colcon_core.package_identification:_identify(Data_1/Data_STEP2-orig) by extension 'cmake'
[0.308s] Level 1:colcon.colcon_core.package_identification:_identify(Data_1/Data_STEP2-orig) by extension 'python'
[0.308s] Level 1:colcon.colcon_core.package_identification:_identify(Data_1/Data_STEP2-orig) by extensions ['python_setup_py']
[0.308s] Level 1:colcon.colcon_core.package_identification:_identify(Data_1/Data_STEP2-orig) by extension 'python_setup_py'
[0.308s] Level 1:colcon.colcon_core.package_identification:_identify(Data_1/Data_STEP2-torq) by extensions ['ignore', 'ignore_ament_install']
[0.308s] Level 1:colcon.colcon_core.package_identification:_identify(Data_1/Data_STEP2-torq) by extension 'ignore'
[0.308s] Level 1:colcon.colcon_core.package_identification:_identify(Data_1/Data_STEP2-torq) by extension 'ignore_ament_install'
[0.308s] Level 1:colcon.colcon_core.package_identification:_identify(Data_1/Data_STEP2-torq) by extensions ['colcon_pkg']
[0.308s] Level 1:colcon.colcon_core.package_identification:_identify(Data_1/Data_STEP2-torq) by extension 'colcon_pkg'
[0.308s] Level 1:colcon.colcon_core.package_identification:_identify(Data_1/Data_STEP2-torq) by extensions ['colcon_meta']
[0.308s] Level 1:colcon.colcon_core.package_identification:_identify(Data_1/Data_STEP2-torq) by extension 'colcon_meta'
[0.308s] Level 1:colcon.colcon_core.package_identification:_identify(Data_1/Data_STEP2-torq) by extensions ['ros']
[0.308s] Level 1:colcon.colcon_core.package_identification:_identify(Data_1/Data_STEP2-torq) by extension 'ros'
[0.308s] Level 1:colcon.colcon_core.package_identification:_identify(Data_1/Data_STEP2-torq) by extensions ['cmake', 'python']
[0.308s] Level 1:colcon.colcon_core.package_identification:_identify(Data_1/Data_STEP2-torq) by extension 'cmake'
[0.308s] Level 1:colcon.colcon_core.package_identification:_identify(Data_1/Data_STEP2-torq) by extension 'python'
[0.308s] Level 1:colcon.colcon_core.package_identification:_identify(Data_1/Data_STEP2-torq) by extensions ['python_setup_py']
[0.308s] Level 1:colcon.colcon_core.package_identification:_identify(Data_1/Data_STEP2-torq) by extension 'python_setup_py'
[0.309s] Level 1:colcon.colcon_core.package_identification:_identify(build) by extensions ['ignore', 'ignore_ament_install']
[0.309s] Level 1:colcon.colcon_core.package_identification:_identify(build) by extension 'ignore'
[0.309s] Level 1:colcon.colcon_core.package_identification:_identify(build) ignored
[0.309s] Level 1:colcon.colcon_core.package_identification:_identify(install) by extensions ['ignore', 'ignore_ament_install']
[0.309s] Level 1:colcon.colcon_core.package_identification:_identify(install) by extension 'ignore'
[0.309s] Level 1:colcon.colcon_core.package_identification:_identify(install) ignored
[0.309s] Level 1:colcon.colcon_core.package_identification:_identify(log) by extensions ['ignore', 'ignore_ament_install']
[0.309s] Level 1:colcon.colcon_core.package_identification:_identify(log) by extension 'ignore'
[0.309s] Level 1:colcon.colcon_core.package_identification:_identify(log) ignored
[0.309s] Level 1:colcon.colcon_core.package_identification:_identify(src) by extensions ['ignore', 'ignore_ament_install']
[0.309s] Level 1:colcon.colcon_core.package_identification:_identify(src) by extension 'ignore'
[0.309s] Level 1:colcon.colcon_core.package_identification:_identify(src) by extension 'ignore_ament_install'
[0.309s] Level 1:colcon.colcon_core.package_identification:_identify(src) by extensions ['colcon_pkg']
[0.309s] Level 1:colcon.colcon_core.package_identification:_identify(src) by extension 'colcon_pkg'
[0.309s] Level 1:colcon.colcon_core.package_identification:_identify(src) by extensions ['colcon_meta']
[0.309s] Level 1:colcon.colcon_core.package_identification:_identify(src) by extension 'colcon_meta'
[0.309s] Level 1:colcon.colcon_core.package_identification:_identify(src) by extensions ['ros']
[0.309s] Level 1:colcon.colcon_core.package_identification:_identify(src) by extension 'ros'
[0.309s] Level 1:colcon.colcon_core.package_identification:_identify(src) by extensions ['cmake', 'python']
[0.309s] Level 1:colcon.colcon_core.package_identification:_identify(src) by extension 'cmake'
[0.310s] Level 1:colcon.colcon_core.package_identification:_identify(src) by extension 'python'
[0.310s] Level 1:colcon.colcon_core.package_identification:_identify(src) by extensions ['python_setup_py']
[0.310s] Level 1:colcon.colcon_core.package_identification:_identify(src) by extension 'python_setup_py'
[0.310s] Level 1:colcon.colcon_core.package_identification:_identify(src/hard_con) by extensions ['ignore', 'ignore_ament_install']
[0.310s] Level 1:colcon.colcon_core.package_identification:_identify(src/hard_con) by extension 'ignore'
[0.310s] Level 1:colcon.colcon_core.package_identification:_identify(src/hard_con) by extension 'ignore_ament_install'
[0.310s] Level 1:colcon.colcon_core.package_identification:_identify(src/hard_con) by extensions ['colcon_pkg']
[0.310s] Level 1:colcon.colcon_core.package_identification:_identify(src/hard_con) by extension 'colcon_pkg'
[0.310s] Level 1:colcon.colcon_core.package_identification:_identify(src/hard_con) by extensions ['colcon_meta']
[0.310s] Level 1:colcon.colcon_core.package_identification:_identify(src/hard_con) by extension 'colcon_meta'
[0.310s] Level 1:colcon.colcon_core.package_identification:_identify(src/hard_con) by extensions ['ros']
[0.310s] Level 1:colcon.colcon_core.package_identification:_identify(src/hard_con) by extension 'ros'
[0.312s] DEBUG:colcon.colcon_core.package_identification:Package 'src/hard_con' with type 'ros.ament_cmake' and name 'hard_con'
[0.313s] Level 1:colcon.colcon_core.package_identification:_identify(src/snow_con) by extensions ['ignore', 'ignore_ament_install']
[0.313s] Level 1:colcon.colcon_core.package_identification:_identify(src/snow_con) by extension 'ignore'
[0.313s] Level 1:colcon.colcon_core.package_identification:_identify(src/snow_con) by extension 'ignore_ament_install'
[0.313s] Level 1:colcon.colcon_core.package_identification:_identify(src/snow_con) by extensions ['colcon_pkg']
[0.313s] Level 1:colcon.colcon_core.package_identification:_identify(src/snow_con) by extension 'colcon_pkg'
[0.313s] Level 1:colcon.colcon_core.package_identification:_identify(src/snow_con) by extensions ['colcon_meta']
[0.313s] Level 1:colcon.colcon_core.package_identification:_identify(src/snow_con) by extension 'colcon_meta'
[0.313s] Level 1:colcon.colcon_core.package_identification:_identify(src/snow_con) by extensions ['ros']
[0.313s] Level 1:colcon.colcon_core.package_identification:_identify(src/snow_con) by extension 'ros'
[0.314s] DEBUG:colcon.colcon_core.package_identification:Package 'src/snow_con' with type 'ros.ament_cmake' and name 'snow_con'
[0.314s] Level 1:colcon.colcon_core.package_identification:_identify(src/snow_sim) by extensions ['ignore', 'ignore_ament_install']
[0.314s] Level 1:colcon.colcon_core.package_identification:_identify(src/snow_sim) by extension 'ignore'
[0.314s] Level 1:colcon.colcon_core.package_identification:_identify(src/snow_sim) by extension 'ignore_ament_install'
[0.314s] Level 1:colcon.colcon_core.package_identification:_identify(src/snow_sim) by extensions ['colcon_pkg']
[0.314s] Level 1:colcon.colcon_core.package_identification:_identify(src/snow_sim) by extension 'colcon_pkg'
[0.314s] Level 1:colcon.colcon_core.package_identification:_identify(src/snow_sim) by extensions ['colcon_meta']
[0.314s] Level 1:colcon.colcon_core.package_identification:_identify(src/snow_sim) by extension 'colcon_meta'
[0.314s] Level 1:colcon.colcon_core.package_identification:_identify(src/snow_sim) by extensions ['ros']
[0.314s] Level 1:colcon.colcon_core.package_identification:_identify(src/snow_sim) by extension 'ros'
[0.314s] DEBUG:colcon.colcon_core.package_identification:Package 'src/snow_sim' with type 'ros.ament_cmake' and name 'snow_sim'
[0.314s] Level 1:colcon.colcon_core.package_identification:_identify(src/urdf_tutorial) by extensions ['ignore', 'ignore_ament_install']
[0.315s] Level 1:colcon.colcon_core.package_identification:_identify(src/urdf_tutorial) by extension 'ignore'
[0.315s] Level 1:colcon.colcon_core.package_identification:_identify(src/urdf_tutorial) by extension 'ignore_ament_install'
[0.315s] Level 1:colcon.colcon_core.package_identification:_identify(src/urdf_tutorial) by extensions ['colcon_pkg']
[0.315s] Level 1:colcon.colcon_core.package_identification:_identify(src/urdf_tutorial) by extension 'colcon_pkg'
[0.315s] Level 1:colcon.colcon_core.package_identification:_identify(src/urdf_tutorial) by extensions ['colcon_meta']
[0.315s] Level 1:colcon.colcon_core.package_identification:_identify(src/urdf_tutorial) by extension 'colcon_meta'
[0.315s] Level 1:colcon.colcon_core.package_identification:_identify(src/urdf_tutorial) by extensions ['ros']
[0.315s] Level 1:colcon.colcon_core.package_identification:_identify(src/urdf_tutorial) by extension 'ros'
[0.315s] DEBUG:colcon.colcon_core.package_identification:Package 'src/urdf_tutorial' with type 'ros.ament_cmake' and name 'urdf_tutorial'
[0.315s] Level 1:colcon.colcon_core.package_discovery:discover_packages(recursive) using defaults
[0.315s] Level 1:colcon.colcon_core.package_discovery:discover_packages(ignore) discover
[0.315s] Level 1:colcon.colcon_core.package_discovery:discover_packages(ignore) using defaults
[0.315s] Level 1:colcon.colcon_core.package_discovery:discover_packages(path) discover
[0.315s] Level 1:colcon.colcon_core.package_discovery:discover_packages(path) using defaults
[0.335s] Level 1:colcon.colcon_core.package_discovery:discover_packages(prefix_path) check parameters
[0.335s] Level 1:colcon.colcon_core.package_discovery:discover_packages(prefix_path) discover
[0.337s] DEBUG:colcon.colcon_installed_package_information.package_discovery:Found 4 installed packages in /home/rhys/ws_snow/install
[0.338s] DEBUG:colcon.colcon_installed_package_information.package_discovery:Found 327 installed packages in /opt/ros/humble
[0.340s] Level 1:colcon.colcon_core.package_discovery:discover_packages(prefix_path) using defaults
[0.401s] Level 5:colcon.colcon_core.verb:set package 'hard_con' build argument 'cmake_args' from command line to 'None'
[0.401s] Level 5:colcon.colcon_core.verb:set package 'hard_con' build argument 'cmake_target' from command line to 'None'
[0.401s] Level 5:colcon.colcon_core.verb:set package 'hard_con' build argument 'cmake_target_skip_unavailable' from command line to 'False'
[0.401s] Level 5:colcon.colcon_core.verb:set package 'hard_con' build argument 'cmake_clean_cache' from command line to 'False'
[0.401s] Level 5:colcon.colcon_core.verb:set package 'hard_con' build argument 'cmake_clean_first' from command line to 'False'
[0.401s] Level 5:colcon.colcon_core.verb:set package 'hard_con' build argument 'cmake_force_configure' from command line to 'False'
[0.401s] Level 5:colcon.colcon_core.verb:set package 'hard_con' build argument 'ament_cmake_args' from command line to 'None'
[0.402s] Level 5:colcon.colcon_core.verb:set package 'hard_con' build argument 'catkin_cmake_args' from command line to 'None'
[0.402s] Level 5:colcon.colcon_core.verb:set package 'hard_con' build argument 'catkin_skip_building_tests' from command line to 'False'
[0.402s] DEBUG:colcon.colcon_core.verb:Building package 'hard_con' with the following arguments: {'ament_cmake_args': None, 'build_base': '/home/rhys/ws_snow/build/hard_con', 'catkin_cmake_args': None, 'catkin_skip_building_tests': False, 'cmake_args': None, 'cmake_clean_cache': False, 'cmake_clean_first': False, 'cmake_force_configure': False, 'cmake_target': None, 'cmake_target_skip_unavailable': False, 'install_base': '/home/rhys/ws_snow/install/hard_con', 'merge_install': False, 'path': '/home/rhys/ws_snow/src/hard_con', 'symlink_install': False, 'test_result_base': None}
[0.402s] Level 5:colcon.colcon_core.verb:set package 'snow_con' build argument 'cmake_args' from command line to 'None'
[0.402s] Level 5:colcon.colcon_core.verb:set package 'snow_con' build argument 'cmake_target' from command line to 'None'
[0.402s] Level 5:colcon.colcon_core.verb:set package 'snow_con' build argument 'cmake_target_skip_unavailable' from command line to 'False'
[0.402s] Level 5:colcon.colcon_core.verb:set package 'snow_con' build argument 'cmake_clean_cache' from command line to 'False'
[0.402s] Level 5:colcon.colcon_core.verb:set package 'snow_con' build argument 'cmake_clean_first' from command line to 'False'
[0.403s] Level 5:colcon.colcon_core.verb:set package 'snow_con' build argument 'cmake_force_configure' from command line to 'False'
[0.403s] Level 5:colcon.colcon_core.verb:set package 'snow_con' build argument 'ament_cmake_args' from command line to 'None'
[0.403s] Level 5:colcon.colcon_core.verb:set package 'snow_con' build argument 'catkin_cmake_args' from command line to 'None'
[0.403s] Level 5:colcon.colcon_core.verb:set package 'snow_con' build argument 'catkin_skip_building_tests' from command line to 'False'
[0.403s] DEBUG:colcon.colcon_core.verb:Building package 'snow_con' with the following arguments: {'ament_cmake_args': None, 'build_base': '/home/rhys/ws_snow/build/snow_con', 'catkin_cmake_args': None, 'catkin_skip_building_tests': False, 'cmake_args': None, 'cmake_clean_cache': False, 'cmake_clean_first': False, 'cmake_force_configure': False, 'cmake_target': None, 'cmake_target_skip_unavailable': False, 'install_base': '/home/rhys/ws_snow/install/snow_con', 'merge_install': False, 'path': '/home/rhys/ws_snow/src/snow_con', 'symlink_install': False, 'test_result_base': None}
[0.403s] Level 5:colcon.colcon_core.verb:set package 'snow_sim' build argument 'cmake_args' from command line to 'None'
[0.403s] Level 5:colcon.colcon_core.verb:set package 'snow_sim' build argument 'cmake_target' from command line to 'None'
[0.403s] Level 5:colcon.colcon_core.verb:set package 'snow_sim' build argument 'cmake_target_skip_unavailable' from command line to 'False'
[0.403s] Level 5:colcon.colcon_core.verb:set package 'snow_sim' build argument 'cmake_clean_cache' from command line to 'False'
[0.403s] Level 5:colcon.colcon_core.verb:set package 'snow_sim' build argument 'cmake_clean_first' from command line to 'False'
[0.403s] Level 5:colcon.colcon_core.verb:set package 'snow_sim' build argument 'cmake_force_configure' from command line to 'False'
[0.403s] Level 5:colcon.colcon_core.verb:set package 'snow_sim' build argument 'ament_cmake_args' from command line to 'None'
[0.404s] Level 5:colcon.colcon_core.verb:set package 'snow_sim' build argument 'catkin_cmake_args' from command line to 'None'
[0.404s] Level 5:colcon.colcon_core.verb:set package 'snow_sim' build argument 'catkin_skip_building_tests' from command line to 'False'
[0.404s] DEBUG:colcon.colcon_core.verb:Building package 'snow_sim' with the following arguments: {'ament_cmake_args': None, 'build_base': '/home/rhys/ws_snow/build/snow_sim', 'catkin_cmake_args': None, 'catkin_skip_building_tests': False, 'cmake_args': None, 'cmake_clean_cache': False, 'cmake_clean_first': False, 'cmake_force_configure': False, 'cmake_target': None, 'cmake_target_skip_unavailable': False, 'install_base': '/home/rhys/ws_snow/install/snow_sim', 'merge_install': False, 'path': '/home/rhys/ws_snow/src/snow_sim', 'symlink_install': False, 'test_result_base': None}
[0.404s] Level 5:colcon.colcon_core.verb:set package 'urdf_tutorial' build argument 'cmake_args' from command line to 'None'
[0.404s] Level 5:colcon.colcon_core.verb:set package 'urdf_tutorial' build argument 'cmake_target' from command line to 'None'
[0.405s] Level 5:colcon.colcon_core.verb:set package 'urdf_tutorial' build argument 'cmake_target_skip_unavailable' from command line to 'False'
[0.405s] Level 5:colcon.colcon_core.verb:set package 'urdf_tutorial' build argument 'cmake_clean_cache' from command line to 'False'
[0.405s] Level 5:colcon.colcon_core.verb:set package 'urdf_tutorial' build argument 'cmake_clean_first' from command line to 'False'
[0.405s] Level 5:colcon.colcon_core.verb:set package 'urdf_tutorial' build argument 'cmake_force_configure' from command line to 'False'
[0.405s] Level 5:colcon.colcon_core.verb:set package 'urdf_tutorial' build argument 'ament_cmake_args' from command line to 'None'
[0.405s] Level 5:colcon.colcon_core.verb:set package 'urdf_tutorial' build argument 'catkin_cmake_args' from command line to 'None'
[0.405s] Level 5:colcon.colcon_core.verb:set package 'urdf_tutorial' build argument 'catkin_skip_building_tests' from command line to 'False'
[0.405s] DEBUG:colcon.colcon_core.verb:Building package 'urdf_tutorial' with the following arguments: {'ament_cmake_args': None, 'build_base': '/home/rhys/ws_snow/build/urdf_tutorial', 'catkin_cmake_args': None, 'catkin_skip_building_tests': False, 'cmake_args': None, 'cmake_clean_cache': False, 'cmake_clean_first': False, 'cmake_force_configure': False, 'cmake_target': None, 'cmake_target_skip_unavailable': False, 'install_base': '/home/rhys/ws_snow/install/urdf_tutorial', 'merge_install': False, 'path': '/home/rhys/ws_snow/src/urdf_tutorial', 'symlink_install': False, 'test_result_base': None}
[0.405s] INFO:colcon.colcon_core.executor:Executing jobs using 'parallel' executor
[0.408s] DEBUG:colcon.colcon_parallel_executor.executor.parallel:run_until_complete
[0.409s] INFO:colcon.colcon_ros.task.ament_cmake.build:Building ROS package in '/home/rhys/ws_snow/src/hard_con' with build type 'ament_cmake'
[0.409s] INFO:colcon.colcon_cmake.task.cmake.build:Building CMake package in '/home/rhys/ws_snow/src/hard_con'
[0.414s] INFO:colcon.colcon_core.plugin_system:Skipping extension 'colcon_core.shell.bat': Not used on non-Windows systems
[0.415s] INFO:colcon.colcon_core.shell:Skip shell extension 'powershell' for command environment: Not usable outside of PowerShell
[0.415s] DEBUG:colcon.colcon_core.shell:Skip shell extension 'dsv' for command environment
[0.419s] INFO:colcon.colcon_ros.task.ament_cmake.build:Building ROS package in '/home/rhys/ws_snow/src/snow_con' with build type 'ament_cmake'
[0.420s] INFO:colcon.colcon_cmake.task.cmake.build:Building CMake package in '/home/rhys/ws_snow/src/snow_con'
[0.421s] INFO:colcon.colcon_core.shell:Skip shell extension 'powershell' for command environment: Not usable outside of PowerShell
[0.421s] DEBUG:colcon.colcon_core.shell:Skip shell extension 'dsv' for command environment
[0.427s] INFO:colcon.colcon_ros.task.ament_cmake.build:Building ROS package in '/home/rhys/ws_snow/src/snow_sim' with build type 'ament_cmake'
[0.428s] INFO:colcon.colcon_cmake.task.cmake.build:Building CMake package in '/home/rhys/ws_snow/src/snow_sim'
[0.429s] INFO:colcon.colcon_core.shell:Skip shell extension 'powershell' for command environment: Not usable outside of PowerShell
[0.429s] DEBUG:colcon.colcon_core.shell:Skip shell extension 'dsv' for command environment
[0.433s] INFO:colcon.colcon_ros.task.ament_cmake.build:Building ROS package in '/home/rhys/ws_snow/src/urdf_tutorial' with build type 'ament_cmake'
[0.433s] INFO:colcon.colcon_cmake.task.cmake.build:Building CMake package in '/home/rhys/ws_snow/src/urdf_tutorial'
[0.434s] INFO:colcon.colcon_core.shell:Skip shell extension 'powershell' for command environment: Not usable outside of PowerShell
[0.434s] DEBUG:colcon.colcon_core.shell:Skip shell extension 'dsv' for command environment
[0.447s] DEBUG:colcon.colcon_core.event_handler.log_command:Invoking command in '/home/rhys/ws_snow/build/hard_con': CMAKE_PREFIX_PATH=${CMAKE_PREFIX_PATH}:/opt/ros/humble /usr/bin/cmake --build /home/rhys/ws_snow/build/hard_con -- -j12 -l12
[0.451s] DEBUG:colcon.colcon_core.event_handler.log_command:Invoking command in '/home/rhys/ws_snow/build/snow_con': CMAKE_PREFIX_PATH=${CMAKE_PREFIX_PATH}:/opt/ros/humble /usr/bin/cmake --build /home/rhys/ws_snow/build/snow_con -- -j12 -l12
[0.455s] DEBUG:colcon.colcon_core.event_handler.log_command:Invoking command in '/home/rhys/ws_snow/build/snow_sim': CMAKE_PREFIX_PATH=${CMAKE_PREFIX_PATH}:/opt/ros/humble /usr/bin/cmake --build /home/rhys/ws_snow/build/snow_sim -- -j12 -l12
[0.461s] DEBUG:colcon.colcon_core.event_handler.log_command:Invoking command in '/home/rhys/ws_snow/build/urdf_tutorial': CMAKE_PREFIX_PATH=${CMAKE_PREFIX_PATH}:/opt/ros/humble /usr/bin/cmake --build /home/rhys/ws_snow/build/urdf_tutorial -- -j12 -l12
[0.500s] DEBUG:colcon.colcon_core.event_handler.log_command:Invoked command in '/home/rhys/ws_snow/build/urdf_tutorial' returned '0': CMAKE_PREFIX_PATH=${CMAKE_PREFIX_PATH}:/opt/ros/humble /usr/bin/cmake --build /home/rhys/ws_snow/build/urdf_tutorial -- -j12 -l12
[0.518s] DEBUG:colcon.colcon_core.event_handler.log_command:Invoked command in '/home/rhys/ws_snow/build/hard_con' returned '0': CMAKE_PREFIX_PATH=${CMAKE_PREFIX_PATH}:/opt/ros/humble /usr/bin/cmake --build /home/rhys/ws_snow/build/hard_con -- -j12 -l12
[0.522s] DEBUG:colcon.colcon_core.event_handler.log_command:Invoked command in '/home/rhys/ws_snow/build/snow_sim' returned '0': CMAKE_PREFIX_PATH=${CMAKE_PREFIX_PATH}:/opt/ros/humble /usr/bin/cmake --build /home/rhys/ws_snow/build/snow_sim -- -j12 -l12
[0.534s] DEBUG:colcon.colcon_core.event_handler.log_command:Invoking command in '/home/rhys/ws_snow/build/urdf_tutorial': CMAKE_PREFIX_PATH=${CMAKE_PREFIX_PATH}:/opt/ros/humble /usr/bin/cmake --install /home/rhys/ws_snow/build/urdf_tutorial
[0.554s] Level 1:colcon.colcon_core.environment:create_environment_scripts_only(urdf_tutorial)
[0.557s] DEBUG:colcon.colcon_core.event_handler.log_command:Invoking command in '/home/rhys/ws_snow/build/snow_sim': CMAKE_PREFIX_PATH=${CMAKE_PREFIX_PATH}:/opt/ros/humble /usr/bin/cmake --install /home/rhys/ws_snow/build/snow_sim
[0.562s] DEBUG:colcon.colcon_core.event_handler.log_command:Invoked command in '/home/rhys/ws_snow/build/urdf_tutorial' returned '0': CMAKE_PREFIX_PATH=${CMAKE_PREFIX_PATH}:/opt/ros/humble /usr/bin/cmake --install /home/rhys/ws_snow/build/urdf_tutorial
[0.570s] Level 1:colcon.colcon_core.environment:checking '/home/rhys/ws_snow/install/urdf_tutorial' for CMake module files
[0.573s] Level 1:colcon.colcon_core.environment:checking '/home/rhys/ws_snow/install/urdf_tutorial' for CMake config files
[0.577s] Level 1:colcon.colcon_core.shell:create_environment_hook('urdf_tutorial', 'cmake_prefix_path')
[0.579s] INFO:colcon.colcon_core.shell:Creating environment hook '/home/rhys/ws_snow/install/urdf_tutorial/share/urdf_tutorial/hook/cmake_prefix_path.ps1'
[0.580s] INFO:colcon.colcon_core.shell:Creating environment descriptor '/home/rhys/ws_snow/install/urdf_tutorial/share/urdf_tutorial/hook/cmake_prefix_path.dsv'
[0.581s] INFO:colcon.colcon_core.shell:Creating environment hook '/home/rhys/ws_snow/install/urdf_tutorial/share/urdf_tutorial/hook/cmake_prefix_path.sh'
[0.582s] Level 1:colcon.colcon_core.environment:checking '/home/rhys/ws_snow/install/urdf_tutorial/bin'
[0.582s] Level 1:colcon.colcon_core.environment:checking '/home/rhys/ws_snow/install/urdf_tutorial/lib/pkgconfig/urdf_tutorial.pc'
[0.582s] Level 1:colcon.colcon_core.environment:checking '/home/rhys/ws_snow/install/urdf_tutorial/lib/python3.10/site-packages'
[0.582s] Level 1:colcon.colcon_core.environment:checking '/home/rhys/ws_snow/install/urdf_tutorial/bin'
[0.584s] INFO:colcon.colcon_core.shell:Creating package script '/home/rhys/ws_snow/install/urdf_tutorial/share/urdf_tutorial/package.ps1'
[0.584s] INFO:colcon.colcon_core.shell:Creating package descriptor '/home/rhys/ws_snow/install/urdf_tutorial/share/urdf_tutorial/package.dsv'
[0.585s] INFO:colcon.colcon_core.shell:Creating package script '/home/rhys/ws_snow/install/urdf_tutorial/share/urdf_tutorial/package.sh'
[0.585s] INFO:colcon.colcon_core.shell:Creating package script '/home/rhys/ws_snow/install/urdf_tutorial/share/urdf_tutorial/package.bash'
[0.586s] INFO:colcon.colcon_core.shell:Creating package script '/home/rhys/ws_snow/install/urdf_tutorial/share/urdf_tutorial/package.zsh'
[0.586s] Level 1:colcon.colcon_core.environment:create_file_with_runtime_dependencies(/home/rhys/ws_snow/install/urdf_tutorial/share/colcon-core/packages/urdf_tutorial)
[0.590s] DEBUG:colcon.colcon_core.event_handler.log_command:Invoking command in '/home/rhys/ws_snow/build/hard_con': CMAKE_PREFIX_PATH=${CMAKE_PREFIX_PATH}:/opt/ros/humble /usr/bin/cmake --install /home/rhys/ws_snow/build/hard_con
[0.591s] Level 1:colcon.colcon_core.environment:create_environment_scripts_only(snow_sim)
[0.592s] Level 1:colcon.colcon_core.environment:checking '/home/rhys/ws_snow/install/snow_sim' for CMake module files
[0.593s] DEBUG:colcon.colcon_core.event_handler.log_command:Invoked command in '/home/rhys/ws_snow/build/snow_sim' returned '0': CMAKE_PREFIX_PATH=${CMAKE_PREFIX_PATH}:/opt/ros/humble /usr/bin/cmake --install /home/rhys/ws_snow/build/snow_sim
[0.594s] Level 1:colcon.colcon_core.environment:checking '/home/rhys/ws_snow/install/snow_sim' for CMake config files
[0.594s] Level 1:colcon.colcon_core.shell:create_environment_hook('snow_sim', 'cmake_prefix_path')
[0.595s] INFO:colcon.colcon_core.shell:Creating environment hook '/home/rhys/ws_snow/install/snow_sim/share/snow_sim/hook/cmake_prefix_path.ps1'
[0.597s] INFO:colcon.colcon_core.shell:Creating environment descriptor '/home/rhys/ws_snow/install/snow_sim/share/snow_sim/hook/cmake_prefix_path.dsv'
[0.597s] INFO:colcon.colcon_core.shell:Creating environment hook '/home/rhys/ws_snow/install/snow_sim/share/snow_sim/hook/cmake_prefix_path.sh'
[0.598s] Level 1:colcon.colcon_core.environment:checking '/home/rhys/ws_snow/install/snow_sim/lib'
[0.598s] Level 1:colcon.colcon_core.environment:checking '/home/rhys/ws_snow/install/snow_sim/bin'
[0.598s] Level 1:colcon.colcon_core.environment:checking '/home/rhys/ws_snow/install/snow_sim/lib/pkgconfig/snow_sim.pc'
[0.598s] Level 1:colcon.colcon_core.environment:checking '/home/rhys/ws_snow/install/snow_sim/lib/python3.10/site-packages'
[0.599s] Level 1:colcon.colcon_core.environment:checking '/home/rhys/ws_snow/install/snow_sim/bin'
[0.600s] INFO:colcon.colcon_core.shell:Creating package script '/home/rhys/ws_snow/install/snow_sim/share/snow_sim/package.ps1'
[0.600s] INFO:colcon.colcon_core.shell:Creating package descriptor '/home/rhys/ws_snow/install/snow_sim/share/snow_sim/package.dsv'
[0.601s] INFO:colcon.colcon_core.shell:Creating package script '/home/rhys/ws_snow/install/snow_sim/share/snow_sim/package.sh'
[0.601s] INFO:colcon.colcon_core.shell:Creating package script '/home/rhys/ws_snow/install/snow_sim/share/snow_sim/package.bash'
[0.601s] INFO:colcon.colcon_core.shell:Creating package script '/home/rhys/ws_snow/install/snow_sim/share/snow_sim/package.zsh'
[0.602s] Level 1:colcon.colcon_core.environment:create_file_with_runtime_dependencies(/home/rhys/ws_snow/install/snow_sim/share/colcon-core/packages/snow_sim)
[0.605s] Level 1:colcon.colcon_core.environment:create_environment_scripts_only(urdf_tutorial)
[0.607s] Level 1:colcon.colcon_core.environment:checking '/home/rhys/ws_snow/install/urdf_tutorial' for CMake module files
[0.607s] Level 1:colcon.colcon_core.environment:checking '/home/rhys/ws_snow/install/urdf_tutorial' for CMake config files
[0.608s] Level 1:colcon.colcon_core.shell:create_environment_hook('urdf_tutorial', 'cmake_prefix_path')
[0.608s] INFO:colcon.colcon_core.shell:Creating environment hook '/home/rhys/ws_snow/install/urdf_tutorial/share/urdf_tutorial/hook/cmake_prefix_path.ps1'
[0.609s] INFO:colcon.colcon_core.shell:Creating environment descriptor '/home/rhys/ws_snow/install/urdf_tutorial/share/urdf_tutorial/hook/cmake_prefix_path.dsv'
[0.610s] INFO:colcon.colcon_core.shell:Creating environment hook '/home/rhys/ws_snow/install/urdf_tutorial/share/urdf_tutorial/hook/cmake_prefix_path.sh'
[0.611s] Level 1:colcon.colcon_core.environment:checking '/home/rhys/ws_snow/install/urdf_tutorial/bin'
[0.611s] Level 1:colcon.colcon_core.environment:checking '/home/rhys/ws_snow/install/urdf_tutorial/lib/pkgconfig/urdf_tutorial.pc'
[0.611s] Level 1:colcon.colcon_core.environment:checking '/home/rhys/ws_snow/install/urdf_tutorial/lib/python3.10/site-packages'
[0.611s] Level 1:colcon.colcon_core.environment:checking '/home/rhys/ws_snow/install/urdf_tutorial/bin'
[0.613s] INFO:colcon.colcon_core.shell:Creating package script '/home/rhys/ws_snow/install/urdf_tutorial/share/urdf_tutorial/package.ps1'
[0.614s] INFO:colcon.colcon_core.shell:Creating package descriptor '/home/rhys/ws_snow/install/urdf_tutorial/share/urdf_tutorial/package.dsv'
[0.614s] INFO:colcon.colcon_core.shell:Creating package script '/home/rhys/ws_snow/install/urdf_tutorial/share/urdf_tutorial/package.sh'
[0.614s] INFO:colcon.colcon_core.shell:Creating package script '/home/rhys/ws_snow/install/urdf_tutorial/share/urdf_tutorial/package.bash'
[0.614s] INFO:colcon.colcon_core.shell:Creating package script '/home/rhys/ws_snow/install/urdf_tutorial/share/urdf_tutorial/package.zsh'
[0.615s] Level 1:colcon.colcon_core.environment:create_file_with_runtime_dependencies(/home/rhys/ws_snow/install/urdf_tutorial/share/colcon-core/packages/urdf_tutorial)
[0.615s] Level 1:colcon.colcon_core.environment:create_environment_scripts_only(hard_con)
[0.617s] Level 1:colcon.colcon_core.environment:checking '/home/rhys/ws_snow/install/hard_con' for CMake module files
[0.618s] Level 1:colcon.colcon_core.environment:checking '/home/rhys/ws_snow/install/hard_con' for CMake config files
[0.618s] DEBUG:colcon.colcon_core.event_handler.log_command:Invoked command in '/home/rhys/ws_snow/build/hard_con' returned '0': CMAKE_PREFIX_PATH=${CMAKE_PREFIX_PATH}:/opt/ros/humble /usr/bin/cmake --install /home/rhys/ws_snow/build/hard_con
[0.618s] Level 1:colcon.colcon_core.shell:create_environment_hook('hard_con', 'cmake_prefix_path')
[0.620s] INFO:colcon.colcon_core.shell:Creating environment hook '/home/rhys/ws_snow/install/hard_con/share/hard_con/hook/cmake_prefix_path.ps1'
[0.620s] INFO:colcon.colcon_core.shell:Creating environment descriptor '/home/rhys/ws_snow/install/hard_con/share/hard_con/hook/cmake_prefix_path.dsv'
[0.621s] INFO:colcon.colcon_core.shell:Creating environment hook '/home/rhys/ws_snow/install/hard_con/share/hard_con/hook/cmake_prefix_path.sh'
[0.622s] Level 1:colcon.colcon_core.environment:checking '/home/rhys/ws_snow/install/hard_con/lib'
[0.622s] Level 1:colcon.colcon_core.environment:checking '/home/rhys/ws_snow/install/hard_con/bin'
[0.622s] Level 1:colcon.colcon_core.environment:checking '/home/rhys/ws_snow/install/hard_con/lib/pkgconfig/hard_con.pc'
[0.622s] Level 1:colcon.colcon_core.environment:checking '/home/rhys/ws_snow/install/hard_con/lib/python3.10/site-packages'
[0.622s] Level 1:colcon.colcon_core.environment:checking '/home/rhys/ws_snow/install/hard_con/bin'
[0.623s] INFO:colcon.colcon_core.shell:Creating package script '/home/rhys/ws_snow/install/hard_con/share/hard_con/package.ps1'
[0.624s] INFO:colcon.colcon_core.shell:Creating package descriptor '/home/rhys/ws_snow/install/hard_con/share/hard_con/package.dsv'
[0.624s] INFO:colcon.colcon_core.shell:Creating package script '/home/rhys/ws_snow/install/hard_con/share/hard_con/package.sh'
[0.624s] INFO:colcon.colcon_core.shell:Creating package script '/home/rhys/ws_snow/install/hard_con/share/hard_con/package.bash'
[0.625s] INFO:colcon.colcon_core.shell:Creating package script '/home/rhys/ws_snow/install/hard_con/share/hard_con/package.zsh'
[0.625s] Level 1:colcon.colcon_core.environment:create_file_with_runtime_dependencies(/home/rhys/ws_snow/install/hard_con/share/colcon-core/packages/hard_con)
[0.628s] Level 1:colcon.colcon_core.environment:create_environment_scripts_only(snow_sim)
[0.629s] Level 1:colcon.colcon_core.environment:checking '/home/rhys/ws_snow/install/snow_sim' for CMake module files
[0.630s] Level 1:colcon.colcon_core.environment:checking '/home/rhys/ws_snow/install/snow_sim' for CMake config files
[0.630s] Level 1:colcon.colcon_core.shell:create_environment_hook('snow_sim', 'cmake_prefix_path')
[0.631s] INFO:colcon.colcon_core.shell:Creating environment hook '/home/rhys/ws_snow/install/snow_sim/share/snow_sim/hook/cmake_prefix_path.ps1'
[0.632s] INFO:colcon.colcon_core.shell:Creating environment descriptor '/home/rhys/ws_snow/install/snow_sim/share/snow_sim/hook/cmake_prefix_path.dsv'
[0.632s] INFO:colcon.colcon_core.shell:Creating environment hook '/home/rhys/ws_snow/install/snow_sim/share/snow_sim/hook/cmake_prefix_path.sh'
[0.632s] Level 1:colcon.colcon_core.environment:checking '/home/rhys/ws_snow/install/snow_sim/lib'
[0.632s] Level 1:colcon.colcon_core.environment:checking '/home/rhys/ws_snow/install/snow_sim/bin'
[0.632s] Level 1:colcon.colcon_core.environment:checking '/home/rhys/ws_snow/install/snow_sim/lib/pkgconfig/snow_sim.pc'
[0.633s] Level 1:colcon.colcon_core.environment:checking '/home/rhys/ws_snow/install/snow_sim/lib/python3.10/site-packages'
[0.633s] Level 1:colcon.colcon_core.environment:checking '/home/rhys/ws_snow/install/snow_sim/bin'
[0.634s] INFO:colcon.colcon_core.shell:Creating package script '/home/rhys/ws_snow/install/snow_sim/share/snow_sim/package.ps1'
[0.635s] INFO:colcon.colcon_core.shell:Creating package descriptor '/home/rhys/ws_snow/install/snow_sim/share/snow_sim/package.dsv'
[0.635s] INFO:colcon.colcon_core.shell:Creating package script '/home/rhys/ws_snow/install/snow_sim/share/snow_sim/package.sh'
[0.636s] INFO:colcon.colcon_core.shell:Creating package script '/home/rhys/ws_snow/install/snow_sim/share/snow_sim/package.bash'
[0.636s] INFO:colcon.colcon_core.shell:Creating package script '/home/rhys/ws_snow/install/snow_sim/share/snow_sim/package.zsh'
[0.636s] Level 1:colcon.colcon_core.environment:create_file_with_runtime_dependencies(/home/rhys/ws_snow/install/snow_sim/share/colcon-core/packages/snow_sim)
[0.649s] Level 1:colcon.colcon_core.environment:create_environment_scripts_only(hard_con)
[0.651s] Level 1:colcon.colcon_core.environment:checking '/home/rhys/ws_snow/install/hard_con' for CMake module files
[0.652s] Level 1:colcon.colcon_core.environment:checking '/home/rhys/ws_snow/install/hard_con' for CMake config files
[0.652s] Level 1:colcon.colcon_core.shell:create_environment_hook('hard_con', 'cmake_prefix_path')
[0.653s] INFO:colcon.colcon_core.shell:Creating environment hook '/home/rhys/ws_snow/install/hard_con/share/hard_con/hook/cmake_prefix_path.ps1'
[0.654s] INFO:colcon.colcon_core.shell:Creating environment descriptor '/home/rhys/ws_snow/install/hard_con/share/hard_con/hook/cmake_prefix_path.dsv'
[0.654s] INFO:colcon.colcon_core.shell:Creating environment hook '/home/rhys/ws_snow/install/hard_con/share/hard_con/hook/cmake_prefix_path.sh'
[0.655s] Level 1:colcon.colcon_core.environment:checking '/home/rhys/ws_snow/install/hard_con/lib'
[0.655s] Level 1:colcon.colcon_core.environment:checking '/home/rhys/ws_snow/install/hard_con/bin'
[0.655s] Level 1:colcon.colcon_core.environment:checking '/home/rhys/ws_snow/install/hard_con/lib/pkgconfig/hard_con.pc'
[0.655s] Level 1:colcon.colcon_core.environment:checking '/home/rhys/ws_snow/install/hard_con/lib/python3.10/site-packages'
[0.655s] Level 1:colcon.colcon_core.environment:checking '/home/rhys/ws_snow/install/hard_con/bin'
[0.657s] INFO:colcon.colcon_core.shell:Creating package script '/home/rhys/ws_snow/install/hard_con/share/hard_con/package.ps1'
[0.657s] INFO:colcon.colcon_core.shell:Creating package descriptor '/home/rhys/ws_snow/install/hard_con/share/hard_con/package.dsv'
[0.658s] INFO:colcon.colcon_core.shell:Creating package script '/home/rhys/ws_snow/install/hard_con/share/hard_con/package.sh'
[0.658s] INFO:colcon.colcon_core.shell:Creating package script '/home/rhys/ws_snow/install/hard_con/share/hard_con/package.bash'
[0.659s] INFO:colcon.colcon_core.shell:Creating package script '/home/rhys/ws_snow/install/hard_con/share/hard_con/package.zsh'
[0.659s] Level 1:colcon.colcon_core.environment:create_file_with_runtime_dependencies(/home/rhys/ws_snow/install/hard_con/share/colcon-core/packages/hard_con)
[9.219s] DEBUG:colcon.colcon_core.event_handler.log_command:Invoked command in '/home/rhys/ws_snow/build/snow_con' returned '0': CMAKE_PREFIX_PATH=${CMAKE_PREFIX_PATH}:/opt/ros/humble /usr/bin/cmake --build /home/rhys/ws_snow/build/snow_con -- -j12 -l12
[9.260s] DEBUG:colcon.colcon_core.event_handler.log_command:Invoking command in '/home/rhys/ws_snow/build/snow_con': CMAKE_PREFIX_PATH=${CMAKE_PREFIX_PATH}:/opt/ros/humble /usr/bin/cmake --install /home/rhys/ws_snow/build/snow_con
[9.273s] Level 1:colcon.colcon_core.environment:create_environment_scripts_only(snow_con)
[9.273s] DEBUG:colcon.colcon_core.event_handler.log_command:Invoked command in '/home/rhys/ws_snow/build/snow_con' returned '0': CMAKE_PREFIX_PATH=${CMAKE_PREFIX_PATH}:/opt/ros/humble /usr/bin/cmake --install /home/rhys/ws_snow/build/snow_con
[9.275s] Level 1:colcon.colcon_core.environment:checking '/home/rhys/ws_snow/install/snow_con' for CMake module files
[9.276s] Level 1:colcon.colcon_core.environment:checking '/home/rhys/ws_snow/install/snow_con' for CMake config files
[9.276s] Level 1:colcon.colcon_core.shell:create_environment_hook('snow_con', 'cmake_prefix_path')
[9.277s] INFO:colcon.colcon_core.shell:Creating environment hook '/home/rhys/ws_snow/install/snow_con/share/snow_con/hook/cmake_prefix_path.ps1'
[9.277s] INFO:colcon.colcon_core.shell:Creating environment descriptor '/home/rhys/ws_snow/install/snow_con/share/snow_con/hook/cmake_prefix_path.dsv'
[9.278s] INFO:colcon.colcon_core.shell:Creating environment hook '/home/rhys/ws_snow/install/snow_con/share/snow_con/hook/cmake_prefix_path.sh'
[9.278s] Level 1:colcon.colcon_core.environment:checking '/home/rhys/ws_snow/install/snow_con/lib'
[9.278s] Level 1:colcon.colcon_core.environment:checking '/home/rhys/ws_snow/install/snow_con/bin'
[9.278s] Level 1:colcon.colcon_core.environment:checking '/home/rhys/ws_snow/install/snow_con/lib/pkgconfig/snow_con.pc'
[9.278s] Level 1:colcon.colcon_core.environment:checking '/home/rhys/ws_snow/install/snow_con/lib/python3.10/site-packages'
[9.279s] Level 1:colcon.colcon_core.environment:checking '/home/rhys/ws_snow/install/snow_con/bin'
[9.280s] INFO:colcon.colcon_core.shell:Creating package script '/home/rhys/ws_snow/install/snow_con/share/snow_con/package.ps1'
[9.280s] INFO:colcon.colcon_core.shell:Creating package descriptor '/home/rhys/ws_snow/install/snow_con/share/snow_con/package.dsv'
[9.281s] INFO:colcon.colcon_core.shell:Creating package script '/home/rhys/ws_snow/install/snow_con/share/snow_con/package.sh'
[9.281s] INFO:colcon.colcon_core.shell:Creating package script '/home/rhys/ws_snow/install/snow_con/share/snow_con/package.bash'
[9.281s] INFO:colcon.colcon_core.shell:Creating package script '/home/rhys/ws_snow/install/snow_con/share/snow_con/package.zsh'
[9.281s] Level 1:colcon.colcon_core.environment:create_file_with_runtime_dependencies(/home/rhys/ws_snow/install/snow_con/share/colcon-core/packages/snow_con)
[9.312s] Level 1:colcon.colcon_core.environment:create_environment_scripts_only(snow_con)
[9.314s] Level 1:colcon.colcon_core.environment:checking '/home/rhys/ws_snow/install/snow_con' for CMake module files
[9.314s] Level 1:colcon.colcon_core.environment:checking '/home/rhys/ws_snow/install/snow_con' for CMake config files
[9.314s] Level 1:colcon.colcon_core.shell:create_environment_hook('snow_con', 'cmake_prefix_path')
[9.315s] INFO:colcon.colcon_core.shell:Creating environment hook '/home/rhys/ws_snow/install/snow_con/share/snow_con/hook/cmake_prefix_path.ps1'
[9.315s] INFO:colcon.colcon_core.shell:Creating environment descriptor '/home/rhys/ws_snow/install/snow_con/share/snow_con/hook/cmake_prefix_path.dsv'
[9.315s] INFO:colcon.colcon_core.shell:Creating environment hook '/home/rhys/ws_snow/install/snow_con/share/snow_con/hook/cmake_prefix_path.sh'
[9.316s] Level 1:colcon.colcon_core.environment:checking '/home/rhys/ws_snow/install/snow_con/lib'
[9.316s] Level 1:colcon.colcon_core.environment:checking '/home/rhys/ws_snow/install/snow_con/bin'
[9.316s] Level 1:colcon.colcon_core.environment:checking '/home/rhys/ws_snow/install/snow_con/lib/pkgconfig/snow_con.pc'
[9.316s] Level 1:colcon.colcon_core.environment:checking '/home/rhys/ws_snow/install/snow_con/lib/python3.10/site-packages'
[9.316s] Level 1:colcon.colcon_core.environment:checking '/home/rhys/ws_snow/install/snow_con/bin'
[9.318s] INFO:colcon.colcon_core.shell:Creating package script '/home/rhys/ws_snow/install/snow_con/share/snow_con/package.ps1'
[9.318s] INFO:colcon.colcon_core.shell:Creating package descriptor '/home/rhys/ws_snow/install/snow_con/share/snow_con/package.dsv'
[9.318s] INFO:colcon.colcon_core.shell:Creating package script '/home/rhys/ws_snow/install/snow_con/share/snow_con/package.sh'
[9.319s] INFO:colcon.colcon_core.shell:Creating package script '/home/rhys/ws_snow/install/snow_con/share/snow_con/package.bash'
[9.319s] INFO:colcon.colcon_core.shell:Creating package script '/home/rhys/ws_snow/install/snow_con/share/snow_con/package.zsh'
[9.319s] Level 1:colcon.colcon_core.environment:create_file_with_runtime_dependencies(/home/rhys/ws_snow/install/snow_con/share/colcon-core/packages/snow_con)
[9.320s] DEBUG:colcon.colcon_parallel_executor.executor.parallel:closing loop
[9.320s] DEBUG:colcon.colcon_parallel_executor.executor.parallel:loop closed
[9.320s] DEBUG:colcon.colcon_parallel_executor.executor.parallel:run_until_complete finished with '0'
[9.320s] DEBUG:colcon.colcon_core.event_reactor:joining thread
[9.331s] INFO:colcon.colcon_core.plugin_system:Skipping extension 'colcon_notification.desktop_notification.terminal_notifier': Not used on non-Darwin systems
[9.331s] INFO:colcon.colcon_core.plugin_system:Skipping extension 'colcon_notification.desktop_notification.win32': Not used on non-Windows systems
[9.331s] INFO:colcon.colcon_notification.desktop_notification:Sending desktop notification using 'notify2'
[9.354s] DEBUG:colcon.colcon_core.event_reactor:joined thread
[9.356s] INFO:colcon.colcon_core.shell:Creating prefix script '/home/rhys/ws_snow/install/local_setup.ps1'
[9.358s] INFO:colcon.colcon_core.shell:Creating prefix util module '/home/rhys/ws_snow/install/_local_setup_util_ps1.py'
[9.361s] INFO:colcon.colcon_core.shell:Creating prefix chain script '/home/rhys/ws_snow/install/setup.ps1'
[9.363s] INFO:colcon.colcon_core.shell:Creating prefix script '/home/rhys/ws_snow/install/local_setup.sh'
[9.365s] INFO:colcon.colcon_core.shell:Creating prefix util module '/home/rhys/ws_snow/install/_local_setup_util_sh.py'
[9.366s] INFO:colcon.colcon_core.shell:Creating prefix chain script '/home/rhys/ws_snow/install/setup.sh'
[9.369s] INFO:colcon.colcon_core.shell:Creating prefix script '/home/rhys/ws_snow/install/local_setup.bash'
[9.370s] INFO:colcon.colcon_core.shell:Creating prefix chain script '/home/rhys/ws_snow/install/setup.bash'
[9.373s] INFO:colcon.colcon_core.shell:Creating prefix script '/home/rhys/ws_snow/install/local_setup.zsh'
[9.374s] INFO:colcon.colcon_core.shell:Creating prefix chain script '/home/rhys/ws_snow/install/setup.zsh'
