[0.243s] DEBUG:colcon:Command line arguments: ['/usr/bin/colcon', 'build']
[0.243s] DEBUG:colcon:Parsed command line arguments: Namespace(log_base=None, log_level=None, verb_name='build', build_base='build', install_base='install', merge_install=False, symlink_install=False, test_result_base=None, continue_on_error=False, executor='parallel', parallel_workers=12, event_handlers=None, ignore_user_meta=False, metas=['./colcon.meta'], base_paths=['.'], packages_ignore=None, packages_ignore_regex=None, paths=None, packages_up_to=None, packages_up_to_regex=None, packages_above=None, packages_above_and_dependencies=None, packages_above_depth=None, packages_select_by_dep=None, packages_skip_by_dep=None, packages_skip_up_to=None, packages_select_build_failed=False, packages_skip_build_finished=False, packages_select_test_failures=False, packages_skip_test_passed=False, packages_select=None, packages_skip=None, packages_select_regex=None, packages_skip_regex=None, packages_start=None, packages_end=None, allow_overriding=[], cmake_args=None, cmake_target=None, cmake_target_skip_unavailable=False, cmake_clean_cache=False, cmake_clean_first=False, cmake_force_configure=False, ament_cmake_args=None, catkin_cmake_args=None, catkin_skip_building_tests=False, verb_parser=<colcon_defaults.argument_parser.defaults.DefaultArgumentsDecorator object at 0x7ffbc31ce230>, verb_extension=<colcon_core.verb.build.BuildVerb object at 0x7ffbc39ca710>, main=<bound method BuildVerb.main of <colcon_core.verb.build.BuildVerb object at 0x7ffbc39ca710>>)
[0.270s] Level 1:colcon.colcon_core.package_discovery:discover_packages(colcon_meta) check parameters
[0.270s] Level 1:colcon.colcon_core.package_discovery:discover_packages(recursive) check parameters
[0.270s] Level 1:colcon.colcon_core.package_discovery:discover_packages(ignore) check parameters
[0.270s] Level 1:colcon.colcon_core.package_discovery:discover_packages(path) check parameters
[0.270s] Level 1:colcon.colcon_core.package_discovery:discover_packages(colcon_meta) discover
[0.270s] Level 1:colcon.colcon_core.package_discovery:discover_packages(recursive) discover
[0.270s] INFO:colcon.colcon_core.package_discovery:Crawling recursively for packages in '/home/rhys/ws_snow'
[0.270s] Level 1:colcon.colcon_core.package_identification:_identify(.) by extensions ['ignore', 'ignore_ament_install']
[0.270s] Level 1:colcon.colcon_core.package_identification:_identify(.) by extension 'ignore'
[0.270s] Level 1:colcon.colcon_core.package_identification:_identify(.) by extension 'ignore_ament_install'
[0.270s] Level 1:colcon.colcon_core.package_identification:_identify(.) by extensions ['colcon_pkg']
[0.270s] Level 1:colcon.colcon_core.package_identification:_identify(.) by extension 'colcon_pkg'
[0.270s] Level 1:colcon.colcon_core.package_identification:_identify(.) by extensions ['colcon_meta']
[0.270s] Level 1:colcon.colcon_core.package_identification:_identify(.) by extension 'colcon_meta'
[0.270s] Level 1:colcon.colcon_core.package_identification:_identify(.) by extensions ['ros']
[0.270s] Level 1:colcon.colcon_core.package_identification:_identify(.) by extension 'ros'
[0.279s] Level 1:colcon.colcon_core.package_identification:_identify(.) by extensions ['cmake', 'python']
[0.279s] Level 1:colcon.colcon_core.package_identification:_identify(.) by extension 'cmake'
[0.279s] Level 1:colcon.colcon_core.package_identification:_identify(.) by extension 'python'
[0.279s] Level 1:colcon.colcon_core.package_identification:_identify(.) by extensions ['python_setup_py']
[0.279s] Level 1:colcon.colcon_core.package_identification:_identify(.) by extension 'python_setup_py'
[0.280s] Level 1:colcon.colcon_core.package_identification:_identify(Data_1) by extensions ['ignore', 'ignore_ament_install']
[0.280s] Level 1:colcon.colcon_core.package_identification:_identify(Data_1) by extension 'ignore'
[0.280s] Level 1:colcon.colcon_core.package_identification:_identify(Data_1) by extension 'ignore_ament_install'
[0.280s] Level 1:colcon.colcon_core.package_identification:_identify(Data_1) by extensions ['colcon_pkg']
[0.280s] Level 1:colcon.colcon_core.package_identification:_identify(Data_1) by extension 'colcon_pkg'
[0.280s] Level 1:colcon.colcon_core.package_identification:_identify(Data_1) by extensions ['colcon_meta']
[0.280s] Level 1:colcon.colcon_core.package_identification:_identify(Data_1) by extension 'colcon_meta'
[0.280s] Level 1:colcon.colcon_core.package_identification:_identify(Data_1) by extensions ['ros']
[0.280s] Level 1:colcon.colcon_core.package_identification:_identify(Data_1) by extension 'ros'
[0.280s] Level 1:colcon.colcon_core.package_identification:_identify(Data_1) by extensions ['cmake', 'python']
[0.280s] Level 1:colcon.colcon_core.package_identification:_identify(Data_1) by extension 'cmake'
[0.280s] Level 1:colcon.colcon_core.package_identification:_identify(Data_1) by extension 'python'
[0.280s] Level 1:colcon.colcon_core.package_identification:_identify(Data_1) by extensions ['python_setup_py']
[0.280s] Level 1:colcon.colcon_core.package_identification:_identify(Data_1) by extension 'python_setup_py'
[0.280s] Level 1:colcon.colcon_core.package_identification:_identify(Data_1/Data_STEP1-orig) by extensions ['ignore', 'ignore_ament_install']
[0.280s] Level 1:colcon.colcon_core.package_identification:_identify(Data_1/Data_STEP1-orig) by extension 'ignore'
[0.280s] Level 1:colcon.colcon_core.package_identification:_identify(Data_1/Data_STEP1-orig) by extension 'ignore_ament_install'
[0.280s] Level 1:colcon.colcon_core.package_identification:_identify(Data_1/Data_STEP1-orig) by extensions ['colcon_pkg']
[0.280s] Level 1:colcon.colcon_core.package_identification:_identify(Data_1/Data_STEP1-orig) by extension 'colcon_pkg'
[0.280s] Level 1:colcon.colcon_core.package_identification:_identify(Data_1/Data_STEP1-orig) by extensions ['colcon_meta']
[0.280s] Level 1:colcon.colcon_core.package_identification:_identify(Data_1/Data_STEP1-orig) by extension 'colcon_meta'
[0.280s] Level 1:colcon.colcon_core.package_identification:_identify(Data_1/Data_STEP1-orig) by extensions ['ros']
[0.280s] Level 1:colcon.colcon_core.package_identification:_identify(Data_1/Data_STEP1-orig) by extension 'ros'
[0.280s] Level 1:colcon.colcon_core.package_identification:_identify(Data_1/Data_STEP1-orig) by extensions ['cmake', 'python']
[0.280s] Level 1:colcon.colcon_core.package_identification:_identify(Data_1/Data_STEP1-orig) by extension 'cmake'
[0.280s] Level 1:colcon.colcon_core.package_identification:_identify(Data_1/Data_STEP1-orig) by extension 'python'
[0.281s] Level 1:colcon.colcon_core.package_identification:_identify(Data_1/Data_STEP1-orig) by extensions ['python_setup_py']
[0.281s] Level 1:colcon.colcon_core.package_identification:_identify(Data_1/Data_STEP1-orig) by extension 'python_setup_py'
[0.281s] Level 1:colcon.colcon_core.package_identification:_identify(Data_1/Data_STEP1-torque) by extensions ['ignore', 'ignore_ament_install']
[0.281s] Level 1:colcon.colcon_core.package_identification:_identify(Data_1/Data_STEP1-torque) by extension 'ignore'
[0.281s] Level 1:colcon.colcon_core.package_identification:_identify(Data_1/Data_STEP1-torque) by extension 'ignore_ament_install'
[0.281s] Level 1:colcon.colcon_core.package_identification:_identify(Data_1/Data_STEP1-torque) by extensions ['colcon_pkg']
[0.281s] Level 1:colcon.colcon_core.package_identification:_identify(Data_1/Data_STEP1-torque) by extension 'colcon_pkg'
[0.281s] Level 1:colcon.colcon_core.package_identification:_identify(Data_1/Data_STEP1-torque) by extensions ['colcon_meta']
[0.281s] Level 1:colcon.colcon_core.package_identification:_identify(Data_1/Data_STEP1-torque) by extension 'colcon_meta'
[0.281s] Level 1:colcon.colcon_core.package_identification:_identify(Data_1/Data_STEP1-torque) by extensions ['ros']
[0.281s] Level 1:colcon.colcon_core.package_identification:_identify(Data_1/Data_STEP1-torque) by extension 'ros'
[0.281s] Level 1:colcon.colcon_core.package_identification:_identify(Data_1/Data_STEP1-torque) by extensions ['cmake', 'python']
[0.281s] Level 1:colcon.colcon_core.package_identification:_identify(Data_1/Data_STEP1-torque) by extension 'cmake'
[0.281s] Level 1:colcon.colcon_core.package_identification:_identify(Data_1/Data_STEP1-torque) by extension 'python'
[0.281s] Level 1:colcon.colcon_core.package_identification:_identify(Data_1/Data_STEP1-torque) by extensions ['python_setup_py']
[0.281s] Level 1:colcon.colcon_core.package_identification:_identify(Data_1/Data_STEP1-torque) by extension 'python_setup_py'
[0.281s] Level 1:colcon.colcon_core.package_identification:_identify(Data_1/Data_STEP2-orig) by extensions ['ignore', 'ignore_ament_install']
[0.281s] Level 1:colcon.colcon_core.package_identification:_identify(Data_1/Data_STEP2-orig) by extension 'ignore'
[0.281s] Level 1:colcon.colcon_core.package_identification:_identify(Data_1/Data_STEP2-orig) by extension 'ignore_ament_install'
[0.281s] Level 1:colcon.colcon_core.package_identification:_identify(Data_1/Data_STEP2-orig) by extensions ['colcon_pkg']
[0.281s] Level 1:colcon.colcon_core.package_identification:_identify(Data_1/Data_STEP2-orig) by extension 'colcon_pkg'
[0.281s] Level 1:colcon.colcon_core.package_identification:_identify(Data_1/Data_STEP2-orig) by extensions ['colcon_meta']
[0.281s] Level 1:colcon.colcon_core.package_identification:_identify(Data_1/Data_STEP2-orig) by extension 'colcon_meta'
[0.281s] Level 1:colcon.colcon_core.package_identification:_identify(Data_1/Data_STEP2-orig) by extensions ['ros']
[0.281s] Level 1:colcon.colcon_core.package_identification:_identify(Data_1/Data_STEP2-orig) by extension 'ros'
[0.281s] Level 1:colcon.colcon_core.package_identification:_identify(Data_1/Data_STEP2-orig) by extensions ['cmake', 'python']
[0.281s] Level 1:colcon.colcon_core.package_identification:_identify(Data_1/Data_STEP2-orig) by extension 'cmake'
[0.281s] Level 1:colcon.colcon_core.package_identification:_identify(Data_1/Data_STEP2-orig) by extension 'python'
[0.282s] Level 1:colcon.colcon_core.package_identification:_identify(Data_1/Data_STEP2-orig) by extensions ['python_setup_py']
[0.282s] Level 1:colcon.colcon_core.package_identification:_identify(Data_1/Data_STEP2-orig) by extension 'python_setup_py'
[0.282s] Level 1:colcon.colcon_core.package_identification:_identify(Data_1/Data_STEP2-torq) by extensions ['ignore', 'ignore_ament_install']
[0.282s] Level 1:colcon.colcon_core.package_identification:_identify(Data_1/Data_STEP2-torq) by extension 'ignore'
[0.282s] Level 1:colcon.colcon_core.package_identification:_identify(Data_1/Data_STEP2-torq) by extension 'ignore_ament_install'
[0.282s] Level 1:colcon.colcon_core.package_identification:_identify(Data_1/Data_STEP2-torq) by extensions ['colcon_pkg']
[0.282s] Level 1:colcon.colcon_core.package_identification:_identify(Data_1/Data_STEP2-torq) by extension 'colcon_pkg'
[0.282s] Level 1:colcon.colcon_core.package_identification:_identify(Data_1/Data_STEP2-torq) by extensions ['colcon_meta']
[0.282s] Level 1:colcon.colcon_core.package_identification:_identify(Data_1/Data_STEP2-torq) by extension 'colcon_meta'
[0.282s] Level 1:colcon.colcon_core.package_identification:_identify(Data_1/Data_STEP2-torq) by extensions ['ros']
[0.282s] Level 1:colcon.colcon_core.package_identification:_identify(Data_1/Data_STEP2-torq) by extension 'ros'
[0.282s] Level 1:colcon.colcon_core.package_identification:_identify(Data_1/Data_STEP2-torq) by extensions ['cmake', 'python']
[0.282s] Level 1:colcon.colcon_core.package_identification:_identify(Data_1/Data_STEP2-torq) by extension 'cmake'
[0.282s] Level 1:colcon.colcon_core.package_identification:_identify(Data_1/Data_STEP2-torq) by extension 'python'
[0.282s] Level 1:colcon.colcon_core.package_identification:_identify(Data_1/Data_STEP2-torq) by extensions ['python_setup_py']
[0.282s] Level 1:colcon.colcon_core.package_identification:_identify(Data_1/Data_STEP2-torq) by extension 'python_setup_py'
[0.282s] Level 1:colcon.colcon_core.package_identification:_identify(build) by extensions ['ignore', 'ignore_ament_install']
[0.282s] Level 1:colcon.colcon_core.package_identification:_identify(build) by extension 'ignore'
[0.282s] Level 1:colcon.colcon_core.package_identification:_identify(build) ignored
[0.282s] Level 1:colcon.colcon_core.package_identification:_identify(install) by extensions ['ignore', 'ignore_ament_install']
[0.282s] Level 1:colcon.colcon_core.package_identification:_identify(install) by extension 'ignore'
[0.282s] Level 1:colcon.colcon_core.package_identification:_identify(install) ignored
[0.283s] Level 1:colcon.colcon_core.package_identification:_identify(log) by extensions ['ignore', 'ignore_ament_install']
[0.283s] Level 1:colcon.colcon_core.package_identification:_identify(log) by extension 'ignore'
[0.283s] Level 1:colcon.colcon_core.package_identification:_identify(log) ignored
[0.283s] Level 1:colcon.colcon_core.package_identification:_identify(src) by extensions ['ignore', 'ignore_ament_install']
[0.283s] Level 1:colcon.colcon_core.package_identification:_identify(src) by extension 'ignore'
[0.283s] Level 1:colcon.colcon_core.package_identification:_identify(src) by extension 'ignore_ament_install'
[0.283s] Level 1:colcon.colcon_core.package_identification:_identify(src) by extensions ['colcon_pkg']
[0.283s] Level 1:colcon.colcon_core.package_identification:_identify(src) by extension 'colcon_pkg'
[0.283s] Level 1:colcon.colcon_core.package_identification:_identify(src) by extensions ['colcon_meta']
[0.283s] Level 1:colcon.colcon_core.package_identification:_identify(src) by extension 'colcon_meta'
[0.283s] Level 1:colcon.colcon_core.package_identification:_identify(src) by extensions ['ros']
[0.283s] Level 1:colcon.colcon_core.package_identification:_identify(src) by extension 'ros'
[0.283s] Level 1:colcon.colcon_core.package_identification:_identify(src) by extensions ['cmake', 'python']
[0.283s] Level 1:colcon.colcon_core.package_identification:_identify(src) by extension 'cmake'
[0.283s] Level 1:colcon.colcon_core.package_identification:_identify(src) by extension 'python'
[0.283s] Level 1:colcon.colcon_core.package_identification:_identify(src) by extensions ['python_setup_py']
[0.283s] Level 1:colcon.colcon_core.package_identification:_identify(src) by extension 'python_setup_py'
[0.283s] Level 1:colcon.colcon_core.package_identification:_identify(src/hard_con) by extensions ['ignore', 'ignore_ament_install']
[0.283s] Level 1:colcon.colcon_core.package_identification:_identify(src/hard_con) by extension 'ignore'
[0.284s] Level 1:colcon.colcon_core.package_identification:_identify(src/hard_con) by extension 'ignore_ament_install'
[0.284s] Level 1:colcon.colcon_core.package_identification:_identify(src/hard_con) by extensions ['colcon_pkg']
[0.284s] Level 1:colcon.colcon_core.package_identification:_identify(src/hard_con) by extension 'colcon_pkg'
[0.284s] Level 1:colcon.colcon_core.package_identification:_identify(src/hard_con) by extensions ['colcon_meta']
[0.284s] Level 1:colcon.colcon_core.package_identification:_identify(src/hard_con) by extension 'colcon_meta'
[0.284s] Level 1:colcon.colcon_core.package_identification:_identify(src/hard_con) by extensions ['ros']
[0.284s] Level 1:colcon.colcon_core.package_identification:_identify(src/hard_con) by extension 'ros'
[0.286s] DEBUG:colcon.colcon_core.package_identification:Package 'src/hard_con' with type 'ros.ament_cmake' and name 'hard_con'
[0.286s] Level 1:colcon.colcon_core.package_identification:_identify(src/snow_con) by extensions ['ignore', 'ignore_ament_install']
[0.286s] Level 1:colcon.colcon_core.package_identification:_identify(src/snow_con) by extension 'ignore'
[0.286s] Level 1:colcon.colcon_core.package_identification:_identify(src/snow_con) by extension 'ignore_ament_install'
[0.286s] Level 1:colcon.colcon_core.package_identification:_identify(src/snow_con) by extensions ['colcon_pkg']
[0.286s] Level 1:colcon.colcon_core.package_identification:_identify(src/snow_con) by extension 'colcon_pkg'
[0.286s] Level 1:colcon.colcon_core.package_identification:_identify(src/snow_con) by extensions ['colcon_meta']
[0.286s] Level 1:colcon.colcon_core.package_identification:_identify(src/snow_con) by extension 'colcon_meta'
[0.286s] Level 1:colcon.colcon_core.package_identification:_identify(src/snow_con) by extensions ['ros']
[0.286s] Level 1:colcon.colcon_core.package_identification:_identify(src/snow_con) by extension 'ros'
[0.287s] DEBUG:colcon.colcon_core.package_identification:Package 'src/snow_con' with type 'ros.ament_cmake' and name 'snow_con'
[0.287s] Level 1:colcon.colcon_core.package_identification:_identify(src/snow_con_rt) by extensions ['ignore', 'ignore_ament_install']
[0.287s] Level 1:colcon.colcon_core.package_identification:_identify(src/snow_con_rt) by extension 'ignore'
[0.287s] Level 1:colcon.colcon_core.package_identification:_identify(src/snow_con_rt) by extension 'ignore_ament_install'
[0.287s] Level 1:colcon.colcon_core.package_identification:_identify(src/snow_con_rt) by extensions ['colcon_pkg']
[0.287s] Level 1:colcon.colcon_core.package_identification:_identify(src/snow_con_rt) by extension 'colcon_pkg'
[0.287s] Level 1:colcon.colcon_core.package_identification:_identify(src/snow_con_rt) by extensions ['colcon_meta']
[0.287s] Level 1:colcon.colcon_core.package_identification:_identify(src/snow_con_rt) by extension 'colcon_meta'
[0.287s] Level 1:colcon.colcon_core.package_identification:_identify(src/snow_con_rt) by extensions ['ros']
[0.287s] Level 1:colcon.colcon_core.package_identification:_identify(src/snow_con_rt) by extension 'ros'
[0.288s] DEBUG:colcon.colcon_core.package_identification:Package 'src/snow_con_rt' with type 'ros.ament_cmake' and name 'snow_con_rt'
[0.288s] Level 1:colcon.colcon_core.package_identification:_identify(src/snow_sim) by extensions ['ignore', 'ignore_ament_install']
[0.288s] Level 1:colcon.colcon_core.package_identification:_identify(src/snow_sim) by extension 'ignore'
[0.288s] Level 1:colcon.colcon_core.package_identification:_identify(src/snow_sim) by extension 'ignore_ament_install'
[0.288s] Level 1:colcon.colcon_core.package_identification:_identify(src/snow_sim) by extensions ['colcon_pkg']
[0.288s] Level 1:colcon.colcon_core.package_identification:_identify(src/snow_sim) by extension 'colcon_pkg'
[0.288s] Level 1:colcon.colcon_core.package_identification:_identify(src/snow_sim) by extensions ['colcon_meta']
[0.288s] Level 1:colcon.colcon_core.package_identification:_identify(src/snow_sim) by extension 'colcon_meta'
[0.288s] Level 1:colcon.colcon_core.package_identification:_identify(src/snow_sim) by extensions ['ros']
[0.288s] Level 1:colcon.colcon_core.package_identification:_identify(src/snow_sim) by extension 'ros'
[0.288s] DEBUG:colcon.colcon_core.package_identification:Package 'src/snow_sim' with type 'ros.ament_cmake' and name 'snow_sim'
[0.288s] Level 1:colcon.colcon_core.package_identification:_identify(src/urdf_tutorial) by extensions ['ignore', 'ignore_ament_install']
[0.289s] Level 1:colcon.colcon_core.package_identification:_identify(src/urdf_tutorial) by extension 'ignore'
[0.289s] Level 1:colcon.colcon_core.package_identification:_identify(src/urdf_tutorial) by extension 'ignore_ament_install'
[0.289s] Level 1:colcon.colcon_core.package_identification:_identify(src/urdf_tutorial) by extensions ['colcon_pkg']
[0.289s] Level 1:colcon.colcon_core.package_identification:_identify(src/urdf_tutorial) by extension 'colcon_pkg'
[0.289s] Level 1:colcon.colcon_core.package_identification:_identify(src/urdf_tutorial) by extensions ['colcon_meta']
[0.289s] Level 1:colcon.colcon_core.package_identification:_identify(src/urdf_tutorial) by extension 'colcon_meta'
[0.289s] Level 1:colcon.colcon_core.package_identification:_identify(src/urdf_tutorial) by extensions ['ros']
[0.289s] Level 1:colcon.colcon_core.package_identification:_identify(src/urdf_tutorial) by extension 'ros'
[0.289s] DEBUG:colcon.colcon_core.package_identification:Package 'src/urdf_tutorial' with type 'ros.ament_cmake' and name 'urdf_tutorial'
[0.289s] Level 1:colcon.colcon_core.package_discovery:discover_packages(recursive) using defaults
[0.289s] Level 1:colcon.colcon_core.package_discovery:discover_packages(ignore) discover
[0.289s] Level 1:colcon.colcon_core.package_discovery:discover_packages(ignore) using defaults
[0.289s] Level 1:colcon.colcon_core.package_discovery:discover_packages(path) discover
[0.289s] Level 1:colcon.colcon_core.package_discovery:discover_packages(path) using defaults
[0.308s] Level 1:colcon.colcon_core.package_discovery:discover_packages(prefix_path) check parameters
[0.308s] Level 1:colcon.colcon_core.package_discovery:discover_packages(prefix_path) discover
[0.309s] DEBUG:colcon.colcon_installed_package_information.package_discovery:Found 5 installed packages in /home/rhys/ws_snow/install
[0.311s] DEBUG:colcon.colcon_installed_package_information.package_discovery:Found 327 installed packages in /opt/ros/humble
[0.312s] Level 1:colcon.colcon_core.package_discovery:discover_packages(prefix_path) using defaults
[0.363s] Level 5:colcon.colcon_core.verb:set package 'hard_con' build argument 'cmake_args' from command line to 'None'
[0.363s] Level 5:colcon.colcon_core.verb:set package 'hard_con' build argument 'cmake_target' from command line to 'None'
[0.363s] Level 5:colcon.colcon_core.verb:set package 'hard_con' build argument 'cmake_target_skip_unavailable' from command line to 'False'
[0.363s] Level 5:colcon.colcon_core.verb:set package 'hard_con' build argument 'cmake_clean_cache' from command line to 'False'
[0.363s] Level 5:colcon.colcon_core.verb:set package 'hard_con' build argument 'cmake_clean_first' from command line to 'False'
[0.363s] Level 5:colcon.colcon_core.verb:set package 'hard_con' build argument 'cmake_force_configure' from command line to 'False'
[0.364s] Level 5:colcon.colcon_core.verb:set package 'hard_con' build argument 'ament_cmake_args' from command line to 'None'
[0.364s] Level 5:colcon.colcon_core.verb:set package 'hard_con' build argument 'catkin_cmake_args' from command line to 'None'
[0.364s] Level 5:colcon.colcon_core.verb:set package 'hard_con' build argument 'catkin_skip_building_tests' from command line to 'False'
[0.364s] DEBUG:colcon.colcon_core.verb:Building package 'hard_con' with the following arguments: {'ament_cmake_args': None, 'build_base': '/home/rhys/ws_snow/build/hard_con', 'catkin_cmake_args': None, 'catkin_skip_building_tests': False, 'cmake_args': None, 'cmake_clean_cache': False, 'cmake_clean_first': False, 'cmake_force_configure': False, 'cmake_target': None, 'cmake_target_skip_unavailable': False, 'install_base': '/home/rhys/ws_snow/install/hard_con', 'merge_install': False, 'path': '/home/rhys/ws_snow/src/hard_con', 'symlink_install': False, 'test_result_base': None}
[0.364s] Level 5:colcon.colcon_core.verb:set package 'snow_con' build argument 'cmake_args' from command line to 'None'
[0.364s] Level 5:colcon.colcon_core.verb:set package 'snow_con' build argument 'cmake_target' from command line to 'None'
[0.364s] Level 5:colcon.colcon_core.verb:set package 'snow_con' build argument 'cmake_target_skip_unavailable' from command line to 'False'
[0.364s] Level 5:colcon.colcon_core.verb:set package 'snow_con' build argument 'cmake_clean_cache' from command line to 'False'
[0.364s] Level 5:colcon.colcon_core.verb:set package 'snow_con' build argument 'cmake_clean_first' from command line to 'False'
[0.364s] Level 5:colcon.colcon_core.verb:set package 'snow_con' build argument 'cmake_force_configure' from command line to 'False'
[0.364s] Level 5:colcon.colcon_core.verb:set package 'snow_con' build argument 'ament_cmake_args' from command line to 'None'
[0.364s] Level 5:colcon.colcon_core.verb:set package 'snow_con' build argument 'catkin_cmake_args' from command line to 'None'
[0.365s] Level 5:colcon.colcon_core.verb:set package 'snow_con' build argument 'catkin_skip_building_tests' from command line to 'False'
[0.365s] DEBUG:colcon.colcon_core.verb:Building package 'snow_con' with the following arguments: {'ament_cmake_args': None, 'build_base': '/home/rhys/ws_snow/build/snow_con', 'catkin_cmake_args': None, 'catkin_skip_building_tests': False, 'cmake_args': None, 'cmake_clean_cache': False, 'cmake_clean_first': False, 'cmake_force_configure': False, 'cmake_target': None, 'cmake_target_skip_unavailable': False, 'install_base': '/home/rhys/ws_snow/install/snow_con', 'merge_install': False, 'path': '/home/rhys/ws_snow/src/snow_con', 'symlink_install': False, 'test_result_base': None}
[0.365s] Level 5:colcon.colcon_core.verb:set package 'snow_con_rt' build argument 'cmake_args' from command line to 'None'
[0.365s] Level 5:colcon.colcon_core.verb:set package 'snow_con_rt' build argument 'cmake_target' from command line to 'None'
[0.365s] Level 5:colcon.colcon_core.verb:set package 'snow_con_rt' build argument 'cmake_target_skip_unavailable' from command line to 'False'
[0.365s] Level 5:colcon.colcon_core.verb:set package 'snow_con_rt' build argument 'cmake_clean_cache' from command line to 'False'
[0.365s] Level 5:colcon.colcon_core.verb:set package 'snow_con_rt' build argument 'cmake_clean_first' from command line to 'False'
[0.365s] Level 5:colcon.colcon_core.verb:set package 'snow_con_rt' build argument 'cmake_force_configure' from command line to 'False'
[0.365s] Level 5:colcon.colcon_core.verb:set package 'snow_con_rt' build argument 'ament_cmake_args' from command line to 'None'
[0.365s] Level 5:colcon.colcon_core.verb:set package 'snow_con_rt' build argument 'catkin_cmake_args' from command line to 'None'
[0.365s] Level 5:colcon.colcon_core.verb:set package 'snow_con_rt' build argument 'catkin_skip_building_tests' from command line to 'False'
[0.365s] DEBUG:colcon.colcon_core.verb:Building package 'snow_con_rt' with the following arguments: {'ament_cmake_args': None, 'build_base': '/home/rhys/ws_snow/build/snow_con_rt', 'catkin_cmake_args': None, 'catkin_skip_building_tests': False, 'cmake_args': None, 'cmake_clean_cache': False, 'cmake_clean_first': False, 'cmake_force_configure': False, 'cmake_target': None, 'cmake_target_skip_unavailable': False, 'install_base': '/home/rhys/ws_snow/install/snow_con_rt', 'merge_install': False, 'path': '/home/rhys/ws_snow/src/snow_con_rt', 'symlink_install': False, 'test_result_base': None}
[0.366s] Level 5:colcon.colcon_core.verb:set package 'snow_sim' build argument 'cmake_args' from command line to 'None'
[0.366s] Level 5:colcon.colcon_core.verb:set package 'snow_sim' build argument 'cmake_target' from command line to 'None'
[0.366s] Level 5:colcon.colcon_core.verb:set package 'snow_sim' build argument 'cmake_target_skip_unavailable' from command line to 'False'
[0.366s] Level 5:colcon.colcon_core.verb:set package 'snow_sim' build argument 'cmake_clean_cache' from command line to 'False'
[0.366s] Level 5:colcon.colcon_core.verb:set package 'snow_sim' build argument 'cmake_clean_first' from command line to 'False'
[0.366s] Level 5:colcon.colcon_core.verb:set package 'snow_sim' build argument 'cmake_force_configure' from command line to 'False'
[0.366s] Level 5:colcon.colcon_core.verb:set package 'snow_sim' build argument 'ament_cmake_args' from command line to 'None'
[0.366s] Level 5:colcon.colcon_core.verb:set package 'snow_sim' build argument 'catkin_cmake_args' from command line to 'None'
[0.366s] Level 5:colcon.colcon_core.verb:set package 'snow_sim' build argument 'catkin_skip_building_tests' from command line to 'False'
[0.366s] DEBUG:colcon.colcon_core.verb:Building package 'snow_sim' with the following arguments: {'ament_cmake_args': None, 'build_base': '/home/rhys/ws_snow/build/snow_sim', 'catkin_cmake_args': None, 'catkin_skip_building_tests': False, 'cmake_args': None, 'cmake_clean_cache': False, 'cmake_clean_first': False, 'cmake_force_configure': False, 'cmake_target': None, 'cmake_target_skip_unavailable': False, 'install_base': '/home/rhys/ws_snow/install/snow_sim', 'merge_install': False, 'path': '/home/rhys/ws_snow/src/snow_sim', 'symlink_install': False, 'test_result_base': None}
[0.367s] Level 5:colcon.colcon_core.verb:set package 'urdf_tutorial' build argument 'cmake_args' from command line to 'None'
[0.367s] Level 5:colcon.colcon_core.verb:set package 'urdf_tutorial' build argument 'cmake_target' from command line to 'None'
[0.367s] Level 5:colcon.colcon_core.verb:set package 'urdf_tutorial' build argument 'cmake_target_skip_unavailable' from command line to 'False'
[0.367s] Level 5:colcon.colcon_core.verb:set package 'urdf_tutorial' build argument 'cmake_clean_cache' from command line to 'False'
[0.367s] Level 5:colcon.colcon_core.verb:set package 'urdf_tutorial' build argument 'cmake_clean_first' from command line to 'False'
[0.367s] Level 5:colcon.colcon_core.verb:set package 'urdf_tutorial' build argument 'cmake_force_configure' from command line to 'False'
[0.367s] Level 5:colcon.colcon_core.verb:set package 'urdf_tutorial' build argument 'ament_cmake_args' from command line to 'None'
[0.367s] Level 5:colcon.colcon_core.verb:set package 'urdf_tutorial' build argument 'catkin_cmake_args' from command line to 'None'
[0.367s] Level 5:colcon.colcon_core.verb:set package 'urdf_tutorial' build argument 'catkin_skip_building_tests' from command line to 'False'
[0.367s] DEBUG:colcon.colcon_core.verb:Building package 'urdf_tutorial' with the following arguments: {'ament_cmake_args': None, 'build_base': '/home/rhys/ws_snow/build/urdf_tutorial', 'catkin_cmake_args': None, 'catkin_skip_building_tests': False, 'cmake_args': None, 'cmake_clean_cache': False, 'cmake_clean_first': False, 'cmake_force_configure': False, 'cmake_target': None, 'cmake_target_skip_unavailable': False, 'install_base': '/home/rhys/ws_snow/install/urdf_tutorial', 'merge_install': False, 'path': '/home/rhys/ws_snow/src/urdf_tutorial', 'symlink_install': False, 'test_result_base': None}
[0.368s] INFO:colcon.colcon_core.executor:Executing jobs using 'parallel' executor
[0.371s] DEBUG:colcon.colcon_parallel_executor.executor.parallel:run_until_complete
[0.371s] INFO:colcon.colcon_ros.task.ament_cmake.build:Building ROS package in '/home/rhys/ws_snow/src/hard_con' with build type 'ament_cmake'
[0.371s] INFO:colcon.colcon_cmake.task.cmake.build:Building CMake package in '/home/rhys/ws_snow/src/hard_con'
[0.375s] INFO:colcon.colcon_core.plugin_system:Skipping extension 'colcon_core.shell.bat': Not used on non-Windows systems
[0.375s] INFO:colcon.colcon_core.shell:Skip shell extension 'powershell' for command environment: Not usable outside of PowerShell
[0.375s] DEBUG:colcon.colcon_core.shell:Skip shell extension 'dsv' for command environment
[0.379s] INFO:colcon.colcon_ros.task.ament_cmake.build:Building ROS package in '/home/rhys/ws_snow/src/snow_con' with build type 'ament_cmake'
[0.379s] INFO:colcon.colcon_cmake.task.cmake.build:Building CMake package in '/home/rhys/ws_snow/src/snow_con'
[0.380s] INFO:colcon.colcon_core.shell:Skip shell extension 'powershell' for command environment: Not usable outside of PowerShell
[0.380s] DEBUG:colcon.colcon_core.shell:Skip shell extension 'dsv' for command environment
[0.384s] INFO:colcon.colcon_ros.task.ament_cmake.build:Building ROS package in '/home/rhys/ws_snow/src/snow_con_rt' with build type 'ament_cmake'
[0.385s] INFO:colcon.colcon_cmake.task.cmake.build:Building CMake package in '/home/rhys/ws_snow/src/snow_con_rt'
[0.386s] INFO:colcon.colcon_core.shell:Skip shell extension 'powershell' for command environment: Not usable outside of PowerShell
[0.386s] DEBUG:colcon.colcon_core.shell:Skip shell extension 'dsv' for command environment
[0.390s] INFO:colcon.colcon_ros.task.ament_cmake.build:Building ROS package in '/home/rhys/ws_snow/src/snow_sim' with build type 'ament_cmake'
[0.390s] INFO:colcon.colcon_cmake.task.cmake.build:Building CMake package in '/home/rhys/ws_snow/src/snow_sim'
[0.391s] INFO:colcon.colcon_core.shell:Skip shell extension 'powershell' for command environment: Not usable outside of PowerShell
[0.391s] DEBUG:colcon.colcon_core.shell:Skip shell extension 'dsv' for command environment
[0.395s] INFO:colcon.colcon_ros.task.ament_cmake.build:Building ROS package in '/home/rhys/ws_snow/src/urdf_tutorial' with build type 'ament_cmake'
[0.395s] INFO:colcon.colcon_cmake.task.cmake.build:Building CMake package in '/home/rhys/ws_snow/src/urdf_tutorial'
[0.396s] INFO:colcon.colcon_core.shell:Skip shell extension 'powershell' for command environment: Not usable outside of PowerShell
[0.396s] DEBUG:colcon.colcon_core.shell:Skip shell extension 'dsv' for command environment
[0.405s] DEBUG:colcon.colcon_core.event_handler.log_command:Invoking command in '/home/rhys/ws_snow/build/hard_con': CMAKE_PREFIX_PATH=${CMAKE_PREFIX_PATH}:/opt/ros/humble /usr/bin/cmake --build /home/rhys/ws_snow/build/hard_con -- -j12 -l12
[0.408s] DEBUG:colcon.colcon_core.event_handler.log_command:Invoking command in '/home/rhys/ws_snow/build/snow_con': CMAKE_PREFIX_PATH=${CMAKE_PREFIX_PATH}:/opt/ros/humble /usr/bin/cmake --build /home/rhys/ws_snow/build/snow_con -- -j12 -l12
[0.410s] DEBUG:colcon.colcon_core.event_handler.log_command:Invoking command in '/home/rhys/ws_snow/build/snow_con_rt': CMAKE_PREFIX_PATH=${CMAKE_PREFIX_PATH}:/opt/ros/humble /usr/bin/cmake --build /home/rhys/ws_snow/build/snow_con_rt -- -j12 -l12
[0.414s] DEBUG:colcon.colcon_core.event_handler.log_command:Invoking command in '/home/rhys/ws_snow/build/snow_sim': CMAKE_PREFIX_PATH=${CMAKE_PREFIX_PATH}:/opt/ros/humble /usr/bin/cmake --build /home/rhys/ws_snow/build/snow_sim -- -j12 -l12
[0.418s] DEBUG:colcon.colcon_core.event_handler.log_command:Invoking command in '/home/rhys/ws_snow/build/urdf_tutorial': CMAKE_PREFIX_PATH=${CMAKE_PREFIX_PATH}:/opt/ros/humble /usr/bin/cmake --build /home/rhys/ws_snow/build/urdf_tutorial -- -j12 -l12
[0.447s] DEBUG:colcon.colcon_core.event_handler.log_command:Invoked command in '/home/rhys/ws_snow/build/urdf_tutorial' returned '0': CMAKE_PREFIX_PATH=${CMAKE_PREFIX_PATH}:/opt/ros/humble /usr/bin/cmake --build /home/rhys/ws_snow/build/urdf_tutorial -- -j12 -l12
[0.459s] DEBUG:colcon.colcon_core.event_handler.log_command:Invoked command in '/home/rhys/ws_snow/build/snow_con' returned '0': CMAKE_PREFIX_PATH=${CMAKE_PREFIX_PATH}:/opt/ros/humble /usr/bin/cmake --build /home/rhys/ws_snow/build/snow_con -- -j12 -l12
[0.461s] DEBUG:colcon.colcon_core.event_handler.log_command:Invoked command in '/home/rhys/ws_snow/build/hard_con' returned '0': CMAKE_PREFIX_PATH=${CMAKE_PREFIX_PATH}:/opt/ros/humble /usr/bin/cmake --build /home/rhys/ws_snow/build/hard_con -- -j12 -l12
[0.472s] DEBUG:colcon.colcon_core.event_handler.log_command:Invoking command in '/home/rhys/ws_snow/build/urdf_tutorial': CMAKE_PREFIX_PATH=${CMAKE_PREFIX_PATH}:/opt/ros/humble /usr/bin/cmake --install /home/rhys/ws_snow/build/urdf_tutorial
[0.475s] DEBUG:colcon.colcon_core.event_handler.log_command:Invoked command in '/home/rhys/ws_snow/build/snow_sim' returned '0': CMAKE_PREFIX_PATH=${CMAKE_PREFIX_PATH}:/opt/ros/humble /usr/bin/cmake --build /home/rhys/ws_snow/build/snow_sim -- -j12 -l12
[0.481s] DEBUG:colcon.colcon_core.event_handler.log_command:Invoking command in '/home/rhys/ws_snow/build/snow_con': CMAKE_PREFIX_PATH=${CMAKE_PREFIX_PATH}:/opt/ros/humble /usr/bin/cmake --install /home/rhys/ws_snow/build/snow_con
[0.488s] Level 1:colcon.colcon_core.environment:create_environment_scripts_only(urdf_tutorial)
[0.503s] DEBUG:colcon.colcon_core.event_handler.log_command:Invoking command in '/home/rhys/ws_snow/build/hard_con': CMAKE_PREFIX_PATH=${CMAKE_PREFIX_PATH}:/opt/ros/humble /usr/bin/cmake --install /home/rhys/ws_snow/build/hard_con
[0.505s] DEBUG:colcon.colcon_core.event_handler.log_command:Invoked command in '/home/rhys/ws_snow/build/urdf_tutorial' returned '0': CMAKE_PREFIX_PATH=${CMAKE_PREFIX_PATH}:/opt/ros/humble /usr/bin/cmake --install /home/rhys/ws_snow/build/urdf_tutorial
[0.505s] Level 1:colcon.colcon_core.environment:checking '/home/rhys/ws_snow/install/urdf_tutorial' for CMake module files
[0.507s] Level 1:colcon.colcon_core.environment:checking '/home/rhys/ws_snow/install/urdf_tutorial' for CMake config files
[0.507s] Level 1:colcon.colcon_core.shell:create_environment_hook('urdf_tutorial', 'cmake_prefix_path')
[0.509s] INFO:colcon.colcon_core.shell:Creating environment hook '/home/rhys/ws_snow/install/urdf_tutorial/share/urdf_tutorial/hook/cmake_prefix_path.ps1'
[0.510s] INFO:colcon.colcon_core.shell:Creating environment descriptor '/home/rhys/ws_snow/install/urdf_tutorial/share/urdf_tutorial/hook/cmake_prefix_path.dsv'
[0.510s] INFO:colcon.colcon_core.shell:Creating environment hook '/home/rhys/ws_snow/install/urdf_tutorial/share/urdf_tutorial/hook/cmake_prefix_path.sh'
[0.511s] Level 1:colcon.colcon_core.environment:checking '/home/rhys/ws_snow/install/urdf_tutorial/bin'
[0.511s] Level 1:colcon.colcon_core.environment:checking '/home/rhys/ws_snow/install/urdf_tutorial/lib/pkgconfig/urdf_tutorial.pc'
[0.512s] Level 1:colcon.colcon_core.environment:checking '/home/rhys/ws_snow/install/urdf_tutorial/lib/python3.10/site-packages'
[0.512s] Level 1:colcon.colcon_core.environment:checking '/home/rhys/ws_snow/install/urdf_tutorial/bin'
[0.513s] INFO:colcon.colcon_core.shell:Creating package script '/home/rhys/ws_snow/install/urdf_tutorial/share/urdf_tutorial/package.ps1'
[0.514s] INFO:colcon.colcon_core.shell:Creating package descriptor '/home/rhys/ws_snow/install/urdf_tutorial/share/urdf_tutorial/package.dsv'
[0.515s] INFO:colcon.colcon_core.shell:Creating package script '/home/rhys/ws_snow/install/urdf_tutorial/share/urdf_tutorial/package.sh'
[0.516s] INFO:colcon.colcon_core.shell:Creating package script '/home/rhys/ws_snow/install/urdf_tutorial/share/urdf_tutorial/package.bash'
[0.517s] INFO:colcon.colcon_core.shell:Creating package script '/home/rhys/ws_snow/install/urdf_tutorial/share/urdf_tutorial/package.zsh'
[0.517s] Level 1:colcon.colcon_core.environment:create_file_with_runtime_dependencies(/home/rhys/ws_snow/install/urdf_tutorial/share/colcon-core/packages/urdf_tutorial)
[0.520s] Level 1:colcon.colcon_core.environment:create_environment_scripts_only(snow_con)
[0.521s] Level 1:colcon.colcon_core.environment:checking '/home/rhys/ws_snow/install/snow_con' for CMake module files
[0.522s] DEBUG:colcon.colcon_core.event_handler.log_command:Invoked command in '/home/rhys/ws_snow/build/snow_con' returned '0': CMAKE_PREFIX_PATH=${CMAKE_PREFIX_PATH}:/opt/ros/humble /usr/bin/cmake --install /home/rhys/ws_snow/build/snow_con
[0.522s] Level 1:colcon.colcon_core.environment:checking '/home/rhys/ws_snow/install/snow_con' for CMake config files
[0.522s] Level 1:colcon.colcon_core.shell:create_environment_hook('snow_con', 'cmake_prefix_path')
[0.523s] INFO:colcon.colcon_core.shell:Creating environment hook '/home/rhys/ws_snow/install/snow_con/share/snow_con/hook/cmake_prefix_path.ps1'
[0.524s] INFO:colcon.colcon_core.shell:Creating environment descriptor '/home/rhys/ws_snow/install/snow_con/share/snow_con/hook/cmake_prefix_path.dsv'
[0.524s] INFO:colcon.colcon_core.shell:Creating environment hook '/home/rhys/ws_snow/install/snow_con/share/snow_con/hook/cmake_prefix_path.sh'
[0.524s] Level 1:colcon.colcon_core.environment:checking '/home/rhys/ws_snow/install/snow_con/lib'
[0.525s] Level 1:colcon.colcon_core.environment:checking '/home/rhys/ws_snow/install/snow_con/bin'
[0.525s] Level 1:colcon.colcon_core.environment:checking '/home/rhys/ws_snow/install/snow_con/lib/pkgconfig/snow_con.pc'
[0.525s] Level 1:colcon.colcon_core.environment:checking '/home/rhys/ws_snow/install/snow_con/lib/python3.10/site-packages'
[0.525s] Level 1:colcon.colcon_core.environment:checking '/home/rhys/ws_snow/install/snow_con/bin'
[0.526s] INFO:colcon.colcon_core.shell:Creating package script '/home/rhys/ws_snow/install/snow_con/share/snow_con/package.ps1'
[0.526s] INFO:colcon.colcon_core.shell:Creating package descriptor '/home/rhys/ws_snow/install/snow_con/share/snow_con/package.dsv'
[0.527s] INFO:colcon.colcon_core.shell:Creating package script '/home/rhys/ws_snow/install/snow_con/share/snow_con/package.sh'
[0.527s] INFO:colcon.colcon_core.shell:Creating package script '/home/rhys/ws_snow/install/snow_con/share/snow_con/package.bash'
[0.527s] INFO:colcon.colcon_core.shell:Creating package script '/home/rhys/ws_snow/install/snow_con/share/snow_con/package.zsh'
[0.527s] Level 1:colcon.colcon_core.environment:create_file_with_runtime_dependencies(/home/rhys/ws_snow/install/snow_con/share/colcon-core/packages/snow_con)
[0.530s] Level 1:colcon.colcon_core.environment:create_environment_scripts_only(hard_con)
[0.530s] DEBUG:colcon.colcon_core.event_handler.log_command:Invoking command in '/home/rhys/ws_snow/build/snow_sim': CMAKE_PREFIX_PATH=${CMAKE_PREFIX_PATH}:/opt/ros/humble /usr/bin/cmake --install /home/rhys/ws_snow/build/snow_sim
[0.533s] Level 1:colcon.colcon_core.environment:checking '/home/rhys/ws_snow/install/hard_con' for CMake module files
[0.533s] DEBUG:colcon.colcon_core.event_handler.log_command:Invoked command in '/home/rhys/ws_snow/build/hard_con' returned '0': CMAKE_PREFIX_PATH=${CMAKE_PREFIX_PATH}:/opt/ros/humble /usr/bin/cmake --install /home/rhys/ws_snow/build/hard_con
[0.534s] Level 1:colcon.colcon_core.environment:checking '/home/rhys/ws_snow/install/hard_con' for CMake config files
[0.534s] Level 1:colcon.colcon_core.shell:create_environment_hook('hard_con', 'cmake_prefix_path')
[0.536s] INFO:colcon.colcon_core.shell:Creating environment hook '/home/rhys/ws_snow/install/hard_con/share/hard_con/hook/cmake_prefix_path.ps1'
[0.536s] INFO:colcon.colcon_core.shell:Creating environment descriptor '/home/rhys/ws_snow/install/hard_con/share/hard_con/hook/cmake_prefix_path.dsv'
[0.537s] INFO:colcon.colcon_core.shell:Creating environment hook '/home/rhys/ws_snow/install/hard_con/share/hard_con/hook/cmake_prefix_path.sh'
[0.537s] Level 1:colcon.colcon_core.environment:checking '/home/rhys/ws_snow/install/hard_con/lib'
[0.537s] Level 1:colcon.colcon_core.environment:checking '/home/rhys/ws_snow/install/hard_con/bin'
[0.537s] Level 1:colcon.colcon_core.environment:checking '/home/rhys/ws_snow/install/hard_con/lib/pkgconfig/hard_con.pc'
[0.538s] Level 1:colcon.colcon_core.environment:checking '/home/rhys/ws_snow/install/hard_con/lib/python3.10/site-packages'
[0.538s] Level 1:colcon.colcon_core.environment:checking '/home/rhys/ws_snow/install/hard_con/bin'
[0.540s] INFO:colcon.colcon_core.shell:Creating package script '/home/rhys/ws_snow/install/hard_con/share/hard_con/package.ps1'
[0.540s] INFO:colcon.colcon_core.shell:Creating package descriptor '/home/rhys/ws_snow/install/hard_con/share/hard_con/package.dsv'
[0.541s] INFO:colcon.colcon_core.shell:Creating package script '/home/rhys/ws_snow/install/hard_con/share/hard_con/package.sh'
[0.541s] INFO:colcon.colcon_core.shell:Creating package script '/home/rhys/ws_snow/install/hard_con/share/hard_con/package.bash'
[0.541s] INFO:colcon.colcon_core.shell:Creating package script '/home/rhys/ws_snow/install/hard_con/share/hard_con/package.zsh'
[0.541s] Level 1:colcon.colcon_core.environment:create_file_with_runtime_dependencies(/home/rhys/ws_snow/install/hard_con/share/colcon-core/packages/hard_con)
[0.545s] Level 1:colcon.colcon_core.environment:create_environment_scripts_only(urdf_tutorial)
[0.546s] Level 1:colcon.colcon_core.environment:checking '/home/rhys/ws_snow/install/urdf_tutorial' for CMake module files
[0.555s] Level 1:colcon.colcon_core.environment:checking '/home/rhys/ws_snow/install/urdf_tutorial' for CMake config files
[0.560s] Level 1:colcon.colcon_core.shell:create_environment_hook('urdf_tutorial', 'cmake_prefix_path')
[0.561s] INFO:colcon.colcon_core.shell:Creating environment hook '/home/rhys/ws_snow/install/urdf_tutorial/share/urdf_tutorial/hook/cmake_prefix_path.ps1'
[0.562s] INFO:colcon.colcon_core.shell:Creating environment descriptor '/home/rhys/ws_snow/install/urdf_tutorial/share/urdf_tutorial/hook/cmake_prefix_path.dsv'
[0.562s] INFO:colcon.colcon_core.shell:Creating environment hook '/home/rhys/ws_snow/install/urdf_tutorial/share/urdf_tutorial/hook/cmake_prefix_path.sh'
[0.563s] Level 1:colcon.colcon_core.environment:checking '/home/rhys/ws_snow/install/urdf_tutorial/bin'
[0.563s] Level 1:colcon.colcon_core.environment:checking '/home/rhys/ws_snow/install/urdf_tutorial/lib/pkgconfig/urdf_tutorial.pc'
[0.563s] Level 1:colcon.colcon_core.environment:checking '/home/rhys/ws_snow/install/urdf_tutorial/lib/python3.10/site-packages'
[0.563s] Level 1:colcon.colcon_core.environment:checking '/home/rhys/ws_snow/install/urdf_tutorial/bin'
[0.564s] INFO:colcon.colcon_core.shell:Creating package script '/home/rhys/ws_snow/install/urdf_tutorial/share/urdf_tutorial/package.ps1'
[0.564s] INFO:colcon.colcon_core.shell:Creating package descriptor '/home/rhys/ws_snow/install/urdf_tutorial/share/urdf_tutorial/package.dsv'
[0.565s] INFO:colcon.colcon_core.shell:Creating package script '/home/rhys/ws_snow/install/urdf_tutorial/share/urdf_tutorial/package.sh'
[0.565s] INFO:colcon.colcon_core.shell:Creating package script '/home/rhys/ws_snow/install/urdf_tutorial/share/urdf_tutorial/package.bash'
[0.565s] INFO:colcon.colcon_core.shell:Creating package script '/home/rhys/ws_snow/install/urdf_tutorial/share/urdf_tutorial/package.zsh'
[0.566s] Level 1:colcon.colcon_core.environment:create_file_with_runtime_dependencies(/home/rhys/ws_snow/install/urdf_tutorial/share/colcon-core/packages/urdf_tutorial)
[0.567s] Level 1:colcon.colcon_core.environment:create_environment_scripts_only(snow_con)
[0.569s] Level 1:colcon.colcon_core.environment:checking '/home/rhys/ws_snow/install/snow_con' for CMake module files
[0.569s] Level 1:colcon.colcon_core.environment:checking '/home/rhys/ws_snow/install/snow_con' for CMake config files
[0.570s] Level 1:colcon.colcon_core.shell:create_environment_hook('snow_con', 'cmake_prefix_path')
[0.571s] INFO:colcon.colcon_core.shell:Creating environment hook '/home/rhys/ws_snow/install/snow_con/share/snow_con/hook/cmake_prefix_path.ps1'
[0.572s] INFO:colcon.colcon_core.shell:Creating environment descriptor '/home/rhys/ws_snow/install/snow_con/share/snow_con/hook/cmake_prefix_path.dsv'
[0.572s] INFO:colcon.colcon_core.shell:Creating environment hook '/home/rhys/ws_snow/install/snow_con/share/snow_con/hook/cmake_prefix_path.sh'
[0.572s] Level 1:colcon.colcon_core.environment:checking '/home/rhys/ws_snow/install/snow_con/lib'
[0.572s] Level 1:colcon.colcon_core.environment:checking '/home/rhys/ws_snow/install/snow_con/bin'
[0.572s] Level 1:colcon.colcon_core.environment:checking '/home/rhys/ws_snow/install/snow_con/lib/pkgconfig/snow_con.pc'
[0.573s] Level 1:colcon.colcon_core.environment:checking '/home/rhys/ws_snow/install/snow_con/lib/python3.10/site-packages'
[0.573s] Level 1:colcon.colcon_core.environment:checking '/home/rhys/ws_snow/install/snow_con/bin'
[0.574s] INFO:colcon.colcon_core.shell:Creating package script '/home/rhys/ws_snow/install/snow_con/share/snow_con/package.ps1'
[0.574s] INFO:colcon.colcon_core.shell:Creating package descriptor '/home/rhys/ws_snow/install/snow_con/share/snow_con/package.dsv'
[0.574s] INFO:colcon.colcon_core.shell:Creating package script '/home/rhys/ws_snow/install/snow_con/share/snow_con/package.sh'
[0.575s] INFO:colcon.colcon_core.shell:Creating package script '/home/rhys/ws_snow/install/snow_con/share/snow_con/package.bash'
[0.575s] INFO:colcon.colcon_core.shell:Creating package script '/home/rhys/ws_snow/install/snow_con/share/snow_con/package.zsh'
[0.575s] Level 1:colcon.colcon_core.environment:create_file_with_runtime_dependencies(/home/rhys/ws_snow/install/snow_con/share/colcon-core/packages/snow_con)
[0.576s] Level 1:colcon.colcon_core.environment:create_environment_scripts_only(hard_con)
[0.578s] Level 1:colcon.colcon_core.environment:checking '/home/rhys/ws_snow/install/hard_con' for CMake module files
[0.578s] Level 1:colcon.colcon_core.environment:checking '/home/rhys/ws_snow/install/hard_con' for CMake config files
[0.579s] Level 1:colcon.colcon_core.shell:create_environment_hook('hard_con', 'cmake_prefix_path')
[0.580s] INFO:colcon.colcon_core.shell:Creating environment hook '/home/rhys/ws_snow/install/hard_con/share/hard_con/hook/cmake_prefix_path.ps1'
[0.580s] INFO:colcon.colcon_core.shell:Creating environment descriptor '/home/rhys/ws_snow/install/hard_con/share/hard_con/hook/cmake_prefix_path.dsv'
[0.580s] INFO:colcon.colcon_core.shell:Creating environment hook '/home/rhys/ws_snow/install/hard_con/share/hard_con/hook/cmake_prefix_path.sh'
[0.581s] Level 1:colcon.colcon_core.environment:checking '/home/rhys/ws_snow/install/hard_con/lib'
[0.581s] Level 1:colcon.colcon_core.environment:checking '/home/rhys/ws_snow/install/hard_con/bin'
[0.581s] Level 1:colcon.colcon_core.environment:checking '/home/rhys/ws_snow/install/hard_con/lib/pkgconfig/hard_con.pc'
[0.581s] Level 1:colcon.colcon_core.environment:checking '/home/rhys/ws_snow/install/hard_con/lib/python3.10/site-packages'
[0.581s] Level 1:colcon.colcon_core.environment:checking '/home/rhys/ws_snow/install/hard_con/bin'
[0.582s] INFO:colcon.colcon_core.shell:Creating package script '/home/rhys/ws_snow/install/hard_con/share/hard_con/package.ps1'
[0.583s] INFO:colcon.colcon_core.shell:Creating package descriptor '/home/rhys/ws_snow/install/hard_con/share/hard_con/package.dsv'
[0.583s] INFO:colcon.colcon_core.shell:Creating package script '/home/rhys/ws_snow/install/hard_con/share/hard_con/package.sh'
[0.584s] INFO:colcon.colcon_core.shell:Creating package script '/home/rhys/ws_snow/install/hard_con/share/hard_con/package.bash'
[0.584s] INFO:colcon.colcon_core.shell:Creating package script '/home/rhys/ws_snow/install/hard_con/share/hard_con/package.zsh'
[0.584s] Level 1:colcon.colcon_core.environment:create_file_with_runtime_dependencies(/home/rhys/ws_snow/install/hard_con/share/colcon-core/packages/hard_con)
[0.584s] Level 1:colcon.colcon_core.environment:create_environment_scripts_only(snow_sim)
[0.586s] Level 1:colcon.colcon_core.environment:checking '/home/rhys/ws_snow/install/snow_sim' for CMake module files
[0.587s] DEBUG:colcon.colcon_core.event_handler.log_command:Invoked command in '/home/rhys/ws_snow/build/snow_sim' returned '0': CMAKE_PREFIX_PATH=${CMAKE_PREFIX_PATH}:/opt/ros/humble /usr/bin/cmake --install /home/rhys/ws_snow/build/snow_sim
[0.587s] Level 1:colcon.colcon_core.environment:checking '/home/rhys/ws_snow/install/snow_sim' for CMake config files
[0.587s] Level 1:colcon.colcon_core.shell:create_environment_hook('snow_sim', 'cmake_prefix_path')
[0.589s] INFO:colcon.colcon_core.shell:Creating environment hook '/home/rhys/ws_snow/install/snow_sim/share/snow_sim/hook/cmake_prefix_path.ps1'
[0.589s] INFO:colcon.colcon_core.shell:Creating environment descriptor '/home/rhys/ws_snow/install/snow_sim/share/snow_sim/hook/cmake_prefix_path.dsv'
[0.589s] INFO:colcon.colcon_core.shell:Creating environment hook '/home/rhys/ws_snow/install/snow_sim/share/snow_sim/hook/cmake_prefix_path.sh'
[0.590s] Level 1:colcon.colcon_core.environment:checking '/home/rhys/ws_snow/install/snow_sim/lib'
[0.590s] Level 1:colcon.colcon_core.environment:checking '/home/rhys/ws_snow/install/snow_sim/bin'
[0.590s] Level 1:colcon.colcon_core.environment:checking '/home/rhys/ws_snow/install/snow_sim/lib/pkgconfig/snow_sim.pc'
[0.590s] Level 1:colcon.colcon_core.environment:checking '/home/rhys/ws_snow/install/snow_sim/lib/python3.10/site-packages'
[0.590s] Level 1:colcon.colcon_core.environment:checking '/home/rhys/ws_snow/install/snow_sim/bin'
[0.591s] INFO:colcon.colcon_core.shell:Creating package script '/home/rhys/ws_snow/install/snow_sim/share/snow_sim/package.ps1'
[0.592s] INFO:colcon.colcon_core.shell:Creating package descriptor '/home/rhys/ws_snow/install/snow_sim/share/snow_sim/package.dsv'
[0.592s] INFO:colcon.colcon_core.shell:Creating package script '/home/rhys/ws_snow/install/snow_sim/share/snow_sim/package.sh'
[0.592s] INFO:colcon.colcon_core.shell:Creating package script '/home/rhys/ws_snow/install/snow_sim/share/snow_sim/package.bash'
[0.592s] INFO:colcon.colcon_core.shell:Creating package script '/home/rhys/ws_snow/install/snow_sim/share/snow_sim/package.zsh'
[0.592s] Level 1:colcon.colcon_core.environment:create_file_with_runtime_dependencies(/home/rhys/ws_snow/install/snow_sim/share/colcon-core/packages/snow_sim)
[0.614s] Level 1:colcon.colcon_core.environment:create_environment_scripts_only(snow_sim)
[0.615s] Level 1:colcon.colcon_core.environment:checking '/home/rhys/ws_snow/install/snow_sim' for CMake module files
[0.615s] Level 1:colcon.colcon_core.environment:checking '/home/rhys/ws_snow/install/snow_sim' for CMake config files
[0.616s] Level 1:colcon.colcon_core.shell:create_environment_hook('snow_sim', 'cmake_prefix_path')
[0.616s] INFO:colcon.colcon_core.shell:Creating environment hook '/home/rhys/ws_snow/install/snow_sim/share/snow_sim/hook/cmake_prefix_path.ps1'
[0.617s] INFO:colcon.colcon_core.shell:Creating environment descriptor '/home/rhys/ws_snow/install/snow_sim/share/snow_sim/hook/cmake_prefix_path.dsv'
[0.617s] INFO:colcon.colcon_core.shell:Creating environment hook '/home/rhys/ws_snow/install/snow_sim/share/snow_sim/hook/cmake_prefix_path.sh'
[0.617s] Level 1:colcon.colcon_core.environment:checking '/home/rhys/ws_snow/install/snow_sim/lib'
[0.618s] Level 1:colcon.colcon_core.environment:checking '/home/rhys/ws_snow/install/snow_sim/bin'
[0.618s] Level 1:colcon.colcon_core.environment:checking '/home/rhys/ws_snow/install/snow_sim/lib/pkgconfig/snow_sim.pc'
[0.618s] Level 1:colcon.colcon_core.environment:checking '/home/rhys/ws_snow/install/snow_sim/lib/python3.10/site-packages'
[0.618s] Level 1:colcon.colcon_core.environment:checking '/home/rhys/ws_snow/install/snow_sim/bin'
[0.619s] INFO:colcon.colcon_core.shell:Creating package script '/home/rhys/ws_snow/install/snow_sim/share/snow_sim/package.ps1'
[0.619s] INFO:colcon.colcon_core.shell:Creating package descriptor '/home/rhys/ws_snow/install/snow_sim/share/snow_sim/package.dsv'
[0.620s] INFO:colcon.colcon_core.shell:Creating package script '/home/rhys/ws_snow/install/snow_sim/share/snow_sim/package.sh'
[0.620s] INFO:colcon.colcon_core.shell:Creating package script '/home/rhys/ws_snow/install/snow_sim/share/snow_sim/package.bash'
[0.620s] INFO:colcon.colcon_core.shell:Creating package script '/home/rhys/ws_snow/install/snow_sim/share/snow_sim/package.zsh'
[0.620s] Level 1:colcon.colcon_core.environment:create_file_with_runtime_dependencies(/home/rhys/ws_snow/install/snow_sim/share/colcon-core/packages/snow_sim)
[7.802s] DEBUG:colcon.colcon_core.event_handler.log_command:Invoked command in '/home/rhys/ws_snow/build/snow_con_rt' returned '0': CMAKE_PREFIX_PATH=${CMAKE_PREFIX_PATH}:/opt/ros/humble /usr/bin/cmake --build /home/rhys/ws_snow/build/snow_con_rt -- -j12 -l12
[7.848s] DEBUG:colcon.colcon_core.event_handler.log_command:Invoking command in '/home/rhys/ws_snow/build/snow_con_rt': CMAKE_PREFIX_PATH=${CMAKE_PREFIX_PATH}:/opt/ros/humble /usr/bin/cmake --install /home/rhys/ws_snow/build/snow_con_rt
[7.870s] Level 1:colcon.colcon_core.environment:create_environment_scripts_only(snow_con_rt)
[7.872s] Level 1:colcon.colcon_core.environment:checking '/home/rhys/ws_snow/install/snow_con_rt' for CMake module files
[7.873s] DEBUG:colcon.colcon_core.event_handler.log_command:Invoked command in '/home/rhys/ws_snow/build/snow_con_rt' returned '0': CMAKE_PREFIX_PATH=${CMAKE_PREFIX_PATH}:/opt/ros/humble /usr/bin/cmake --install /home/rhys/ws_snow/build/snow_con_rt
[7.873s] Level 1:colcon.colcon_core.environment:checking '/home/rhys/ws_snow/install/snow_con_rt' for CMake config files
[7.873s] Level 1:colcon.colcon_core.shell:create_environment_hook('snow_con_rt', 'cmake_prefix_path')
[7.874s] INFO:colcon.colcon_core.shell:Creating environment hook '/home/rhys/ws_snow/install/snow_con_rt/share/snow_con_rt/hook/cmake_prefix_path.ps1'
[7.874s] INFO:colcon.colcon_core.shell:Creating environment descriptor '/home/rhys/ws_snow/install/snow_con_rt/share/snow_con_rt/hook/cmake_prefix_path.dsv'
[7.875s] INFO:colcon.colcon_core.shell:Creating environment hook '/home/rhys/ws_snow/install/snow_con_rt/share/snow_con_rt/hook/cmake_prefix_path.sh'
[7.875s] Level 1:colcon.colcon_core.environment:checking '/home/rhys/ws_snow/install/snow_con_rt/lib'
[7.875s] Level 1:colcon.colcon_core.environment:checking '/home/rhys/ws_snow/install/snow_con_rt/bin'
[7.875s] Level 1:colcon.colcon_core.environment:checking '/home/rhys/ws_snow/install/snow_con_rt/lib/pkgconfig/snow_con_rt.pc'
[7.875s] Level 1:colcon.colcon_core.environment:checking '/home/rhys/ws_snow/install/snow_con_rt/lib/python3.10/site-packages'
[7.875s] Level 1:colcon.colcon_core.environment:checking '/home/rhys/ws_snow/install/snow_con_rt/bin'
[7.877s] INFO:colcon.colcon_core.shell:Creating package script '/home/rhys/ws_snow/install/snow_con_rt/share/snow_con_rt/package.ps1'
[7.877s] INFO:colcon.colcon_core.shell:Creating package descriptor '/home/rhys/ws_snow/install/snow_con_rt/share/snow_con_rt/package.dsv'
[7.877s] INFO:colcon.colcon_core.shell:Creating package script '/home/rhys/ws_snow/install/snow_con_rt/share/snow_con_rt/package.sh'
[7.877s] INFO:colcon.colcon_core.shell:Creating package script '/home/rhys/ws_snow/install/snow_con_rt/share/snow_con_rt/package.bash'
[7.878s] INFO:colcon.colcon_core.shell:Creating package script '/home/rhys/ws_snow/install/snow_con_rt/share/snow_con_rt/package.zsh'
[7.878s] Level 1:colcon.colcon_core.environment:create_file_with_runtime_dependencies(/home/rhys/ws_snow/install/snow_con_rt/share/colcon-core/packages/snow_con_rt)
[7.903s] Level 1:colcon.colcon_core.environment:create_environment_scripts_only(snow_con_rt)
[7.904s] Level 1:colcon.colcon_core.environment:checking '/home/rhys/ws_snow/install/snow_con_rt' for CMake module files
[7.905s] Level 1:colcon.colcon_core.environment:checking '/home/rhys/ws_snow/install/snow_con_rt' for CMake config files
[7.905s] Level 1:colcon.colcon_core.shell:create_environment_hook('snow_con_rt', 'cmake_prefix_path')
[7.906s] INFO:colcon.colcon_core.shell:Creating environment hook '/home/rhys/ws_snow/install/snow_con_rt/share/snow_con_rt/hook/cmake_prefix_path.ps1'
[7.906s] INFO:colcon.colcon_core.shell:Creating environment descriptor '/home/rhys/ws_snow/install/snow_con_rt/share/snow_con_rt/hook/cmake_prefix_path.dsv'
[7.906s] INFO:colcon.colcon_core.shell:Creating environment hook '/home/rhys/ws_snow/install/snow_con_rt/share/snow_con_rt/hook/cmake_prefix_path.sh'
[7.907s] Level 1:colcon.colcon_core.environment:checking '/home/rhys/ws_snow/install/snow_con_rt/lib'
[7.907s] Level 1:colcon.colcon_core.environment:checking '/home/rhys/ws_snow/install/snow_con_rt/bin'
[7.907s] Level 1:colcon.colcon_core.environment:checking '/home/rhys/ws_snow/install/snow_con_rt/lib/pkgconfig/snow_con_rt.pc'
[7.907s] Level 1:colcon.colcon_core.environment:checking '/home/rhys/ws_snow/install/snow_con_rt/lib/python3.10/site-packages'
[7.907s] Level 1:colcon.colcon_core.environment:checking '/home/rhys/ws_snow/install/snow_con_rt/bin'
[7.908s] INFO:colcon.colcon_core.shell:Creating package script '/home/rhys/ws_snow/install/snow_con_rt/share/snow_con_rt/package.ps1'
[7.908s] INFO:colcon.colcon_core.shell:Creating package descriptor '/home/rhys/ws_snow/install/snow_con_rt/share/snow_con_rt/package.dsv'
[7.909s] INFO:colcon.colcon_core.shell:Creating package script '/home/rhys/ws_snow/install/snow_con_rt/share/snow_con_rt/package.sh'
[7.909s] INFO:colcon.colcon_core.shell:Creating package script '/home/rhys/ws_snow/install/snow_con_rt/share/snow_con_rt/package.bash'
[7.909s] INFO:colcon.colcon_core.shell:Creating package script '/home/rhys/ws_snow/install/snow_con_rt/share/snow_con_rt/package.zsh'
[7.909s] Level 1:colcon.colcon_core.environment:create_file_with_runtime_dependencies(/home/rhys/ws_snow/install/snow_con_rt/share/colcon-core/packages/snow_con_rt)
[7.910s] DEBUG:colcon.colcon_parallel_executor.executor.parallel:closing loop
[7.910s] DEBUG:colcon.colcon_parallel_executor.executor.parallel:loop closed
[7.910s] DEBUG:colcon.colcon_parallel_executor.executor.parallel:run_until_complete finished with '0'
[7.910s] DEBUG:colcon.colcon_core.event_reactor:joining thread
[7.921s] INFO:colcon.colcon_core.plugin_system:Skipping extension 'colcon_notification.desktop_notification.terminal_notifier': Not used on non-Darwin systems
[7.921s] INFO:colcon.colcon_core.plugin_system:Skipping extension 'colcon_notification.desktop_notification.win32': Not used on non-Windows systems
[7.921s] INFO:colcon.colcon_notification.desktop_notification:Sending desktop notification using 'notify2'
[7.933s] DEBUG:colcon.colcon_core.event_reactor:joined thread
[7.934s] INFO:colcon.colcon_core.shell:Creating prefix script '/home/rhys/ws_snow/install/local_setup.ps1'
[7.935s] INFO:colcon.colcon_core.shell:Creating prefix util module '/home/rhys/ws_snow/install/_local_setup_util_ps1.py'
[7.936s] INFO:colcon.colcon_core.shell:Creating prefix chain script '/home/rhys/ws_snow/install/setup.ps1'
[7.938s] INFO:colcon.colcon_core.shell:Creating prefix script '/home/rhys/ws_snow/install/local_setup.sh'
[7.938s] INFO:colcon.colcon_core.shell:Creating prefix util module '/home/rhys/ws_snow/install/_local_setup_util_sh.py'
[7.939s] INFO:colcon.colcon_core.shell:Creating prefix chain script '/home/rhys/ws_snow/install/setup.sh'
[7.940s] INFO:colcon.colcon_core.shell:Creating prefix script '/home/rhys/ws_snow/install/local_setup.bash'
[7.940s] INFO:colcon.colcon_core.shell:Creating prefix chain script '/home/rhys/ws_snow/install/setup.bash'
[7.942s] INFO:colcon.colcon_core.shell:Creating prefix script '/home/rhys/ws_snow/install/local_setup.zsh'
[7.942s] INFO:colcon.colcon_core.shell:Creating prefix chain script '/home/rhys/ws_snow/install/setup.zsh'
