[0.037s] Invoking command in '/home/rhys/ws_snow/build/snow_con_rt': CMAKE_PREFIX_PATH=${CMAKE_PREFIX_PATH}:/opt/ros/humble /usr/bin/cmake --build /home/rhys/ws_snow/build/snow_con_rt -- -j12 -l12
[0.087s] [35m[1mConsolidate compiler generated dependencies of target listener[0m
[0.114s] [ 20%] [32mBuilding CXX object CMakeFiles/listener.dir/src/main.cpp.o[0m
[2.934s] [01m[K/home/rhys/ws_snow/src/snow_con_rt/src/main.cpp:[m[K In member function ‘[01m[Kbool MinimalSubscriber::moveToAPoint(double, double, double, double, double, double*, double*, double*, double*, double, bool, double*, double*, double*, double*, double*)[m[K’:
[2.934s] [01m[K/home/rhys/ws_snow/src/snow_con_rt/src/main.cpp:737:17:[m[K [01;35m[Kwarning: [m[Kvariable ‘[01m[KisComplete[m[K’ set but not used [[01;35m[K]8;;https://gcc.gnu.org/onlinedocs/gcc/Warning-Options.html#index-Wunused-but-set-variable-Wunused-but-set-variable]8;;[m[K]
[2.934s]   737 |     static bool [01;35m[KisComplete[m[K;
[2.934s]       |                 [01;35m[K^~~~~~~~~~[m[K
[9.693s] [ 40%] [32m[1mLinking CXX executable listener[0m
[10.126s] [100%] Built target listener
[10.146s] Invoked command in '/home/rhys/ws_snow/build/snow_con_rt' returned '0': CMAKE_PREFIX_PATH=${CMAKE_PREFIX_PATH}:/opt/ros/humble /usr/bin/cmake --build /home/rhys/ws_snow/build/snow_con_rt -- -j12 -l12
[10.175s] Invoking command in '/home/rhys/ws_snow/build/snow_con_rt': CMAKE_PREFIX_PATH=${CMAKE_PREFIX_PATH}:/opt/ros/humble /usr/bin/cmake --install /home/rhys/ws_snow/build/snow_con_rt
[10.181s] -- Install configuration: ""
[10.181s] -- Installing: /home/rhys/ws_snow/install/snow_con_rt/lib/snow_con_rt/listener
[10.184s] -- Set runtime path of "/home/rhys/ws_snow/install/snow_con_rt/lib/snow_con_rt/listener" to ""
[10.184s] -- Up-to-date: /home/rhys/ws_snow/install/snow_con_rt/share/ament_index/resource_index/package_run_dependencies/snow_con_rt
[10.184s] -- Up-to-date: /home/rhys/ws_snow/install/snow_con_rt/share/ament_index/resource_index/parent_prefix_path/snow_con_rt
[10.185s] -- Up-to-date: /home/rhys/ws_snow/install/snow_con_rt/share/snow_con_rt/environment/ament_prefix_path.sh
[10.185s] -- Up-to-date: /home/rhys/ws_snow/install/snow_con_rt/share/snow_con_rt/environment/ament_prefix_path.dsv
[10.185s] -- Up-to-date: /home/rhys/ws_snow/install/snow_con_rt/share/snow_con_rt/environment/path.sh
[10.185s] -- Up-to-date: /home/rhys/ws_snow/install/snow_con_rt/share/snow_con_rt/environment/path.dsv
[10.185s] -- Up-to-date: /home/rhys/ws_snow/install/snow_con_rt/share/snow_con_rt/local_setup.bash
[10.185s] -- Up-to-date: /home/rhys/ws_snow/install/snow_con_rt/share/snow_con_rt/local_setup.sh
[10.185s] -- Up-to-date: /home/rhys/ws_snow/install/snow_con_rt/share/snow_con_rt/local_setup.zsh
[10.186s] -- Up-to-date: /home/rhys/ws_snow/install/snow_con_rt/share/snow_con_rt/local_setup.dsv
[10.186s] -- Installing: /home/rhys/ws_snow/install/snow_con_rt/share/snow_con_rt/package.dsv
[10.186s] -- Up-to-date: /home/rhys/ws_snow/install/snow_con_rt/share/ament_index/resource_index/packages/snow_con_rt
[10.186s] -- Up-to-date: /home/rhys/ws_snow/install/snow_con_rt/share/snow_con_rt/cmake/snow_con_rtConfig.cmake
[10.186s] -- Up-to-date: /home/rhys/ws_snow/install/snow_con_rt/share/snow_con_rt/cmake/snow_con_rtConfig-version.cmake
[10.186s] -- Up-to-date: /home/rhys/ws_snow/install/snow_con_rt/share/snow_con_rt/package.xml
[10.189s] Invoked command in '/home/rhys/ws_snow/build/snow_con_rt' returned '0': CMAKE_PREFIX_PATH=${CMAKE_PREFIX_PATH}:/opt/ros/humble /usr/bin/cmake --install /home/rhys/ws_snow/build/snow_con_rt
