[35m[1mConsolidate compiler generated dependencies of target listener[0m
[ 20%] [32mBuilding CXX object CMakeFiles/listener.dir/src/main.cpp.o[0m
[01m[K/home/rhys/ws_snow/src/snow_con_rt/src/main.cpp:[m[K In member function ‘[01m[Kbool MinimalSubscriber::swivelEach(double*, double*, double*, double, double&, double&, double&, double, double*, bool, double*)[m[K’:
[01m[K/home/rhys/ws_snow/src/snow_con_rt/src/main.cpp:317:10:[m[K [01;31m[Kerror: [m[Kinvalid types ‘[01m[Kdouble[int][m[K’ for array subscript
  317 |         d[01;31m[K[[m[Ki] = pArm[i];
      |          [01;31m[K^[m[K
[01m[K/home/rhys/ws_snow/src/snow_con_rt/src/main.cpp:318:55:[m[K [01;31m[Kerror: [m[Kinvalid types ‘[01m[Kdouble[int][m[K’ for array subscript
  318 |         vCoast[i] = (4.0 * (adjustedTargetAngle[i] - d[01;31m[K[[m[Ki])) / (3.0 * targetTime); // based on area of trapezoid
      |                                                       [01;31m[K^[m[K
[01m[K/home/rhys/ws_snow/src/snow_con_rt/src/main.cpp:319:10:[m[K [01;31m[Kerror: [m[Kinvalid types ‘[01m[Kdouble[int][m[K’ for array subscript
  319 |         v[01;31m[K[[m[Ki] = 0;                                                                 // init to no speed;
      |          [01;31m[K^[m[K
[01m[K/home/rhys/ws_snow/src/snow_con_rt/src/main.cpp:360:8:[m[K [01;31m[Kerror: [m[Kinvalid types ‘[01m[Kdouble[int][m[K’ for array subscript
  360 |       a[01;31m[K[[m[Ki] = vCoast[i] / (targetTime / 4.0);
      |        [01;31m[K^[m[K
[01m[K/home/rhys/ws_snow/src/snow_con_rt/src/main.cpp:366:21:[m[K [01;31m[Kerror: [m[Kinvalid types ‘[01m[Kdouble[int][m[K’ for array subscript
  366 |         vSub[i] += a[01;31m[K[[m[Ki] * dt; // acceleration 25% of time
      |                     [01;31m[K^[m[K
[01m[K/home/rhys/ws_snow/src/snow_con_rt/src/main.cpp:367:10:[m[K [01;31m[Kerror: [m[Kinvalid types ‘[01m[Kdouble[int][m[K’ for array subscript
  367 |         v[01;31m[K[[m[Ki] += a[i] * dt; // acceleration 25% of time
      |          [01;31m[K^[m[K
[01m[K/home/rhys/ws_snow/src/snow_con_rt/src/main.cpp:367:18:[m[K [01;31m[Kerror: [m[Kinvalid types ‘[01m[Kdouble[int][m[K’ for array subscript
  367 |         v[i] += a[01;31m[K[[m[Ki] * dt; // acceleration 25% of time
      |                  [01;31m[K^[m[K
[01m[K/home/rhys/ws_snow/src/snow_con_rt/src/main.cpp:369:10:[m[K [01;31m[Kerror: [m[Kinvalid types ‘[01m[Kdouble[int][m[K’ for array subscript
  369 |         v[01;31m[K[[m[Ki] = vSub[i];
      |          [01;31m[K^[m[K
[01m[K/home/rhys/ws_snow/src/snow_con_rt/src/main.cpp:375:10:[m[K [01;31m[Kerror: [m[Kinvalid types ‘[01m[Kdouble[int][m[K’ for array subscript
  375 |         v[01;31m[K[[m[Ki] = vCoast[i]; // coast velocity 50% of time
      |          [01;31m[K^[m[K
[01m[K/home/rhys/ws_snow/src/snow_con_rt/src/main.cpp:376:10:[m[K [01;31m[Kerror: [m[Kinvalid types ‘[01m[Kdouble[int][m[K’ for array subscript
  376 |         a[01;31m[K[[m[Ki] = 0;
      |          [01;31m[K^[m[K
[01m[K/home/rhys/ws_snow/src/snow_con_rt/src/main.cpp:381:10:[m[K [01;31m[Kerror: [m[Kinvalid types ‘[01m[Kdouble[int][m[K’ for array subscript
  381 |         a[01;31m[K[[m[Ki] = -1 * a[i];
      |          [01;31m[K^[m[K
[01m[K/home/rhys/ws_snow/src/snow_con_rt/src/main.cpp:381:22:[m[K [01;31m[Kerror: [m[Kinvalid types ‘[01m[Kdouble[int][m[K’ for array subscript
  381 |         a[i] = -1 * a[01;31m[K[[m[Ki];
      |                      [01;31m[K^[m[K
[01m[K/home/rhys/ws_snow/src/snow_con_rt/src/main.cpp:382:21:[m[K [01;31m[Kerror: [m[Kinvalid types ‘[01m[Kdouble[int][m[K’ for array subscript
  382 |         vSub[i] += a[01;31m[K[[m[Ki] * dt; // acceleration 25% of time
      |                     [01;31m[K^[m[K
[01m[K/home/rhys/ws_snow/src/snow_con_rt/src/main.cpp:383:10:[m[K [01;31m[Kerror: [m[Kinvalid types ‘[01m[Kdouble[int][m[K’ for array subscript
  383 |         v[01;31m[K[[m[Ki] = vSub[i];
      |          [01;31m[K^[m[K
[01m[K/home/rhys/ws_snow/src/snow_con_rt/src/main.cpp:389:10:[m[K [01;31m[Kerror: [m[Kinvalid types ‘[01m[Kdouble[int][m[K’ for array subscript
  389 |         a[01;31m[K[[m[Ki] = 0;
      |          [01;31m[K^[m[K
[01m[K/home/rhys/ws_snow/src/snow_con_rt/src/main.cpp:394:42:[m[K [01;31m[Kerror: [m[Kinvalid types ‘[01m[Kdouble[int][m[K’ for array subscript
  394 |       if (fabs(adjustedTargetAngle[i] - d[01;31m[K[[m[Ki]) < 0.003)
      |                                          [01;31m[K^[m[K
[01m[K/home/rhys/ws_snow/src/snow_con_rt/src/main.cpp:395:10:[m[K [01;31m[Kerror: [m[Kinvalid types ‘[01m[Kdouble[int][m[K’ for array subscript
  395 |         d[01;31m[K[[m[Ki] = adjustedTargetAngle[i];
      |          [01;31m[K^[m[K
[01m[K/home/rhys/ws_snow/src/snow_con_rt/src/main.cpp:397:10:[m[K [01;31m[Kerror: [m[Kinvalid types ‘[01m[Kdouble[int][m[K’ for array subscript
  397 |         d[01;31m[K[[m[Ki] += v[i] * dt;
      |          [01;31m[K^[m[K
[01m[K/home/rhys/ws_snow/src/snow_con_rt/src/main.cpp:397:18:[m[K [01;31m[Kerror: [m[Kinvalid types ‘[01m[Kdouble[int][m[K’ for array subscript
  397 |         d[i] += v[01;31m[K[[m[Ki] * dt;
      |                  [01;31m[K^[m[K
[01m[K/home/rhys/ws_snow/src/snow_con_rt/src/main.cpp:399:92:[m[K [01;31m[Kerror: [m[Kinvalid types ‘[01m[Kdouble[int][m[K’ for array subscript
  399 |       printf("ta[%d]=%.3f,d[%d]=%.3f,v[%d]=%.2f,a[%d]=%.2f  ",i,adjustedTargetAngle[i],i, d[01;31m[K[[m[Ki], i, v[i], i, a[i]);
      |                                                                                            [01;31m[K^[m[K
[01m[K/home/rhys/ws_snow/src/snow_con_rt/src/main.cpp:399:101:[m[K [01;31m[Kerror: [m[Kinvalid types ‘[01m[Kdouble[int][m[K’ for array subscript
  399 |       printf("ta[%d]=%.3f,d[%d]=%.3f,v[%d]=%.2f,a[%d]=%.2f  ",i,adjustedTargetAngle[i],i, d[i], i, v[01;31m[K[[m[Ki], i, a[i]);
      |                                                                                                     [01;31m[K^[m[K
[01m[K/home/rhys/ws_snow/src/snow_con_rt/src/main.cpp:399:110:[m[K [01;31m[Kerror: [m[Kinvalid types ‘[01m[Kdouble[int][m[K’ for array subscript
  399 |       printf("ta[%d]=%.3f,d[%d]=%.3f,v[%d]=%.2f,a[%d]=%.2f  ",i,adjustedTargetAngle[i],i, d[i], i, v[i], i, a[01;31m[K[[m[Ki]);
      |                                                                                                              [01;31m[K^[m[K
[01m[K/home/rhys/ws_snow/src/snow_con_rt/src/main.cpp:440:10:[m[K [01;31m[Kerror: [m[Kinvalid types ‘[01m[Kdouble[int][m[K’ for array subscript
  440 |         a[01;31m[K[[m[Ki] = 0;
      |          [01;31m[K^[m[K
[01m[K/home/rhys/ws_snow/src/snow_con_rt/src/main.cpp:[m[K In member function ‘[01m[Kvoid MinimalSubscriber::topic_callback(sensor_msgs::msg::JointState_<std::allocator<void> >::SharedPtr)[m[K’:
[01m[K/home/rhys/ws_snow/src/snow_con_rt/src/main.cpp:1447:43:[m[K [01;31m[Kerror: [m[Kcannot convert ‘[01m[Kdouble [4][m[K’ to ‘[01m[Kdouble&[m[K’
 1447 |       if (swivelEach(pArm, uArm, vArm, t, [01;31m[Kd[m[K, v, a, targetTime, targetAngles, isHardcon, s))
      |                                           [01;31m[K^[m[K
      |                                           [01;31m[K|[m[K
      |                                           [01;31m[Kdouble [4][m[K
[01m[K/home/rhys/ws_snow/src/snow_con_rt/src/main.cpp:255:25:[m[K [01;36m[Knote: [m[K  initializing argument 5 of ‘[01m[Kbool MinimalSubscriber::swivelEach(double*, double*, double*, double, double&, double&, double&, double, double*, bool, double*)[m[K’
  255 |       double t, [01;36m[Kdouble &d[m[K, double &v, double &a,
      |                 [01;36m[K~~~~~~~~^[m[K
gmake[2]: *** [CMakeFiles/listener.dir/build.make:76: CMakeFiles/listener.dir/src/main.cpp.o] Error 1
gmake[1]: *** [CMakeFiles/Makefile2:137: CMakeFiles/listener.dir/all] Error 2
gmake: *** [Makefile:134: all] Error 2
