[0.050s] Invoking command in '/home/rhys/ws_snow/build/snow_con_rt': CMAKE_PREFIX_PATH=${CMAKE_PREFIX_PATH}:/opt/ros/humble /usr/bin/cmake --build /home/rhys/ws_snow/build/snow_con_rt -- -j12 -l12
[0.118s] [35m[1mConsolidate compiler generated dependencies of target listener[0m
[0.140s] [ 20%] [32mBuilding CXX object CMakeFiles/listener.dir/src/main.cpp.o[0m
[2.921s] [01m[K/home/rhys/ws_snow/src/snow_con_rt/src/main.cpp:[m[K In member function ‘[01m[Kbool MinimalSubscriber::swivelEach(double*, double*, double*, double, double&, double&, double&, double, double*, bool, double*)[m[K’:
[2.921s] [01m[K/home/rhys/ws_snow/src/snow_con_rt/src/main.cpp:317:10:[m[K [01;31m[Kerror: [m[Kinvalid types ‘[01m[Kdouble[int][m[K’ for array subscript
[2.921s]   317 |         d[01;31m[K[[m[Ki] = pArm[i];
[2.921s]       |          [01;31m[K^[m[K
[2.921s] [01m[K/home/rhys/ws_snow/src/snow_con_rt/src/main.cpp:318:55:[m[K [01;31m[Kerror: [m[Kinvalid types ‘[01m[Kdouble[int][m[K’ for array subscript
[2.922s]   318 |         vCoast[i] = (4.0 * (adjustedTargetAngle[i] - d[01;31m[K[[m[Ki])) / (3.0 * targetTime); // based on area of trapezoid
[2.922s]       |                                                       [01;31m[K^[m[K
[2.922s] [01m[K/home/rhys/ws_snow/src/snow_con_rt/src/main.cpp:319:10:[m[K [01;31m[Kerror: [m[Kinvalid types ‘[01m[Kdouble[int][m[K’ for array subscript
[2.922s]   319 |         v[01;31m[K[[m[Ki] = 0;                                                                 // init to no speed;
[2.922s]       |          [01;31m[K^[m[K
[2.922s] [01m[K/home/rhys/ws_snow/src/snow_con_rt/src/main.cpp:360:8:[m[K [01;31m[Kerror: [m[Kinvalid types ‘[01m[Kdouble[int][m[K’ for array subscript
[2.922s]   360 |       a[01;31m[K[[m[Ki] = vCoast[i] / (targetTime / 4.0);
[2.923s]       |        [01;31m[K^[m[K
[2.923s] [01m[K/home/rhys/ws_snow/src/snow_con_rt/src/main.cpp:366:21:[m[K [01;31m[Kerror: [m[Kinvalid types ‘[01m[Kdouble[int][m[K’ for array subscript
[2.923s]   366 |         vSub[i] += a[01;31m[K[[m[Ki] * dt; // acceleration 25% of time
[2.923s]       |                     [01;31m[K^[m[K
[2.923s] [01m[K/home/rhys/ws_snow/src/snow_con_rt/src/main.cpp:367:10:[m[K [01;31m[Kerror: [m[Kinvalid types ‘[01m[Kdouble[int][m[K’ for array subscript
[2.923s]   367 |         v[01;31m[K[[m[Ki] += a[i] * dt; // acceleration 25% of time
[2.924s]       |          [01;31m[K^[m[K
[2.924s] [01m[K/home/rhys/ws_snow/src/snow_con_rt/src/main.cpp:367:18:[m[K [01;31m[Kerror: [m[Kinvalid types ‘[01m[Kdouble[int][m[K’ for array subscript
[2.924s]   367 |         v[i] += a[01;31m[K[[m[Ki] * dt; // acceleration 25% of time
[2.924s]       |                  [01;31m[K^[m[K
[2.924s] [01m[K/home/rhys/ws_snow/src/snow_con_rt/src/main.cpp:369:10:[m[K [01;31m[Kerror: [m[Kinvalid types ‘[01m[Kdouble[int][m[K’ for array subscript
[2.925s]   369 |         v[01;31m[K[[m[Ki] = vSub[i];
[2.925s]       |          [01;31m[K^[m[K
[2.925s] [01m[K/home/rhys/ws_snow/src/snow_con_rt/src/main.cpp:375:10:[m[K [01;31m[Kerror: [m[Kinvalid types ‘[01m[Kdouble[int][m[K’ for array subscript
[2.925s]   375 |         v[01;31m[K[[m[Ki] = vCoast[i]; // coast velocity 50% of time
[2.925s]       |          [01;31m[K^[m[K
[2.925s] [01m[K/home/rhys/ws_snow/src/snow_con_rt/src/main.cpp:376:10:[m[K [01;31m[Kerror: [m[Kinvalid types ‘[01m[Kdouble[int][m[K’ for array subscript
[2.925s]   376 |         a[01;31m[K[[m[Ki] = 0;
[2.925s]       |          [01;31m[K^[m[K
[2.926s] [01m[K/home/rhys/ws_snow/src/snow_con_rt/src/main.cpp:381:10:[m[K [01;31m[Kerror: [m[Kinvalid types ‘[01m[Kdouble[int][m[K’ for array subscript
[2.926s]   381 |         a[01;31m[K[[m[Ki] = -1 * a[i];
[2.926s]       |          [01;31m[K^[m[K
[2.926s] [01m[K/home/rhys/ws_snow/src/snow_con_rt/src/main.cpp:381:22:[m[K [01;31m[Kerror: [m[Kinvalid types ‘[01m[Kdouble[int][m[K’ for array subscript
[2.926s]   381 |         a[i] = -1 * a[01;31m[K[[m[Ki];
[2.926s]       |                      [01;31m[K^[m[K
[2.926s] [01m[K/home/rhys/ws_snow/src/snow_con_rt/src/main.cpp:382:21:[m[K [01;31m[Kerror: [m[Kinvalid types ‘[01m[Kdouble[int][m[K’ for array subscript
[2.927s]   382 |         vSub[i] += a[01;31m[K[[m[Ki] * dt; // acceleration 25% of time
[2.927s]       |                     [01;31m[K^[m[K
[2.927s] [01m[K/home/rhys/ws_snow/src/snow_con_rt/src/main.cpp:383:10:[m[K [01;31m[Kerror: [m[Kinvalid types ‘[01m[Kdouble[int][m[K’ for array subscript
[2.927s]   383 |         v[01;31m[K[[m[Ki] = vSub[i];
[2.927s]       |          [01;31m[K^[m[K
[2.927s] [01m[K/home/rhys/ws_snow/src/snow_con_rt/src/main.cpp:389:10:[m[K [01;31m[Kerror: [m[Kinvalid types ‘[01m[Kdouble[int][m[K’ for array subscript
[2.927s]   389 |         a[01;31m[K[[m[Ki] = 0;
[2.927s]       |          [01;31m[K^[m[K
[2.928s] [01m[K/home/rhys/ws_snow/src/snow_con_rt/src/main.cpp:394:42:[m[K [01;31m[Kerror: [m[Kinvalid types ‘[01m[Kdouble[int][m[K’ for array subscript
[2.928s]   394 |       if (fabs(adjustedTargetAngle[i] - d[01;31m[K[[m[Ki]) < 0.003)
[2.928s]       |                                          [01;31m[K^[m[K
[2.928s] [01m[K/home/rhys/ws_snow/src/snow_con_rt/src/main.cpp:395:10:[m[K [01;31m[Kerror: [m[Kinvalid types ‘[01m[Kdouble[int][m[K’ for array subscript
[2.928s]   395 |         d[01;31m[K[[m[Ki] = adjustedTargetAngle[i];
[2.928s]       |          [01;31m[K^[m[K
[2.928s] [01m[K/home/rhys/ws_snow/src/snow_con_rt/src/main.cpp:397:10:[m[K [01;31m[Kerror: [m[Kinvalid types ‘[01m[Kdouble[int][m[K’ for array subscript
[2.928s]   397 |         d[01;31m[K[[m[Ki] += v[i] * dt;
[2.929s]       |          [01;31m[K^[m[K
[2.929s] [01m[K/home/rhys/ws_snow/src/snow_con_rt/src/main.cpp:397:18:[m[K [01;31m[Kerror: [m[Kinvalid types ‘[01m[Kdouble[int][m[K’ for array subscript
[2.929s]   397 |         d[i] += v[01;31m[K[[m[Ki] * dt;
[2.929s]       |                  [01;31m[K^[m[K
[2.929s] [01m[K/home/rhys/ws_snow/src/snow_con_rt/src/main.cpp:399:92:[m[K [01;31m[Kerror: [m[Kinvalid types ‘[01m[Kdouble[int][m[K’ for array subscript
[2.929s]   399 |       printf("ta[%d]=%.3f,d[%d]=%.3f,v[%d]=%.2f,a[%d]=%.2f  ",i,adjustedTargetAngle[i],i, d[01;31m[K[[m[Ki], i, v[i], i, a[i]);
[2.929s]       |                                                                                            [01;31m[K^[m[K
[2.929s] [01m[K/home/rhys/ws_snow/src/snow_con_rt/src/main.cpp:399:101:[m[K [01;31m[Kerror: [m[Kinvalid types ‘[01m[Kdouble[int][m[K’ for array subscript
[2.930s]   399 |       printf("ta[%d]=%.3f,d[%d]=%.3f,v[%d]=%.2f,a[%d]=%.2f  ",i,adjustedTargetAngle[i],i, d[i], i, v[01;31m[K[[m[Ki], i, a[i]);
[2.930s]       |                                                                                                     [01;31m[K^[m[K
[2.930s] [01m[K/home/rhys/ws_snow/src/snow_con_rt/src/main.cpp:399:110:[m[K [01;31m[Kerror: [m[Kinvalid types ‘[01m[Kdouble[int][m[K’ for array subscript
[2.930s]   399 |       printf("ta[%d]=%.3f,d[%d]=%.3f,v[%d]=%.2f,a[%d]=%.2f  ",i,adjustedTargetAngle[i],i, d[i], i, v[i], i, a[01;31m[K[[m[Ki]);
[2.930s]       |                                                                                                              [01;31m[K^[m[K
[2.930s] [01m[K/home/rhys/ws_snow/src/snow_con_rt/src/main.cpp:440:10:[m[K [01;31m[Kerror: [m[Kinvalid types ‘[01m[Kdouble[int][m[K’ for array subscript
[2.930s]   440 |         a[01;31m[K[[m[Ki] = 0;
[2.931s]       |          [01;31m[K^[m[K
[2.931s] [01m[K/home/rhys/ws_snow/src/snow_con_rt/src/main.cpp:[m[K In member function ‘[01m[Kvoid MinimalSubscriber::topic_callback(sensor_msgs::msg::JointState_<std::allocator<void> >::SharedPtr)[m[K’:
[2.931s] [01m[K/home/rhys/ws_snow/src/snow_con_rt/src/main.cpp:1447:43:[m[K [01;31m[Kerror: [m[Kcannot convert ‘[01m[Kdouble [4][m[K’ to ‘[01m[Kdouble&[m[K’
[2.931s]  1447 |       if (swivelEach(pArm, uArm, vArm, t, [01;31m[Kd[m[K, v, a, targetTime, targetAngles, isHardcon, s))
[2.931s]       |                                           [01;31m[K^[m[K
[2.931s]       |                                           [01;31m[K|[m[K
[2.931s]       |                                           [01;31m[Kdouble [4][m[K
[2.932s] [01m[K/home/rhys/ws_snow/src/snow_con_rt/src/main.cpp:255:25:[m[K [01;36m[Knote: [m[K  initializing argument 5 of ‘[01m[Kbool MinimalSubscriber::swivelEach(double*, double*, double*, double, double&, double&, double&, double, double*, bool, double*)[m[K’
[2.932s]   255 |       double t, [01;36m[Kdouble &d[m[K, double &v, double &a,
[2.932s]       |                 [01;36m[K~~~~~~~~^[m[K
[5.929s] gmake[2]: *** [CMakeFiles/listener.dir/build.make:76: CMakeFiles/listener.dir/src/main.cpp.o] Error 1
[5.929s] gmake[1]: *** [CMakeFiles/Makefile2:137: CMakeFiles/listener.dir/all] Error 2
[5.930s] gmake: *** [Makefile:134: all] Error 2
[5.933s] Invoked command in '/home/rhys/ws_snow/build/snow_con_rt' returned '2': CMAKE_PREFIX_PATH=${CMAKE_PREFIX_PATH}:/opt/ros/humble /usr/bin/cmake --build /home/rhys/ws_snow/build/snow_con_rt -- -j12 -l12
