[0.024s] Invoking command in '/home/rhys/ws_snow/build/snow_con_rt': CMAKE_PREFIX_PATH=${CMAKE_PREFIX_PATH}:/opt/ros/humble /usr/bin/cmake --build /home/rhys/ws_snow/build/snow_con_rt -- -j12 -l12
[0.061s] [35m[1mConsolidate compiler generated dependencies of target listener[0m
[0.076s] [ 20%] [32mBuilding CXX object CMakeFiles/listener.dir/src/main.cpp.o[0m
[1.881s] [01m[K/home/rhys/ws_snow/src/snow_con_rt/src/main.cpp:187:36:[m[K [01;31m[Kerror: [m[Kexpected identifier before ‘[01m[K)[m[K’ token
[1.881s]   187 |       bool isHardcon, double *inte,[01;31m[K)[m[K
[1.881s]       |                                    [01;31m[K^[m[K
[1.929s] [01m[K/home/rhys/ws_snow/src/snow_con_rt/src/main.cpp:[m[K In member function ‘[01m[Kvoid MinimalSubscriber::topic_callback(sensor_msgs::msg::JointState_<std::allocator<void> >::SharedPtr)[m[K’:
[1.929s] [01m[K/home/rhys/ws_snow/src/snow_con_rt/src/main.cpp:537:17:[m[K [01;31m[Kerror: [m[Kno matching function for call to ‘[01m[KMinimalSubscriber::swivel(double [4], double [4], double [4], double&, double [4], double [4], double [4], double&, double&, bool&, double [4])[m[K’
[1.929s]   537 |       if ([01;31m[Kswivel(pArm, pWheel, uArm, t, d, v, a, targetTime, targetAngle, isHardcon, inte)[m[K)
[1.930s]       |           [01;31m[K~~~~~~^~~~~~~~~~~~~~~~~~~~~~~~~~~~~~~~~~~~~~~~~~~~~~~~~~~~~~~~~~~~~~~~~~~~~~~~~~[m[K
[1.930s] [01m[K/home/rhys/ws_snow/src/snow_con_rt/src/main.cpp:183:8:[m[K [01;36m[Knote: [m[Kcandidate: ‘[01m[Kbool MinimalSubscriber::swivel(double*, double*, double*, double, double*, double*, double*, double, double, bool, double*, int)[m[K’
[1.930s]   183 |   bool [01;36m[Kswivel[m[K(
[1.930s]       |        [01;36m[K^~~~~~[m[K
[1.938s] [01m[K/home/rhys/ws_snow/src/snow_con_rt/src/main.cpp:183:8:[m[K [01;36m[Knote: [m[K  candidate expects 12 arguments, 11 provided
[1.938s] [01m[K/home/rhys/ws_snow/src/snow_con_rt/src/main.cpp:575:17:[m[K [01;31m[Kerror: [m[Kno matching function for call to ‘[01m[KMinimalSubscriber::swivel(double [4], double [4], double [4], double&, double [4], double [4], double [4], double&, double&, bool&, double [4])[m[K’
[1.938s]   575 |       if ([01;31m[Kswivel(pArm, pWheel, uArm, t, d, v, a, targetTime, targetAngle, isHardcon, inte)[m[K)
[1.938s]       |           [01;31m[K~~~~~~^~~~~~~~~~~~~~~~~~~~~~~~~~~~~~~~~~~~~~~~~~~~~~~~~~~~~~~~~~~~~~~~~~~~~~~~~~[m[K
[1.939s] [01m[K/home/rhys/ws_snow/src/snow_con_rt/src/main.cpp:183:8:[m[K [01;36m[Knote: [m[Kcandidate: ‘[01m[Kbool MinimalSubscriber::swivel(double*, double*, double*, double, double*, double*, double*, double, double, bool, double*, int)[m[K’
[1.939s]   183 |   bool [01;36m[Kswivel[m[K(
[1.939s]       |        [01;36m[K^~~~~~[m[K
[1.939s] [01m[K/home/rhys/ws_snow/src/snow_con_rt/src/main.cpp:183:8:[m[K [01;36m[Knote: [m[K  candidate expects 12 arguments, 11 provided
[1.939s] [01m[K/home/rhys/ws_snow/src/snow_con_rt/src/main.cpp:614:17:[m[K [01;31m[Kerror: [m[Kno matching function for call to ‘[01m[KMinimalSubscriber::swivel(double [4], double [4], double [4], double&, double [4], double [4], double [4], double&, double&, bool&, double [4])[m[K’
[1.939s]   614 |       if ([01;31m[Kswivel(pArm, pWheel, uArm, t, d, v, a, targetTime, targetAngle, isHardcon, inte)[m[K)
[1.939s]       |           [01;31m[K~~~~~~^~~~~~~~~~~~~~~~~~~~~~~~~~~~~~~~~~~~~~~~~~~~~~~~~~~~~~~~~~~~~~~~~~~~~~~~~~[m[K
[1.939s] [01m[K/home/rhys/ws_snow/src/snow_con_rt/src/main.cpp:183:8:[m[K [01;36m[Knote: [m[Kcandidate: ‘[01m[Kbool MinimalSubscriber::swivel(double*, double*, double*, double, double*, double*, double*, double, double, bool, double*, int)[m[K’
[1.939s]   183 |   bool [01;36m[Kswivel[m[K(
[1.939s]       |        [01;36m[K^~~~~~[m[K
[1.940s] [01m[K/home/rhys/ws_snow/src/snow_con_rt/src/main.cpp:183:8:[m[K [01;36m[Knote: [m[K  candidate expects 12 arguments, 11 provided
[3.984s] gmake[2]: *** [CMakeFiles/listener.dir/build.make:76: CMakeFiles/listener.dir/src/main.cpp.o] Error 1
[3.984s] gmake[1]: *** [CMakeFiles/Makefile2:137: CMakeFiles/listener.dir/all] Error 2
[3.985s] gmake: *** [Makefile:134: all] Error 2
[3.988s] Invoked command in '/home/rhys/ws_snow/build/snow_con_rt' returned '2': CMAKE_PREFIX_PATH=${CMAKE_PREFIX_PATH}:/opt/ros/humble /usr/bin/cmake --build /home/rhys/ws_snow/build/snow_con_rt -- -j12 -l12
