[0.013s] Invoking command in '/home/bern/ws_snow/build/hard_con': CMAKE_PREFIX_PATH=${CMAKE_PREFIX_PATH}:/opt/ros/humble /usr/bin/cmake /home/bern/ws_snow/src/hard_con -DCMAKE_INSTALL_PREFIX=/home/bern/ws_snow/install/hard_con
[0.068s] -- The C compiler identification is GNU 11.4.0
[0.110s] -- The CXX compiler identification is GNU 11.4.0
[0.117s] -- Detecting C compiler ABI info
[0.162s] -- Detecting C compiler ABI info - done
[0.171s] -- Check for working C compiler: /usr/bin/cc - skipped
[0.171s] -- Detecting C compile features
[0.171s] -- Detecting C compile features - done
[0.174s] -- Detecting CXX compiler ABI info
[0.225s] -- Detecting CXX compiler ABI info - done
[0.231s] -- Check for working CXX compiler: /usr/bin/c++ - skipped
[0.231s] -- Detecting CXX compile features
[0.232s] -- Detecting CXX compile features - done
[0.234s] -- Found ament_cmake: 1.3.9 (/opt/ros/humble/share/ament_cmake/cmake)
[0.338s] -- Found Python3: /usr/bin/python3 (found version "3.10.12") found components: Interpreter 
[0.414s] -- Found rclcpp: 16.0.9 (/opt/ros/humble/share/rclcpp/cmake)
[0.452s] -- Found rosidl_generator_c: 3.1.5 (/opt/ros/humble/share/rosidl_generator_c/cmake)
[0.455s] -- Found rosidl_adapter: 3.1.5 (/opt/ros/humble/share/rosidl_adapter/cmake)
[0.460s] -- Found rosidl_generator_cpp: 3.1.5 (/opt/ros/humble/share/rosidl_generator_cpp/cmake)
[0.472s] -- Using all available rosidl_typesupport_c: rosidl_typesupport_fastrtps_c;rosidl_typesupport_introspection_c
[0.487s] -- Using all available rosidl_typesupport_cpp: rosidl_typesupport_fastrtps_cpp;rosidl_typesupport_introspection_cpp
[0.538s] -- Found rmw_implementation_cmake: 6.1.2 (/opt/ros/humble/share/rmw_implementation_cmake/cmake)
[0.541s] -- Found rmw_fastrtps_cpp: 6.2.6 (/opt/ros/humble/share/rmw_fastrtps_cpp/cmake)
[0.619s] -- Found OpenSSL: /usr/lib/x86_64-linux-gnu/libcrypto.so (found version "3.0.2")  
[0.640s] -- Found FastRTPS: /opt/ros/humble/include  
[0.676s] -- Using RMW implementation 'rmw_fastrtps_cpp' as default
[0.686s] -- Looking for pthread.h
[0.732s] -- Looking for pthread.h - found
[0.733s] -- Performing Test CMAKE_HAVE_LIBC_PTHREAD
[0.780s] -- Performing Test CMAKE_HAVE_LIBC_PTHREAD - Success
[0.781s] -- Found Threads: TRUE  
[0.895s] -- Found sensor_msgs: 4.2.4 (/opt/ros/humble/share/sensor_msgs/cmake)
[0.980s] -- Found ament_lint_auto: 0.12.11 (/opt/ros/humble/share/ament_lint_auto/cmake)
[1.037s] -- Added test 'cppcheck' to perform static code analysis on C / C++ code
[1.037s] -- Configured cppcheck include dirs: 
[1.037s] -- Configured cppcheck exclude dirs and/or files: 
[1.037s] -- Added test 'lint_cmake' to check CMake code style
[1.038s] -- Added test 'uncrustify' to check C / C++ code style
[1.038s] -- Configured uncrustify additional arguments: 
[1.038s] -- Added test 'xmllint' to check XML markup files
[1.039s] -- Configuring done
[1.046s] -- Generating done
[1.047s] -- Build files have been written to: /home/bern/ws_snow/build/hard_con
[1.054s] Invoked command in '/home/bern/ws_snow/build/hard_con' returned '0': CMAKE_PREFIX_PATH=${CMAKE_PREFIX_PATH}:/opt/ros/humble /usr/bin/cmake /home/bern/ws_snow/src/hard_con -DCMAKE_INSTALL_PREFIX=/home/bern/ws_snow/install/hard_con
[1.055s] Invoking command in '/home/bern/ws_snow/build/hard_con': CMAKE_PREFIX_PATH=${CMAKE_PREFIX_PATH}:/opt/ros/humble /usr/bin/cmake --build /home/bern/ws_snow/build/hard_con -- -j12 -l12
[1.087s] [ 50%] [32mBuilding CXX object CMakeFiles/talker.dir/src/main.cpp.o[0m
[2.615s] [01m[K/home/bern/ws_snow/src/hard_con/src/main.cpp:[m[K In member function ‘[01m[Kvoid MinimalPublisher::print_latency(double)[m[K’:
[2.615s] [01m[K/home/bern/ws_snow/src/hard_con/src/main.cpp:56:11:[m[K [01;35m[Kwarning: [m[Kunused variable ‘[01m[Ki[m[K’ [[01;35m[K]8;;https://gcc.gnu.org/onlinedocs/gcc/Warning-Options.html#index-Wunused-variable-Wunused-variable]8;;[m[K]
[2.615s]    56 |       int [01;35m[Ki[m[K, j;
[2.615s]       |           [01;35m[K^[m[K
[2.615s] [01m[K/home/bern/ws_snow/src/hard_con/src/main.cpp:56:14:[m[K [01;35m[Kwarning: [m[Kunused variable ‘[01m[Kj[m[K’ [[01;35m[K]8;;https://gcc.gnu.org/onlinedocs/gcc/Warning-Options.html#index-Wunused-variable-Wunused-variable]8;;[m[K]
[2.615s]    56 |       int i, [01;35m[Kj[m[K;
[2.615s]       |              [01;35m[K^[m[K
[6.676s] [100%] [32m[1mLinking CXX executable talker[0m
[6.966s] [100%] Built target talker
[6.972s] Invoked command in '/home/bern/ws_snow/build/hard_con' returned '0': CMAKE_PREFIX_PATH=${CMAKE_PREFIX_PATH}:/opt/ros/humble /usr/bin/cmake --build /home/bern/ws_snow/build/hard_con -- -j12 -l12
[6.991s] Invoking command in '/home/bern/ws_snow/build/hard_con': CMAKE_PREFIX_PATH=${CMAKE_PREFIX_PATH}:/opt/ros/humble /usr/bin/cmake --install /home/bern/ws_snow/build/hard_con
[6.996s] -- Install configuration: ""
[6.996s] -- Installing: /home/bern/ws_snow/install/hard_con/lib/hard_con/talker
[6.998s] -- Set runtime path of "/home/bern/ws_snow/install/hard_con/lib/hard_con/talker" to ""
[6.998s] -- Installing: /home/bern/ws_snow/install/hard_con/share/ament_index/resource_index/package_run_dependencies/hard_con
[6.998s] -- Installing: /home/bern/ws_snow/install/hard_con/share/ament_index/resource_index/parent_prefix_path/hard_con
[6.998s] -- Installing: /home/bern/ws_snow/install/hard_con/share/hard_con/environment/ament_prefix_path.sh
[6.998s] -- Installing: /home/bern/ws_snow/install/hard_con/share/hard_con/environment/ament_prefix_path.dsv
[6.999s] -- Installing: /home/bern/ws_snow/install/hard_con/share/hard_con/environment/path.sh
[6.999s] -- Installing: /home/bern/ws_snow/install/hard_con/share/hard_con/environment/path.dsv
[6.999s] -- Installing: /home/bern/ws_snow/install/hard_con/share/hard_con/local_setup.bash
[6.999s] -- Installing: /home/bern/ws_snow/install/hard_con/share/hard_con/local_setup.sh
[6.999s] -- Installing: /home/bern/ws_snow/install/hard_con/share/hard_con/local_setup.zsh
[6.999s] -- Installing: /home/bern/ws_snow/install/hard_con/share/hard_con/local_setup.dsv
[6.999s] -- Installing: /home/bern/ws_snow/install/hard_con/share/hard_con/package.dsv
[6.999s] -- Installing: /home/bern/ws_snow/install/hard_con/share/ament_index/resource_index/packages/hard_con
[7.000s] -- Installing: /home/bern/ws_snow/install/hard_con/share/hard_con/cmake/hard_conConfig.cmake
[7.000s] -- Installing: /home/bern/ws_snow/install/hard_con/share/hard_con/cmake/hard_conConfig-version.cmake
[7.000s] -- Installing: /home/bern/ws_snow/install/hard_con/share/hard_con/package.xml
[7.000s] Invoked command in '/home/bern/ws_snow/build/hard_con' returned '0': CMAKE_PREFIX_PATH=${CMAKE_PREFIX_PATH}:/opt/ros/humble /usr/bin/cmake --install /home/bern/ws_snow/build/hard_con
